#
# A fatal error has been detected by the Java Runtime Environment:
#
#  SIGSEGV (0xb) at pc=0x00007f2e50c92702, pid=7092, tid=0x00007f2e4e2a3700
#
# JRE version: Java(TM) SE Runtime Environment (8.0_211-b12) (build 1.8.0_211-b12)
# Java VM: Java HotSpot(TM) 64-Bit Server VM (25.211-b12 mixed mode linux-amd64 compressed oops)
# Problematic frame:
# V  [libjvm.so+0x987702]  oopDesc* PSPromotionManager::copy_to_survivor_space<false>(oopDesc*)+0x3b2
#
# Failed to write core dump. Core dumps have been disabled. To enable core dumping, try "ulimit -c unlimited" before starting Java again
#
# If you would like to submit a bug report, please visit:
#   http://bugreport.java.com/bugreport/crash.jsp
#

---------------  T H R E A D  ---------------

Current thread (0x00007f2e48026000):  GCTaskThread [stack: 0x00007f2e4e1a4000,0x00007f2e4e2a4000] [id=7100]

siginfo: si_signo: 11 (SIGSEGV), si_code: 1 (SEGV_MAPERR), si_addr: 0x00000004a10545a0

Registers:
RAX=0x00000004a1054598, RBX=0x00000000eddb0238, RCX=0x0000000000000003, RDX=0x0000000000000001
RSP=0x00007f2e4e2a2bd0, RBP=0x00007f2e4e2a2c60, RSI=0x00000000eddb0238, RDI=0x00007f2e48077f40
R8 =0x0011274c200022ae, R9 =0x000000009420ac75, R10=0x00007f2e512a3da0, R11=0x0000000000000010
R12=0x00007f2e48077f40, R13=0x0000000000000000, R14=0x00007f2e48077fa8, R15=0x00007f2e512a3db0
RIP=0x00007f2e50c92702, EFLAGS=0x0000000000010202, CSGSFS=0x002b000000000033, ERR=0x0000000000000004
  TRAPNO=0x000000000000000e

Top of Stack: (sp=0x00007f2e4e2a2bd0)
0x00007f2e4e2a2bd0:   00007f2e4e2a2c10 0000000000000400
0x00007f2e4e2a2be0:   0000000000000018 0000000000000003
0x00007f2e4e2a2bf0:   0000000000000018 0000000000000015
0x00007f2e4e2a2c00:   0000000000000de0 0000000000000400
0x00007f2e4e2a2c10:   00007f2e4e2a2c70 00007f2e509541bd
0x00007f2e4e2a2c20:   0000000000000063 bfd1535fe0218a00
0x00007f2e4e2a2c30:   000000008fe22ed5 00007f2e48077f40
0x00007f2e4e2a2c40:   000000008fe22b6c 0000000000000000
0x00007f2e4e2a2c50:   00007f2e48077fa8 00007f2e512a3db0
0x00007f2e4e2a2c60:   00007f2e4e2a2cb0 00007f2e50c91ed8
0x00007f2e4e2a2c70:   00007f2e4e2a2cb0 00007f2e50bfe97e
0x00007f2e4e2a2c80:   00007f2e48021d60 0000000090404e70
0x00007f2e4e2a2c90:   00007f2e480118f0 0000000000000240
0x00007f2e4e2a2ca0:   00007f2e4e78a028 00007f2e4e78a028
0x00007f2e4e2a2cb0:   00007f2e4e2a2d70 00007f2e506dc3de
0x00007f2e4e2a2cc0:   00007f2e4e2a2d10 00007f2e4e78a027
0x00007f2e4e2a2cd0:   00007f2e4e734000 0000000000000000
0x00007f2e4e2a2ce0:   00007f2e4e734000 00007f2e48077f40
0x00007f2e4e2a2cf0:   0000000090404e70 00000000922b39a8
0x00007f2e4e2a2d00:   0000000090404e70 00007f2e4e784800
0x00007f2e4e2a2d10:   0000000000000200 00007f2e4e784827
0x00007f2e4e2a2d20:   00007f2e4e79959d 00007f2e4e784800
0x00007f2e4e2a2d30:   00007f2e4e78a028 00007f2e480116a0
0x00007f2e4e2a2d40:   00007f2e48021e10 00007f2e48029e60
0x00007f2e4e2a2d50:   00007f2e48077f40 00007f2e48026000
0x00007f2e4e2a2d60:   0000000000000000 00007f2e512c8188
0x00007f2e4e2a2d70:   00007f2e4e2a2da0 00007f2e50c96069
0x00007f2e4e2a2d80:   0000000000000004 00007f2e50c96031
0x00007f2e4e2a2d90:   0000000000000001 00007f2e48029e60
0x00007f2e4e2a2da0:   00007f2e4e2a2eb0 00007f2e508ce816
0x00007f2e4e2a2db0:   00000000000003d8 00007f2e48026270
0x00007f2e4e2a2dc0:   00007f2e48026698 00007f2e480262c0 

Instructions: (pc=0x00007f2e50c92702)
0x00007f2e50c926e2:   ff ff 0f 1f 40 00 4c 8d 15 b1 16 61 00 8b 46 08
0x00007f2e50c926f2:   48 89 f3 49 89 fc 41 8b 4a 08 48 d3 e0 49 03 02
0x00007f2e50c92702:   8b 48 08 83 f9 00 0f 8f 92 fd ff ff 0f 84 0c fe
0x00007f2e50c92712:   ff ff 80 fa 01 48 8d 15 ce 95 5f 00 48 19 c0 83 

Register to memory mapping:

RAX=0x00000004a1054598 is an unknown value
RBX=0x00000000eddb0238 is an oop

[error occurred during error reporting (printing register info), id 0xb]

Stack: [0x00007f2e4e1a4000,0x00007f2e4e2a4000],  sp=0x00007f2e4e2a2bd0,  free space=1018k
Native frames: (J=compiled Java code, j=interpreted, Vv=VM code, C=native code)
V  [libjvm.so+0x987702]  oopDesc* PSPromotionManager::copy_to_survivor_space<false>(oopDesc*)+0x3b2
V  [libjvm.so+0x986ed8]  PSPromotionManager::drain_stacks_depth(bool)+0x6c8
V  [libjvm.so+0x3d13de]  CardTableExtension::scavenge_contents_parallel(ObjectStartArray*, MutableSpace*, HeapWord*, PSPromotionManager*, unsigned int, unsigned int)+0x88e
V  [libjvm.so+0x98b069]  OldToYoungRootsTask::do_it(GCTaskManager*, unsigned int)+0x49
V  [libjvm.so+0x5c3816]  GCTaskThread::run()+0x1b6
V  [libjvm.so+0x90d952]  java_start(Thread*)+0x102


---------------  P R O C E S S  ---------------

Java Threads: ( => current thread )
  0x00007f2e480cb000 JavaThread "Service Thread" daemon [_thread_blocked, id=7109, stack(0x00007f2e3871c000,0x00007f2e3881d000)]
  0x00007f2e480c0000 JavaThread "C1 CompilerThread2" daemon [_thread_blocked, id=7108, stack(0x00007f2e3881e000,0x00007f2e3891e000)]
  0x00007f2e480be000 JavaThread "C2 CompilerThread1" daemon [_thread_blocked, id=7107, stack(0x00007f2e3891f000,0x00007f2e38a1f000)]
  0x00007f2e480bb000 JavaThread "C2 CompilerThread0" daemon [_thread_blocked, id=7106, stack(0x00007f2e38a20000,0x00007f2e38b20000)]
  0x00007f2e480b9800 JavaThread "Signal Dispatcher" daemon [_thread_blocked, id=7105, stack(0x00007f2e38b20000,0x00007f2e38c21000)]
  0x00007f2e48087000 JavaThread "Finalizer" daemon [_thread_blocked, id=7104, stack(0x00007f2e38eff000,0x00007f2e39000000)]
  0x00007f2e48084800 JavaThread "Reference Handler" daemon [_thread_blocked, id=7103, stack(0x00007f2e4c09a000,0x00007f2e4c19b000)]
  0x00007f2e4800c800 JavaThread "main" [_thread_blocked, id=7095, stack(0x00007f2e51e20000,0x00007f2e51f20000)]

Other Threads:
  0x00007f2e4807a800 VMThread [stack: 0x00007f2e4c19c000,0x00007f2e4c29c000] [id=7102]
  0x00007f2e480cd800 WatcherThread [stack: 0x00007f2e3861c000,0x00007f2e3871c000] [id=7110]

=>0x00007f2e48026000 (exited) GCTaskThread [stack: 0x00007f2e4e1a4000,0x00007f2e4e2a4000] [id=7100]

VM state:at safepoint (normal execution)

VM Mutex/Monitor currently owned by a thread:  ([mutex/lock_event])
[0x00007f2e48009020] Threads_lock - owner thread: 0x00007f2e4807a800
[0x00007f2e48009520] Heap_lock - owner thread: 0x00007f2e4800c800

heap address: 0x0000000085800000, size: 1960 MB, Compressed Oops mode: 32-bit
Narrow klass base: 0x0000000000000000, Narrow klass shift: 3
Compressed class space size: 1073741824 Address: 0x0000000100000000

Heap:
 PSYoungGen      total 276992K, used 268224K [0x00000000d7300000, 0x00000000f0e80000, 0x0000000100000000)
  eden space 172544K, 100% used [0x00000000d7300000,0x00000000e1b80000,0x00000000e1b80000)
  from space 104448K, 91% used [0x00000000e8f00000,0x00000000eec70000,0x00000000ef500000)
  to   space 118272K, 100% used [0x00000000e1b80000,0x00000000e8f00000,0x00000000e8f00000)
 ParOldGen       total 372736K, used 241870K [0x0000000085800000, 0x000000009c400000, 0x00000000d7300000)
  object space 372736K, 64% used [0x0000000085800000,0x00000000944359a8,0x000000009c400000)
 Metaspace       used 9626K, capacity 9874K, committed 10240K, reserved 1058816K
  class space    used 1040K, capacity 1157K, committed 1280K, reserved 1048576K

Card table byte_map: [0x00007f2e4e734000,0x00007f2e4eb09000] byte_map_base: 0x00007f2e4e308000

Marking Bits: (ParMarkBitMap*) 0x00007f2e512d6d80
 Begin Bits: [0x00007f2e302c0000, 0x00007f2e32160000)
 End Bits:   [0x00007f2e32160000, 0x00007f2e34000000)

Polling page: 0x00007f2e51f48000

CodeCache: size=245760Kb used=3460Kb max_used=3476Kb free=242299Kb
 bounds [0x00007f2e39000000, 0x00007f2e39370000, 0x00007f2e48000000]
 total_blobs=1317 nmethods=970 adapters=261
 compilation: enabled

Compilation events (10 events):
Event: 1.030 Thread 0x00007f2e480c0000  965   !   3       java.util.zip.ZipFile$ZipFileInflaterInputStream::close (67 bytes)
Event: 1.030 Thread 0x00007f2e480c0000 nmethod 965 0x00007f2e3934c390 code [0x00007f2e3934c560, 0x00007f2e3934cd58]
Event: 1.046 Thread 0x00007f2e480be000  967       4       java.util.HashMap::putVal (300 bytes)
Event: 1.055 Thread 0x00007f2e480be000 nmethod 967 0x00007f2e3935cb10 code [0x00007f2e3935cd20, 0x00007f2e3935db88]
Event: 1.244 Thread 0x00007f2e480c0000  968 %     3       java.util.HashMap::readObject @ 225 (266 bytes)
Event: 1.246 Thread 0x00007f2e480c0000 nmethod 968% 0x00007f2e393594d0 code [0x00007f2e39359900, 0x00007f2e3935b8f8]
Event: 1.251 Thread 0x00007f2e480c0000  969       3       java.util.HashMap::readObject (266 bytes)
Event: 1.253 Thread 0x00007f2e480c0000 nmethod 969 0x00007f2e3935e490 code [0x00007f2e3935e8c0, 0x00007f2e39360818]
Event: 1.482 Thread 0x00007f2e480bb000  970 %     4       java.util.HashMap::readObject @ 225 (266 bytes)
Event: 1.494 Thread 0x00007f2e480bb000 nmethod 970% 0x00007f2e39365950 code [0x00007f2e39365be0, 0x00007f2e39366f00]

GC Heap History (10 events):
Event: 3.569 GC heap after
Heap after GC invocations=7 (full 2):
 PSYoungGen      total 104960K, used 5120K [0x00000000d7300000, 0x00000000e6c00000, 0x0000000100000000)
  eden space 99840K, 0% used [0x00000000d7300000,0x00000000d7300000,0x00000000dd480000)
  from space 5120K, 100% used [0x00000000dd480000,0x00000000dd980000,0x00000000dd980000)
  to   space 59392K, 0% used [0x00000000e3200000,0x00000000e3200000,0x00000000e6c00000)
 ParOldGen       total 207872K, used 138720K [0x0000000085800000, 0x0000000092300000, 0x00000000d7300000)
  object space 207872K, 66% used [0x0000000085800000,0x000000008df782a8,0x0000000092300000)
 Metaspace       used 9626K, capacity 9874K, committed 10240K, reserved 1058816K
  class space    used 1040K, capacity 1157K, committed 1280K, reserved 1048576K
}
Event: 4.652 GC heap before
{Heap before GC invocations=8 (full 2):
 PSYoungGen      total 104960K, used 104960K [0x00000000d7300000, 0x00000000e6c00000, 0x0000000100000000)
  eden space 99840K, 100% used [0x00000000d7300000,0x00000000dd480000,0x00000000dd480000)
  from space 5120K, 100% used [0x00000000dd480000,0x00000000dd980000,0x00000000dd980000)
  to   space 59392K, 0% used [0x00000000e3200000,0x00000000e3200000,0x00000000e6c00000)
 ParOldGen       total 207872K, used 138720K [0x0000000085800000, 0x0000000092300000, 0x00000000d7300000)
  object space 207872K, 66% used [0x0000000085800000,0x000000008df782a8,0x0000000092300000)
 Metaspace       used 9626K, capacity 9874K, committed 10240K, reserved 1058816K
  class space    used 1040K, capacity 1157K, committed 1280K, reserved 1048576K
Event: 4.711 GC heap after
Heap after GC invocations=8 (full 2):
 PSYoungGen      total 190464K, used 50752K [0x00000000d7300000, 0x00000000e7680000, 0x0000000100000000)
  eden space 131072K, 0% used [0x00000000d7300000,0x00000000d7300000,0x00000000df300000)
  from space 59392K, 85% used [0x00000000e3200000,0x00000000e6390000,0x00000000e6c00000)
  to   space 64512K, 0% used [0x00000000df300000,0x00000000df300000,0x00000000e3200000)
 ParOldGen       total 207872K, used 138720K [0x0000000085800000, 0x0000000092300000, 0x00000000d7300000)
  object space 207872K, 66% used [0x0000000085800000,0x000000008df782a8,0x0000000092300000)
 Metaspace       used 9626K, capacity 9874K, committed 10240K, reserved 1058816K
  class space    used 1040K, capacity 1157K, committed 1280K, reserved 1048576K
}
Event: 5.865 GC heap before
{Heap before GC invocations=9 (full 2):
 PSYoungGen      total 190464K, used 181824K [0x00000000d7300000, 0x00000000e7680000, 0x0000000100000000)
  eden space 131072K, 100% used [0x00000000d7300000,0x00000000df300000,0x00000000df300000)
  from space 59392K, 85% used [0x00000000e3200000,0x00000000e6390000,0x00000000e6c00000)
  to   space 64512K, 0% used [0x00000000df300000,0x00000000df300000,0x00000000e3200000)
 ParOldGen       total 207872K, used 138720K [0x0000000085800000, 0x0000000092300000, 0x00000000d7300000)
  object space 207872K, 66% used [0x0000000085800000,0x000000008df782a8,0x0000000092300000)
 Metaspace       used 9626K, capacity 9874K, committed 10240K, reserved 1058816K
  class space    used 1040K, capacity 1157K, committed 1280K, reserved 1048576K
Event: 5.991 GC heap after
Heap after GC invocations=9 (full 2):
 PSYoungGen      total 195584K, used 64512K [0x00000000d7300000, 0x00000000ef500000, 0x0000000100000000)
  eden space 131072K, 0% used [0x00000000d7300000,0x00000000d7300000,0x00000000df300000)
  from space 64512K, 100% used [0x00000000df300000,0x00000000e3200000,0x00000000e3200000)
  to   space 104448K, 0% used [0x00000000e8f00000,0x00000000e8f00000,0x00000000ef500000)
 ParOldGen       total 207872K, used 198712K [0x0000000085800000, 0x0000000092300000, 0x00000000d7300000)
  object space 207872K, 95% used [0x0000000085800000,0x0000000091a0e2d8,0x0000000092300000)
 Metaspace       used 9626K, capacity 9874K, committed 10240K, reserved 1058816K
  class space    used 1040K, capacity 1157K, committed 1280K, reserved 1048576K
}
Event: 5.991 GC heap before
{Heap before GC invocations=10 (full 3):
 PSYoungGen      total 195584K, used 64512K [0x00000000d7300000, 0x00000000ef500000, 0x0000000100000000)
  eden space 131072K, 0% used [0x00000000d7300000,0x00000000d7300000,0x00000000df300000)
  from space 64512K, 100% used [0x00000000df300000,0x00000000e3200000,0x00000000e3200000)
  to   space 104448K, 0% used [0x00000000e8f00000,0x00000000e8f00000,0x00000000ef500000)
 ParOldGen       total 207872K, used 198712K [0x0000000085800000, 0x0000000092300000, 0x00000000d7300000)
  object space 207872K, 95% used [0x0000000085800000,0x0000000091a0e2d8,0x0000000092300000)
 Metaspace       used 9626K, capacity 9874K, committed 10240K, reserved 1058816K
  class space    used 1040K, capacity 1157K, committed 1280K, reserved 1048576K
Event: 6.409 GC heap after
Heap after GC invocations=10 (full 3):
 PSYoungGen      total 195584K, used 35761K [0x00000000d7300000, 0x00000000ef500000, 0x0000000100000000)
  eden space 131072K, 0% used [0x00000000d7300000,0x00000000d7300000,0x00000000df300000)
  from space 64512K, 55% used [0x00000000df300000,0x00000000e15ec5a8,0x00000000e3200000)
  to   space 104448K, 0% used [0x00000000e8f00000,0x00000000e8f00000,0x00000000ef500000)
 ParOldGen       total 372736K, used 207566K [0x0000000085800000, 0x000000009c400000, 0x00000000d7300000)
  object space 372736K, 55% used [0x0000000085800000,0x00000000922b39a8,0x000000009c400000)
 Metaspace       used 9626K, capacity 9874K, committed 10240K, reserved 1058816K
  class space    used 1040K, capacity 1157K, committed 1280K, reserved 1048576K
}
Event: 7.819 GC heap before
{Heap before GC invocations=11 (full 3):
 PSYoungGen      total 195584K, used 166833K [0x00000000d7300000, 0x00000000ef500000, 0x0000000100000000)
  eden space 131072K, 100% used [0x00000000d7300000,0x00000000df300000,0x00000000df300000)
  from space 64512K, 55% used [0x00000000df300000,0x00000000e15ec5a8,0x00000000e3200000)
  to   space 104448K, 0% used [0x00000000e8f00000,0x00000000e8f00000,0x00000000ef500000)
 ParOldGen       total 372736K, used 207566K [0x0000000085800000, 0x000000009c400000, 0x00000000d7300000)
  object space 372736K, 55% used [0x0000000085800000,0x00000000922b39a8,0x000000009c400000)
 Metaspace       used 9626K, capacity 9874K, committed 10240K, reserved 1058816K
  class space    used 1040K, capacity 1157K, committed 1280K, reserved 1048576K
Event: 7.963 GC heap after
Heap after GC invocations=11 (full 3):
 PSYoungGen      total 276992K, used 95680K [0x00000000d7300000, 0x00000000f0e80000, 0x0000000100000000)
  eden space 172544K, 0% used [0x00000000d7300000,0x00000000d7300000,0x00000000e1b80000)
  from space 104448K, 91% used [0x00000000e8f00000,0x00000000eec70000,0x00000000ef500000)
  to   space 118272K, 0% used [0x00000000e1b80000,0x00000000e1b80000,0x00000000e8f00000)
 ParOldGen       total 372736K, used 207566K [0x0000000085800000, 0x000000009c400000, 0x00000000d7300000)
  object space 372736K, 55% used [0x0000000085800000,0x00000000922b39a8,0x000000009c400000)
 Metaspace       used 9626K, capacity 9874K, committed 10240K, reserved 1058816K
  class space    used 1040K, capacity 1157K, committed 1280K, reserved 1048576K
}
Event: 9.836 GC heap before
{Heap before GC invocations=12 (full 3):
 PSYoungGen      total 276992K, used 268224K [0x00000000d7300000, 0x00000000f0e80000, 0x0000000100000000)
  eden space 172544K, 100% used [0x00000000d7300000,0x00000000e1b80000,0x00000000e1b80000)
  from space 104448K, 91% used [0x00000000e8f00000,0x00000000eec70000,0x00000000ef500000)
  to   space 118272K, 0% used [0x00000000e1b80000,0x00000000e1b80000,0x00000000e8f00000)
 ParOldGen       total 372736K, used 207566K [0x0000000085800000, 0x000000009c400000, 0x00000000d7300000)
  object space 372736K, 55% used [0x0000000085800000,0x00000000922b39a8,0x000000009c400000)
 Metaspace       used 9626K, capacity 9874K, committed 10240K, reserved 1058816K
  class space    used 1040K, capacity 1157K, committed 1280K, reserved 1048576K

Deoptimization events (10 events):
Event: 0.719 Thread 0x00007f2e4800c800 Uncommon trap: reason=class_check action=maybe_recompile pc=0x00007f2e392468fc method=java.util.regex.Pattern$Curly.match(Ljava/util/regex/Matcher;ILjava/lang/CharSequence;)Z @ 19
Event: 0.719 Thread 0x00007f2e4800c800 Uncommon trap: reason=class_check action=maybe_recompile pc=0x00007f2e392468fc method=java.util.regex.Pattern$Curly.match(Ljava/util/regex/Matcher;ILjava/lang/CharSequence;)Z @ 19
Event: 0.719 Thread 0x00007f2e4800c800 Uncommon trap: reason=class_check action=maybe_recompile pc=0x00007f2e392468fc method=java.util.regex.Pattern$Curly.match(Ljava/util/regex/Matcher;ILjava/lang/CharSequence;)Z @ 19
Event: 0.719 Thread 0x00007f2e4800c800 Uncommon trap: reason=class_check action=maybe_recompile pc=0x00007f2e392468fc method=java.util.regex.Pattern$Curly.match(Ljava/util/regex/Matcher;ILjava/lang/CharSequence;)Z @ 19
Event: 0.775 Thread 0x00007f2e4800c800 Uncommon trap: reason=unstable_if action=reinterpret pc=0x00007f2e393120dc method=org.sqlite.SQLiteJDBCLoader.contentsEquals(Ljava/io/InputStream;Ljava/io/InputStream;)Z @ 39
Event: 0.801 Thread 0x00007f2e4800c800 Uncommon trap: reason=unstable_if action=reinterpret pc=0x00007f2e391d55bc method=java.util.HashMap.hash(Ljava/lang/Object;)I @ 1
Event: 0.802 Thread 0x00007f2e4800c800 Uncommon trap: reason=unstable_if action=reinterpret pc=0x00007f2e392b0f68 method=java.util.HashMap.hash(Ljava/lang/Object;)I @ 1
Event: 0.807 Thread 0x00007f2e4800c800 Uncommon trap: reason=unstable_if action=reinterpret pc=0x00007f2e391ae4b8 method=java.io.ObjectInputStream$PeekInputStream.read()I @ 4
Event: 0.807 Thread 0x00007f2e4800c800 Uncommon trap: reason=unstable_if action=reinterpret pc=0x00007f2e391a52f0 method=java.io.ObjectInputStream$PeekInputStream.read([BII)I @ 10
Event: 0.952 Thread 0x00007f2e4800c800 Uncommon trap: reason=unstable_if action=reinterpret pc=0x00007f2e392f8888 method=java.util.HashMap.putVal(ILjava/lang/Object;Ljava/lang/Object;ZZ)Ljava/lang/Object; @ 94

Classes redefined (0 events):
No events

Internal exceptions (10 events):
Event: 0.262 Thread 0x00007f2e4800c800 Exception <a 'java/security/PrivilegedActionException'> (0x00000000d7910118) thrown at [/HUDSON/workspace/8-2-build-linux-amd64/jdk8u211/12973/hotspot/src/share/vm/prims/jvm.cpp, line 1502]
Event: 0.262 Thread 0x00007f2e4800c800 Exception <a 'java/security/PrivilegedActionException'> (0x00000000d7910510) thrown at [/HUDSON/workspace/8-2-build-linux-amd64/jdk8u211/12973/hotspot/src/share/vm/prims/jvm.cpp, line 1502]
Event: 0.682 Thread 0x00007f2e4800c800 Exception <a 'java/security/PrivilegedActionException'> (0x00000000d91c3bf0) thrown at [/HUDSON/workspace/8-2-build-linux-amd64/jdk8u211/12973/hotspot/src/share/vm/prims/jvm.cpp, line 1502]
Event: 0.682 Thread 0x00007f2e4800c800 Exception <a 'java/security/PrivilegedActionException'> (0x00000000d91c3fe8) thrown at [/HUDSON/workspace/8-2-build-linux-amd64/jdk8u211/12973/hotspot/src/share/vm/prims/jvm.cpp, line 1502]
Event: 0.682 Thread 0x00007f2e4800c800 Exception <a 'java/security/PrivilegedActionException'> (0x00000000d91c4e70) thrown at [/HUDSON/workspace/8-2-build-linux-amd64/jdk8u211/12973/hotspot/src/share/vm/prims/jvm.cpp, line 1502]
Event: 0.682 Thread 0x00007f2e4800c800 Exception <a 'java/security/PrivilegedActionException'> (0x00000000d91c5268) thrown at [/HUDSON/workspace/8-2-build-linux-amd64/jdk8u211/12973/hotspot/src/share/vm/prims/jvm.cpp, line 1502]
Event: 0.682 Thread 0x00007f2e4800c800 Exception <a 'java/security/PrivilegedActionException'> (0x00000000d91c6118) thrown at [/HUDSON/workspace/8-2-build-linux-amd64/jdk8u211/12973/hotspot/src/share/vm/prims/jvm.cpp, line 1502]
Event: 0.682 Thread 0x00007f2e4800c800 Exception <a 'java/security/PrivilegedActionException'> (0x00000000d91c6510) thrown at [/HUDSON/workspace/8-2-build-linux-amd64/jdk8u211/12973/hotspot/src/share/vm/prims/jvm.cpp, line 1502]
Event: 0.801 Thread 0x00007f2e4800c800 Implicit null exception at 0x00007f2e391d54bb to 0x00007f2e391d5599
Event: 0.802 Thread 0x00007f2e4800c800 Implicit null exception at 0x00007f2e392b0eef to 0x00007f2e392b0f59

Events (10 events):
Event: 3.569 Executing VM operation: ParallelGCFailedAllocation done
Event: 4.062 Executing VM operation: EnableBiasedLocking
Event: 4.062 Executing VM operation: EnableBiasedLocking done
Event: 4.652 Executing VM operation: ParallelGCFailedAllocation
Event: 4.711 Executing VM operation: ParallelGCFailedAllocation done
Event: 5.865 Executing VM operation: ParallelGCFailedAllocation
Event: 6.409 Executing VM operation: ParallelGCFailedAllocation done
Event: 7.819 Executing VM operation: ParallelGCFailedAllocation
Event: 7.963 Executing VM operation: ParallelGCFailedAllocation done
Event: 9.836 Executing VM operation: ParallelGCFailedAllocation


Dynamic libraries:
00400000-00401000 r-xp 00000000 08:01 29492542                           /opt/jdk/jdk1.8.0_211/bin/java
00600000-00601000 r--p 00000000 08:01 29492542                           /opt/jdk/jdk1.8.0_211/bin/java
00601000-00602000 rw-p 00001000 08:01 29492542                           /opt/jdk/jdk1.8.0_211/bin/java
02290000-022b1000 rw-p 00000000 00:00 0                                  [heap]
85800000-9c400000 rw-p 00000000 00:00 0 
9c400000-d7300000 ---p 00000000 00:00 0 
d7300000-f0e80000 rw-p 00000000 00:00 0 
f0e80000-100000000 ---p 00000000 00:00 0 
100000000-100140000 rw-p 00000000 00:00 0 
100140000-140000000 ---p 00000000 00:00 0 
7f2dfc000000-7f2dfc021000 rw-p 00000000 00:00 0 
7f2dfc021000-7f2e00000000 ---p 00000000 00:00 0 
7f2e00000000-7f2e00021000 rw-p 00000000 00:00 0 
7f2e00021000-7f2e04000000 ---p 00000000 00:00 0 
7f2e04000000-7f2e042a5000 rw-p 00000000 00:00 0 
7f2e042a5000-7f2e08000000 ---p 00000000 00:00 0 
7f2e08000000-7f2e08199000 rw-p 00000000 00:00 0 
7f2e08199000-7f2e0c000000 ---p 00000000 00:00 0 
7f2e0c000000-7f2e0c021000 rw-p 00000000 00:00 0 
7f2e0c021000-7f2e10000000 ---p 00000000 00:00 0 
7f2e10000000-7f2e10293000 rw-p 00000000 00:00 0 
7f2e10293000-7f2e14000000 ---p 00000000 00:00 0 
7f2e14000000-7f2e14021000 rw-p 00000000 00:00 0 
7f2e14021000-7f2e18000000 ---p 00000000 00:00 0 
7f2e18000000-7f2e18021000 rw-p 00000000 00:00 0 
7f2e18021000-7f2e1c000000 ---p 00000000 00:00 0 
7f2e1c000000-7f2e1c41d000 rw-p 00000000 00:00 0 
7f2e1c41d000-7f2e20000000 ---p 00000000 00:00 0 
7f2e20000000-7f2e20021000 rw-p 00000000 00:00 0 
7f2e20021000-7f2e24000000 ---p 00000000 00:00 0 
7f2e24000000-7f2e24144000 rw-p 00000000 00:00 0 
7f2e24144000-7f2e28000000 ---p 00000000 00:00 0 
7f2e288fd000-7f2e289bd000 rw-p 00000000 00:00 0 
7f2e289bd000-7f2e28afd000 ---p 00000000 00:00 0 
7f2e28afd000-7f2e28be2000 r-xp 00000000 08:01 19922999                   /tmp/sqlite-3.21.0-312d6a80-e112-4abf-801b-964464ee0c19-libsqlitejdbc.so
7f2e28be2000-7f2e28de1000 ---p 000e5000 08:01 19922999                   /tmp/sqlite-3.21.0-312d6a80-e112-4abf-801b-964464ee0c19-libsqlitejdbc.so
7f2e28de1000-7f2e28de6000 rw-p 000e4000 08:01 19922999                   /tmp/sqlite-3.21.0-312d6a80-e112-4abf-801b-964464ee0c19-libsqlitejdbc.so
7f2e28de6000-7f2e28de7000 rw-p 00000000 00:00 0 
7f2e28de7000-7f2e28dfe000 r-xp 00000000 08:01 19270809                   /lib/x86_64-linux-gnu/libgcc_s.so.1
7f2e28dfe000-7f2e28ffd000 ---p 00017000 08:01 19270809                   /lib/x86_64-linux-gnu/libgcc_s.so.1
7f2e28ffd000-7f2e28ffe000 r--p 00016000 08:01 19270809                   /lib/x86_64-linux-gnu/libgcc_s.so.1
7f2e28ffe000-7f2e28fff000 rw-p 00017000 08:01 19270809                   /lib/x86_64-linux-gnu/libgcc_s.so.1
7f2e28fff000-7f2e2c000000 rw-p 00000000 00:00 0 
7f2e2c000000-7f2e2c885000 rw-p 00000000 00:00 0 
7f2e2c885000-7f2e30000000 ---p 00000000 00:00 0 
7f2e30082000-7f2e300ba000 r-xp 00000000 08:01 29492859                   /opt/jdk/jdk1.8.0_211/jre/lib/amd64/libsunec.so
7f2e300ba000-7f2e302b9000 ---p 00038000 08:01 29492859                   /opt/jdk/jdk1.8.0_211/jre/lib/amd64/libsunec.so
7f2e302b9000-7f2e302be000 r--p 00037000 08:01 29492859                   /opt/jdk/jdk1.8.0_211/jre/lib/amd64/libsunec.so
7f2e302be000-7f2e302c0000 rw-p 0003c000 08:01 29492859                   /opt/jdk/jdk1.8.0_211/jre/lib/amd64/libsunec.so
7f2e302c0000-7f2e34000000 rw-p 00000000 00:00 0 
7f2e34000000-7f2e34331000 rw-p 00000000 00:00 0 
7f2e34331000-7f2e38000000 ---p 00000000 00:00 0 
7f2e38035000-7f2e38051000 r--s 00393000 08:01 29492804                   /opt/jdk/jdk1.8.0_211/jre/lib/ext/cldrdata.jar
7f2e38051000-7f2e3805b000 r--s 00116000 08:01 29492796                   /opt/jdk/jdk1.8.0_211/jre/lib/ext/localedata.jar
7f2e3805b000-7f2e3805e000 r--s 00024000 08:01 23858238                   /home/chinmay/eclipse-workspace/MexicoDataProcess/jars/fuzzywuzzy/fuzzywuzzy-1.1.9-javadoc.jar
7f2e3805e000-7f2e38060000 r--s 00003000 08:01 23858231                   /home/chinmay/eclipse-workspace/MexicoDataProcess/jars/fuzzywuzzy/fuzzywuzzy-1.1.9-sources.jar
7f2e38060000-7f2e38065000 r--s 0002c000 08:01 23858242                   /home/chinmay/eclipse-workspace/MexicoDataProcess/jars/commons-text-1.6.jar
7f2e38065000-7f2e3806b000 r--s 0003f000 08:01 23858246                   /home/chinmay/eclipse-workspace/MexicoDataProcess/jars/jsoup-1.6.0.jar
7f2e3806b000-7f2e3806f000 r--s 0002f000 08:01 23858247                   /home/chinmay/eclipse-workspace/MexicoDataProcess/jars/com.fasterxml.jackson.core.jar
7f2e3806f000-7f2e38082000 r--s 000fc000 08:01 23858229                   /home/chinmay/eclipse-workspace/MexicoDataProcess/jars/jackson-all-1.9.0.jar
7f2e38082000-7f2e38087000 r--s 00048000 08:01 23858227                   /home/chinmay/eclipse-workspace/MexicoDataProcess/jars/dnsjava-2.1.8.jar
7f2e38087000-7f2e3809c000 r--s 0024a000 08:01 24248427                   /home/chinmay/eclipse-workspace/MexicoDataProcess/jars/pdfBox/pdfbox-2.0.8.jar
7f2e3809c000-7f2e380a2000 r--s 00165000 08:01 24248426                   /home/chinmay/eclipse-workspace/MexicoDataProcess/jars/pdfBox/fontbox-2.0.8.jar
7f2e380a2000-7f2e380a5000 r--s 00009000 08:01 23858241                   /home/chinmay/eclipse-workspace/MexicoDataProcess/jars/signpost-core-1.2.1.2.jar
7f2e380a5000-7f2e380bb000 r-xp 00000000 08:01 29492852                   /opt/jdk/jdk1.8.0_211/jre/lib/amd64/libnet.so
7f2e380bb000-7f2e382ba000 ---p 00016000 08:01 29492852                   /opt/jdk/jdk1.8.0_211/jre/lib/amd64/libnet.so
7f2e382ba000-7f2e382bb000 r--p 00015000 08:01 29492852                   /opt/jdk/jdk1.8.0_211/jre/lib/amd64/libnet.so
7f2e382bb000-7f2e382bc000 rw-p 00016000 08:01 29492852                   /opt/jdk/jdk1.8.0_211/jre/lib/amd64/libnet.so
7f2e382bc000-7f2e382cd000 r-xp 00000000 08:01 29492912                   /opt/jdk/jdk1.8.0_211/jre/lib/amd64/libnio.so
7f2e382cd000-7f2e384cc000 ---p 00011000 08:01 29492912                   /opt/jdk/jdk1.8.0_211/jre/lib/amd64/libnio.so
7f2e384cc000-7f2e384cd000 r--p 00010000 08:01 29492912                   /opt/jdk/jdk1.8.0_211/jre/lib/amd64/libnio.so
7f2e384cd000-7f2e384ce000 rw-p 00011000 08:01 29492912                   /opt/jdk/jdk1.8.0_211/jre/lib/amd64/libnio.so
7f2e384ce000-7f2e384d2000 r--s 0003b000 08:01 29492805                   /opt/jdk/jdk1.8.0_211/jre/lib/ext/sunpkcs11.jar
7f2e384d2000-7f2e384d5000 r--s 0001a000 08:01 29492691                   /opt/jdk/jdk1.8.0_211/jre/lib/jce.jar
7f2e384d5000-7f2e3861b000 r--s 01421000 08:01 23858243                   /home/chinmay/eclipse-workspace/MexicoDataProcess/jars/selenium-server-standalone-3.5.3.jar
7f2e3861b000-7f2e3861c000 ---p 00000000 00:00 0 
7f2e3861c000-7f2e3871c000 rw-p 00000000 00:00 0 
7f2e3871c000-7f2e3871f000 ---p 00000000 00:00 0 
7f2e3871f000-7f2e3881d000 rw-p 00000000 00:00 0 
7f2e3881d000-7f2e3881e000 ---p 00000000 00:00 0 
7f2e3881e000-7f2e38821000 ---p 00000000 00:00 0 
7f2e38821000-7f2e3891e000 rw-p 00000000 00:00 0 
7f2e3891e000-7f2e3891f000 ---p 00000000 00:00 0 
7f2e3891f000-7f2e38922000 ---p 00000000 00:00 0 
7f2e38922000-7f2e38a1f000 rw-p 00000000 00:00 0 
7f2e38a1f000-7f2e38a20000 ---p 00000000 00:00 0 
7f2e38a20000-7f2e38a23000 ---p 00000000 00:00 0 
7f2e38a23000-7f2e38b20000 rw-p 00000000 00:00 0 
7f2e38b20000-7f2e38b23000 ---p 00000000 00:00 0 
7f2e38b23000-7f2e38c21000 rw-p 00000000 00:00 0 
7f2e38c21000-7f2e38eff000 r--p 00000000 08:01 15335669                   /usr/lib/locale/locale-archive
7f2e38eff000-7f2e38f02000 ---p 00000000 00:00 0 
7f2e38f02000-7f2e39000000 rw-p 00000000 00:00 0 
7f2e39000000-7f2e39370000 rwxp 00000000 00:00 0 
7f2e39370000-7f2e48000000 ---p 00000000 00:00 0 
7f2e48000000-7f2e4862c000 rw-p 00000000 00:00 0 
7f2e4862c000-7f2e4c000000 ---p 00000000 00:00 0 
7f2e4c000000-7f2e4c002000 r--s 00009000 08:01 29492797                   /opt/jdk/jdk1.8.0_211/jre/lib/ext/sunec.jar
7f2e4c002000-7f2e4c007000 r--s 000a3000 08:01 29492810                   /opt/jdk/jdk1.8.0_211/jre/lib/jsse.jar
7f2e4c007000-7f2e4c03c000 rw-p 00000000 00:00 0 
7f2e4c03c000-7f2e4c045000 r--s 0006f000 08:01 23858256                   /home/chinmay/eclipse-workspace/MexicoDataProcess/jars/log4j-1.2.17.jar
7f2e4c045000-7f2e4c04d000 r--s 00048000 08:01 23858228                   /home/chinmay/eclipse-workspace/MexicoDataProcess/jars/httpcore-4.4.6.jar
7f2e4c04d000-7f2e4c05a000 r--s 000aa000 08:01 23858253                   /home/chinmay/eclipse-workspace/MexicoDataProcess/jars/httpclient-4.5.3.jar
7f2e4c05a000-7f2e4c05c000 r--s 00007000 08:01 23858237                   /home/chinmay/eclipse-workspace/MexicoDataProcess/jars/fuzzywuzzy/fuzzywuzzy-1.1.9.jar
7f2e4c05c000-7f2e4c060000 r--s 0002a000 08:01 24248414                   /home/chinmay/eclipse-workspace/MexicoDataProcess/jars/validator/commons-validator-1.6.jar
7f2e4c060000-7f2e4c062000 r--s 0000d000 08:01 23858250                   /home/chinmay/eclipse-workspace/MexicoDataProcess/jars/SuperCSV-1.52.jar
7f2e4c062000-7f2e4c067000 r--s 00659000 08:01 23858245                   /home/chinmay/eclipse-workspace/MexicoDataProcess/jars/sqlite-jdbc-3.21.0.jar
7f2e4c067000-7f2e4c06a000 r--s 00017000 08:01 23858254                   /home/chinmay/eclipse-workspace/MexicoDataProcess/jars/opencsv-4.0.jar
7f2e4c06a000-7f2e4c072000 r--s 00098000 08:01 23858226                   /home/chinmay/eclipse-workspace/MexicoDataProcess/jars/javax.mail-1.6.1.jar
7f2e4c072000-7f2e4c077000 r--s 0002a000 08:01 23858225                   /home/chinmay/eclipse-workspace/MexicoDataProcess/jars/gson-2.2.2.jar
7f2e4c077000-7f2e4c079000 r--s 0000e000 08:01 23858249                   /home/chinmay/eclipse-workspace/MexicoDataProcess/jars/commons-logging-1.2.jar
7f2e4c079000-7f2e4c081000 r--s 00072000 08:01 23858244                   /home/chinmay/eclipse-workspace/MexicoDataProcess/jars/commons-lang3-3.7.jar
7f2e4c081000-7f2e4c085000 r--s 0002f000 08:01 23858239                   /home/chinmay/eclipse-workspace/MexicoDataProcess/jars/commons-io-2.5.jar
7f2e4c085000-7f2e4c093000 r--s 0007f000 08:01 23858255                   /home/chinmay/eclipse-workspace/MexicoDataProcess/jars/commons-collections-3.2.1.jar
7f2e4c093000-7f2e4c09a000 r--s 0004b000 08:01 23858248                   /home/chinmay/eclipse-workspace/MexicoDataProcess/jars/commons-codec-1.11.jar
7f2e4c09a000-7f2e4c09d000 ---p 00000000 00:00 0 
7f2e4c09d000-7f2e4c19b000 rw-p 00000000 00:00 0 
7f2e4c19b000-7f2e4c19c000 ---p 00000000 00:00 0 
7f2e4c19c000-7f2e4d27e000 rw-p 00000000 00:00 0 
7f2e4d27e000-7f2e4d458000 r--s 03d6d000 08:01 29492601                   /opt/jdk/jdk1.8.0_211/jre/lib/rt.jar
7f2e4d458000-7f2e4e0a2000 rw-p 00000000 00:00 0 
7f2e4e0a2000-7f2e4e0a3000 ---p 00000000 00:00 0 
7f2e4e0a3000-7f2e4e1a3000 rw-p 00000000 00:00 0 
7f2e4e1a3000-7f2e4e1a4000 ---p 00000000 00:00 0 
7f2e4e1a4000-7f2e4e2a4000 rw-p 00000000 00:00 0 
7f2e4e2a4000-7f2e4e2a5000 ---p 00000000 00:00 0 
7f2e4e2a5000-7f2e4e3a5000 rw-p 00000000 00:00 0 
7f2e4e3a5000-7f2e4e3a6000 ---p 00000000 00:00 0 
7f2e4e3a6000-7f2e4e55c000 rw-p 00000000 00:00 0 
7f2e4e55c000-7f2e4e734000 ---p 00000000 00:00 0 
7f2e4e734000-7f2e4e7ea000 rw-p 00000000 00:00 0 
7f2e4e7ea000-7f2e4e9c1000 ---p 00000000 00:00 0 
7f2e4e9c1000-7f2e4ea90000 rw-p 00000000 00:00 0 
7f2e4ea90000-7f2e4eb08000 ---p 00000000 00:00 0 
7f2e4eb08000-7f2e4eb17000 rw-p 00000000 00:00 0 
7f2e4eb17000-7f2e4eec9000 ---p 00000000 00:00 0 
7f2e4eec9000-7f2e4eee4000 r-xp 00000000 08:01 29492875                   /opt/jdk/jdk1.8.0_211/jre/lib/amd64/libzip.so
7f2e4eee4000-7f2e4f0e3000 ---p 0001b000 08:01 29492875                   /opt/jdk/jdk1.8.0_211/jre/lib/amd64/libzip.so
7f2e4f0e3000-7f2e4f0e4000 r--p 0001a000 08:01 29492875                   /opt/jdk/jdk1.8.0_211/jre/lib/amd64/libzip.so
7f2e4f0e4000-7f2e4f0e5000 rw-p 0001b000 08:01 29492875                   /opt/jdk/jdk1.8.0_211/jre/lib/amd64/libzip.so
7f2e4f0e5000-7f2e4f0f0000 r-xp 00000000 08:01 19268294                   /lib/x86_64-linux-gnu/libnss_files-2.27.so
7f2e4f0f0000-7f2e4f2ef000 ---p 0000b000 08:01 19268294                   /lib/x86_64-linux-gnu/libnss_files-2.27.so
7f2e4f2ef000-7f2e4f2f0000 r--p 0000a000 08:01 19268294                   /lib/x86_64-linux-gnu/libnss_files-2.27.so
7f2e4f2f0000-7f2e4f2f1000 rw-p 0000b000 08:01 19268294                   /lib/x86_64-linux-gnu/libnss_files-2.27.so
7f2e4f2f1000-7f2e4f2f7000 rw-p 00000000 00:00 0 
7f2e4f2f7000-7f2e4f30e000 r-xp 00000000 08:01 19268291                   /lib/x86_64-linux-gnu/libnsl-2.27.so
7f2e4f30e000-7f2e4f50d000 ---p 00017000 08:01 19268291                   /lib/x86_64-linux-gnu/libnsl-2.27.so
7f2e4f50d000-7f2e4f50e000 r--p 00016000 08:01 19268291                   /lib/x86_64-linux-gnu/libnsl-2.27.so
7f2e4f50e000-7f2e4f50f000 rw-p 00017000 08:01 19268291                   /lib/x86_64-linux-gnu/libnsl-2.27.so
7f2e4f50f000-7f2e4f511000 rw-p 00000000 00:00 0 
7f2e4f511000-7f2e4f51c000 r-xp 00000000 08:01 19268296                   /lib/x86_64-linux-gnu/libnss_nis-2.27.so
7f2e4f51c000-7f2e4f71b000 ---p 0000b000 08:01 19268296                   /lib/x86_64-linux-gnu/libnss_nis-2.27.so
7f2e4f71b000-7f2e4f71c000 r--p 0000a000 08:01 19268296                   /lib/x86_64-linux-gnu/libnss_nis-2.27.so
7f2e4f71c000-7f2e4f71d000 rw-p 0000b000 08:01 19268296                   /lib/x86_64-linux-gnu/libnss_nis-2.27.so
7f2e4f71d000-7f2e4f725000 r-xp 00000000 08:01 19268292                   /lib/x86_64-linux-gnu/libnss_compat-2.27.so
7f2e4f725000-7f2e4f925000 ---p 00008000 08:01 19268292                   /lib/x86_64-linux-gnu/libnss_compat-2.27.so
7f2e4f925000-7f2e4f926000 r--p 00008000 08:01 19268292                   /lib/x86_64-linux-gnu/libnss_compat-2.27.so
7f2e4f926000-7f2e4f927000 rw-p 00009000 08:01 19268292                   /lib/x86_64-linux-gnu/libnss_compat-2.27.so
7f2e4f927000-7f2e4f953000 r-xp 00000000 08:01 29492866                   /opt/jdk/jdk1.8.0_211/jre/lib/amd64/libjava.so
7f2e4f953000-7f2e4fb53000 ---p 0002c000 08:01 29492866                   /opt/jdk/jdk1.8.0_211/jre/lib/amd64/libjava.so
7f2e4fb53000-7f2e4fb54000 r--p 0002c000 08:01 29492866                   /opt/jdk/jdk1.8.0_211/jre/lib/amd64/libjava.so
7f2e4fb54000-7f2e4fb56000 rw-p 0002d000 08:01 29492866                   /opt/jdk/jdk1.8.0_211/jre/lib/amd64/libjava.so
7f2e4fb56000-7f2e4fb63000 r-xp 00000000 08:01 29492857                   /opt/jdk/jdk1.8.0_211/jre/lib/amd64/libverify.so
7f2e4fb63000-7f2e4fd62000 ---p 0000d000 08:01 29492857                   /opt/jdk/jdk1.8.0_211/jre/lib/amd64/libverify.so
7f2e4fd62000-7f2e4fd64000 r--p 0000c000 08:01 29492857                   /opt/jdk/jdk1.8.0_211/jre/lib/amd64/libverify.so
7f2e4fd64000-7f2e4fd65000 rw-p 0000e000 08:01 29492857                   /opt/jdk/jdk1.8.0_211/jre/lib/amd64/libverify.so
7f2e4fd65000-7f2e4fd6c000 r-xp 00000000 08:01 19268301                   /lib/x86_64-linux-gnu/librt-2.27.so
7f2e4fd6c000-7f2e4ff6b000 ---p 00007000 08:01 19268301                   /lib/x86_64-linux-gnu/librt-2.27.so
7f2e4ff6b000-7f2e4ff6c000 r--p 00006000 08:01 19268301                   /lib/x86_64-linux-gnu/librt-2.27.so
7f2e4ff6c000-7f2e4ff6d000 rw-p 00007000 08:01 19268301                   /lib/x86_64-linux-gnu/librt-2.27.so
7f2e4ff6d000-7f2e5010a000 r-xp 00000000 08:01 19268288                   /lib/x86_64-linux-gnu/libm-2.27.so
7f2e5010a000-7f2e50309000 ---p 0019d000 08:01 19268288                   /lib/x86_64-linux-gnu/libm-2.27.so
7f2e50309000-7f2e5030a000 r--p 0019c000 08:01 19268288                   /lib/x86_64-linux-gnu/libm-2.27.so
7f2e5030a000-7f2e5030b000 rw-p 0019d000 08:01 19268288                   /lib/x86_64-linux-gnu/libm-2.27.so
7f2e5030b000-7f2e50ff3000 r-xp 00000000 08:01 29492873                   /opt/jdk/jdk1.8.0_211/jre/lib/amd64/server/libjvm.so
7f2e50ff3000-7f2e511f2000 ---p 00ce8000 08:01 29492873                   /opt/jdk/jdk1.8.0_211/jre/lib/amd64/server/libjvm.so
7f2e511f2000-7f2e51288000 r--p 00ce7000 08:01 29492873                   /opt/jdk/jdk1.8.0_211/jre/lib/amd64/server/libjvm.so
7f2e51288000-7f2e512b9000 rw-p 00d7d000 08:01 29492873                   /opt/jdk/jdk1.8.0_211/jre/lib/amd64/server/libjvm.so
7f2e512b9000-7f2e512f4000 rw-p 00000000 00:00 0 
7f2e512f4000-7f2e514db000 r-xp 00000000 08:01 19268284                   /lib/x86_64-linux-gnu/libc-2.27.so
7f2e514db000-7f2e516db000 ---p 001e7000 08:01 19268284                   /lib/x86_64-linux-gnu/libc-2.27.so
7f2e516db000-7f2e516df000 r--p 001e7000 08:01 19268284                   /lib/x86_64-linux-gnu/libc-2.27.so
7f2e516df000-7f2e516e1000 rw-p 001eb000 08:01 19268284                   /lib/x86_64-linux-gnu/libc-2.27.so
7f2e516e1000-7f2e516e5000 rw-p 00000000 00:00 0 
7f2e516e5000-7f2e516e8000 r-xp 00000000 08:01 19268287                   /lib/x86_64-linux-gnu/libdl-2.27.so
7f2e516e8000-7f2e518e7000 ---p 00003000 08:01 19268287                   /lib/x86_64-linux-gnu/libdl-2.27.so
7f2e518e7000-7f2e518e8000 r--p 00002000 08:01 19268287                   /lib/x86_64-linux-gnu/libdl-2.27.so
7f2e518e8000-7f2e518e9000 rw-p 00003000 08:01 19268287                   /lib/x86_64-linux-gnu/libdl-2.27.so
7f2e518e9000-7f2e51900000 r-xp 00000000 08:01 29491852                   /opt/jdk/jdk1.8.0_211/lib/amd64/jli/libjli.so
7f2e51900000-7f2e51aff000 ---p 00017000 08:01 29491852                   /opt/jdk/jdk1.8.0_211/lib/amd64/jli/libjli.so
7f2e51aff000-7f2e51b00000 r--p 00016000 08:01 29491852                   /opt/jdk/jdk1.8.0_211/lib/amd64/jli/libjli.so
7f2e51b00000-7f2e51b01000 rw-p 00017000 08:01 29491852                   /opt/jdk/jdk1.8.0_211/lib/amd64/jli/libjli.so
7f2e51b01000-7f2e51b1b000 r-xp 00000000 08:01 19268299                   /lib/x86_64-linux-gnu/libpthread-2.27.so
7f2e51b1b000-7f2e51d1a000 ---p 0001a000 08:01 19268299                   /lib/x86_64-linux-gnu/libpthread-2.27.so
7f2e51d1a000-7f2e51d1b000 r--p 00019000 08:01 19268299                   /lib/x86_64-linux-gnu/libpthread-2.27.so
7f2e51d1b000-7f2e51d1c000 rw-p 0001a000 08:01 19268299                   /lib/x86_64-linux-gnu/libpthread-2.27.so
7f2e51d1c000-7f2e51d20000 rw-p 00000000 00:00 0 
7f2e51d20000-7f2e51d49000 r-xp 00000000 08:01 19268280                   /lib/x86_64-linux-gnu/ld-2.27.so
7f2e51d49000-7f2e51d4a000 r--s 00005000 08:01 23858252                   /home/chinmay/eclipse-workspace/MexicoDataProcess/jars/json-simple-1.1.1.jar
7f2e51d4a000-7f2e51d4f000 r--s 00084000 08:01 29492788                   /opt/jdk/jdk1.8.0_211/jre/lib/jfr.jar
7f2e51d4f000-7f2e51d54000 r--s 002f9000 08:01 29492600                   /opt/jdk/jdk1.8.0_211/jre/lib/charsets.jar
7f2e51d54000-7f2e51e1f000 rw-p 00000000 00:00 0 
7f2e51e1f000-7f2e51e20000 ---p 00000000 00:00 0 
7f2e51e20000-7f2e51e23000 ---p 00000000 00:00 0 
7f2e51e23000-7f2e51f24000 rw-p 00000000 00:00 0 
7f2e51f24000-7f2e51f27000 r--s 0001a000 08:01 29492691                   /opt/jdk/jdk1.8.0_211/jre/lib/jce.jar
7f2e51f27000-7f2e51f2c000 r--s 000a3000 08:01 29492810                   /opt/jdk/jdk1.8.0_211/jre/lib/jsse.jar
7f2e51f2c000-7f2e51f3f000 r--s 00345000 08:01 29492723                   /opt/jdk/jdk1.8.0_211/jre/lib/resources.jar
7f2e51f3f000-7f2e51f47000 rw-s 00000000 08:01 19922987                   /tmp/hsperfdata_chinmay/7092
7f2e51f47000-7f2e51f48000 rw-p 00000000 00:00 0 
7f2e51f48000-7f2e51f49000 ---p 00000000 00:00 0 
7f2e51f49000-7f2e51f4a000 r--p 00029000 08:01 19268280                   /lib/x86_64-linux-gnu/ld-2.27.so
7f2e51f4a000-7f2e51f4b000 rw-p 0002a000 08:01 19268280                   /lib/x86_64-linux-gnu/ld-2.27.so
7f2e51f4b000-7f2e51f4c000 rw-p 00000000 00:00 0 
7fff7f69d000-7fff7f6bf000 rw-p 00000000 00:00 0                          [stack]
7fff7f74c000-7fff7f74f000 r--p 00000000 00:00 0                          [vvar]
7fff7f74f000-7fff7f750000 r-xp 00000000 00:00 0                          [vdso]
ffffffffff600000-ffffffffff601000 --xp 00000000 00:00 0                  [vsyscall]

VM Arguments:
jvm_args: -Dfile.encoding=UTF-8 
java_command: com.tequila.database.corrector.CorrectorAllFields
java_class_path (initial): /opt/jdk/jdk1.8.0_211/jre/lib/resources.jar:/opt/jdk/jdk1.8.0_211/jre/lib/rt.jar:/opt/jdk/jdk1.8.0_211/jre/lib/jsse.jar:/opt/jdk/jdk1.8.0_211/jre/lib/jce.jar:/opt/jdk/jdk1.8.0_211/jre/lib/charsets.jar:/opt/jdk/jdk1.8.0_211/jre/lib/jfr.jar:/opt/jdk/jdk1.8.0_211/jre/lib/ext/nashorn.jar:/opt/jdk/jdk1.8.0_211/jre/lib/ext/zipfs.jar:/opt/jdk/jdk1.8.0_211/jre/lib/ext/sunpkcs11.jar:/opt/jdk/jdk1.8.0_211/jre/lib/ext/localedata.jar:/opt/jdk/jdk1.8.0_211/jre/lib/ext/jfxrt.jar:/opt/jdk/jdk1.8.0_211/jre/lib/ext/cldrdata.jar:/opt/jdk/jdk1.8.0_211/jre/lib/ext/sunjce_provider.jar:/opt/jdk/jdk1.8.0_211/jre/lib/ext/dnsns.jar:/opt/jdk/jdk1.8.0_211/jre/lib/ext/sunec.jar:/opt/jdk/jdk1.8.0_211/jre/lib/ext/jaccess.jar:/home/chinmay/eclipse-workspace/MexicoDataProcess/bin:/home/chinmay/eclipse-workspace/MexicoDataProcess/jars/commons-codec-1.11.jar:/home/chinmay/eclipse-workspace/MexicoDataProcess/jars/commons-collections-3.2.1.jar:/home/chinmay/eclipse-workspace/MexicoDataProcess/jars/commons-io-2.5.jar:/home/chinmay/eclipse-workspace/MexicoDataProcess/jars/commons-lang3-3.7.jar:/home/chinmay/eclipse-workspace/MexicoDataProcess/jars/commons-logging-1.2.jar:/home/chinmay/eclipse-workspace/MexicoDataProcess/jars/gson-2.2.2.jar:/home/chinmay/eclipse-workspace/MexicoDataProcess/jars/javax.mail-1.6.1.jar:/home/chinmay/eclipse-workspace/MexicoDataProcess/jars/json-simple-1.1.1.jar:/home/chinmay/eclipse-workspace/MexicoDataProcess/jars/opencsv-4.0.jar:/home/chinmay/eclipse-workspace/MexicoDataProcess/jars/sqlite-jdbc-3.21.0.jar:/home/chinmay/eclipse-workspace/MexicoDataProcess/jars/SuperCSV-1.52.jar:/home/chinmay/eclipse-workspace/MexicoDataProcess/jars/validator/commons-validator-1.6.jar:/home/chinmay/eclipse-workspace/MexicoDataProcess/jars/fuzzywuzzy/fuzzywuzzy-1.1.9.jar:/home/chinmay/eclipse-workspace/MexicoDataProcess/jars/httpclient-4.5.3.jar:/home/chinmay/eclipse-workspace/MexicoDataProcess/jars/httpcore-4.4.6.jar:/home/chinmay/eclipse-workspace/MexicoDataProc
Launcher Type: SUN_STANDARD

Environment Variables:
PATH=/home/chinmay/bin:/usr/local/sbin:/usr/local/bin:/usr/sbin:/usr/bin:/sbin:/bin:/usr/games:/usr/local/games:/snap/bin
USERNAME=chinmay
SHELL=/bin/bash
DISPLAY=:0

Signal Handlers:
SIGSEGV: [libjvm.so+0xad3d90], sa_mask[0]=11111111011111111101111111111110, sa_flags=SA_RESTART|SA_SIGINFO
SIGBUS: [libjvm.so+0xad3d90], sa_mask[0]=11111111011111111101111111111110, sa_flags=SA_RESTART|SA_SIGINFO
SIGFPE: [libjvm.so+0x90b8b0], sa_mask[0]=11111111011111111101111111111110, sa_flags=SA_RESTART|SA_SIGINFO
SIGPIPE: [libjvm.so+0x90b8b0], sa_mask[0]=11111111011111111101111111111110, sa_flags=SA_RESTART|SA_SIGINFO
SIGXFSZ: [libjvm.so+0x90b8b0], sa_mask[0]=11111111011111111101111111111110, sa_flags=SA_RESTART|SA_SIGINFO
SIGILL: [libjvm.so+0x90b8b0], sa_mask[0]=11111111011111111101111111111110, sa_flags=SA_RESTART|SA_SIGINFO
SIGUSR1: SIG_DFL, sa_mask[0]=00000000000000000000000000000000, sa_flags=none
SIGUSR2: [libjvm.so+0x90b780], sa_mask[0]=00100000000000000000000000000000, sa_flags=SA_RESTART|SA_SIGINFO
SIGHUP: [libjvm.so+0x90bda0], sa_mask[0]=11111111011111111101111111111110, sa_flags=SA_RESTART|SA_SIGINFO
SIGINT: [libjvm.so+0x90bda0], sa_mask[0]=11111111011111111101111111111110, sa_flags=SA_RESTART|SA_SIGINFO
SIGTERM: [libjvm.so+0x90bda0], sa_mask[0]=11111111011111111101111111111110, sa_flags=SA_RESTART|SA_SIGINFO
SIGQUIT: [libjvm.so+0x90bda0], sa_mask[0]=11111111011111111101111111111110, sa_flags=SA_RESTART|SA_SIGINFO


---------------  S Y S T E M  ---------------

OS:DISTRIB_ID=Ubuntu
DISTRIB_RELEASE=18.04
DISTRIB_CODENAME=bionic
DISTRIB_DESCRIPTION="Ubuntu 18.04.5 LTS"

uname:Linux 5.4.0-81-generic #91~18.04.1-Ubuntu SMP Fri Jul 23 13:36:29 UTC 2021 x86_64
libc:glibc 2.27 NPTL 2.27 
rlimit: STACK 8192k, CORE 0k, NPROC 31048, NOFILE 1048576, AS infinity
load average:2.47 2.23 2.20

/proc/meminfo:
MemTotal:        8022228 kB
MemFree:         3636800 kB
MemAvailable:    4972196 kB
Buffers:           95396 kB
Cached:          1695988 kB
SwapCached:        29016 kB
Active:          2630372 kB
Inactive:        1353468 kB
Active(anon):    1672420 kB
Inactive(anon):   807920 kB
Active(file):     957952 kB
Inactive(file):   545548 kB
Unevictable:       53384 kB
Mlocked:             256 kB
SwapTotal:       2097148 kB
SwapFree:        1108988 kB
Dirty:              1472 kB
Writeback:             0 kB
AnonPages:       2229664 kB
Mapped:           297632 kB
Shmem:            287932 kB
KReclaimable:     102564 kB
Slab:             230480 kB
SReclaimable:     102564 kB
SUnreclaim:       127916 kB
KernelStack:       14224 kB
PageTables:        57880 kB
NFS_Unstable:          0 kB
Bounce:                0 kB
WritebackTmp:          0 kB
CommitLimit:     6108260 kB
Committed_AS:    9841704 kB
VmallocTotal:   34359738367 kB
VmallocUsed:       29392 kB
VmallocChunk:          0 kB
Percpu:             3248 kB
HardwareCorrupted:     0 kB
AnonHugePages:         0 kB
ShmemHugePages:        0 kB
ShmemPmdMapped:        0 kB
FileHugePages:         0 kB
FilePmdMapped:         0 kB
CmaTotal:              0 kB
CmaFree:               0 kB
HugePages_Total:       0
HugePages_Free:        0
HugePages_Rsvd:        0
HugePages_Surp:        0
Hugepagesize:       2048 kB
Hugetlb:               0 kB
DirectMap4k:      301484 kB
DirectMap2M:     6907904 kB
DirectMap1G:     2097152 kB

container (cgroup) information:
container_type: cgroupv1
cpu_cpuset_cpus: 0-3
cpu_memory_nodes: 0
active_processor_count: 4
cpu_quota: -1
cpu_period: 100000
cpu_shares: -1
memory_limit_in_bytes: -1
memory_and_swap_limit_in_bytes: -2
memory_soft_limit_in_bytes: -1
memory_usage_in_bytes: 4004016128
memory_max_usage_in_bytes: 7698538496


CPU:total 4 (initial active 4) (2 cores per cpu, 2 threads per core) family 6 model 60 stepping 3, cmov, cx8, fxsr, mmx, sse, sse2, sse3, ssse3, sse4.1, sse4.2, popcnt, avx, avx2, aes, clmul, erms, lzcnt, ht, tsc, tscinvbit, bmi1, bmi2

/proc/cpuinfo:
processor	: 0
vendor_id	: GenuineIntel
cpu family	: 6
model		: 60
model name	: Intel(R) Core(TM) i3-4160 CPU @ 3.60GHz
stepping	: 3
microcode	: 0x28
cpu MHz		: 3591.534
cache size	: 3072 KB
physical id	: 0
siblings	: 4
core id		: 0
cpu cores	: 2
apicid		: 0
initial apicid	: 0
fpu		: yes
fpu_exception	: yes
cpuid level	: 13
wp		: yes
flags		: fpu vme de pse tsc msr pae mce cx8 apic sep mtrr pge mca cmov pat pse36 clflush dts acpi mmx fxsr sse sse2 ss ht tm pbe syscall nx pdpe1gb rdtscp lm constant_tsc arch_perfmon pebs bts rep_good nopl xtopology nonstop_tsc cpuid aperfmperf pni pclmulqdq dtes64 monitor ds_cpl vmx est tm2 ssse3 sdbg fma cx16 xtpr pdcm pcid sse4_1 sse4_2 movbe popcnt tsc_deadline_timer aes xsave avx f16c rdrand lahf_lm abm cpuid_fault epb invpcid_single pti ssbd ibrs ibpb stibp tpr_shadow vnmi flexpriority ept vpid ept_ad fsgsbase tsc_adjust bmi1 avx2 smep bmi2 erms invpcid xsaveopt dtherm arat pln pts md_clear flush_l1d
bugs		: cpu_meltdown spectre_v1 spectre_v2 spec_store_bypass l1tf mds swapgs itlb_multihit srbds
bogomips	: 7183.06
clflush size	: 64
cache_alignment	: 64
address sizes	: 39 bits physical, 48 bits virtual
power management:

processor	: 1
vendor_id	: GenuineIntel
cpu family	: 6
model		: 60
model name	: Intel(R) Core(TM) i3-4160 CPU @ 3.60GHz
stepping	: 3
microcode	: 0x28
cpu MHz		: 3591.533
cache size	: 3072 KB
physical id	: 0
siblings	: 4
core id		: 1
cpu cores	: 2
apicid		: 2
initial apicid	: 2
fpu		: yes
fpu_exception	: yes
cpuid level	: 13
wp		: yes
flags		: fpu vme de pse tsc msr pae mce cx8 apic sep mtrr pge mca cmov pat pse36 clflush dts acpi mmx fxsr sse sse2 ss ht tm pbe syscall nx pdpe1gb rdtscp lm constant_tsc arch_perfmon pebs bts rep_good nopl xtopology nonstop_tsc cpuid aperfmperf pni pclmulqdq dtes64 monitor ds_cpl vmx est tm2 ssse3 sdbg fma cx16 xtpr pdcm pcid sse4_1 sse4_2 movbe popcnt tsc_deadline_timer aes xsave avx f16c rdrand lahf_lm abm cpuid_fault epb invpcid_single pti ssbd ibrs ibpb stibp tpr_shadow vnmi flexpriority ept vpid ept_ad fsgsbase tsc_adjust bmi1 avx2 smep bmi2 erms invpcid xsaveopt dtherm arat pln pts md_clear flush_l1d
bugs		: cpu_meltdown spectre_v1 spectre_v2 spec_store_bypass l1tf mds swapgs itlb_multihit srbds
bogomips	: 7183.06
clflush size	: 64
cache_alignment	: 64
address sizes	: 39 bits physical, 48 bits virtual
power management:

processor	: 2
vendor_id	: GenuineIntel
cpu family	: 6
model		: 60
model name	: Intel(R) Core(TM) i3-4160 CPU @ 3.60GHz
stepping	: 3
microcode	: 0x28
cpu MHz		: 3591.533
cache size	: 3072 KB
physical id	: 0
siblings	: 4
core id		: 0
cpu cores	: 2
apicid		: 1
initial apicid	: 1
fpu		: yes
fpu_exception	: yes
cpuid level	: 13
wp		: yes
flags		: fpu vme de pse tsc msr pae mce cx8 apic sep mtrr pge mca cmov pat pse36 clflush dts acpi mmx fxsr sse sse2 ss ht tm pbe syscall nx pdpe1gb rdtscp lm constant_tsc arch_perfmon pebs bts rep_good nopl xtopology nonstop_tsc cpuid aperfmperf pni pclmulqdq dtes64 monitor ds_cpl vmx est tm2 ssse3 sdbg fma cx16 xtpr pdcm pcid sse4_1 sse4_2 movbe popcnt tsc_deadline_timer aes xsave avx f16c rdrand lahf_lm abm cpuid_fault epb invpcid_single pti ssbd ibrs ibpb stibp tpr_shadow vnmi flexpriority ept vpid ept_ad fsgsbase tsc_adjust bmi1 avx2 smep bmi2 erms invpcid xsaveopt dtherm arat pln pts md_clear flush_l1d
bugs		: cpu_meltdown spectre_v1 spectre_v2 spec_store_bypass l1tf mds swapgs itlb_multihit srbds
bogomips	: 7183.06
clflush size	: 64
cache_alignment	: 64
address sizes	: 39 bits physical, 48 bits virtual
power management:

processor	: 3
vendor_id	: GenuineIntel
cpu family	: 6
model		: 60
model name	: Intel(R) Core(TM) i3-4160 CPU @ 3.60GHz
stepping	: 3
microcode	: 0x28
cpu MHz		: 3591.513
cache size	: 3072 KB
physical id	: 0
siblings	: 4
core id		: 1
cpu cores	: 2
apicid		: 3
initial apicid	: 3
fpu		: yes
fpu_exception	: yes
cpuid level	: 13
wp		: yes
flags		: fpu vme de pse tsc msr pae mce cx8 apic sep mtrr pge mca cmov pat pse36 clflush dts acpi mmx fxsr sse sse2 ss ht tm pbe syscall nx pdpe1gb rdtscp lm constant_tsc arch_perfmon pebs bts rep_good nopl xtopology nonstop_tsc cpuid aperfmperf pni pclmulqdq dtes64 monitor ds_cpl vmx est tm2 ssse3 sdbg fma cx16 xtpr pdcm pcid sse4_1 sse4_2 movbe popcnt tsc_deadline_timer aes xsave avx f16c rdrand lahf_lm abm cpuid_fault epb invpcid_single pti ssbd ibrs ibpb stibp tpr_shadow vnmi flexpriority ept vpid ept_ad fsgsbase tsc_adjust bmi1 avx2 smep bmi2 erms invpcid xsaveopt dtherm arat pln pts md_clear flush_l1d
bugs		: cpu_meltdown spectre_v1 spectre_v2 spec_store_bypass l1tf mds swapgs itlb_multihit srbds
bogomips	: 7183.06
clflush size	: 64
cache_alignment	: 64
address sizes	: 39 bits physical, 48 bits virtual
power management:



Memory: 4k page, physical 8022228k(3633776k free), swap 2097148k(1108988k free)

vm_info: Java HotSpot(TM) 64-Bit Server VM (25.211-b12) for linux-amd64 JRE (1.8.0_211-b12), built on Apr  1 2019 20:39:34 by "java_re" with gcc 7.3.0

time: Fri Sep  3 13:17:50 2021
timezone: IST
elapsed time: 10 seconds (0d 0h 0m 10s)

