#
# A fatal error has been detected by the Java Runtime Environment:
#
#  SIGSEGV (0xb) at pc=0x00007f7144b8a702, pid=13763, tid=0x00007f714219b700
#
# JRE version: Java(TM) SE Runtime Environment (8.0_211-b12) (build 1.8.0_211-b12)
# Java VM: Java HotSpot(TM) 64-Bit Server VM (25.211-b12 mixed mode linux-amd64 compressed oops)
# Problematic frame:
# V  [libjvm.so+0x987702]  oopDesc* PSPromotionManager::copy_to_survivor_space<false>(oopDesc*)+0x3b2
#
# Failed to write core dump. Core dumps have been disabled. To enable core dumping, try "ulimit -c unlimited" before starting Java again
#
# If you would like to submit a bug report, please visit:
#   http://bugreport.java.com/bugreport/crash.jsp
#

---------------  T H R E A D  ---------------

Current thread (0x00007f713c026000):  GCTaskThread [stack: 0x00007f714209c000,0x00007f714219c000] [id=13771]

siginfo: si_signo: 11 (SIGSEGV), si_code: 1 (SEGV_MAPERR), si_addr: 0x000000074e636220

Registers:
RAX=0x000000074e636218, RBX=0x00000000f5b11940, RCX=0x0000000000000003, RDX=0x0000000000000001
RSP=0x00007f714219ac40, RBP=0x00007f714219acd0, RSI=0x00000000f5b11940, RDI=0x00007f713c077f40
R8 =0x0000000000000000, R9 =0x00000000e9cc6f55, R10=0x00007f714519bda0, R11=0x00000000e9cc6e10
R12=0x00007f713c077f40, R13=0x0000000000000001, R14=0x00007f713c077fa8, R15=0x00007f714519bdb0
RIP=0x00007f7144b8a702, EFLAGS=0x0000000000010206, CSGSFS=0x002b000000000033, ERR=0x0000000000000004
  TRAPNO=0x000000000000000e

Top of Stack: (sp=0x00007f714219ac40)
0x00007f714219ac40:   00007f714219acd0 00007f7144b89371
0x00007f714219ac50:   00007f713c427580 0000000000000018
0x00007f714219ac60:   00007f7100000003 0000000000000019
0x00007f714219ac70:   00000000e9cc0378 0000000000001000
0x00007f714219ac80:   0000000000000000 00007f71451c03e9
0x00007f714219ac90:   00007f714219ad20 00007f7144b89371
0x00007f714219aca0:   00007f714219ad00 00007f713c077f40
0x00007f714219acb0:   00000000e9cc6e64 0000000000000001
0x00007f714219acc0:   00007f713c077fa8 00007f714519bdb0
0x00007f714219acd0:   00007f714219ad20 00007f7144b89f98
0x00007f714219ace0:   0017f80400011394 0017f80500011394
0x00007f714219acf0:   00007f713c021d01 00007f713c0784b0
0x00007f714219ad00:   0000000000000002 00007f714219ad5c
0x00007f714219ad10:   0000000000000000 0000000000000001
0x00007f714219ad20:   00007f714219ada0 00007f7144b8e57e
0x00007f714219ad30:   00007f713c077f40 00007f7104014140
0x00007f714219ad40:   00007f713c077f40 0000000000000008
0x00007f714219ad50:   00007f713c021ce0 2464ab943c021ce0
0x00007f714219ad60:   00114f120001219f 00114f12000121a0
0x00007f714219ad70:   00007f714219ada0 0000000000000001
0x00007f714219ad80:   00007f7104014140 00007f713c026000
0x00007f714219ad90:   0000000000000000 00007f71451c0188
0x00007f714219ada0:   00007f714219aeb0 00007f71447c6816
0x00007f714219adb0:   00000000000003d8 00007f713c026270
0x00007f714219adc0:   00007f713c026698 00007f713c0262c0
0x00007f714219add0:   00007f714219ae40 00007f713c0262b0
0x00007f714219ade0:   00007f714219adf8 00007f7144d6bf63
0x00007f714219adf0:   0000000000000000 0000000000000000
0x00007f714219ae00:   00007f713c026000 00007f713c0266a0
0x00007f714219ae10:   00007f713c0266e0 00007f713c0266f0
0x00007f714219ae20:   00007f713c0267c8 00000000000000d8
0x00007f714219ae30:   00007f713c026900 0000000000000001 

Instructions: (pc=0x00007f7144b8a702)
0x00007f7144b8a6e2:   ff ff 0f 1f 40 00 4c 8d 15 b1 16 61 00 8b 46 08
0x00007f7144b8a6f2:   48 89 f3 49 89 fc 41 8b 4a 08 48 d3 e0 49 03 02
0x00007f7144b8a702:   8b 48 08 83 f9 00 0f 8f 92 fd ff ff 0f 84 0c fe
0x00007f7144b8a712:   ff ff 80 fa 01 48 8d 15 ce 95 5f 00 48 19 c0 83 

Register to memory mapping:

RAX=0x000000074e636218 is an unknown value
RBX=0x00000000f5b11940 is an unknown value
RCX=0x0000000000000003 is an unknown value
RDX=0x0000000000000001 is an unknown value
RSP=0x00007f714219ac40 is an unknown value
RBP=0x00007f714219acd0 is an unknown value
RSI=0x00000000f5b11940 is an unknown value
RDI=0x00007f713c077f40 is an unknown value
R8 =0x0000000000000000 is an unknown value
R9 =0x00000000e9cc6f55 is an unknown value
R10=0x00007f714519bda0: <offset 0xf98da0> in /opt/jdk/jdk1.8.0_211/jre/lib/amd64/server/libjvm.so at 0x00007f7144203000
R11=0x00000000e9cc6e10 is an oop
[Ljava.lang.String; 
 - klass: 'java/lang/String'[]
 - length: 30
R12=0x00007f713c077f40 is an unknown value
R13=0x0000000000000001 is an unknown value
R14=0x00007f713c077fa8 is an unknown value
R15=0x00007f714519bdb0: <offset 0xf98db0> in /opt/jdk/jdk1.8.0_211/jre/lib/amd64/server/libjvm.so at 0x00007f7144203000


Stack: [0x00007f714209c000,0x00007f714219c000],  sp=0x00007f714219ac40,  free space=1019k
Native frames: (J=compiled Java code, j=interpreted, Vv=VM code, C=native code)
V  [libjvm.so+0x987702]  oopDesc* PSPromotionManager::copy_to_survivor_space<false>(oopDesc*)+0x3b2
V  [libjvm.so+0x986f98]  PSPromotionManager::drain_stacks_depth(bool)+0x788
V  [libjvm.so+0x98b57e]  StealTask::do_it(GCTaskManager*, unsigned int)+0x4ce
V  [libjvm.so+0x5c3816]  GCTaskThread::run()+0x1b6
V  [libjvm.so+0x90d952]  java_start(Thread*)+0x102


---------------  P R O C E S S  ---------------

Java Threads: ( => current thread )
  0x00007f713c0cb000 JavaThread "Service Thread" daemon [_thread_blocked, id=13780, stack(0x00007f712c61b000,0x00007f712c71c000)]
  0x00007f713c0c0000 JavaThread "C1 CompilerThread2" daemon [_thread_blocked, id=13779, stack(0x00007f712c71d000,0x00007f712c81d000)]
  0x00007f713c0be000 JavaThread "C2 CompilerThread1" daemon [_thread_blocked, id=13778, stack(0x00007f712c81e000,0x00007f712c91e000)]
  0x00007f713c0bb000 JavaThread "C2 CompilerThread0" daemon [_thread_blocked, id=13777, stack(0x00007f712c91f000,0x00007f712ca1f000)]
  0x00007f713c0b9800 JavaThread "Signal Dispatcher" daemon [_thread_blocked, id=13776, stack(0x00007f712ca1f000,0x00007f712cb20000)]
  0x00007f713c087000 JavaThread "Finalizer" daemon [_thread_blocked, id=13775, stack(0x00007f712cdfe000,0x00007f712ceff000)]
  0x00007f713c084800 JavaThread "Reference Handler" daemon [_thread_blocked, id=13774, stack(0x00007f712ceff000,0x00007f712d000000)]
  0x00007f713c00c800 JavaThread "main" [_thread_blocked, id=13768, stack(0x00007f7145d18000,0x00007f7145e18000)]

Other Threads:
  0x00007f713c07a800 VMThread [stack: 0x00007f7140094000,0x00007f7140194000] [id=13773]
  0x00007f713c0cd800 WatcherThread [stack: 0x00007f712c51b000,0x00007f712c61b000] [id=13781]

=>0x00007f713c026000 (exited) GCTaskThread [stack: 0x00007f714209c000,0x00007f714219c000] [id=13771]

VM state:at safepoint (normal execution)

VM Mutex/Monitor currently owned by a thread:  ([mutex/lock_event])
[0x00007f713c009020] Threads_lock - owner thread: 0x00007f713c07a800
[0x00007f713c009520] Heap_lock - owner thread: 0x00007f713c00c800

heap address: 0x0000000085800000, size: 1960 MB, Compressed Oops mode: 32-bit
Narrow klass base: 0x0000000000000000, Narrow klass shift: 3
Compressed class space size: 1073741824 Address: 0x0000000100000000

Heap:
 PSYoungGen      total 474624K, used 404256K [0x00000000d7300000, 0x0000000100000000, 0x0000000100000000)
  eden space 286720K, 100% used [0x00000000d7300000,0x00000000e8b00000,0x00000000e8b00000)
  from space 187904K, 62% used [0x00000000f4880000,0x00000000fbb48378,0x0000000100000000)
  to   space 190976K, 52% used [0x00000000e8b00000,0x00000000eeda0378,0x00000000f4580000)
 ParOldGen       total 923648K, used 772563K [0x0000000085800000, 0x00000000bde00000, 0x00000000d7300000)
  object space 923648K, 83% used [0x0000000085800000,0x00000000b4a74c68,0x00000000bde00000)
 Metaspace       used 10375K, capacity 10610K, committed 10752K, reserved 1058816K
  class space    used 1064K, capacity 1189K, committed 1280K, reserved 1048576K

Card table byte_map: [0x00007f714262c000,0x00007f7142a01000] byte_map_base: 0x00007f7142200000

Marking Bits: (ParMarkBitMap*) 0x00007f71451ced80
 Begin Bits: [0x00007f71242c0000, 0x00007f7126160000)
 End Bits:   [0x00007f7126160000, 0x00007f7128000000)

Polling page: 0x00007f7145e40000

CodeCache: size=245760Kb used=6539Kb max_used=7005Kb free=239220Kb
 bounds [0x00007f712d000000, 0x00007f712d720000, 0x00007f713c000000]
 total_blobs=1812 nmethods=1459 adapters=266
 compilation: enabled

Compilation events (10 events):
Event: 186.625 Thread 0x00007f713c0bb000 1880       4       java.util.regex.Matcher::appendReplacement (571 bytes)
Event: 186.649 Thread 0x00007f713c0bb000 nmethod 1880 0x00007f712d5b9990 code [0x00007f712d5b9b80, 0x00007f712d5bae08]
Event: 186.708 Thread 0x00007f713c0be000 1881       4       com.shatam.utils.TextFormat::getAddressStandardised (594 bytes)
Event: 186.709 Thread 0x00007f713c0bb000 1882       4       com.shatam.utils.Util::match (51 bytes)
Event: 186.723 Thread 0x00007f713c0bb000 nmethod 1882 0x00007f712d4f4f50 code [0x00007f712d4f5100, 0x00007f712d4f58e8]
Event: 186.776 Thread 0x00007f713c0be000 nmethod 1881 0x00007f712d486ed0 code [0x00007f712d4877e0, 0x00007f712d48ac30]
Event: 186.789 Thread 0x00007f713c0bb000 1883       4       com.shatam.utils.U::toTitleCase (267 bytes)
Event: 186.882 Thread 0x00007f713c0bb000 nmethod 1883 0x00007f712d3e7f50 code [0x00007f712d3e8220, 0x00007f712d3e96a8]
Event: 187.000 Thread 0x00007f713c0be000 1884       4       java.util.regex.Matcher::appendTail (19 bytes)
Event: 187.007 Thread 0x00007f713c0be000 nmethod 1884 0x00007f712d10ce10 code [0x00007f712d10cfa0, 0x00007f712d10d938]

GC Heap History (10 events):
Event: 185.061 GC heap after
Heap after GC invocations=75 (full 7):
 PSYoungGen      total 463872K, used 23980K [0x00000000d7300000, 0x00000000ff400000, 0x0000000100000000)
  eden space 276480K, 0% used [0x00000000d7300000,0x00000000d7300000,0x00000000e8100000)
  from space 187392K, 12% used [0x00000000f3d00000,0x00000000f546b018,0x00000000ff400000)
  to   space 189952K, 0% used [0x00000000e8100000,0x00000000e8100000,0x00000000f3a80000)
 ParOldGen       total 923648K, used 772523K [0x0000000085800000, 0x00000000bde00000, 0x00000000d7300000)
  object space 923648K, 83% used [0x0000000085800000,0x00000000b4a6ac68,0x00000000bde00000)
 Metaspace       used 10340K, capacity 10610K, committed 10752K, reserved 1058816K
  class space    used 1063K, capacity 1189K, committed 1280K, reserved 1048576K
}
Event: 185.972 GC heap before
{Heap before GC invocations=76 (full 7):
 PSYoungGen      total 463872K, used 300460K [0x00000000d7300000, 0x00000000ff400000, 0x0000000100000000)
  eden space 276480K, 100% used [0x00000000d7300000,0x00000000e8100000,0x00000000e8100000)
  from space 187392K, 12% used [0x00000000f3d00000,0x00000000f546b018,0x00000000ff400000)
  to   space 189952K, 0% used [0x00000000e8100000,0x00000000e8100000,0x00000000f3a80000)
 ParOldGen       total 923648K, used 772523K [0x0000000085800000, 0x00000000bde00000, 0x00000000d7300000)
  object space 923648K, 83% used [0x0000000085800000,0x00000000b4a6ac68,0x00000000bde00000)
 Metaspace       used 10340K, capacity 10610K, committed 10752K, reserved 1058816K
  class space    used 1063K, capacity 1189K, committed 1280K, reserved 1048576K
Event: 186.016 GC heap after
Heap after GC invocations=76 (full 7):
 PSYoungGen      total 466432K, used 70165K [0x00000000d7300000, 0x00000000fec80000, 0x0000000100000000)
  eden space 276480K, 0% used [0x00000000d7300000,0x00000000d7300000,0x00000000e8100000)
  from space 189952K, 36% used [0x00000000e8100000,0x00000000ec5857a0,0x00000000f3a80000)
  to   space 178688K, 0% used [0x00000000f3e00000,0x00000000f3e00000,0x00000000fec80000)
 ParOldGen       total 923648K, used 772523K [0x0000000085800000, 0x00000000bde00000, 0x00000000d7300000)
  object space 923648K, 83% used [0x0000000085800000,0x00000000b4a6ac68,0x00000000bde00000)
 Metaspace       used 10340K, capacity 10610K, committed 10752K, reserved 1058816K
  class space    used 1063K, capacity 1189K, committed 1280K, reserved 1048576K
}
Event: 186.425 GC heap before
{Heap before GC invocations=77 (full 7):
 PSYoungGen      total 466432K, used 346645K [0x00000000d7300000, 0x00000000fec80000, 0x0000000100000000)
  eden space 276480K, 100% used [0x00000000d7300000,0x00000000e8100000,0x00000000e8100000)
  from space 189952K, 36% used [0x00000000e8100000,0x00000000ec5857a0,0x00000000f3a80000)
  to   space 178688K, 0% used [0x00000000f3e00000,0x00000000f3e00000,0x00000000fec80000)
 ParOldGen       total 923648K, used 772523K [0x0000000085800000, 0x00000000bde00000, 0x00000000d7300000)
  object space 923648K, 83% used [0x0000000085800000,0x00000000b4a6ac68,0x00000000bde00000)
 Metaspace       used 10375K, capacity 10610K, committed 10752K, reserved 1058816K
  class space    used 1064K, capacity 1189K, committed 1280K, reserved 1048576K
Event: 186.503 GC heap after
Heap after GC invocations=77 (full 7):
 PSYoungGen      total 464896K, used 114816K [0x00000000d7300000, 0x00000000fff00000, 0x0000000100000000)
  eden space 286208K, 0% used [0x00000000d7300000,0x00000000d7300000,0x00000000e8a80000)
  from space 178688K, 64% used [0x00000000f3e00000,0x00000000fae20378,0x00000000fec80000)
  to   space 183808K, 0% used [0x00000000e8a80000,0x00000000e8a80000,0x00000000f3e00000)
 ParOldGen       total 923648K, used 772531K [0x0000000085800000, 0x00000000bde00000, 0x00000000d7300000)
  object space 923648K, 83% used [0x0000000085800000,0x00000000b4a6cc68,0x00000000bde00000)
 Metaspace       used 10375K, capacity 10610K, committed 10752K, reserved 1058816K
  class space    used 1064K, capacity 1189K, committed 1280K, reserved 1048576K
}
Event: 186.808 GC heap before
{Heap before GC invocations=78 (full 7):
 PSYoungGen      total 464896K, used 401024K [0x00000000d7300000, 0x00000000fff00000, 0x0000000100000000)
  eden space 286208K, 100% used [0x00000000d7300000,0x00000000e8a80000,0x00000000e8a80000)
  from space 178688K, 64% used [0x00000000f3e00000,0x00000000fae20378,0x00000000fec80000)
  to   space 183808K, 0% used [0x00000000e8a80000,0x00000000e8a80000,0x00000000f3e00000)
 ParOldGen       total 923648K, used 772531K [0x0000000085800000, 0x00000000bde00000, 0x00000000d7300000)
  object space 923648K, 83% used [0x0000000085800000,0x00000000b4a6cc68,0x00000000bde00000)
 Metaspace       used 10375K, capacity 10610K, committed 10752K, reserved 1058816K
  class space    used 1064K, capacity 1189K, committed 1280K, reserved 1048576K
Event: 186.881 GC heap after
Heap after GC invocations=78 (full 7):
 PSYoungGen      total 470016K, used 116160K [0x00000000d7300000, 0x0000000100000000, 0x0000000100000000)
  eden space 286208K, 0% used [0x00000000d7300000,0x00000000d7300000,0x00000000e8a80000)
  from space 183808K, 63% used [0x00000000e8a80000,0x00000000efbf0378,0x00000000f3e00000)
  to   space 187904K, 0% used [0x00000000f4880000,0x00000000f4880000,0x0000000100000000)
 ParOldGen       total 923648K, used 772531K [0x0000000085800000, 0x00000000bde00000, 0x00000000d7300000)
  object space 923648K, 83% used [0x0000000085800000,0x00000000b4a6cc68,0x00000000bde00000)
 Metaspace       used 10375K, capacity 10610K, committed 10752K, reserved 1058816K
  class space    used 1064K, capacity 1189K, committed 1280K, reserved 1048576K
}
Event: 187.161 GC heap before
{Heap before GC invocations=79 (full 7):
 PSYoungGen      total 470016K, used 402368K [0x00000000d7300000, 0x0000000100000000, 0x0000000100000000)
  eden space 286208K, 100% used [0x00000000d7300000,0x00000000e8a80000,0x00000000e8a80000)
  from space 183808K, 63% used [0x00000000e8a80000,0x00000000efbf0378,0x00000000f3e00000)
  to   space 187904K, 0% used [0x00000000f4880000,0x00000000f4880000,0x0000000100000000)
 ParOldGen       total 923648K, used 772531K [0x0000000085800000, 0x00000000bde00000, 0x00000000d7300000)
  object space 923648K, 83% used [0x0000000085800000,0x00000000b4a6cc68,0x00000000bde00000)
 Metaspace       used 10375K, capacity 10610K, committed 10752K, reserved 1058816K
  class space    used 1064K, capacity 1189K, committed 1280K, reserved 1048576K
Event: 187.228 GC heap after
Heap after GC invocations=79 (full 7):
 PSYoungGen      total 474624K, used 117536K [0x00000000d7300000, 0x0000000100000000, 0x0000000100000000)
  eden space 286720K, 0% used [0x00000000d7300000,0x00000000d7300000,0x00000000e8b00000)
  from space 187904K, 62% used [0x00000000f4880000,0x00000000fbb48378,0x0000000100000000)
  to   space 190976K, 0% used [0x00000000e8b00000,0x00000000e8b00000,0x00000000f4580000)
 ParOldGen       total 923648K, used 772547K [0x0000000085800000, 0x00000000bde00000, 0x00000000d7300000)
  object space 923648K, 83% used [0x0000000085800000,0x00000000b4a70c68,0x00000000bde00000)
 Metaspace       used 10375K, capacity 10610K, committed 10752K, reserved 1058816K
  class space    used 1064K, capacity 1189K, committed 1280K, reserved 1048576K
}
Event: 187.508 GC heap before
{Heap before GC invocations=80 (full 7):
 PSYoungGen      total 474624K, used 404256K [0x00000000d7300000, 0x0000000100000000, 0x0000000100000000)
  eden space 286720K, 100% used [0x00000000d7300000,0x00000000e8b00000,0x00000000e8b00000)
  from space 187904K, 62% used [0x00000000f4880000,0x00000000fbb48378,0x0000000100000000)
  to   space 190976K, 0% used [0x00000000e8b00000,0x00000000e8b00000,0x00000000f4580000)
 ParOldGen       total 923648K, used 772547K [0x0000000085800000, 0x00000000bde00000, 0x00000000d7300000)
  object space 923648K, 83% used [0x0000000085800000,0x00000000b4a70c68,0x00000000bde00000)
 Metaspace       used 10375K, capacity 10610K, committed 10752K, reserved 1058816K
  class space    used 1064K, capacity 1189K, committed 1280K, reserved 1048576K

Deoptimization events (10 events):
Event: 186.162 Thread 0x00007f713c00c800 Uncommon trap: reason=bimorphic action=maybe_recompile pc=0x00007f712d5b8988 method=java.util.regex.Pattern$Branch.match(Ljava/util/regex/Matcher;ILjava/lang/CharSequence;)Z @ 32
Event: 186.168 Thread 0x00007f713c00c800 Uncommon trap: reason=bimorphic action=maybe_recompile pc=0x00007f712d5b8988 method=java.util.regex.Pattern$Branch.match(Ljava/util/regex/Matcher;ILjava/lang/CharSequence;)Z @ 32
Event: 186.176 Thread 0x00007f713c00c800 Uncommon trap: reason=bimorphic action=maybe_recompile pc=0x00007f712d5b8988 method=java.util.regex.Pattern$Branch.match(Ljava/util/regex/Matcher;ILjava/lang/CharSequence;)Z @ 32
Event: 186.188 Thread 0x00007f713c00c800 Uncommon trap: reason=bimorphic action=maybe_recompile pc=0x00007f712d5b8988 method=java.util.regex.Pattern$Branch.match(Ljava/util/regex/Matcher;ILjava/lang/CharSequence;)Z @ 32
Event: 186.200 Thread 0x00007f713c00c800 Uncommon trap: reason=unstable_if action=reinterpret pc=0x00007f712d5a47a4 method=java.util.regex.Pattern$Branch.match(Ljava/util/regex/Matcher;ILjava/lang/CharSequence;)Z @ 35
Event: 186.272 Thread 0x00007f713c00c800 Uncommon trap: reason=unstable_if action=reinterpret pc=0x00007f712d2942c4 method=java.util.regex.Pattern$Slice.match(Ljava/util/regex/Matcher;ILjava/lang/CharSequence;)Z @ 29
Event: 186.312 Thread 0x00007f713c00c800 Uncommon trap: reason=unstable_if action=reinterpret pc=0x00007f712d222cac method=java.util.regex.Pattern$SliceI.match(Ljava/util/regex/Matcher;ILjava/lang/CharSequence;)Z @ 18
Event: 186.503 Thread 0x00007f713c087000 Uncommon trap: reason=unstable_if action=reinterpret pc=0x00007f712d69f908 method=java.lang.ref.Finalizer.remove()V @ 10
Event: 186.503 Thread 0x00007f713c087000 Uncommon trap: reason=unstable_if action=reinterpret pc=0x00007f712d602718 method=java.lang.ref.Finalizer.remove()V @ 10
Event: 186.512 Thread 0x00007f713c00c800 Uncommon trap: reason=unstable_if action=reinterpret pc=0x00007f712d5307bc method=java.lang.String.contains(Ljava/lang/CharSequence;)Z @ 11

Classes redefined (0 events):
No events

Internal exceptions (10 events):
Event: 3.048 Thread 0x00007f713c00c800 Exception <a 'java/security/PrivilegedActionException'> (0x00000000d91bf7d0) thrown at [/HUDSON/workspace/8-2-build-linux-amd64/jdk8u211/12973/hotspot/src/share/vm/prims/jvm.cpp, line 1502]
Event: 3.048 Thread 0x00007f713c00c800 Exception <a 'java/security/PrivilegedActionException'> (0x00000000d91c0658) thrown at [/HUDSON/workspace/8-2-build-linux-amd64/jdk8u211/12973/hotspot/src/share/vm/prims/jvm.cpp, line 1502]
Event: 3.048 Thread 0x00007f713c00c800 Exception <a 'java/security/PrivilegedActionException'> (0x00000000d91c0a50) thrown at [/HUDSON/workspace/8-2-build-linux-amd64/jdk8u211/12973/hotspot/src/share/vm/prims/jvm.cpp, line 1502]
Event: 3.048 Thread 0x00007f713c00c800 Exception <a 'java/security/PrivilegedActionException'> (0x00000000d91c1900) thrown at [/HUDSON/workspace/8-2-build-linux-amd64/jdk8u211/12973/hotspot/src/share/vm/prims/jvm.cpp, line 1502]
Event: 3.048 Thread 0x00007f713c00c800 Exception <a 'java/security/PrivilegedActionException'> (0x00000000d91c1cf8) thrown at [/HUDSON/workspace/8-2-build-linux-amd64/jdk8u211/12973/hotspot/src/share/vm/prims/jvm.cpp, line 1502]
Event: 3.391 Thread 0x00007f713c00c800 Implicit null exception at 0x00007f712d1e4cfb to 0x00007f712d1e4ded
Event: 32.933 Thread 0x00007f713c00c800 Implicit null exception at 0x00007f712d4c231d to 0x00007f712d4c23cd
Event: 32.941 Thread 0x00007f713c00c800 Implicit null exception at 0x00007f712d4cd524 to 0x00007f712d4ce185
Event: 37.338 Thread 0x00007f713c00c800 Implicit null exception at 0x00007f712d4d92ca to 0x00007f712d4d938d
Event: 46.115 Thread 0x00007f713c087000 Implicit null exception at 0x00007f712d5217a0 to 0x00007f712d521ef9

Events (10 events):
Event: 186.503 Executing VM operation: RevokeBias done
Event: 186.512 Thread 0x00007f713c00c800 Uncommon trap: trap_request=0xffffff65 fr.pc=0x00007f712d5307bc
Event: 186.512 Thread 0x00007f713c00c800 DEOPT PACKING pc=0x00007f712d5307bc sp=0x00007f7145e16820
Event: 186.512 Thread 0x00007f713c00c800 DEOPT UNPACKING pc=0x00007f712d04573a sp=0x00007f7145e167a8 mode 2
Event: 186.808 Executing VM operation: ParallelGCFailedAllocation
Event: 186.881 Executing VM operation: ParallelGCFailedAllocation done
Event: 187.007 Thread 0x00007f713c0be000 flushing nmethod 0x00007f712d257f50
Event: 187.160 Executing VM operation: ParallelGCFailedAllocation
Event: 187.228 Executing VM operation: ParallelGCFailedAllocation done
Event: 187.508 Executing VM operation: ParallelGCFailedAllocation


Dynamic libraries:
00400000-00401000 r-xp 00000000 08:01 29492542                           /opt/jdk/jdk1.8.0_211/bin/java
00600000-00601000 r--p 00000000 08:01 29492542                           /opt/jdk/jdk1.8.0_211/bin/java
00601000-00602000 rw-p 00001000 08:01 29492542                           /opt/jdk/jdk1.8.0_211/bin/java
01e8b000-01eac000 rw-p 00000000 00:00 0                                  [heap]
85800000-bde00000 rw-p 00000000 00:00 0 
bde00000-d7300000 ---p 00000000 00:00 0 
d7300000-100000000 rw-p 00000000 00:00 0 
100000000-100140000 rw-p 00000000 00:00 0 
100140000-140000000 ---p 00000000 00:00 0 
7f7054000000-7f70555cb000 rw-p 00000000 00:00 0 
7f70555cb000-7f7058000000 ---p 00000000 00:00 0 
7f705c000000-7f705ffff000 rw-p 00000000 00:00 0 
7f705ffff000-7f7060000000 ---p 00000000 00:00 0 
7f7060000000-7f7063fff000 rw-p 00000000 00:00 0 
7f7063fff000-7f7064000000 ---p 00000000 00:00 0 
7f7064000000-7f7067fff000 rw-p 00000000 00:00 0 
7f7067fff000-7f7068000000 ---p 00000000 00:00 0 
7f7068000000-7f706bfff000 rw-p 00000000 00:00 0 
7f706bfff000-7f706c000000 ---p 00000000 00:00 0 
7f706c000000-7f7073ffe000 rw-p 00000000 00:00 0 
7f7073ffe000-7f7074000000 ---p 00000000 00:00 0 
7f7074000000-7f7077fff000 rw-p 00000000 00:00 0 
7f7077fff000-7f7078000000 ---p 00000000 00:00 0 
7f7078000000-7f707bfff000 rw-p 00000000 00:00 0 
7f707bfff000-7f707c000000 ---p 00000000 00:00 0 
7f707c000000-7f7084000000 rw-p 00000000 00:00 0 
7f7084000000-7f708bfff000 rw-p 00000000 00:00 0 
7f708bfff000-7f708c000000 ---p 00000000 00:00 0 
7f708c000000-7f7093fff000 rw-p 00000000 00:00 0 
7f7093fff000-7f7094000000 ---p 00000000 00:00 0 
7f7094000000-7f709bffe000 rw-p 00000000 00:00 0 
7f709bffe000-7f709c000000 ---p 00000000 00:00 0 
7f709c000000-7f709ffff000 rw-p 00000000 00:00 0 
7f709ffff000-7f70a0000000 ---p 00000000 00:00 0 
7f70a0000000-7f70a4000000 rw-p 00000000 00:00 0 
7f70a4000000-7f70a7fff000 rw-p 00000000 00:00 0 
7f70a7fff000-7f70a8000000 ---p 00000000 00:00 0 
7f70a8000000-7f70ac000000 rw-p 00000000 00:00 0 
7f70ac000000-7f70b4000000 rw-p 00000000 00:00 0 
7f70b4000000-7f70b7fff000 rw-p 00000000 00:00 0 
7f70b7fff000-7f70b8000000 ---p 00000000 00:00 0 
7f70b8000000-7f70bbffe000 rw-p 00000000 00:00 0 
7f70bbffe000-7f70bc000000 ---p 00000000 00:00 0 
7f70bc000000-7f70c4000000 rw-p 00000000 00:00 0 
7f70c4000000-7f70c7fff000 rw-p 00000000 00:00 0 
7f70c7fff000-7f70c8000000 ---p 00000000 00:00 0 
7f70c8000000-7f70cc000000 rw-p 00000000 00:00 0 
7f70cc000000-7f70cfffe000 rw-p 00000000 00:00 0 
7f70cfffe000-7f70d0000000 ---p 00000000 00:00 0 
7f70d0000000-7f70d4000000 rw-p 00000000 00:00 0 
7f70d4000000-7f70dc000000 rw-p 00000000 00:00 0 
7f70dc000000-7f70e4000000 rw-p 00000000 00:00 0 
7f70e4000000-7f70ec000000 rw-p 00000000 00:00 0 
7f70ec000000-7f70efffe000 rw-p 00000000 00:00 0 
7f70efffe000-7f70f0000000 ---p 00000000 00:00 0 
7f70f0000000-7f70f0021000 rw-p 00000000 00:00 0 
7f70f0021000-7f70f4000000 ---p 00000000 00:00 0 
7f70f46bf000-7f70f47ff000 rw-p 00000000 00:00 0 
7f70f47ff000-7f70f48bf000 ---p 00000000 00:00 0 
7f70f48bf000-7f70f49a4000 r-xp 00000000 08:01 19923090                   /tmp/sqlite-3.21.0-74d52837-f85d-4757-a8f3-b1d8945a6260-libsqlitejdbc.so
7f70f49a4000-7f70f4ba3000 ---p 000e5000 08:01 19923090                   /tmp/sqlite-3.21.0-74d52837-f85d-4757-a8f3-b1d8945a6260-libsqlitejdbc.so
7f70f4ba3000-7f70f4ba8000 rw-p 000e4000 08:01 19923090                   /tmp/sqlite-3.21.0-74d52837-f85d-4757-a8f3-b1d8945a6260-libsqlitejdbc.so
7f70f4ba8000-7f70f4ba9000 rw-p 00000000 00:00 0 
7f70f4ba9000-7f70f4bc0000 r-xp 00000000 08:01 19270809                   /lib/x86_64-linux-gnu/libgcc_s.so.1
7f70f4bc0000-7f70f4dbf000 ---p 00017000 08:01 19270809                   /lib/x86_64-linux-gnu/libgcc_s.so.1
7f70f4dbf000-7f70f4dc0000 r--p 00016000 08:01 19270809                   /lib/x86_64-linux-gnu/libgcc_s.so.1
7f70f4dc0000-7f70f4dc1000 rw-p 00017000 08:01 19270809                   /lib/x86_64-linux-gnu/libgcc_s.so.1
7f70f4dc1000-7f70f4df9000 r-xp 00000000 08:01 29492859                   /opt/jdk/jdk1.8.0_211/jre/lib/amd64/libsunec.so
7f70f4df9000-7f70f4ff8000 ---p 00038000 08:01 29492859                   /opt/jdk/jdk1.8.0_211/jre/lib/amd64/libsunec.so
7f70f4ff8000-7f70f4ffd000 r--p 00037000 08:01 29492859                   /opt/jdk/jdk1.8.0_211/jre/lib/amd64/libsunec.so
7f70f4ffd000-7f70f4fff000 rw-p 0003c000 08:01 29492859                   /opt/jdk/jdk1.8.0_211/jre/lib/amd64/libsunec.so
7f70f4fff000-7f70f8000000 rw-p 00000000 00:00 0 
7f70f8000000-7f70f834b000 rw-p 00000000 00:00 0 
7f70f834b000-7f70fc000000 ---p 00000000 00:00 0 
7f70fc000000-7f70fc021000 rw-p 00000000 00:00 0 
7f70fc021000-7f7100000000 ---p 00000000 00:00 0 
7f7100000000-7f7101ae5000 rw-p 00000000 00:00 0 
7f7101ae5000-7f7104000000 ---p 00000000 00:00 0 
7f7104000000-7f710518f000 rw-p 00000000 00:00 0 
7f710518f000-7f7108000000 ---p 00000000 00:00 0 
7f7108000000-7f7108021000 rw-p 00000000 00:00 0 
7f7108021000-7f710c000000 ---p 00000000 00:00 0 
7f710c000000-7f710c021000 rw-p 00000000 00:00 0 
7f710c021000-7f7110000000 ---p 00000000 00:00 0 
7f7110000000-7f7110021000 rw-p 00000000 00:00 0 
7f7110021000-7f7114000000 ---p 00000000 00:00 0 
7f7114000000-7f7114021000 rw-p 00000000 00:00 0 
7f7114021000-7f7118000000 ---p 00000000 00:00 0 
7f7118000000-7f71183fa000 rw-p 00000000 00:00 0 
7f71183fa000-7f711c000000 ---p 00000000 00:00 0 
7f711c000000-7f711c2ac000 rw-p 00000000 00:00 0 
7f711c2ac000-7f7120000000 ---p 00000000 00:00 0 
7f7120000000-7f712043f000 rw-p 00000000 00:00 0 
7f712043f000-7f7124000000 ---p 00000000 00:00 0 
7f71240a9000-7f71240bf000 r-xp 00000000 08:01 29492852                   /opt/jdk/jdk1.8.0_211/jre/lib/amd64/libnet.so
7f71240bf000-7f71242be000 ---p 00016000 08:01 29492852                   /opt/jdk/jdk1.8.0_211/jre/lib/amd64/libnet.so
7f71242be000-7f71242bf000 r--p 00015000 08:01 29492852                   /opt/jdk/jdk1.8.0_211/jre/lib/amd64/libnet.so
7f71242bf000-7f71242c0000 rw-p 00016000 08:01 29492852                   /opt/jdk/jdk1.8.0_211/jre/lib/amd64/libnet.so
7f71242c0000-7f7128000000 rw-p 00000000 00:00 0 
7f7128000000-7f712881e000 rw-p 00000000 00:00 0 
7f712881e000-7f712c000000 ---p 00000000 00:00 0 
7f712c144000-7f712c160000 r--s 00393000 08:01 29492804                   /opt/jdk/jdk1.8.0_211/jre/lib/ext/cldrdata.jar
7f712c160000-7f712c16a000 r--s 00116000 08:01 29492796                   /opt/jdk/jdk1.8.0_211/jre/lib/ext/localedata.jar
7f712c16a000-7f712c16d000 r--s 00024000 08:01 23858238                   /home/chinmay/eclipse-workspace/MexicoDataProcess/jars/fuzzywuzzy/fuzzywuzzy-1.1.9-javadoc.jar
7f712c16d000-7f712c16f000 r--s 00003000 08:01 23858231                   /home/chinmay/eclipse-workspace/MexicoDataProcess/jars/fuzzywuzzy/fuzzywuzzy-1.1.9-sources.jar
7f712c16f000-7f712c174000 r--s 0002c000 08:01 23858242                   /home/chinmay/eclipse-workspace/MexicoDataProcess/jars/commons-text-1.6.jar
7f712c174000-7f712c17a000 r--s 0003f000 08:01 23858246                   /home/chinmay/eclipse-workspace/MexicoDataProcess/jars/jsoup-1.6.0.jar
7f712c17a000-7f712c17e000 r--s 0002f000 08:01 23858247                   /home/chinmay/eclipse-workspace/MexicoDataProcess/jars/com.fasterxml.jackson.core.jar
7f712c17e000-7f712c191000 r--s 000fc000 08:01 23858229                   /home/chinmay/eclipse-workspace/MexicoDataProcess/jars/jackson-all-1.9.0.jar
7f712c191000-7f712c196000 r--s 00048000 08:01 23858227                   /home/chinmay/eclipse-workspace/MexicoDataProcess/jars/dnsjava-2.1.8.jar
7f712c196000-7f712c1ab000 r--s 0024a000 08:01 24248427                   /home/chinmay/eclipse-workspace/MexicoDataProcess/jars/pdfBox/pdfbox-2.0.8.jar
7f712c1ab000-7f712c1b1000 r--s 00165000 08:01 24248426                   /home/chinmay/eclipse-workspace/MexicoDataProcess/jars/pdfBox/fontbox-2.0.8.jar
7f712c1b1000-7f712c1b4000 r--s 00009000 08:01 23858241                   /home/chinmay/eclipse-workspace/MexicoDataProcess/jars/signpost-core-1.2.1.2.jar
7f712c1b4000-7f712c1c5000 r-xp 00000000 08:01 29492912                   /opt/jdk/jdk1.8.0_211/jre/lib/amd64/libnio.so
7f712c1c5000-7f712c3c4000 ---p 00011000 08:01 29492912                   /opt/jdk/jdk1.8.0_211/jre/lib/amd64/libnio.so
7f712c3c4000-7f712c3c5000 r--p 00010000 08:01 29492912                   /opt/jdk/jdk1.8.0_211/jre/lib/amd64/libnio.so
7f712c3c5000-7f712c3c6000 rw-p 00011000 08:01 29492912                   /opt/jdk/jdk1.8.0_211/jre/lib/amd64/libnio.so
7f712c3c6000-7f712c3c8000 r--s 00009000 08:01 29492797                   /opt/jdk/jdk1.8.0_211/jre/lib/ext/sunec.jar
7f712c3c8000-7f712c3cc000 r--s 0003b000 08:01 29492805                   /opt/jdk/jdk1.8.0_211/jre/lib/ext/sunpkcs11.jar
7f712c3cc000-7f712c3cf000 r--s 0001a000 08:01 29492691                   /opt/jdk/jdk1.8.0_211/jre/lib/jce.jar
7f712c3cf000-7f712c3d4000 r--s 000a3000 08:01 29492810                   /opt/jdk/jdk1.8.0_211/jre/lib/jsse.jar
7f712c3d4000-7f712c51a000 r--s 01421000 08:01 23858243                   /home/chinmay/eclipse-workspace/MexicoDataProcess/jars/selenium-server-standalone-3.5.3.jar
7f712c51a000-7f712c51b000 ---p 00000000 00:00 0 
7f712c51b000-7f712c61b000 rw-p 00000000 00:00 0 
7f712c61b000-7f712c61e000 ---p 00000000 00:00 0 
7f712c61e000-7f712c71c000 rw-p 00000000 00:00 0 
7f712c71c000-7f712c71d000 ---p 00000000 00:00 0 
7f712c71d000-7f712c720000 ---p 00000000 00:00 0 
7f712c720000-7f712c81d000 rw-p 00000000 00:00 0 
7f712c81d000-7f712c81e000 ---p 00000000 00:00 0 
7f712c81e000-7f712c821000 ---p 00000000 00:00 0 
7f712c821000-7f712c91e000 rw-p 00000000 00:00 0 
7f712c91e000-7f712c91f000 ---p 00000000 00:00 0 
7f712c91f000-7f712c922000 ---p 00000000 00:00 0 
7f712c922000-7f712ca1f000 rw-p 00000000 00:00 0 
7f712ca1f000-7f712ca22000 ---p 00000000 00:00 0 
7f712ca22000-7f712cb20000 rw-p 00000000 00:00 0 
7f712cb20000-7f712cdfe000 r--p 00000000 08:01 15335669                   /usr/lib/locale/locale-archive
7f712cdfe000-7f712ce01000 ---p 00000000 00:00 0 
7f712ce01000-7f712ceff000 rw-p 00000000 00:00 0 
7f712ceff000-7f712cf02000 ---p 00000000 00:00 0 
7f712cf02000-7f712d000000 rw-p 00000000 00:00 0 
7f712d000000-7f712d720000 rwxp 00000000 00:00 0 
7f712d720000-7f713c000000 ---p 00000000 00:00 0 
7f713c000000-7f7140000000 rw-p 00000000 00:00 0 
7f7140000000-7f7140035000 rw-p 00000000 00:00 0 
7f7140035000-7f714003e000 r--s 0006f000 08:01 23858256                   /home/chinmay/eclipse-workspace/MexicoDataProcess/jars/log4j-1.2.17.jar
7f714003e000-7f7140046000 r--s 00048000 08:01 23858228                   /home/chinmay/eclipse-workspace/MexicoDataProcess/jars/httpcore-4.4.6.jar
7f7140046000-7f7140053000 r--s 000aa000 08:01 23858253                   /home/chinmay/eclipse-workspace/MexicoDataProcess/jars/httpclient-4.5.3.jar
7f7140053000-7f7140055000 r--s 00007000 08:01 23858237                   /home/chinmay/eclipse-workspace/MexicoDataProcess/jars/fuzzywuzzy/fuzzywuzzy-1.1.9.jar
7f7140055000-7f7140059000 r--s 0002a000 08:01 24248414                   /home/chinmay/eclipse-workspace/MexicoDataProcess/jars/validator/commons-validator-1.6.jar
7f7140059000-7f714005b000 r--s 0000d000 08:01 23858250                   /home/chinmay/eclipse-workspace/MexicoDataProcess/jars/SuperCSV-1.52.jar
7f714005b000-7f7140060000 r--s 00659000 08:01 23858245                   /home/chinmay/eclipse-workspace/MexicoDataProcess/jars/sqlite-jdbc-3.21.0.jar
7f7140060000-7f7140063000 r--s 00017000 08:01 23858254                   /home/chinmay/eclipse-workspace/MexicoDataProcess/jars/opencsv-4.0.jar
7f7140063000-7f714006b000 r--s 00098000 08:01 23858226                   /home/chinmay/eclipse-workspace/MexicoDataProcess/jars/javax.mail-1.6.1.jar
7f714006b000-7f7140070000 r--s 0002a000 08:01 23858225                   /home/chinmay/eclipse-workspace/MexicoDataProcess/jars/gson-2.2.2.jar
7f7140070000-7f7140072000 r--s 0000e000 08:01 23858249                   /home/chinmay/eclipse-workspace/MexicoDataProcess/jars/commons-logging-1.2.jar
7f7140072000-7f714007a000 r--s 00072000 08:01 23858244                   /home/chinmay/eclipse-workspace/MexicoDataProcess/jars/commons-lang3-3.7.jar
7f714007a000-7f714007e000 r--s 0002f000 08:01 23858239                   /home/chinmay/eclipse-workspace/MexicoDataProcess/jars/commons-io-2.5.jar
7f714007e000-7f714008c000 r--s 0007f000 08:01 23858255                   /home/chinmay/eclipse-workspace/MexicoDataProcess/jars/commons-collections-3.2.1.jar
7f714008c000-7f7140093000 r--s 0004b000 08:01 23858248                   /home/chinmay/eclipse-workspace/MexicoDataProcess/jars/commons-codec-1.11.jar
7f7140093000-7f7140094000 ---p 00000000 00:00 0 
7f7140094000-7f7141176000 rw-p 00000000 00:00 0 
7f7141176000-7f7141350000 r--s 03d6d000 08:01 29492601                   /opt/jdk/jdk1.8.0_211/jre/lib/rt.jar
7f7141350000-7f7141f9a000 rw-p 00000000 00:00 0 
7f7141f9a000-7f7141f9b000 ---p 00000000 00:00 0 
7f7141f9b000-7f714209b000 rw-p 00000000 00:00 0 
7f714209b000-7f714209c000 ---p 00000000 00:00 0 
7f714209c000-7f714219c000 rw-p 00000000 00:00 0 
7f714219c000-7f714219d000 ---p 00000000 00:00 0 
7f714219d000-7f714229d000 rw-p 00000000 00:00 0 
7f714229d000-7f714229e000 ---p 00000000 00:00 0 
7f714229e000-7f7142561000 rw-p 00000000 00:00 0 
7f7142561000-7f714262c000 ---p 00000000 00:00 0 
7f714262c000-7f71427ef000 rw-p 00000000 00:00 0 
7f71427ef000-7f71428b9000 ---p 00000000 00:00 0 
7f71428b9000-7f7142a00000 rw-p 00000000 00:00 0 
7f7142a00000-7f7142a1e000 rw-p 00000000 00:00 0 
7f7142a1e000-7f7142dc1000 ---p 00000000 00:00 0 
7f7142dc1000-7f7142ddc000 r-xp 00000000 08:01 29492875                   /opt/jdk/jdk1.8.0_211/jre/lib/amd64/libzip.so
7f7142ddc000-7f7142fdb000 ---p 0001b000 08:01 29492875                   /opt/jdk/jdk1.8.0_211/jre/lib/amd64/libzip.so
7f7142fdb000-7f7142fdc000 r--p 0001a000 08:01 29492875                   /opt/jdk/jdk1.8.0_211/jre/lib/amd64/libzip.so
7f7142fdc000-7f7142fdd000 rw-p 0001b000 08:01 29492875                   /opt/jdk/jdk1.8.0_211/jre/lib/amd64/libzip.so
7f7142fdd000-7f7142fe8000 r-xp 00000000 08:01 19268294                   /lib/x86_64-linux-gnu/libnss_files-2.27.so
7f7142fe8000-7f71431e7000 ---p 0000b000 08:01 19268294                   /lib/x86_64-linux-gnu/libnss_files-2.27.so
7f71431e7000-7f71431e8000 r--p 0000a000 08:01 19268294                   /lib/x86_64-linux-gnu/libnss_files-2.27.so
7f71431e8000-7f71431e9000 rw-p 0000b000 08:01 19268294                   /lib/x86_64-linux-gnu/libnss_files-2.27.so
7f71431e9000-7f71431ef000 rw-p 00000000 00:00 0 
7f71431ef000-7f7143206000 r-xp 00000000 08:01 19268291                   /lib/x86_64-linux-gnu/libnsl-2.27.so
7f7143206000-7f7143405000 ---p 00017000 08:01 19268291                   /lib/x86_64-linux-gnu/libnsl-2.27.so
7f7143405000-7f7143406000 r--p 00016000 08:01 19268291                   /lib/x86_64-linux-gnu/libnsl-2.27.so
7f7143406000-7f7143407000 rw-p 00017000 08:01 19268291                   /lib/x86_64-linux-gnu/libnsl-2.27.so
7f7143407000-7f7143409000 rw-p 00000000 00:00 0 
7f7143409000-7f7143414000 r-xp 00000000 08:01 19268296                   /lib/x86_64-linux-gnu/libnss_nis-2.27.so
7f7143414000-7f7143613000 ---p 0000b000 08:01 19268296                   /lib/x86_64-linux-gnu/libnss_nis-2.27.so
7f7143613000-7f7143614000 r--p 0000a000 08:01 19268296                   /lib/x86_64-linux-gnu/libnss_nis-2.27.so
7f7143614000-7f7143615000 rw-p 0000b000 08:01 19268296                   /lib/x86_64-linux-gnu/libnss_nis-2.27.so
7f7143615000-7f714361d000 r-xp 00000000 08:01 19268292                   /lib/x86_64-linux-gnu/libnss_compat-2.27.so
7f714361d000-7f714381d000 ---p 00008000 08:01 19268292                   /lib/x86_64-linux-gnu/libnss_compat-2.27.so
7f714381d000-7f714381e000 r--p 00008000 08:01 19268292                   /lib/x86_64-linux-gnu/libnss_compat-2.27.so
7f714381e000-7f714381f000 rw-p 00009000 08:01 19268292                   /lib/x86_64-linux-gnu/libnss_compat-2.27.so
7f714381f000-7f714384b000 r-xp 00000000 08:01 29492866                   /opt/jdk/jdk1.8.0_211/jre/lib/amd64/libjava.so
7f714384b000-7f7143a4b000 ---p 0002c000 08:01 29492866                   /opt/jdk/jdk1.8.0_211/jre/lib/amd64/libjava.so
7f7143a4b000-7f7143a4c000 r--p 0002c000 08:01 29492866                   /opt/jdk/jdk1.8.0_211/jre/lib/amd64/libjava.so
7f7143a4c000-7f7143a4e000 rw-p 0002d000 08:01 29492866                   /opt/jdk/jdk1.8.0_211/jre/lib/amd64/libjava.so
7f7143a4e000-7f7143a5b000 r-xp 00000000 08:01 29492857                   /opt/jdk/jdk1.8.0_211/jre/lib/amd64/libverify.so
7f7143a5b000-7f7143c5a000 ---p 0000d000 08:01 29492857                   /opt/jdk/jdk1.8.0_211/jre/lib/amd64/libverify.so
7f7143c5a000-7f7143c5c000 r--p 0000c000 08:01 29492857                   /opt/jdk/jdk1.8.0_211/jre/lib/amd64/libverify.so
7f7143c5c000-7f7143c5d000 rw-p 0000e000 08:01 29492857                   /opt/jdk/jdk1.8.0_211/jre/lib/amd64/libverify.so
7f7143c5d000-7f7143c64000 r-xp 00000000 08:01 19268301                   /lib/x86_64-linux-gnu/librt-2.27.so
7f7143c64000-7f7143e63000 ---p 00007000 08:01 19268301                   /lib/x86_64-linux-gnu/librt-2.27.so
7f7143e63000-7f7143e64000 r--p 00006000 08:01 19268301                   /lib/x86_64-linux-gnu/librt-2.27.so
7f7143e64000-7f7143e65000 rw-p 00007000 08:01 19268301                   /lib/x86_64-linux-gnu/librt-2.27.so
7f7143e65000-7f7144002000 r-xp 00000000 08:01 19268288                   /lib/x86_64-linux-gnu/libm-2.27.so
7f7144002000-7f7144201000 ---p 0019d000 08:01 19268288                   /lib/x86_64-linux-gnu/libm-2.27.so
7f7144201000-7f7144202000 r--p 0019c000 08:01 19268288                   /lib/x86_64-linux-gnu/libm-2.27.so
7f7144202000-7f7144203000 rw-p 0019d000 08:01 19268288                   /lib/x86_64-linux-gnu/libm-2.27.so
7f7144203000-7f7144eeb000 r-xp 00000000 08:01 29492873                   /opt/jdk/jdk1.8.0_211/jre/lib/amd64/server/libjvm.so
7f7144eeb000-7f71450ea000 ---p 00ce8000 08:01 29492873                   /opt/jdk/jdk1.8.0_211/jre/lib/amd64/server/libjvm.so
7f71450ea000-7f7145180000 r--p 00ce7000 08:01 29492873                   /opt/jdk/jdk1.8.0_211/jre/lib/amd64/server/libjvm.so
7f7145180000-7f71451b1000 rw-p 00d7d000 08:01 29492873                   /opt/jdk/jdk1.8.0_211/jre/lib/amd64/server/libjvm.so
7f71451b1000-7f71451ec000 rw-p 00000000 00:00 0 
7f71451ec000-7f71453d3000 r-xp 00000000 08:01 19268284                   /lib/x86_64-linux-gnu/libc-2.27.so
7f71453d3000-7f71455d3000 ---p 001e7000 08:01 19268284                   /lib/x86_64-linux-gnu/libc-2.27.so
7f71455d3000-7f71455d7000 r--p 001e7000 08:01 19268284                   /lib/x86_64-linux-gnu/libc-2.27.so
7f71455d7000-7f71455d9000 rw-p 001eb000 08:01 19268284                   /lib/x86_64-linux-gnu/libc-2.27.so
7f71455d9000-7f71455dd000 rw-p 00000000 00:00 0 
7f71455dd000-7f71455e0000 r-xp 00000000 08:01 19268287                   /lib/x86_64-linux-gnu/libdl-2.27.so
7f71455e0000-7f71457df000 ---p 00003000 08:01 19268287                   /lib/x86_64-linux-gnu/libdl-2.27.so
7f71457df000-7f71457e0000 r--p 00002000 08:01 19268287                   /lib/x86_64-linux-gnu/libdl-2.27.so
7f71457e0000-7f71457e1000 rw-p 00003000 08:01 19268287                   /lib/x86_64-linux-gnu/libdl-2.27.so
7f71457e1000-7f71457f8000 r-xp 00000000 08:01 29491852                   /opt/jdk/jdk1.8.0_211/lib/amd64/jli/libjli.so
7f71457f8000-7f71459f7000 ---p 00017000 08:01 29491852                   /opt/jdk/jdk1.8.0_211/lib/amd64/jli/libjli.so
7f71459f7000-7f71459f8000 r--p 00016000 08:01 29491852                   /opt/jdk/jdk1.8.0_211/lib/amd64/jli/libjli.so
7f71459f8000-7f71459f9000 rw-p 00017000 08:01 29491852                   /opt/jdk/jdk1.8.0_211/lib/amd64/jli/libjli.so
7f71459f9000-7f7145a13000 r-xp 00000000 08:01 19268299                   /lib/x86_64-linux-gnu/libpthread-2.27.so
7f7145a13000-7f7145c12000 ---p 0001a000 08:01 19268299                   /lib/x86_64-linux-gnu/libpthread-2.27.so
7f7145c12000-7f7145c13000 r--p 00019000 08:01 19268299                   /lib/x86_64-linux-gnu/libpthread-2.27.so
7f7145c13000-7f7145c14000 rw-p 0001a000 08:01 19268299                   /lib/x86_64-linux-gnu/libpthread-2.27.so
7f7145c14000-7f7145c18000 rw-p 00000000 00:00 0 
7f7145c18000-7f7145c41000 r-xp 00000000 08:01 19268280                   /lib/x86_64-linux-gnu/ld-2.27.so
7f7145c41000-7f7145c42000 r--s 00005000 08:01 23858252                   /home/chinmay/eclipse-workspace/MexicoDataProcess/jars/json-simple-1.1.1.jar
7f7145c42000-7f7145c47000 r--s 00084000 08:01 29492788                   /opt/jdk/jdk1.8.0_211/jre/lib/jfr.jar
7f7145c47000-7f7145c4c000 r--s 002f9000 08:01 29492600                   /opt/jdk/jdk1.8.0_211/jre/lib/charsets.jar
7f7145c4c000-7f7145d17000 rw-p 00000000 00:00 0 
7f7145d17000-7f7145d18000 ---p 00000000 00:00 0 
7f7145d18000-7f7145d1b000 ---p 00000000 00:00 0 
7f7145d1b000-7f7145e1c000 rw-p 00000000 00:00 0 
7f7145e1c000-7f7145e1f000 r--s 0001a000 08:01 29492691                   /opt/jdk/jdk1.8.0_211/jre/lib/jce.jar
7f7145e1f000-7f7145e24000 r--s 000a3000 08:01 29492810                   /opt/jdk/jdk1.8.0_211/jre/lib/jsse.jar
7f7145e24000-7f7145e37000 r--s 00345000 08:01 29492723                   /opt/jdk/jdk1.8.0_211/jre/lib/resources.jar
7f7145e37000-7f7145e3f000 rw-s 00000000 08:01 19922972                   /tmp/hsperfdata_chinmay/13763
7f7145e3f000-7f7145e40000 rw-p 00000000 00:00 0 
7f7145e40000-7f7145e41000 ---p 00000000 00:00 0 
7f7145e41000-7f7145e42000 r--p 00029000 08:01 19268280                   /lib/x86_64-linux-gnu/ld-2.27.so
7f7145e42000-7f7145e43000 rw-p 0002a000 08:01 19268280                   /lib/x86_64-linux-gnu/ld-2.27.so
7f7145e43000-7f7145e44000 rw-p 00000000 00:00 0 
7ffd98790000-7ffd987b2000 rw-p 00000000 00:00 0                          [stack]
7ffd987dc000-7ffd987df000 r--p 00000000 00:00 0                          [vvar]
7ffd987df000-7ffd987e0000 r-xp 00000000 00:00 0                          [vdso]
ffffffffff600000-ffffffffff601000 --xp 00000000 00:00 0                  [vsyscall]

VM Arguments:
jvm_args: -Dfile.encoding=UTF-8 
java_command: com.tequila.database.corrector.CorrectorAllFields
java_class_path (initial): /opt/jdk/jdk1.8.0_211/jre/lib/resources.jar:/opt/jdk/jdk1.8.0_211/jre/lib/rt.jar:/opt/jdk/jdk1.8.0_211/jre/lib/jsse.jar:/opt/jdk/jdk1.8.0_211/jre/lib/jce.jar:/opt/jdk/jdk1.8.0_211/jre/lib/charsets.jar:/opt/jdk/jdk1.8.0_211/jre/lib/jfr.jar:/opt/jdk/jdk1.8.0_211/jre/lib/ext/nashorn.jar:/opt/jdk/jdk1.8.0_211/jre/lib/ext/zipfs.jar:/opt/jdk/jdk1.8.0_211/jre/lib/ext/sunpkcs11.jar:/opt/jdk/jdk1.8.0_211/jre/lib/ext/localedata.jar:/opt/jdk/jdk1.8.0_211/jre/lib/ext/jfxrt.jar:/opt/jdk/jdk1.8.0_211/jre/lib/ext/cldrdata.jar:/opt/jdk/jdk1.8.0_211/jre/lib/ext/sunjce_provider.jar:/opt/jdk/jdk1.8.0_211/jre/lib/ext/dnsns.jar:/opt/jdk/jdk1.8.0_211/jre/lib/ext/sunec.jar:/opt/jdk/jdk1.8.0_211/jre/lib/ext/jaccess.jar:/home/chinmay/eclipse-workspace/MexicoDataProcess/bin:/home/chinmay/eclipse-workspace/MexicoDataProcess/jars/commons-codec-1.11.jar:/home/chinmay/eclipse-workspace/MexicoDataProcess/jars/commons-collections-3.2.1.jar:/home/chinmay/eclipse-workspace/MexicoDataProcess/jars/commons-io-2.5.jar:/home/chinmay/eclipse-workspace/MexicoDataProcess/jars/commons-lang3-3.7.jar:/home/chinmay/eclipse-workspace/MexicoDataProcess/jars/commons-logging-1.2.jar:/home/chinmay/eclipse-workspace/MexicoDataProcess/jars/gson-2.2.2.jar:/home/chinmay/eclipse-workspace/MexicoDataProcess/jars/javax.mail-1.6.1.jar:/home/chinmay/eclipse-workspace/MexicoDataProcess/jars/json-simple-1.1.1.jar:/home/chinmay/eclipse-workspace/MexicoDataProcess/jars/opencsv-4.0.jar:/home/chinmay/eclipse-workspace/MexicoDataProcess/jars/sqlite-jdbc-3.21.0.jar:/home/chinmay/eclipse-workspace/MexicoDataProcess/jars/SuperCSV-1.52.jar:/home/chinmay/eclipse-workspace/MexicoDataProcess/jars/validator/commons-validator-1.6.jar:/home/chinmay/eclipse-workspace/MexicoDataProcess/jars/fuzzywuzzy/fuzzywuzzy-1.1.9.jar:/home/chinmay/eclipse-workspace/MexicoDataProcess/jars/httpclient-4.5.3.jar:/home/chinmay/eclipse-workspace/MexicoDataProcess/jars/httpcore-4.4.6.jar:/home/chinmay/eclipse-workspace/MexicoDataProc
Launcher Type: SUN_STANDARD

Environment Variables:
PATH=/home/chinmay/bin:/usr/local/sbin:/usr/local/bin:/usr/sbin:/usr/bin:/sbin:/bin:/usr/games:/usr/local/games:/snap/bin
USERNAME=chinmay
SHELL=/bin/bash
DISPLAY=:0

Signal Handlers:
SIGSEGV: [libjvm.so+0xad3d90], sa_mask[0]=11111111011111111101111111111110, sa_flags=SA_RESTART|SA_SIGINFO
SIGBUS: [libjvm.so+0xad3d90], sa_mask[0]=11111111011111111101111111111110, sa_flags=SA_RESTART|SA_SIGINFO
SIGFPE: [libjvm.so+0x90b8b0], sa_mask[0]=11111111011111111101111111111110, sa_flags=SA_RESTART|SA_SIGINFO
SIGPIPE: [libjvm.so+0x90b8b0], sa_mask[0]=11111111011111111101111111111110, sa_flags=SA_RESTART|SA_SIGINFO
SIGXFSZ: [libjvm.so+0x90b8b0], sa_mask[0]=11111111011111111101111111111110, sa_flags=SA_RESTART|SA_SIGINFO
SIGILL: [libjvm.so+0x90b8b0], sa_mask[0]=11111111011111111101111111111110, sa_flags=SA_RESTART|SA_SIGINFO
SIGUSR1: SIG_DFL, sa_mask[0]=00000000000000000000000000000000, sa_flags=none
SIGUSR2: [libjvm.so+0x90b780], sa_mask[0]=00100000000000000000000000000000, sa_flags=SA_RESTART|SA_SIGINFO
SIGHUP: [libjvm.so+0x90bda0], sa_mask[0]=11111111011111111101111111111110, sa_flags=SA_RESTART|SA_SIGINFO
SIGINT: [libjvm.so+0x90bda0], sa_mask[0]=11111111011111111101111111111110, sa_flags=SA_RESTART|SA_SIGINFO
SIGTERM: [libjvm.so+0x90bda0], sa_mask[0]=11111111011111111101111111111110, sa_flags=SA_RESTART|SA_SIGINFO
SIGQUIT: [libjvm.so+0x90bda0], sa_mask[0]=11111111011111111101111111111110, sa_flags=SA_RESTART|SA_SIGINFO


---------------  S Y S T E M  ---------------

OS:DISTRIB_ID=Ubuntu
DISTRIB_RELEASE=18.04
DISTRIB_CODENAME=bionic
DISTRIB_DESCRIPTION="Ubuntu 18.04.5 LTS"

uname:Linux 5.4.0-81-generic #91~18.04.1-Ubuntu SMP Fri Jul 23 13:36:29 UTC 2021 x86_64
libc:glibc 2.27 NPTL 2.27 
rlimit: STACK 8192k, CORE 0k, NPROC 31048, NOFILE 1048576, AS infinity
load average:2.72 2.37 2.20

/proc/meminfo:
MemTotal:        8022228 kB
MemFree:          120916 kB
MemAvailable:     541424 kB
Buffers:           61128 kB
Cached:           818936 kB
SwapCached:        17072 kB
Active:          6254168 kB
Inactive:        1221020 kB
Active(anon):    5980368 kB
Inactive(anon):   902800 kB
Active(file):     273800 kB
Inactive(file):   318220 kB
Unevictable:       17596 kB
Mlocked:             648 kB
SwapTotal:       2097148 kB
SwapFree:         813868 kB
Dirty:               488 kB
Writeback:             0 kB
AnonPages:       6598480 kB
Mapped:           284420 kB
Shmem:            288088 kB
KReclaimable:      95748 kB
Slab:             253036 kB
SReclaimable:      95748 kB
SUnreclaim:       157288 kB
KernelStack:       18256 kB
PageTables:        86832 kB
NFS_Unstable:          0 kB
Bounce:                0 kB
WritebackTmp:          0 kB
CommitLimit:     6108260 kB
Committed_AS:   13989576 kB
VmallocTotal:   34359738367 kB
VmallocUsed:       33476 kB
VmallocChunk:          0 kB
Percpu:             3488 kB
HardwareCorrupted:     0 kB
AnonHugePages:         0 kB
ShmemHugePages:        0 kB
ShmemPmdMapped:        0 kB
FileHugePages:         0 kB
FilePmdMapped:         0 kB
CmaTotal:              0 kB
CmaFree:               0 kB
HugePages_Total:       0
HugePages_Free:        0
HugePages_Rsvd:        0
HugePages_Surp:        0
Hugepagesize:       2048 kB
Hugetlb:               0 kB
DirectMap4k:      434604 kB
DirectMap2M:     7823360 kB
DirectMap1G:     1048576 kB

container (cgroup) information:
container_type: cgroupv1
cpu_cpuset_cpus: 0-3
cpu_memory_nodes: 0
active_processor_count: 4
cpu_quota: -1
cpu_period: 100000
cpu_shares: -1
memory_limit_in_bytes: -1
memory_and_swap_limit_in_bytes: -2
memory_soft_limit_in_bytes: -1
memory_usage_in_bytes: 7666937856
memory_max_usage_in_bytes: 7722434560


CPU:total 4 (initial active 4) (2 cores per cpu, 2 threads per core) family 6 model 60 stepping 3, cmov, cx8, fxsr, mmx, sse, sse2, sse3, ssse3, sse4.1, sse4.2, popcnt, avx, avx2, aes, clmul, erms, lzcnt, ht, tsc, tscinvbit, bmi1, bmi2

/proc/cpuinfo:
processor	: 0
vendor_id	: GenuineIntel
cpu family	: 6
model		: 60
model name	: Intel(R) Core(TM) i3-4160 CPU @ 3.60GHz
stepping	: 3
microcode	: 0x28
cpu MHz		: 3591.535
cache size	: 3072 KB
physical id	: 0
siblings	: 4
core id		: 0
cpu cores	: 2
apicid		: 0
initial apicid	: 0
fpu		: yes
fpu_exception	: yes
cpuid level	: 13
wp		: yes
flags		: fpu vme de pse tsc msr pae mce cx8 apic sep mtrr pge mca cmov pat pse36 clflush dts acpi mmx fxsr sse sse2 ss ht tm pbe syscall nx pdpe1gb rdtscp lm constant_tsc arch_perfmon pebs bts rep_good nopl xtopology nonstop_tsc cpuid aperfmperf pni pclmulqdq dtes64 monitor ds_cpl vmx est tm2 ssse3 sdbg fma cx16 xtpr pdcm pcid sse4_1 sse4_2 movbe popcnt tsc_deadline_timer aes xsave avx f16c rdrand lahf_lm abm cpuid_fault epb invpcid_single pti ssbd ibrs ibpb stibp tpr_shadow vnmi flexpriority ept vpid ept_ad fsgsbase tsc_adjust bmi1 avx2 smep bmi2 erms invpcid xsaveopt dtherm arat pln pts md_clear flush_l1d
bugs		: cpu_meltdown spectre_v1 spectre_v2 spec_store_bypass l1tf mds swapgs itlb_multihit srbds
bogomips	: 7183.06
clflush size	: 64
cache_alignment	: 64
address sizes	: 39 bits physical, 48 bits virtual
power management:

processor	: 1
vendor_id	: GenuineIntel
cpu family	: 6
model		: 60
model name	: Intel(R) Core(TM) i3-4160 CPU @ 3.60GHz
stepping	: 3
microcode	: 0x28
cpu MHz		: 3591.532
cache size	: 3072 KB
physical id	: 0
siblings	: 4
core id		: 1
cpu cores	: 2
apicid		: 2
initial apicid	: 2
fpu		: yes
fpu_exception	: yes
cpuid level	: 13
wp		: yes
flags		: fpu vme de pse tsc msr pae mce cx8 apic sep mtrr pge mca cmov pat pse36 clflush dts acpi mmx fxsr sse sse2 ss ht tm pbe syscall nx pdpe1gb rdtscp lm constant_tsc arch_perfmon pebs bts rep_good nopl xtopology nonstop_tsc cpuid aperfmperf pni pclmulqdq dtes64 monitor ds_cpl vmx est tm2 ssse3 sdbg fma cx16 xtpr pdcm pcid sse4_1 sse4_2 movbe popcnt tsc_deadline_timer aes xsave avx f16c rdrand lahf_lm abm cpuid_fault epb invpcid_single pti ssbd ibrs ibpb stibp tpr_shadow vnmi flexpriority ept vpid ept_ad fsgsbase tsc_adjust bmi1 avx2 smep bmi2 erms invpcid xsaveopt dtherm arat pln pts md_clear flush_l1d
bugs		: cpu_meltdown spectre_v1 spectre_v2 spec_store_bypass l1tf mds swapgs itlb_multihit srbds
bogomips	: 7183.06
clflush size	: 64
cache_alignment	: 64
address sizes	: 39 bits physical, 48 bits virtual
power management:

processor	: 2
vendor_id	: GenuineIntel
cpu family	: 6
model		: 60
model name	: Intel(R) Core(TM) i3-4160 CPU @ 3.60GHz
stepping	: 3
microcode	: 0x28
cpu MHz		: 3591.534
cache size	: 3072 KB
physical id	: 0
siblings	: 4
core id		: 0
cpu cores	: 2
apicid		: 1
initial apicid	: 1
fpu		: yes
fpu_exception	: yes
cpuid level	: 13
wp		: yes
flags		: fpu vme de pse tsc msr pae mce cx8 apic sep mtrr pge mca cmov pat pse36 clflush dts acpi mmx fxsr sse sse2 ss ht tm pbe syscall nx pdpe1gb rdtscp lm constant_tsc arch_perfmon pebs bts rep_good nopl xtopology nonstop_tsc cpuid aperfmperf pni pclmulqdq dtes64 monitor ds_cpl vmx est tm2 ssse3 sdbg fma cx16 xtpr pdcm pcid sse4_1 sse4_2 movbe popcnt tsc_deadline_timer aes xsave avx f16c rdrand lahf_lm abm cpuid_fault epb invpcid_single pti ssbd ibrs ibpb stibp tpr_shadow vnmi flexpriority ept vpid ept_ad fsgsbase tsc_adjust bmi1 avx2 smep bmi2 erms invpcid xsaveopt dtherm arat pln pts md_clear flush_l1d
bugs		: cpu_meltdown spectre_v1 spectre_v2 spec_store_bypass l1tf mds swapgs itlb_multihit srbds
bogomips	: 7183.06
clflush size	: 64
cache_alignment	: 64
address sizes	: 39 bits physical, 48 bits virtual
power management:

processor	: 3
vendor_id	: GenuineIntel
cpu family	: 6
model		: 60
model name	: Intel(R) Core(TM) i3-4160 CPU @ 3.60GHz
stepping	: 3
microcode	: 0x28
cpu MHz		: 3591.513
cache size	: 3072 KB
physical id	: 0
siblings	: 4
core id		: 1
cpu cores	: 2
apicid		: 3
initial apicid	: 3
fpu		: yes
fpu_exception	: yes
cpuid level	: 13
wp		: yes
flags		: fpu vme de pse tsc msr pae mce cx8 apic sep mtrr pge mca cmov pat pse36 clflush dts acpi mmx fxsr sse sse2 ss ht tm pbe syscall nx pdpe1gb rdtscp lm constant_tsc arch_perfmon pebs bts rep_good nopl xtopology nonstop_tsc cpuid aperfmperf pni pclmulqdq dtes64 monitor ds_cpl vmx est tm2 ssse3 sdbg fma cx16 xtpr pdcm pcid sse4_1 sse4_2 movbe popcnt tsc_deadline_timer aes xsave avx f16c rdrand lahf_lm abm cpuid_fault epb invpcid_single pti ssbd ibrs ibpb stibp tpr_shadow vnmi flexpriority ept vpid ept_ad fsgsbase tsc_adjust bmi1 avx2 smep bmi2 erms invpcid xsaveopt dtherm arat pln pts md_clear flush_l1d
bugs		: cpu_meltdown spectre_v1 spectre_v2 spec_store_bypass l1tf mds swapgs itlb_multihit srbds
bogomips	: 7183.06
clflush size	: 64
cache_alignment	: 64
address sizes	: 39 bits physical, 48 bits virtual
power management:



Memory: 4k page, physical 8022228k(120916k free), swap 2097148k(813868k free)

vm_info: Java HotSpot(TM) 64-Bit Server VM (25.211-b12) for linux-amd64 JRE (1.8.0_211-b12), built on Apr  1 2019 20:39:34 by "java_re" with gcc 7.3.0

time: Fri Sep  3 15:59:34 2021
timezone: IST
elapsed time: 187 seconds (0d 0h 3m 7s)

