#
# A fatal error has been detected by the Java Runtime Environment:
#
#  SIGSEGV (0xb) at pc=0x00007ff76b15a702, pid=32417, tid=0x00007ff76876b700
#
# JRE version: Java(TM) SE Runtime Environment (8.0_211-b12) (build 1.8.0_211-b12)
# Java VM: Java HotSpot(TM) 64-Bit Server VM (25.211-b12 mixed mode linux-amd64 compressed oops)
# Problematic frame:
# V  [libjvm.so+0x987702]  oopDesc* PSPromotionManager::copy_to_survivor_space<false>(oopDesc*)+0x3b2
#
# Failed to write core dump. Core dumps have been disabled. To enable core dumping, try "ulimit -c unlimited" before starting Java again
#
# If you would like to submit a bug report, please visit:
#   http://bugreport.java.com/bugreport/crash.jsp
#

---------------  T H R E A D  ---------------

Current thread (0x00007ff764026000):  GCTaskThread [stack: 0x00007ff76866c000,0x00007ff76876c000] [id=32425]

siginfo: si_signo: 11 (SIGSEGV), si_code: 1 (SEGV_MAPERR), si_addr: 0x0000000003380378

Registers:
RAX=0x0000000003380370, RBX=0x00000000d8a621a0, RCX=0x0000000000000003, RDX=0x0000000000000001
RSP=0x00007ff76876ac40, RBP=0x00007ff76876acd0, RSI=0x00000000d8a621a0, RDI=0x00007ff764077f00
R8 =0x0069007400610045, R9 =0x00000000e4771095, R10=0x00007ff76b76bda0, R11=0x00000000e4770b20
R12=0x00007ff764077f00, R13=0x0000000000000001, R14=0x00007ff764077f68, R15=0x00007ff76b76bdb0
RIP=0x00007ff76b15a702, EFLAGS=0x0000000000010202, CSGSFS=0x002b000000000033, ERR=0x0000000000000004
  TRAPNO=0x000000000000000e

Top of Stack: (sp=0x00007ff76876ac40)
0x00007ff76876ac40:   00007ff76876acd0 00007ff76b159371
0x00007ff76876ac50:   00007ff76b6c9e30 00000000d741cc70
0x00007ff76876ac60:   00007ff764077f00 0000000000000001
0x00007ff76876ac70:   00007ff764077f00 00000000000181ff
0x00007ff76876ac80:   0000000000000000 00007ff76b7903e9
0x00007ff76876ac90:   00007ff76876ad20 00007ff76b159371
0x00007ff76876aca0:   00007ff76ac2eff0 00007ff764077f00
0x00007ff76876acb0:   00000000e4770ab4 0000000000000001
0x00007ff76876acc0:   00007ff764077f68 00007ff76b76bdb0
0x00007ff76876acd0:   00007ff76876ad20 00007ff76b159f98
0x00007ff76876ace0:   000020e300000991 000020e400000991
0x00007ff76876acf0:   00007ff7640bb001 00007ff764078490
0x00007ff76876ad00:   0000000000000002 00007ff76876ad5c
0x00007ff76876ad10:   0000000000000000 0000000000000003
0x00007ff76876ad20:   00007ff76876ada0 00007ff76b15e57e
0x00007ff76876ad30:   00007ff764077f00 00007ff7240e6cd0
0x00007ff76876ad40:   00007ff764077f00 0000000000000008
0x00007ff76876ad50:   00007ff764021cc0 65fbb0d964021cc0
0x00007ff76876ad60:   00001bdb000014db 00001bdb000014dc
0x00007ff76876ad70:   00007ff76876ada0 0000000000000001
0x00007ff76876ad80:   00007ff7240e6cd0 00007ff764026000
0x00007ff76876ad90:   0000000000000000 00007ff76b790188
0x00007ff76876ada0:   00007ff76876aeb0 00007ff76ad96816
0x00007ff76876adb0:   00000000000003d8 00007ff764026250
0x00007ff76876adc0:   00007ff764026678 00007ff7640262a0
0x00007ff76876add0:   00007ff76876ae40 00007ff764026290
0x00007ff76876ade0:   00007ff76876adf8 00007ff76b33bf63
0x00007ff76876adf0:   0000000000000000 0000000000000000
0x00007ff76876ae00:   00007ff764026000 00007ff764026680
0x00007ff76876ae10:   00007ff7640266c0 00007ff7640266d0
0x00007ff76876ae20:   00007ff7640267a8 00000000000000d8
0x00007ff76876ae30:   00007ff7640268e0 0000000000000001 

Instructions: (pc=0x00007ff76b15a702)
0x00007ff76b15a6e2:   ff ff 0f 1f 40 00 4c 8d 15 b1 16 61 00 8b 46 08
0x00007ff76b15a6f2:   48 89 f3 49 89 fc 41 8b 4a 08 48 d3 e0 49 03 02
0x00007ff76b15a702:   8b 48 08 83 f9 00 0f 8f 92 fd ff ff 0f 84 0c fe
0x00007ff76b15a712:   ff ff 80 fa 01 48 8d 15 ce 95 5f 00 48 19 c0 83 

Register to memory mapping:

RAX=0x0000000003380370 is an unknown value
RBX=0x00000000d8a621a0 is an oop

[error occurred during error reporting (printing register info), id 0xb]

Stack: [0x00007ff76866c000,0x00007ff76876c000],  sp=0x00007ff76876ac40,  free space=1019k
Native frames: (J=compiled Java code, j=interpreted, Vv=VM code, C=native code)
V  [libjvm.so+0x987702]  oopDesc* PSPromotionManager::copy_to_survivor_space<false>(oopDesc*)+0x3b2
V  [libjvm.so+0x986f98]  PSPromotionManager::drain_stacks_depth(bool)+0x788
V  [libjvm.so+0x98b57e]  StealTask::do_it(GCTaskManager*, unsigned int)+0x4ce
V  [libjvm.so+0x5c3816]  GCTaskThread::run()+0x1b6
V  [libjvm.so+0x90d952]  java_start(Thread*)+0x102


---------------  P R O C E S S  ---------------

Java Threads: ( => current thread )
  0x00007ff7640e5000 JavaThread "Service Thread" daemon [_thread_blocked, id=32434, stack(0x00007ff746e13000,0x00007ff746f14000)]
  0x00007ff7640c0000 JavaThread "C1 CompilerThread2" daemon [_thread_blocked, id=32433, stack(0x00007ff746f15000,0x00007ff747015000)]
  0x00007ff7640be000 JavaThread "C2 CompilerThread1" daemon [_thread_blocked, id=32432, stack(0x00007ff747016000,0x00007ff747116000)]
  0x00007ff7640bb000 JavaThread "C2 CompilerThread0" daemon [_thread_blocked, id=32431, stack(0x00007ff747117000,0x00007ff747217000)]
  0x00007ff7640b9800 JavaThread "Signal Dispatcher" daemon [_thread_blocked, id=32430, stack(0x00007ff747217000,0x00007ff747318000)]
  0x00007ff764087000 JavaThread "Finalizer" daemon [_thread_blocked, id=32429, stack(0x00007ff7475f6000,0x00007ff7476f7000)]
  0x00007ff764084800 JavaThread "Reference Handler" daemon [_thread_blocked, id=32428, stack(0x00007ff7476f7000,0x00007ff7477f8000)]
  0x00007ff76400c800 JavaThread "main" [_thread_blocked, id=32418, stack(0x00007ff76c2e8000,0x00007ff76c3e8000)]

Other Threads:
  0x00007ff76407a800 VMThread [stack: 0x00007ff7477f9000,0x00007ff7478f9000] [id=32427]
  0x00007ff7640e7800 WatcherThread [stack: 0x00007ff746d13000,0x00007ff746e13000] [id=32435]

=>0x00007ff764026000 (exited) GCTaskThread [stack: 0x00007ff76866c000,0x00007ff76876c000] [id=32425]

VM state:at safepoint (normal execution)

VM Mutex/Monitor currently owned by a thread:  ([mutex/lock_event])
[0x00007ff764009000] Threads_lock - owner thread: 0x00007ff76407a800
[0x00007ff764009500] Heap_lock - owner thread: 0x00007ff76400c800

heap address: 0x0000000085800000, size: 1960 MB, Compressed Oops mode: 32-bit
Narrow klass base: 0x0000000000000000, Narrow klass shift: 3
Compressed class space size: 1073741824 Address: 0x0000000100000000

Heap:
 PSYoungGen      total 114688K, used 109568K [0x00000000d7300000, 0x00000000e6f00000, 0x0000000100000000)
  eden space 109568K, 100% used [0x00000000d7300000,0x00000000dde00000,0x00000000dde00000)
  from space 5120K, 0% used [0x00000000def00000,0x00000000def00000,0x00000000df400000)
  to   space 74240K, 49% used [0x00000000e2680000,0x00000000e4a4c518,0x00000000e6f00000)
 ParOldGen       total 335872K, used 172107K [0x0000000085800000, 0x000000009a000000, 0x00000000d7300000)
  object space 335872K, 51% used [0x0000000085800000,0x0000000090012f20,0x000000009a000000)
 Metaspace       used 8126K, capacity 8374K, committed 8448K, reserved 1056768K
  class space    used 868K, capacity 975K, committed 1024K, reserved 1048576K

Card table byte_map: [0x00007ff768bfc000,0x00007ff768fd1000] byte_map_base: 0x00007ff7687d0000

Marking Bits: (ParMarkBitMap*) 0x00007ff76b79ed80
 Begin Bits: [0x00007ff74c2c0000, 0x00007ff74e160000)
 End Bits:   [0x00007ff74e160000, 0x00007ff750000000)

Polling page: 0x00007ff76c410000

CodeCache: size=245760Kb used=3971Kb max_used=3984Kb free=241788Kb
 bounds [0x00007ff755000000, 0x00007ff7553f0000, 0x00007ff764000000]
 total_blobs=1383 nmethods=1053 adapters=244
 compilation: enabled

Compilation events (10 events):
Event: 2.916 Thread 0x00007ff7640be000 nmethod 1051 0x00007ff7553d98d0 code [0x00007ff7553d9a40, 0x00007ff7553d9ec8]
Event: 2.916 Thread 0x00007ff7640be000 1050   !   4       java.io.PrintStream::newLine (73 bytes)
Event: 2.947 Thread 0x00007ff7640be000 nmethod 1050 0x00007ff7553de450 code [0x00007ff7553de640, 0x00007ff7553df7f0]
Event: 2.949 Thread 0x00007ff7640bb000 nmethod 1048 0x00007ff7553e3a10 code [0x00007ff7553e3ca0, 0x00007ff7553e5ba0]
Event: 3.104 Thread 0x00007ff7640c0000 1052       3       sun.nio.cs.UTF_8$Encoder::encodeArrayLoop (489 bytes)
Event: 3.104 Thread 0x00007ff7640be000 1053       4       java.nio.CharBuffer::arrayOffset (35 bytes)
Event: 3.105 Thread 0x00007ff7640be000 nmethod 1053 0x00007ff7553b9dd0 code [0x00007ff7553b9f20, 0x00007ff7553b9fb8]
Event: 3.106 Thread 0x00007ff7640c0000 nmethod 1052 0x00007ff7553e7a90 code [0x00007ff7553e8000, 0x00007ff7553eb688]
Event: 3.107 Thread 0x00007ff7640bb000 1054       4       sun.nio.cs.UTF_8$Encoder::encodeArrayLoop (489 bytes)
Event: 3.122 Thread 0x00007ff7640bb000 nmethod 1054 0x00007ff7553e04d0 code [0x00007ff7553e0680, 0x00007ff7553e0fe8]

GC Heap History (10 events):
Event: 1.065 GC heap after
Heap after GC invocations=3 (full 0):
 PSYoungGen      total 68608K, used 5113K [0x00000000d7300000, 0x00000000df900000, 0x0000000100000000)
  eden space 63488K, 0% used [0x00000000d7300000,0x00000000d7300000,0x00000000db100000)
  from space 5120K, 99% used [0x00000000db100000,0x00000000db5fe530,0x00000000db600000)
  to   space 5120K, 0% used [0x00000000df400000,0x00000000df400000,0x00000000df900000)
 ParOldGen       total 84992K, used 70145K [0x0000000085800000, 0x000000008ab00000, 0x00000000d7300000)
  object space 84992K, 82% used [0x0000000085800000,0x0000000089c80790,0x000000008ab00000)
 Metaspace       used 8061K, capacity 8310K, committed 8448K, reserved 1056768K
  class space    used 867K, capacity 975K, committed 1024K, reserved 1048576K
}
Event: 1.065 GC heap before
{Heap before GC invocations=4 (full 1):
 PSYoungGen      total 68608K, used 5113K [0x00000000d7300000, 0x00000000df900000, 0x0000000100000000)
  eden space 63488K, 0% used [0x00000000d7300000,0x00000000d7300000,0x00000000db100000)
  from space 5120K, 99% used [0x00000000db100000,0x00000000db5fe530,0x00000000db600000)
  to   space 5120K, 0% used [0x00000000df400000,0x00000000df400000,0x00000000df900000)
 ParOldGen       total 84992K, used 70145K [0x0000000085800000, 0x000000008ab00000, 0x00000000d7300000)
  object space 84992K, 82% used [0x0000000085800000,0x0000000089c80790,0x000000008ab00000)
 Metaspace       used 8061K, capacity 8310K, committed 8448K, reserved 1056768K
  class space    used 867K, capacity 975K, committed 1024K, reserved 1048576K
Event: 1.589 GC heap after
Heap after GC invocations=4 (full 1):
 PSYoungGen      total 68608K, used 0K [0x00000000d7300000, 0x00000000df900000, 0x0000000100000000)
  eden space 63488K, 0% used [0x00000000d7300000,0x00000000d7300000,0x00000000db100000)
  from space 5120K, 0% used [0x00000000db100000,0x00000000db100000,0x00000000db600000)
  to   space 5120K, 0% used [0x00000000df400000,0x00000000df400000,0x00000000df900000)
 ParOldGen       total 179200K, used 74478K [0x0000000085800000, 0x0000000090700000, 0x00000000d7300000)
  object space 179200K, 41% used [0x0000000085800000,0x000000008a0bb820,0x0000000090700000)
 Metaspace       used 8061K, capacity 8310K, committed 8448K, reserved 1056768K
  class space    used 867K, capacity 975K, committed 1024K, reserved 1048576K
}
Event: 1.675 GC heap before
{Heap before GC invocations=5 (full 1):
 PSYoungGen      total 68608K, used 63488K [0x00000000d7300000, 0x00000000df900000, 0x0000000100000000)
  eden space 63488K, 100% used [0x00000000d7300000,0x00000000db100000,0x00000000db100000)
  from space 5120K, 0% used [0x00000000db100000,0x00000000db100000,0x00000000db600000)
  to   space 5120K, 0% used [0x00000000df400000,0x00000000df400000,0x00000000df900000)
 ParOldGen       total 179200K, used 74478K [0x0000000085800000, 0x0000000090700000, 0x00000000d7300000)
  object space 179200K, 41% used [0x0000000085800000,0x000000008a0bb820,0x0000000090700000)
 Metaspace       used 8061K, capacity 8310K, committed 8448K, reserved 1056768K
  class space    used 867K, capacity 975K, committed 1024K, reserved 1048576K
Event: 1.709 GC heap after
Heap after GC invocations=5 (full 1):
 PSYoungGen      total 86016K, used 5109K [0x00000000d7300000, 0x00000000df900000, 0x0000000100000000)
  eden space 80896K, 0% used [0x00000000d7300000,0x00000000d7300000,0x00000000dc200000)
  from space 5120K, 99% used [0x00000000df400000,0x00000000df8fd7a0,0x00000000df900000)
  to   space 5120K, 0% used [0x00000000def00000,0x00000000def00000,0x00000000df400000)
 ParOldGen       total 179200K, used 112670K [0x0000000085800000, 0x0000000090700000, 0x00000000d7300000)
  object space 179200K, 62% used [0x0000000085800000,0x000000008c607820,0x0000000090700000)
 Metaspace       used 8061K, capacity 8310K, committed 8448K, reserved 1056768K
  class space    used 867K, capacity 975K, committed 1024K, reserved 1048576K
}
Event: 1.796 GC heap before
{Heap before GC invocations=6 (full 1):
 PSYoungGen      total 86016K, used 86005K [0x00000000d7300000, 0x00000000df900000, 0x0000000100000000)
  eden space 80896K, 100% used [0x00000000d7300000,0x00000000dc200000,0x00000000dc200000)
  from space 5120K, 99% used [0x00000000df400000,0x00000000df8fd7a0,0x00000000df900000)
  to   space 5120K, 0% used [0x00000000def00000,0x00000000def00000,0x00000000df400000)
 ParOldGen       total 179200K, used 112670K [0x0000000085800000, 0x0000000090700000, 0x00000000d7300000)
  object space 179200K, 62% used [0x0000000085800000,0x000000008c607820,0x0000000090700000)
 Metaspace       used 8061K, capacity 8310K, committed 8448K, reserved 1056768K
  class space    used 867K, capacity 975K, committed 1024K, reserved 1048576K
Event: 1.844 GC heap after
Heap after GC invocations=6 (full 1):
 PSYoungGen      total 114688K, used 5088K [0x00000000d7300000, 0x00000000e6f00000, 0x0000000100000000)
  eden space 109568K, 0% used [0x00000000d7300000,0x00000000d7300000,0x00000000dde00000)
  from space 5120K, 99% used [0x00000000def00000,0x00000000df3f8368,0x00000000df400000)
  to   space 74240K, 0% used [0x00000000e2680000,0x00000000e2680000,0x00000000e6f00000)
 ParOldGen       total 179200K, used 167662K [0x0000000085800000, 0x0000000090700000, 0x00000000d7300000)
  object space 179200K, 93% used [0x0000000085800000,0x000000008fbbb820,0x0000000090700000)
 Metaspace       used 8061K, capacity 8310K, committed 8448K, reserved 1056768K
  class space    used 867K, capacity 975K, committed 1024K, reserved 1048576K
}
Event: 1.844 GC heap before
{Heap before GC invocations=7 (full 2):
 PSYoungGen      total 114688K, used 5088K [0x00000000d7300000, 0x00000000e6f00000, 0x0000000100000000)
  eden space 109568K, 0% used [0x00000000d7300000,0x00000000d7300000,0x00000000dde00000)
  from space 5120K, 99% used [0x00000000def00000,0x00000000df3f8368,0x00000000df400000)
  to   space 74240K, 0% used [0x00000000e2680000,0x00000000e2680000,0x00000000e6f00000)
 ParOldGen       total 179200K, used 167662K [0x0000000085800000, 0x0000000090700000, 0x00000000d7300000)
  object space 179200K, 93% used [0x0000000085800000,0x000000008fbbb820,0x0000000090700000)
 Metaspace       used 8061K, capacity 8310K, committed 8448K, reserved 1056768K
  class space    used 867K, capacity 975K, committed 1024K, reserved 1048576K
Event: 2.557 GC heap after
Heap after GC invocations=7 (full 2):
 PSYoungGen      total 114688K, used 0K [0x00000000d7300000, 0x00000000e6f00000, 0x0000000100000000)
  eden space 109568K, 0% used [0x00000000d7300000,0x00000000d7300000,0x00000000dde00000)
  from space 5120K, 0% used [0x00000000def00000,0x00000000def00000,0x00000000df400000)
  to   space 74240K, 0% used [0x00000000e2680000,0x00000000e2680000,0x00000000e6f00000)
 ParOldGen       total 335872K, used 172107K [0x0000000085800000, 0x000000009a000000, 0x00000000d7300000)
  object space 335872K, 51% used [0x0000000085800000,0x0000000090012f20,0x000000009a000000)
 Metaspace       used 8061K, capacity 8310K, committed 8448K, reserved 1056768K
  class space    used 867K, capacity 975K, committed 1024K, reserved 1048576K
}
Event: 3.189 GC heap before
{Heap before GC invocations=8 (full 2):
 PSYoungGen      total 114688K, used 109568K [0x00000000d7300000, 0x00000000e6f00000, 0x0000000100000000)
  eden space 109568K, 100% used [0x00000000d7300000,0x00000000dde00000,0x00000000dde00000)
  from space 5120K, 0% used [0x00000000def00000,0x00000000def00000,0x00000000df400000)
  to   space 74240K, 0% used [0x00000000e2680000,0x00000000e2680000,0x00000000e6f00000)
 ParOldGen       total 335872K, used 172107K [0x0000000085800000, 0x000000009a000000, 0x00000000d7300000)
  object space 335872K, 51% used [0x0000000085800000,0x0000000090012f20,0x000000009a000000)
 Metaspace       used 8126K, capacity 8374K, committed 8448K, reserved 1056768K
  class space    used 868K, capacity 975K, committed 1024K, reserved 1048576K

Deoptimization events (10 events):
Event: 0.833 Thread 0x00007ff76400c800 Uncommon trap: reason=unstable_if action=reinterpret pc=0x00007ff755312838 method=com.opencsv.CSVParser$StringFragmentCopier.peekOutput()Ljava/lang/String; @ 4
Event: 0.880 Thread 0x00007ff76400c800 Uncommon trap: reason=unstable_if action=reinterpret pc=0x00007ff755332fa4 method=sun.nio.cs.UTF_8$Decoder.decodeArrayLoop(Ljava/nio/ByteBuffer;Ljava/nio/CharBuffer;)Ljava/nio/charset/CoderResult; @ 184
Event: 0.980 Thread 0x00007ff76400c800 Uncommon trap: reason=unstable_if action=reinterpret pc=0x00007ff7551c7f1c method=java.lang.AbstractStringBuilder.append([CII)Ljava/lang/AbstractStringBuilder; @ 1
Event: 2.642 Thread 0x00007ff76400c800 Uncommon trap: reason=unstable_if action=reinterpret pc=0x00007ff755342b7c method=com.opencsv.CSVReader.isClosed()Z @ 34
Event: 2.642 Thread 0x00007ff76400c800 Uncommon trap: reason=unstable_if action=reinterpret pc=0x00007ff75535ce94 method=com.opencsv.CSVReader.readAll()Ljava/util/List; @ 21
Event: 2.644 Thread 0x00007ff76400c800 Uncommon trap: reason=unstable_if action=reinterpret pc=0x00007ff7552ea324 method=java.util.regex.Pattern$BmpCharProperty.match(Ljava/util/regex/Matcher;ILjava/lang/CharSequence;)Z @ 34
Event: 2.650 Thread 0x00007ff76400c800 Uncommon trap: reason=unstable_if action=reinterpret pc=0x00007ff755243110 method=java.util.regex.Pattern$Ctype.isSatisfiedBy(I)Z @ 4
Event: 2.654 Thread 0x00007ff76400c800 Uncommon trap: reason=unstable_if action=reinterpret pc=0x00007ff75523fd50 method=java.util.regex.Pattern$Ctype.isSatisfiedBy(I)Z @ 4
Event: 2.828 Thread 0x00007ff76400c800 Uncommon trap: reason=unstable_if action=reinterpret pc=0x00007ff7553cadac method=java.io.BufferedWriter.flushBuffer()V @ 15
Event: 3.103 Thread 0x00007ff76400c800 Uncommon trap: reason=unstable_if action=reinterpret pc=0x00007ff755399eb0 method=sun.nio.cs.UTF_8$Encoder.encodeArrayLoop(Ljava/nio/CharBuffer;Ljava/nio/ByteBuffer;)Ljava/nio/charset/CoderResult; @ 166

Classes redefined (0 events):
No events

Internal exceptions (8 events):
Event: 0.038 Thread 0x00007ff76400c800 Exception <a 'java/lang/NoSuchMethodError': Method sun.misc.Unsafe.defineClass(Ljava/lang/String;[BII)Ljava/lang/Class; name or signature does not match> (0x00000000d7307cb0) thrown at [/HUDSON/workspace/8-2-build-linux-amd64/jdk8u211/12973/hotspot/src/sh
Event: 0.038 Thread 0x00007ff76400c800 Exception <a 'java/lang/NoSuchMethodError': Method sun.misc.Unsafe.prefetchRead(Ljava/lang/Object;J)V name or signature does not match> (0x00000000d7307f98) thrown at [/HUDSON/workspace/8-2-build-linux-amd64/jdk8u211/12973/hotspot/src/share/vm/prims/jni.c
Event: 0.232 Thread 0x00007ff76400c800 Exception <a 'java/lang/NoSuchFieldError': method resolution failed> (0x00000000d75e4168) thrown at [/HUDSON/workspace/8-2-build-linux-amd64/jdk8u211/12973/hotspot/src/share/vm/prims/methodHandles.cpp, line 1167]
Event: 0.234 Thread 0x00007ff76400c800 Exception <a 'java/lang/NoSuchFieldError': method resolution failed> (0x00000000d75f1568) thrown at [/HUDSON/workspace/8-2-build-linux-amd64/jdk8u211/12973/hotspot/src/share/vm/prims/methodHandles.cpp, line 1167]
Event: 0.331 Thread 0x00007ff76400c800 Exception <a 'java/security/PrivilegedActionException'> (0x00000000d78e0168) thrown at [/HUDSON/workspace/8-2-build-linux-amd64/jdk8u211/12973/hotspot/src/share/vm/prims/jvm.cpp, line 1502]
Event: 0.331 Thread 0x00007ff76400c800 Exception <a 'java/security/PrivilegedActionException'> (0x00000000d78e0560) thrown at [/HUDSON/workspace/8-2-build-linux-amd64/jdk8u211/12973/hotspot/src/share/vm/prims/jvm.cpp, line 1502]
Event: 0.331 Thread 0x00007ff76400c800 Exception <a 'java/security/PrivilegedActionException'> (0x00000000d78e2b98) thrown at [/HUDSON/workspace/8-2-build-linux-amd64/jdk8u211/12973/hotspot/src/share/vm/prims/jvm.cpp, line 1502]
Event: 0.331 Thread 0x00007ff76400c800 Exception <a 'java/security/PrivilegedActionException'> (0x00000000d78e2f90) thrown at [/HUDSON/workspace/8-2-build-linux-amd64/jdk8u211/12973/hotspot/src/share/vm/prims/jvm.cpp, line 1502]

Events (10 events):
Event: 2.654 Thread 0x00007ff76400c800 DEOPT UNPACKING pc=0x00007ff75504573a sp=0x00007ff76c3e6470 mode 2
Event: 2.790 loading class java/util/regex/Pattern$1
Event: 2.790 loading class java/util/regex/Pattern$1 done
Event: 2.828 Thread 0x00007ff76400c800 Uncommon trap: trap_request=0xffffff65 fr.pc=0x00007ff7553cadac
Event: 2.828 Thread 0x00007ff76400c800 DEOPT PACKING pc=0x00007ff7553cadac sp=0x00007ff76c3e67b0
Event: 2.828 Thread 0x00007ff76400c800 DEOPT UNPACKING pc=0x00007ff75504573a sp=0x00007ff76c3e6770 mode 2
Event: 3.103 Thread 0x00007ff76400c800 Uncommon trap: trap_request=0xffffff65 fr.pc=0x00007ff755399eb0
Event: 3.103 Thread 0x00007ff76400c800 DEOPT PACKING pc=0x00007ff755399eb0 sp=0x00007ff76c3e67b0
Event: 3.103 Thread 0x00007ff76400c800 DEOPT UNPACKING pc=0x00007ff75504573a sp=0x00007ff76c3e6740 mode 2
Event: 3.189 Executing VM operation: ParallelGCFailedAllocation


Dynamic libraries:
00400000-00401000 r-xp 00000000 08:01 29492542                           /opt/jdk/jdk1.8.0_211/bin/java
00600000-00601000 r--p 00000000 08:01 29492542                           /opt/jdk/jdk1.8.0_211/bin/java
00601000-00602000 rw-p 00001000 08:01 29492542                           /opt/jdk/jdk1.8.0_211/bin/java
01bd7000-01bf8000 rw-p 00000000 00:00 0                                  [heap]
85800000-9a000000 rw-p 00000000 00:00 0 
9a000000-d7300000 ---p 00000000 00:00 0 
d7300000-e6f00000 rw-p 00000000 00:00 0 
e6f00000-100000000 ---p 00000000 00:00 0 
100000000-100100000 rw-p 00000000 00:00 0 
100100000-140000000 ---p 00000000 00:00 0 
7ff714fff000-7ff718000000 rw-p 00000000 00:00 0 
7ff718000000-7ff718021000 rw-p 00000000 00:00 0 
7ff718021000-7ff71c000000 ---p 00000000 00:00 0 
7ff71c000000-7ff71c021000 rw-p 00000000 00:00 0 
7ff71c021000-7ff720000000 ---p 00000000 00:00 0 
7ff720000000-7ff7202c7000 rw-p 00000000 00:00 0 
7ff7202c7000-7ff724000000 ---p 00000000 00:00 0 
7ff724000000-7ff7242cd000 rw-p 00000000 00:00 0 
7ff7242cd000-7ff728000000 ---p 00000000 00:00 0 
7ff728000000-7ff728021000 rw-p 00000000 00:00 0 
7ff728021000-7ff72c000000 ---p 00000000 00:00 0 
7ff72c000000-7ff72c28a000 rw-p 00000000 00:00 0 
7ff72c28a000-7ff730000000 ---p 00000000 00:00 0 
7ff730000000-7ff730021000 rw-p 00000000 00:00 0 
7ff730021000-7ff734000000 ---p 00000000 00:00 0 
7ff734000000-7ff734021000 rw-p 00000000 00:00 0 
7ff734021000-7ff738000000 ---p 00000000 00:00 0 
7ff738000000-7ff738021000 rw-p 00000000 00:00 0 
7ff738021000-7ff73c000000 ---p 00000000 00:00 0 
7ff73c000000-7ff73c021000 rw-p 00000000 00:00 0 
7ff73c021000-7ff740000000 ---p 00000000 00:00 0 
7ff740000000-7ff740021000 rw-p 00000000 00:00 0 
7ff740021000-7ff744000000 ---p 00000000 00:00 0 
7ff7460b8000-7ff74634d000 rw-p 00000000 00:00 0 
7ff74634d000-7ff746364000 r-xp 00000000 08:01 19270809                   /lib/x86_64-linux-gnu/libgcc_s.so.1
7ff746364000-7ff746563000 ---p 00017000 08:01 19270809                   /lib/x86_64-linux-gnu/libgcc_s.so.1
7ff746563000-7ff746564000 r--p 00016000 08:01 19270809                   /lib/x86_64-linux-gnu/libgcc_s.so.1
7ff746564000-7ff746565000 rw-p 00017000 08:01 19270809                   /lib/x86_64-linux-gnu/libgcc_s.so.1
7ff746565000-7ff74659d000 r-xp 00000000 08:01 29492859                   /opt/jdk/jdk1.8.0_211/jre/lib/amd64/libsunec.so
7ff74659d000-7ff74679c000 ---p 00038000 08:01 29492859                   /opt/jdk/jdk1.8.0_211/jre/lib/amd64/libsunec.so
7ff74679c000-7ff7467a1000 r--p 00037000 08:01 29492859                   /opt/jdk/jdk1.8.0_211/jre/lib/amd64/libsunec.so
7ff7467a1000-7ff7467a3000 rw-p 0003c000 08:01 29492859                   /opt/jdk/jdk1.8.0_211/jre/lib/amd64/libsunec.so
7ff7467a3000-7ff7467b9000 r-xp 00000000 08:01 29492852                   /opt/jdk/jdk1.8.0_211/jre/lib/amd64/libnet.so
7ff7467b9000-7ff7469b8000 ---p 00016000 08:01 29492852                   /opt/jdk/jdk1.8.0_211/jre/lib/amd64/libnet.so
7ff7469b8000-7ff7469b9000 r--p 00015000 08:01 29492852                   /opt/jdk/jdk1.8.0_211/jre/lib/amd64/libnet.so
7ff7469b9000-7ff7469ba000 rw-p 00016000 08:01 29492852                   /opt/jdk/jdk1.8.0_211/jre/lib/amd64/libnet.so
7ff7469ba000-7ff7469cb000 r-xp 00000000 08:01 29492912                   /opt/jdk/jdk1.8.0_211/jre/lib/amd64/libnio.so
7ff7469cb000-7ff746bca000 ---p 00011000 08:01 29492912                   /opt/jdk/jdk1.8.0_211/jre/lib/amd64/libnio.so
7ff746bca000-7ff746bcb000 r--p 00010000 08:01 29492912                   /opt/jdk/jdk1.8.0_211/jre/lib/amd64/libnio.so
7ff746bcb000-7ff746bcc000 rw-p 00011000 08:01 29492912                   /opt/jdk/jdk1.8.0_211/jre/lib/amd64/libnio.so
7ff746bcc000-7ff746d12000 r--s 01421000 08:01 23858243                   /home/chinmay/eclipse-workspace/MexicoDataProcess/jars/selenium-server-standalone-3.5.3.jar
7ff746d12000-7ff746d13000 ---p 00000000 00:00 0 
7ff746d13000-7ff746e13000 rw-p 00000000 00:00 0 
7ff746e13000-7ff746e16000 ---p 00000000 00:00 0 
7ff746e16000-7ff746f14000 rw-p 00000000 00:00 0 
7ff746f14000-7ff746f15000 ---p 00000000 00:00 0 
7ff746f15000-7ff746f18000 ---p 00000000 00:00 0 
7ff746f18000-7ff747015000 rw-p 00000000 00:00 0 
7ff747015000-7ff747016000 ---p 00000000 00:00 0 
7ff747016000-7ff747019000 ---p 00000000 00:00 0 
7ff747019000-7ff747116000 rw-p 00000000 00:00 0 
7ff747116000-7ff747117000 ---p 00000000 00:00 0 
7ff747117000-7ff74711a000 ---p 00000000 00:00 0 
7ff74711a000-7ff747217000 rw-p 00000000 00:00 0 
7ff747217000-7ff74721a000 ---p 00000000 00:00 0 
7ff74721a000-7ff747318000 rw-p 00000000 00:00 0 
7ff747318000-7ff7475f6000 r--p 00000000 08:01 15335669                   /usr/lib/locale/locale-archive
7ff7475f6000-7ff7475f9000 ---p 00000000 00:00 0 
7ff7475f9000-7ff7476f7000 rw-p 00000000 00:00 0 
7ff7476f7000-7ff7476fa000 ---p 00000000 00:00 0 
7ff7476fa000-7ff7477f8000 rw-p 00000000 00:00 0 
7ff7477f8000-7ff7477f9000 ---p 00000000 00:00 0 
7ff7477f9000-7ff748000000 rw-p 00000000 00:00 0 
7ff748000000-7ff748021000 rw-p 00000000 00:00 0 
7ff748021000-7ff74c000000 ---p 00000000 00:00 0 
7ff74c089000-7ff750000000 rw-p 00000000 00:00 0 
7ff750000000-7ff750021000 rw-p 00000000 00:00 0 
7ff750021000-7ff754000000 ---p 00000000 00:00 0 
7ff754001000-7ff754003000 r--s 00009000 08:01 29492797                   /opt/jdk/jdk1.8.0_211/jre/lib/ext/sunec.jar
7ff754003000-7ff754007000 r--s 0003b000 08:01 29492805                   /opt/jdk/jdk1.8.0_211/jre/lib/ext/sunpkcs11.jar
7ff754007000-7ff75400a000 r--s 0001a000 08:01 29492691                   /opt/jdk/jdk1.8.0_211/jre/lib/jce.jar
7ff75400a000-7ff75400f000 r--s 000a3000 08:01 29492810                   /opt/jdk/jdk1.8.0_211/jre/lib/jsse.jar
7ff75400f000-7ff754018000 r--s 0006f000 08:01 23858256                   /home/chinmay/eclipse-workspace/MexicoDataProcess/jars/log4j-1.2.17.jar
7ff754018000-7ff754020000 r--s 00048000 08:01 23858228                   /home/chinmay/eclipse-workspace/MexicoDataProcess/jars/httpcore-4.4.6.jar
7ff754020000-7ff754626000 rw-p 00000000 00:00 0 
7ff754626000-7ff754800000 r--s 03d6d000 08:01 29492601                   /opt/jdk/jdk1.8.0_211/jre/lib/rt.jar
7ff754800000-7ff754f40000 rw-p 00000000 00:00 0 
7ff754f40000-7ff755000000 ---p 00000000 00:00 0 
7ff755000000-7ff7553f0000 rwxp 00000000 00:00 0 
7ff7553f0000-7ff764000000 ---p 00000000 00:00 0 
7ff764000000-7ff76437b000 rw-p 00000000 00:00 0 
7ff76437b000-7ff768000000 ---p 00000000 00:00 0 
7ff768000000-7ff76800d000 r--s 000aa000 08:01 23858253                   /home/chinmay/eclipse-workspace/MexicoDataProcess/jars/httpclient-4.5.3.jar
7ff76800d000-7ff76800f000 r--s 00007000 08:01 23858237                   /home/chinmay/eclipse-workspace/MexicoDataProcess/jars/fuzzywuzzy/fuzzywuzzy-1.1.9.jar
7ff76800f000-7ff768013000 r--s 0002a000 08:01 24248414                   /home/chinmay/eclipse-workspace/MexicoDataProcess/jars/validator/commons-validator-1.6.jar
7ff768013000-7ff768015000 r--s 0000d000 08:01 23858250                   /home/chinmay/eclipse-workspace/MexicoDataProcess/jars/SuperCSV-1.52.jar
7ff768015000-7ff76801a000 r--s 00659000 08:01 23858245                   /home/chinmay/eclipse-workspace/MexicoDataProcess/jars/sqlite-jdbc-3.21.0.jar
7ff76801a000-7ff76801d000 r--s 00017000 08:01 23858254                   /home/chinmay/eclipse-workspace/MexicoDataProcess/jars/opencsv-4.0.jar
7ff76801d000-7ff768025000 r--s 00098000 08:01 23858226                   /home/chinmay/eclipse-workspace/MexicoDataProcess/jars/javax.mail-1.6.1.jar
7ff768025000-7ff76802a000 r--s 0002a000 08:01 23858225                   /home/chinmay/eclipse-workspace/MexicoDataProcess/jars/gson-2.2.2.jar
7ff76802a000-7ff76802c000 r--s 0000e000 08:01 23858249                   /home/chinmay/eclipse-workspace/MexicoDataProcess/jars/commons-logging-1.2.jar
7ff76802c000-7ff768034000 r--s 00072000 08:01 23858244                   /home/chinmay/eclipse-workspace/MexicoDataProcess/jars/commons-lang3-3.7.jar
7ff768034000-7ff768038000 r--s 0002f000 08:01 23858239                   /home/chinmay/eclipse-workspace/MexicoDataProcess/jars/commons-io-2.5.jar
7ff768038000-7ff768046000 r--s 0007f000 08:01 23858255                   /home/chinmay/eclipse-workspace/MexicoDataProcess/jars/commons-collections-3.2.1.jar
7ff768046000-7ff76804d000 r--s 0004b000 08:01 23858248                   /home/chinmay/eclipse-workspace/MexicoDataProcess/jars/commons-codec-1.11.jar
7ff76804d000-7ff76856a000 rw-p 00000000 00:00 0 
7ff76856a000-7ff76856b000 ---p 00000000 00:00 0 
7ff76856b000-7ff76866b000 rw-p 00000000 00:00 0 
7ff76866b000-7ff76866c000 ---p 00000000 00:00 0 
7ff76866c000-7ff76876c000 rw-p 00000000 00:00 0 
7ff76876c000-7ff76876d000 ---p 00000000 00:00 0 
7ff76876d000-7ff76886d000 rw-p 00000000 00:00 0 
7ff76886d000-7ff76886e000 ---p 00000000 00:00 0 
7ff76886e000-7ff768a12000 rw-p 00000000 00:00 0 
7ff768a12000-7ff768bfc000 ---p 00000000 00:00 0 
7ff768bfc000-7ff768ca0000 rw-p 00000000 00:00 0 
7ff768ca0000-7ff768e89000 ---p 00000000 00:00 0 
7ff768e89000-7ff768f08000 rw-p 00000000 00:00 0 
7ff768f08000-7ff768fd0000 ---p 00000000 00:00 0 
7ff768fd0000-7ff768fe1000 rw-p 00000000 00:00 0 
7ff768fe1000-7ff769391000 ---p 00000000 00:00 0 
7ff769391000-7ff7693ac000 r-xp 00000000 08:01 29492875                   /opt/jdk/jdk1.8.0_211/jre/lib/amd64/libzip.so
7ff7693ac000-7ff7695ab000 ---p 0001b000 08:01 29492875                   /opt/jdk/jdk1.8.0_211/jre/lib/amd64/libzip.so
7ff7695ab000-7ff7695ac000 r--p 0001a000 08:01 29492875                   /opt/jdk/jdk1.8.0_211/jre/lib/amd64/libzip.so
7ff7695ac000-7ff7695ad000 rw-p 0001b000 08:01 29492875                   /opt/jdk/jdk1.8.0_211/jre/lib/amd64/libzip.so
7ff7695ad000-7ff7695b8000 r-xp 00000000 08:01 19268294                   /lib/x86_64-linux-gnu/libnss_files-2.27.so
7ff7695b8000-7ff7697b7000 ---p 0000b000 08:01 19268294                   /lib/x86_64-linux-gnu/libnss_files-2.27.so
7ff7697b7000-7ff7697b8000 r--p 0000a000 08:01 19268294                   /lib/x86_64-linux-gnu/libnss_files-2.27.so
7ff7697b8000-7ff7697b9000 rw-p 0000b000 08:01 19268294                   /lib/x86_64-linux-gnu/libnss_files-2.27.so
7ff7697b9000-7ff7697bf000 rw-p 00000000 00:00 0 
7ff7697bf000-7ff7697d6000 r-xp 00000000 08:01 19268291                   /lib/x86_64-linux-gnu/libnsl-2.27.so
7ff7697d6000-7ff7699d5000 ---p 00017000 08:01 19268291                   /lib/x86_64-linux-gnu/libnsl-2.27.so
7ff7699d5000-7ff7699d6000 r--p 00016000 08:01 19268291                   /lib/x86_64-linux-gnu/libnsl-2.27.so
7ff7699d6000-7ff7699d7000 rw-p 00017000 08:01 19268291                   /lib/x86_64-linux-gnu/libnsl-2.27.so
7ff7699d7000-7ff7699d9000 rw-p 00000000 00:00 0 
7ff7699d9000-7ff7699e4000 r-xp 00000000 08:01 19268296                   /lib/x86_64-linux-gnu/libnss_nis-2.27.so
7ff7699e4000-7ff769be3000 ---p 0000b000 08:01 19268296                   /lib/x86_64-linux-gnu/libnss_nis-2.27.so
7ff769be3000-7ff769be4000 r--p 0000a000 08:01 19268296                   /lib/x86_64-linux-gnu/libnss_nis-2.27.so
7ff769be4000-7ff769be5000 rw-p 0000b000 08:01 19268296                   /lib/x86_64-linux-gnu/libnss_nis-2.27.so
7ff769be5000-7ff769bed000 r-xp 00000000 08:01 19268292                   /lib/x86_64-linux-gnu/libnss_compat-2.27.so
7ff769bed000-7ff769ded000 ---p 00008000 08:01 19268292                   /lib/x86_64-linux-gnu/libnss_compat-2.27.so
7ff769ded000-7ff769dee000 r--p 00008000 08:01 19268292                   /lib/x86_64-linux-gnu/libnss_compat-2.27.so
7ff769dee000-7ff769def000 rw-p 00009000 08:01 19268292                   /lib/x86_64-linux-gnu/libnss_compat-2.27.so
7ff769def000-7ff769e1b000 r-xp 00000000 08:01 29492866                   /opt/jdk/jdk1.8.0_211/jre/lib/amd64/libjava.so
7ff769e1b000-7ff76a01b000 ---p 0002c000 08:01 29492866                   /opt/jdk/jdk1.8.0_211/jre/lib/amd64/libjava.so
7ff76a01b000-7ff76a01c000 r--p 0002c000 08:01 29492866                   /opt/jdk/jdk1.8.0_211/jre/lib/amd64/libjava.so
7ff76a01c000-7ff76a01e000 rw-p 0002d000 08:01 29492866                   /opt/jdk/jdk1.8.0_211/jre/lib/amd64/libjava.so
7ff76a01e000-7ff76a02b000 r-xp 00000000 08:01 29492857                   /opt/jdk/jdk1.8.0_211/jre/lib/amd64/libverify.so
7ff76a02b000-7ff76a22a000 ---p 0000d000 08:01 29492857                   /opt/jdk/jdk1.8.0_211/jre/lib/amd64/libverify.so
7ff76a22a000-7ff76a22c000 r--p 0000c000 08:01 29492857                   /opt/jdk/jdk1.8.0_211/jre/lib/amd64/libverify.so
7ff76a22c000-7ff76a22d000 rw-p 0000e000 08:01 29492857                   /opt/jdk/jdk1.8.0_211/jre/lib/amd64/libverify.so
7ff76a22d000-7ff76a234000 r-xp 00000000 08:01 19268301                   /lib/x86_64-linux-gnu/librt-2.27.so
7ff76a234000-7ff76a433000 ---p 00007000 08:01 19268301                   /lib/x86_64-linux-gnu/librt-2.27.so
7ff76a433000-7ff76a434000 r--p 00006000 08:01 19268301                   /lib/x86_64-linux-gnu/librt-2.27.so
7ff76a434000-7ff76a435000 rw-p 00007000 08:01 19268301                   /lib/x86_64-linux-gnu/librt-2.27.so
7ff76a435000-7ff76a5d2000 r-xp 00000000 08:01 19268288                   /lib/x86_64-linux-gnu/libm-2.27.so
7ff76a5d2000-7ff76a7d1000 ---p 0019d000 08:01 19268288                   /lib/x86_64-linux-gnu/libm-2.27.so
7ff76a7d1000-7ff76a7d2000 r--p 0019c000 08:01 19268288                   /lib/x86_64-linux-gnu/libm-2.27.so
7ff76a7d2000-7ff76a7d3000 rw-p 0019d000 08:01 19268288                   /lib/x86_64-linux-gnu/libm-2.27.so
7ff76a7d3000-7ff76b4bb000 r-xp 00000000 08:01 29492873                   /opt/jdk/jdk1.8.0_211/jre/lib/amd64/server/libjvm.so
7ff76b4bb000-7ff76b6ba000 ---p 00ce8000 08:01 29492873                   /opt/jdk/jdk1.8.0_211/jre/lib/amd64/server/libjvm.so
7ff76b6ba000-7ff76b750000 r--p 00ce7000 08:01 29492873                   /opt/jdk/jdk1.8.0_211/jre/lib/amd64/server/libjvm.so
7ff76b750000-7ff76b781000 rw-p 00d7d000 08:01 29492873                   /opt/jdk/jdk1.8.0_211/jre/lib/amd64/server/libjvm.so
7ff76b781000-7ff76b7bc000 rw-p 00000000 00:00 0 
7ff76b7bc000-7ff76b9a3000 r-xp 00000000 08:01 19268284                   /lib/x86_64-linux-gnu/libc-2.27.so
7ff76b9a3000-7ff76bba3000 ---p 001e7000 08:01 19268284                   /lib/x86_64-linux-gnu/libc-2.27.so
7ff76bba3000-7ff76bba7000 r--p 001e7000 08:01 19268284                   /lib/x86_64-linux-gnu/libc-2.27.so
7ff76bba7000-7ff76bba9000 rw-p 001eb000 08:01 19268284                   /lib/x86_64-linux-gnu/libc-2.27.so
7ff76bba9000-7ff76bbad000 rw-p 00000000 00:00 0 
7ff76bbad000-7ff76bbb0000 r-xp 00000000 08:01 19268287                   /lib/x86_64-linux-gnu/libdl-2.27.so
7ff76bbb0000-7ff76bdaf000 ---p 00003000 08:01 19268287                   /lib/x86_64-linux-gnu/libdl-2.27.so
7ff76bdaf000-7ff76bdb0000 r--p 00002000 08:01 19268287                   /lib/x86_64-linux-gnu/libdl-2.27.so
7ff76bdb0000-7ff76bdb1000 rw-p 00003000 08:01 19268287                   /lib/x86_64-linux-gnu/libdl-2.27.so
7ff76bdb1000-7ff76bdc8000 r-xp 00000000 08:01 29491852                   /opt/jdk/jdk1.8.0_211/lib/amd64/jli/libjli.so
7ff76bdc8000-7ff76bfc7000 ---p 00017000 08:01 29491852                   /opt/jdk/jdk1.8.0_211/lib/amd64/jli/libjli.so
7ff76bfc7000-7ff76bfc8000 r--p 00016000 08:01 29491852                   /opt/jdk/jdk1.8.0_211/lib/amd64/jli/libjli.so
7ff76bfc8000-7ff76bfc9000 rw-p 00017000 08:01 29491852                   /opt/jdk/jdk1.8.0_211/lib/amd64/jli/libjli.so
7ff76bfc9000-7ff76bfe3000 r-xp 00000000 08:01 19268299                   /lib/x86_64-linux-gnu/libpthread-2.27.so
7ff76bfe3000-7ff76c1e2000 ---p 0001a000 08:01 19268299                   /lib/x86_64-linux-gnu/libpthread-2.27.so
7ff76c1e2000-7ff76c1e3000 r--p 00019000 08:01 19268299                   /lib/x86_64-linux-gnu/libpthread-2.27.so
7ff76c1e3000-7ff76c1e4000 rw-p 0001a000 08:01 19268299                   /lib/x86_64-linux-gnu/libpthread-2.27.so
7ff76c1e4000-7ff76c1e8000 rw-p 00000000 00:00 0 
7ff76c1e8000-7ff76c211000 r-xp 00000000 08:01 19268280                   /lib/x86_64-linux-gnu/ld-2.27.so
7ff76c211000-7ff76c212000 r--s 00005000 08:01 23858252                   /home/chinmay/eclipse-workspace/MexicoDataProcess/jars/json-simple-1.1.1.jar
7ff76c212000-7ff76c217000 r--s 00084000 08:01 29492788                   /opt/jdk/jdk1.8.0_211/jre/lib/jfr.jar
7ff76c217000-7ff76c21c000 r--s 002f9000 08:01 29492600                   /opt/jdk/jdk1.8.0_211/jre/lib/charsets.jar
7ff76c21c000-7ff76c2e7000 rw-p 00000000 00:00 0 
7ff76c2e7000-7ff76c2e8000 ---p 00000000 00:00 0 
7ff76c2e8000-7ff76c2eb000 ---p 00000000 00:00 0 
7ff76c2eb000-7ff76c3ec000 rw-p 00000000 00:00 0 
7ff76c3ec000-7ff76c3ef000 r--s 0001a000 08:01 29492691                   /opt/jdk/jdk1.8.0_211/jre/lib/jce.jar
7ff76c3ef000-7ff76c3f4000 r--s 000a3000 08:01 29492810                   /opt/jdk/jdk1.8.0_211/jre/lib/jsse.jar
7ff76c3f4000-7ff76c407000 r--s 00345000 08:01 29492723                   /opt/jdk/jdk1.8.0_211/jre/lib/resources.jar
7ff76c407000-7ff76c40f000 rw-s 00000000 08:01 19923646                   /tmp/hsperfdata_chinmay/32417
7ff76c40f000-7ff76c410000 rw-p 00000000 00:00 0 
7ff76c410000-7ff76c411000 ---p 00000000 00:00 0 
7ff76c411000-7ff76c412000 r--p 00029000 08:01 19268280                   /lib/x86_64-linux-gnu/ld-2.27.so
7ff76c412000-7ff76c413000 rw-p 0002a000 08:01 19268280                   /lib/x86_64-linux-gnu/ld-2.27.so
7ff76c413000-7ff76c414000 rw-p 00000000 00:00 0 
7ffdc5279000-7ffdc529b000 rw-p 00000000 00:00 0                          [stack]
7ffdc5374000-7ffdc5377000 r--p 00000000 00:00 0                          [vvar]
7ffdc5377000-7ffdc5378000 r-xp 00000000 00:00 0                          [vdso]
ffffffffff600000-ffffffffff601000 --xp 00000000 00:00 0                  [vsyscall]

VM Arguments:
jvm_args: -Dfile.encoding=UTF-8 
java_command: com.chinmay.test.CompareAddNumbersToAdd
java_class_path (initial): /opt/jdk/jdk1.8.0_211/jre/lib/resources.jar:/opt/jdk/jdk1.8.0_211/jre/lib/rt.jar:/opt/jdk/jdk1.8.0_211/jre/lib/jsse.jar:/opt/jdk/jdk1.8.0_211/jre/lib/jce.jar:/opt/jdk/jdk1.8.0_211/jre/lib/charsets.jar:/opt/jdk/jdk1.8.0_211/jre/lib/jfr.jar:/opt/jdk/jdk1.8.0_211/jre/lib/ext/nashorn.jar:/opt/jdk/jdk1.8.0_211/jre/lib/ext/zipfs.jar:/opt/jdk/jdk1.8.0_211/jre/lib/ext/sunpkcs11.jar:/opt/jdk/jdk1.8.0_211/jre/lib/ext/localedata.jar:/opt/jdk/jdk1.8.0_211/jre/lib/ext/jfxrt.jar:/opt/jdk/jdk1.8.0_211/jre/lib/ext/cldrdata.jar:/opt/jdk/jdk1.8.0_211/jre/lib/ext/sunjce_provider.jar:/opt/jdk/jdk1.8.0_211/jre/lib/ext/dnsns.jar:/opt/jdk/jdk1.8.0_211/jre/lib/ext/sunec.jar:/opt/jdk/jdk1.8.0_211/jre/lib/ext/jaccess.jar:/home/chinmay/eclipse-workspace/MexicoDataProcess/bin:/home/chinmay/eclipse-workspace/MexicoDataProcess/jars/commons-codec-1.11.jar:/home/chinmay/eclipse-workspace/MexicoDataProcess/jars/commons-collections-3.2.1.jar:/home/chinmay/eclipse-workspace/MexicoDataProcess/jars/commons-io-2.5.jar:/home/chinmay/eclipse-workspace/MexicoDataProcess/jars/commons-lang3-3.7.jar:/home/chinmay/eclipse-workspace/MexicoDataProcess/jars/commons-logging-1.2.jar:/home/chinmay/eclipse-workspace/MexicoDataProcess/jars/gson-2.2.2.jar:/home/chinmay/eclipse-workspace/MexicoDataProcess/jars/javax.mail-1.6.1.jar:/home/chinmay/eclipse-workspace/MexicoDataProcess/jars/json-simple-1.1.1.jar:/home/chinmay/eclipse-workspace/MexicoDataProcess/jars/opencsv-4.0.jar:/home/chinmay/eclipse-workspace/MexicoDataProcess/jars/sqlite-jdbc-3.21.0.jar:/home/chinmay/eclipse-workspace/MexicoDataProcess/jars/SuperCSV-1.52.jar:/home/chinmay/eclipse-workspace/MexicoDataProcess/jars/validator/commons-validator-1.6.jar:/home/chinmay/eclipse-workspace/MexicoDataProcess/jars/fuzzywuzzy/fuzzywuzzy-1.1.9.jar:/home/chinmay/eclipse-workspace/MexicoDataProcess/jars/httpclient-4.5.3.jar:/home/chinmay/eclipse-workspace/MexicoDataProcess/jars/httpcore-4.4.6.jar:/home/chinmay/eclipse-workspace/MexicoDataProc
Launcher Type: SUN_STANDARD

Environment Variables:
PATH=/home/chinmay/bin:/usr/local/sbin:/usr/local/bin:/usr/sbin:/usr/bin:/sbin:/bin:/usr/games:/usr/local/games:/snap/bin
USERNAME=chinmay
SHELL=/bin/bash
DISPLAY=:0

Signal Handlers:
SIGSEGV: [libjvm.so+0xad3d90], sa_mask[0]=11111111011111111101111111111110, sa_flags=SA_RESTART|SA_SIGINFO
SIGBUS: [libjvm.so+0xad3d90], sa_mask[0]=11111111011111111101111111111110, sa_flags=SA_RESTART|SA_SIGINFO
SIGFPE: [libjvm.so+0x90b8b0], sa_mask[0]=11111111011111111101111111111110, sa_flags=SA_RESTART|SA_SIGINFO
SIGPIPE: [libjvm.so+0x90b8b0], sa_mask[0]=11111111011111111101111111111110, sa_flags=SA_RESTART|SA_SIGINFO
SIGXFSZ: [libjvm.so+0x90b8b0], sa_mask[0]=11111111011111111101111111111110, sa_flags=SA_RESTART|SA_SIGINFO
SIGILL: [libjvm.so+0x90b8b0], sa_mask[0]=11111111011111111101111111111110, sa_flags=SA_RESTART|SA_SIGINFO
SIGUSR1: SIG_DFL, sa_mask[0]=00000000000000000000000000000000, sa_flags=none
SIGUSR2: [libjvm.so+0x90b780], sa_mask[0]=00100000000000000000000000000000, sa_flags=SA_RESTART|SA_SIGINFO
SIGHUP: [libjvm.so+0x90bda0], sa_mask[0]=11111111011111111101111111111110, sa_flags=SA_RESTART|SA_SIGINFO
SIGINT: [libjvm.so+0x90bda0], sa_mask[0]=11111111011111111101111111111110, sa_flags=SA_RESTART|SA_SIGINFO
SIGTERM: [libjvm.so+0x90bda0], sa_mask[0]=11111111011111111101111111111110, sa_flags=SA_RESTART|SA_SIGINFO
SIGQUIT: [libjvm.so+0x90bda0], sa_mask[0]=11111111011111111101111111111110, sa_flags=SA_RESTART|SA_SIGINFO


---------------  S Y S T E M  ---------------

OS:DISTRIB_ID=Ubuntu
DISTRIB_RELEASE=18.04
DISTRIB_CODENAME=bionic
DISTRIB_DESCRIPTION="Ubuntu 18.04.5 LTS"

uname:Linux 5.4.0-77-generic #86~18.04.1-Ubuntu SMP Fri Jun 18 01:23:22 UTC 2021 x86_64
libc:glibc 2.27 NPTL 2.27 
rlimit: STACK 8192k, CORE 0k, NPROC 31049, NOFILE 1048576, AS infinity
load average:1.44 0.68 0.33

/proc/meminfo:
MemTotal:        8022232 kB
MemFree:          231480 kB
MemAvailable:    1672868 kB
Buffers:          143596 kB
Cached:          2521412 kB
SwapCached:         1180 kB
Active:          5659912 kB
Inactive:        1526816 kB
Active(anon):    4674512 kB
Inactive(anon):   923360 kB
Active(file):     985400 kB
Inactive(file):   603456 kB
Unevictable:      130304 kB
Mlocked:            2452 kB
SwapTotal:       2097148 kB
SwapFree:        1953788 kB
Dirty:               344 kB
Writeback:             0 kB
AnonPages:       4651324 kB
Mapped:           973724 kB
Shmem:           1078776 kB
KReclaimable:     143840 kB
Slab:             292452 kB
SReclaimable:     143840 kB
SUnreclaim:       148612 kB
KernelStack:       20112 kB
PageTables:        94252 kB
NFS_Unstable:          0 kB
Bounce:                0 kB
WritebackTmp:          0 kB
CommitLimit:     6108264 kB
Committed_AS:   16015236 kB
VmallocTotal:   34359738367 kB
VmallocUsed:       45832 kB
VmallocChunk:          0 kB
Percpu:             3264 kB
HardwareCorrupted:     0 kB
AnonHugePages:         0 kB
ShmemHugePages:        0 kB
ShmemPmdMapped:        0 kB
FileHugePages:         0 kB
FilePmdMapped:         0 kB
CmaTotal:              0 kB
CmaFree:               0 kB
HugePages_Total:       0
HugePages_Free:        0
HugePages_Rsvd:        0
HugePages_Surp:        0
Hugepagesize:       2048 kB
Hugetlb:               0 kB
DirectMap4k:      559532 kB
DirectMap2M:     7698432 kB
DirectMap1G:     1048576 kB

container (cgroup) information:
container_type: cgroupv1
cpu_cpuset_cpus: 0-3
cpu_memory_nodes: 0
active_processor_count: 4
cpu_quota: -1
cpu_period: 100000
cpu_shares: -1
memory_limit_in_bytes: -1
memory_and_swap_limit_in_bytes: -2
memory_soft_limit_in_bytes: -1
memory_usage_in_bytes: 6971105280
memory_max_usage_in_bytes: 7133163520


CPU:total 4 (initial active 4) (2 cores per cpu, 2 threads per core) family 6 model 60 stepping 3, cmov, cx8, fxsr, mmx, sse, sse2, sse3, ssse3, sse4.1, sse4.2, popcnt, avx, avx2, aes, clmul, erms, lzcnt, ht, tsc, tscinvbit, bmi1, bmi2

/proc/cpuinfo:
processor	: 0
vendor_id	: GenuineIntel
cpu family	: 6
model		: 60
model name	: Intel(R) Core(TM) i3-4160 CPU @ 3.60GHz
stepping	: 3
microcode	: 0x28
cpu MHz		: 3591.471
cache size	: 3072 KB
physical id	: 0
siblings	: 4
core id		: 0
cpu cores	: 2
apicid		: 0
initial apicid	: 0
fpu		: yes
fpu_exception	: yes
cpuid level	: 13
wp		: yes
flags		: fpu vme de pse tsc msr pae mce cx8 apic sep mtrr pge mca cmov pat pse36 clflush dts acpi mmx fxsr sse sse2 ss ht tm pbe syscall nx pdpe1gb rdtscp lm constant_tsc arch_perfmon pebs bts rep_good nopl xtopology nonstop_tsc cpuid aperfmperf pni pclmulqdq dtes64 monitor ds_cpl vmx est tm2 ssse3 sdbg fma cx16 xtpr pdcm pcid sse4_1 sse4_2 movbe popcnt tsc_deadline_timer aes xsave avx f16c rdrand lahf_lm abm cpuid_fault epb invpcid_single pti ssbd ibrs ibpb stibp tpr_shadow vnmi flexpriority ept vpid ept_ad fsgsbase tsc_adjust bmi1 avx2 smep bmi2 erms invpcid xsaveopt dtherm arat pln pts md_clear flush_l1d
bugs		: cpu_meltdown spectre_v1 spectre_v2 spec_store_bypass l1tf mds swapgs itlb_multihit srbds
bogomips	: 7182.94
clflush size	: 64
cache_alignment	: 64
address sizes	: 39 bits physical, 48 bits virtual
power management:

processor	: 1
vendor_id	: GenuineIntel
cpu family	: 6
model		: 60
model name	: Intel(R) Core(TM) i3-4160 CPU @ 3.60GHz
stepping	: 3
microcode	: 0x28
cpu MHz		: 3591.470
cache size	: 3072 KB
physical id	: 0
siblings	: 4
core id		: 1
cpu cores	: 2
apicid		: 2
initial apicid	: 2
fpu		: yes
fpu_exception	: yes
cpuid level	: 13
wp		: yes
flags		: fpu vme de pse tsc msr pae mce cx8 apic sep mtrr pge mca cmov pat pse36 clflush dts acpi mmx fxsr sse sse2 ss ht tm pbe syscall nx pdpe1gb rdtscp lm constant_tsc arch_perfmon pebs bts rep_good nopl xtopology nonstop_tsc cpuid aperfmperf pni pclmulqdq dtes64 monitor ds_cpl vmx est tm2 ssse3 sdbg fma cx16 xtpr pdcm pcid sse4_1 sse4_2 movbe popcnt tsc_deadline_timer aes xsave avx f16c rdrand lahf_lm abm cpuid_fault epb invpcid_single pti ssbd ibrs ibpb stibp tpr_shadow vnmi flexpriority ept vpid ept_ad fsgsbase tsc_adjust bmi1 avx2 smep bmi2 erms invpcid xsaveopt dtherm arat pln pts md_clear flush_l1d
bugs		: cpu_meltdown spectre_v1 spectre_v2 spec_store_bypass l1tf mds swapgs itlb_multihit srbds
bogomips	: 7182.94
clflush size	: 64
cache_alignment	: 64
address sizes	: 39 bits physical, 48 bits virtual
power management:

processor	: 2
vendor_id	: GenuineIntel
cpu family	: 6
model		: 60
model name	: Intel(R) Core(TM) i3-4160 CPU @ 3.60GHz
stepping	: 3
microcode	: 0x28
cpu MHz		: 3591.472
cache size	: 3072 KB
physical id	: 0
siblings	: 4
core id		: 0
cpu cores	: 2
apicid		: 1
initial apicid	: 1
fpu		: yes
fpu_exception	: yes
cpuid level	: 13
wp		: yes
flags		: fpu vme de pse tsc msr pae mce cx8 apic sep mtrr pge mca cmov pat pse36 clflush dts acpi mmx fxsr sse sse2 ss ht tm pbe syscall nx pdpe1gb rdtscp lm constant_tsc arch_perfmon pebs bts rep_good nopl xtopology nonstop_tsc cpuid aperfmperf pni pclmulqdq dtes64 monitor ds_cpl vmx est tm2 ssse3 sdbg fma cx16 xtpr pdcm pcid sse4_1 sse4_2 movbe popcnt tsc_deadline_timer aes xsave avx f16c rdrand lahf_lm abm cpuid_fault epb invpcid_single pti ssbd ibrs ibpb stibp tpr_shadow vnmi flexpriority ept vpid ept_ad fsgsbase tsc_adjust bmi1 avx2 smep bmi2 erms invpcid xsaveopt dtherm arat pln pts md_clear flush_l1d
bugs		: cpu_meltdown spectre_v1 spectre_v2 spec_store_bypass l1tf mds swapgs itlb_multihit srbds
bogomips	: 7182.94
clflush size	: 64
cache_alignment	: 64
address sizes	: 39 bits physical, 48 bits virtual
power management:

processor	: 3
vendor_id	: GenuineIntel
cpu family	: 6
model		: 60
model name	: Intel(R) Core(TM) i3-4160 CPU @ 3.60GHz
stepping	: 3
microcode	: 0x28
cpu MHz		: 3591.470
cache size	: 3072 KB
physical id	: 0
siblings	: 4
core id		: 1
cpu cores	: 2
apicid		: 3
initial apicid	: 3
fpu		: yes
fpu_exception	: yes
cpuid level	: 13
wp		: yes
flags		: fpu vme de pse tsc msr pae mce cx8 apic sep mtrr pge mca cmov pat pse36 clflush dts acpi mmx fxsr sse sse2 ss ht tm pbe syscall nx pdpe1gb rdtscp lm constant_tsc arch_perfmon pebs bts rep_good nopl xtopology nonstop_tsc cpuid aperfmperf pni pclmulqdq dtes64 monitor ds_cpl vmx est tm2 ssse3 sdbg fma cx16 xtpr pdcm pcid sse4_1 sse4_2 movbe popcnt tsc_deadline_timer aes xsave avx f16c rdrand lahf_lm abm cpuid_fault epb invpcid_single pti ssbd ibrs ibpb stibp tpr_shadow vnmi flexpriority ept vpid ept_ad fsgsbase tsc_adjust bmi1 avx2 smep bmi2 erms invpcid xsaveopt dtherm arat pln pts md_clear flush_l1d
bugs		: cpu_meltdown spectre_v1 spectre_v2 spec_store_bypass l1tf mds swapgs itlb_multihit srbds
bogomips	: 7182.94
clflush size	: 64
cache_alignment	: 64
address sizes	: 39 bits physical, 48 bits virtual
power management:



Memory: 4k page, physical 8022232k(231480k free), swap 2097148k(1953788k free)

vm_info: Java HotSpot(TM) 64-Bit Server VM (25.211-b12) for linux-amd64 JRE (1.8.0_211-b12), built on Apr  1 2019 20:39:34 by "java_re" with gcc 7.3.0

time: Sat Jun 26 14:12:47 2021
timezone: IST
elapsed time: 3 seconds (0d 0h 0m 3s)

