#
# A fatal error has been detected by the Java Runtime Environment:
#
#  SIGSEGV (0xb) at pc=0x00007f4acfadf241, pid=9287, tid=0x00007f4acd42f700
#
# JRE version: Java(TM) SE Runtime Environment (8.0_211-b12) (build 1.8.0_211-b12)
# Java VM: Java HotSpot(TM) 64-Bit Server VM (25.211-b12 mixed mode linux-amd64 compressed oops)
# Problematic frame:
# V  [libjvm.so+0x648241]  oopDesc::size_given_klass(Klass*)+0x1
#
# Failed to write core dump. Core dumps have been disabled. To enable core dumping, try "ulimit -c unlimited" before starting Java again
#
# If you would like to submit a bug report, please visit:
#   http://bugreport.java.com/bugreport/crash.jsp
#

---------------  T H R E A D  ---------------

Current thread (0x00007f4ac8026000):  GCTaskThread [stack: 0x00007f4acd330000,0x00007f4acd430000] [id=9297]

siginfo: si_signo: 11 (SIGSEGV), si_code: 1 (SEGV_MAPERR), si_addr: 0x000000044d3cbc08

Registers:
RAX=0x00007f4ad042fda0, RBX=0x00007f4ac8077820, RCX=0x0000000000000003, RDX=0x00000000000213c8
RSP=0x00007f4acd42eb40, RBP=0x00007f4acd42ebd0, RSI=0x000000044d3cbc00, RDI=0x0000000089a790f8
R8 =0x00007f4ad0462d80, R9 =0x0000000089a7886c, R10=0x0000000000000001, R11=0x0000000000000029
R12=0x0000000000000003, R13=0x0000000089a787b8, R14=0x0000000089a790f8, R15=0x0000000089a787fc
RIP=0x00007f4acfadf241, EFLAGS=0x0000000000010206, CSGSFS=0x002b000000000033, ERR=0x0000000000000004
  TRAPNO=0x000000000000000e

Top of Stack: (sp=0x00007f4acd42eb40)
0x00007f4acd42eb40:   00007f4acd42ebd0 00007f4acfd891fe
0x00007f4acd42eb50:   00007f4acd42ebe0 0000000000000001
0x00007f4acd42eb60:   00007f4ad0462d80 0000000000000029
0x00007f4acd42eb70:   0000000089a7886c 0000000000000029
0x00007f4acd42eb80:   0000000089a78780 0000000100001940
0x00007f4acd42eb90:   00007f4ad0462d80 0000000000000004
0x00007f4acd42eba0:   00007f4ad0462d80 00007f4ac8077820
0x00007f4acd42ebb0:   00007f4ad045ef8c 00007f4ad0462d80
0x00007f4acd42ebc0:   0000000000000002 00007f4acd42ed14
0x00007f4acd42ebd0:   00007f4acd42eca0 00007f4acfe0bebf
0x00007f4acd42ebe0:   00007f4acd42ec40 00007f4acfe0bebf
0x00007f4acd42ebf0:   00007f4ac8077830 000000008d59e210
0x00007f4acd42ec00:   0000000000024c00 0000000000040000
0x00007f4acd42ec10:   0000000000000400 0000000089a787b8
0x00007f4acd42ec20:   000000008d59e210 0000000000024a00
0x00007f4acd42ec30:   001e6da200015fd0 00007f4a00024c00
0x00007f4acd42ec40:   001e6da300015fd0 0000000000000c00
0x00007f4acd42ec50:   00007f4acd42eca0 00007f4acfdefc00
0x00007f4acd42ec60:   000011a800000167 000011a800000168
0x00007f4acd42ec70:   00007f4ac8026e01 0000000000005200
0x00007f4acd42ec80:   00007f4ac8077820 00007f4ad0462d80
0x00007f4acd42ec90:   0000000000000002 00007f4acd42ed14
0x00007f4acd42eca0:   00007f4acd42eda0 00007f4acfdeed8b
0x00007f4acd42ecb0:   00007f4acd42eda0 0000000000000017
0x00007f4acd42ecc0:   00007f4acd42ed14 0000000000000002
0x00007f4acd42ecd0:   0000000000005200 0000000000005200
0x00007f4acd42ece0:   00007f4acd42ed20 00007f4acd42ed40
0x00007f4acd42ecf0:   00000000cf83af70 00007f4aa0001410
0x00007f4acd42ed00:   0000000000000008 00007f4ac8077820
0x00007f4acd42ed10:   2a7f1b30d038a978 0000000000000000
0x00007f4acd42ed20:   00000000cf83af70 00007f4a00005000
0x00007f4acd42ed30:   00000000cf83af70 00007f4a00005200 

Instructions: (pc=0x00007f4acfadf241)
0x00007f4acfadf221:   5d c3 0f 1f 44 00 00 48 8d 35 91 f7 4c 00 bf 03
0x00007f4acfadf231:   00 00 00 e8 f7 b6 12 00 eb 9d 0f 1f 44 00 00 55
0x00007f4acfadf241:   8b 46 08 48 89 f2 48 89 e5 83 f8 00 7e 11 a8 01
0x00007f4acfadf251:   75 0f c1 f8 03 5d c3 0f 1f 84 00 00 00 00 00 75 

Register to memory mapping:

RAX=0x00007f4ad042fda0: <offset 0xf98da0> in /opt/jdk/jdk1.8.0_211/jre/lib/amd64/server/libjvm.so at 0x00007f4acf497000
RBX=0x00007f4ac8077820 is an unknown value
RCX=0x0000000000000003 is an unknown value
RDX=0x00000000000213c8 is an unknown value
RSP=0x00007f4acd42eb40 is an unknown value
RBP=0x00007f4acd42ebd0 is an unknown value
RSI=0x000000044d3cbc00 is an unknown value
RDI=0x0000000089a790f8 is pointing into object: 0x0000000089a790d0
[Ljava.lang.String; 
 - klass: 'java/lang/String'[]
 - length: 41
R8 =0x00007f4ad0462d80: <offset 0xfcbd80> in /opt/jdk/jdk1.8.0_211/jre/lib/amd64/server/libjvm.so at 0x00007f4acf497000
R9 =0x0000000089a7886c is pointing into object: 0x0000000089a787b8
[Ljava.lang.String; 
 - klass: 'java/lang/String'[]
 - length: 41
R10=0x0000000000000001 is an unknown value
R11=0x0000000000000029 is an unknown value
R12=0x0000000000000003 is an unknown value
R13=0x0000000089a787b8 is an oop
[Ljava.lang.String; 
 - klass: 'java/lang/String'[]
 - length: 41
R14=0x0000000089a790f8 is pointing into object: 0x0000000089a790d0
[Ljava.lang.String; 
 - klass: 'java/lang/String'[]
 - length: 41
R15=0x0000000089a787fc is pointing into object: 0x0000000089a787b8
[Ljava.lang.String; 
 - klass: 'java/lang/String'[]
 - length: 41


Stack: [0x00007f4acd330000,0x00007f4acd430000],  sp=0x00007f4acd42eb40,  free space=1018k
Native frames: (J=compiled Java code, j=interpreted, Vv=VM code, C=native code)
V  [libjvm.so+0x648241]  oopDesc::size_given_klass(Klass*)+0x1
V  [libjvm.so+0x974ebf]  ParCompactionManager::follow_marking_stacks()+0xdf
V  [libjvm.so+0x957d8b]  StealMarkingTask::do_it(GCTaskManager*, unsigned int)+0x2bb
V  [libjvm.so+0x5c3816]  GCTaskThread::run()+0x1b6
V  [libjvm.so+0x90d952]  java_start(Thread*)+0x102


---------------  P R O C E S S  ---------------

Java Threads: ( => current thread )
  0x00007f4ac80c3000 JavaThread "Service Thread" daemon [_thread_blocked, id=9306, stack(0x00007f4aaba1f000,0x00007f4aabb20000)]
  0x00007f4ac80c0000 JavaThread "C1 CompilerThread2" daemon [_thread_blocked, id=9305, stack(0x00007f4aabb21000,0x00007f4aabc21000)]
  0x00007f4ac80be000 JavaThread "C2 CompilerThread1" daemon [_thread_blocked, id=9304, stack(0x00007f4aabc22000,0x00007f4aabd22000)]
  0x00007f4ac80bb000 JavaThread "C2 CompilerThread0" daemon [_thread_in_native, id=9303, stack(0x00007f4ab00bf000,0x00007f4ab01bf000)]
  0x00007f4ac80b9800 JavaThread "Signal Dispatcher" daemon [_thread_blocked, id=9302, stack(0x00007f4ab01bf000,0x00007f4ab02c0000)]
  0x00007f4ac8087000 JavaThread "Finalizer" daemon [_thread_blocked, id=9301, stack(0x00007f4ab80f1000,0x00007f4ab81f2000)]
  0x00007f4ac8084800 JavaThread "Reference Handler" daemon [_thread_blocked, id=9300, stack(0x00007f4ab81f2000,0x00007f4ab82f3000)]
  0x00007f4ac800c800 JavaThread "main" [_thread_blocked, id=9289, stack(0x00007f4ad0fac000,0x00007f4ad10ac000)]

Other Threads:
  0x00007f4ac807a800 VMThread [stack: 0x00007f4ab82f4000,0x00007f4ab83f4000] [id=9299]
  0x00007f4ac80c5800 WatcherThread [stack: 0x00007f4aab91f000,0x00007f4aaba1f000] [id=9307]

=>0x00007f4ac8026000 (exited) GCTaskThread [stack: 0x00007f4acd330000,0x00007f4acd430000] [id=9297]

VM state:at safepoint (normal execution)

VM Mutex/Monitor currently owned by a thread:  ([mutex/lock_event])
[0x00007f4ac8009000] Threads_lock - owner thread: 0x00007f4ac807a800
[0x00007f4ac8009500] Heap_lock - owner thread: 0x00007f4ac800c800

heap address: 0x0000000085800000, size: 1960 MB, Compressed Oops mode: 32-bit
Narrow klass base: 0x0000000000000000, Narrow klass shift: 3
Compressed class space size: 1073741824 Address: 0x0000000100000000

Heap:
 PSYoungGen      total 445952K, used 223232K [0x00000000d7300000, 0x0000000100000000, 0x0000000100000000)
  eden space 223232K, 100% used [0x00000000d7300000,0x00000000e4d00000,0x00000000e4d00000)
  from space 222720K, 0% used [0x00000000e4d00000,0x00000000e4d00000,0x00000000f2680000)
  to   space 222720K, 0% used [0x00000000f2680000,0x00000000f2680000,0x0000000100000000)
 ParOldGen       total 1338368K, used 1338276K [0x0000000085800000, 0x00000000d7300000, 0x00000000d7300000)
  object space 1338368K, 99% used [0x0000000085800000,0x00000000d72e9218,0x00000000d7300000)
 Metaspace       used 8450K, capacity 8662K, committed 8704K, reserved 1056768K
  class space    used 898K, capacity 1007K, committed 1024K, reserved 1048576K

Card table byte_map: [0x00007f4acd8c0000,0x00007f4acdc95000] byte_map_base: 0x00007f4acd494000

Marking Bits: (ParMarkBitMap*) 0x00007f4ad0462d80
 Begin Bits: [0x00007f4ab02c0000, 0x00007f4ab2160000)
 End Bits:   [0x00007f4ab2160000, 0x00007f4ab4000000)

Polling page: 0x00007f4ad10d4000

CodeCache: size=245760Kb used=5375Kb max_used=5400Kb free=240384Kb
 bounds [0x00007f4ab9000000, 0x00007f4ab9560000, 0x00007f4ac8000000]
 total_blobs=1595 nmethods=1253 adapters=256
 compilation: enabled

Compilation events (10 events):
Event: 30.430 Thread 0x00007f4ac80be000 nmethod 1252 0x00007f4ab9526d90 code [0x00007f4ab9526f80, 0x00007f4ab9528458]
Event: 30.437 Thread 0x00007f4ac80bb000 1253       4       com.shatam.utils.Util::match (51 bytes)
Event: 30.450 Thread 0x00007f4ac80bb000 nmethod 1253 0x00007f4ab9525c50 code [0x00007f4ab9525e00, 0x00007f4ab95265c8]
Event: 30.479 Thread 0x00007f4ac80be000 1254       4       java.util.regex.Pattern$LastNode::match (45 bytes)
Event: 30.480 Thread 0x00007f4ac80be000 nmethod 1254 0x00007f4ab950a8d0 code [0x00007f4ab950aa20, 0x00007f4ab950aaf8]
Event: 33.501 Thread 0x00007f4ac80bb000 1255       4       com.shatam.utils.U::toTitleCase (267 bytes)
Event: 36.352 Thread 0x00007f4ac80bb000 nmethod 1255 0x00007f4ab954bcd0 code [0x00007f4ab954c1e0, 0x00007f4ab954fe98]
Event: 36.397 Thread 0x00007f4ac80be000 1256       4       java.util.regex.Matcher::getTextLength (10 bytes)
Event: 36.397 Thread 0x00007f4ac80be000 nmethod 1256 0x00007f4ab9505a10 code [0x00007f4ab9505b60, 0x00007f4ab9505c18]
Event: 36.423 Thread 0x00007f4ac80bb000 1257 %     4       com.chinmay.test.CompareAddNumbersToAdd::processRecords @ 147 (765 bytes)

GC Heap History (10 events):
Event: 24.323 GC heap after
Heap after GC invocations=30 (full 9):
 PSYoungGen      total 445952K, used 33068K [0x00000000d7300000, 0x0000000100000000, 0x0000000100000000)
  eden space 223232K, 14% used [0x00000000d7300000,0x00000000d934b220,0x00000000e4d00000)
  from space 222720K, 0% used [0x00000000e4d00000,0x00000000e4d00000,0x00000000f2680000)
  to   space 222720K, 0% used [0x00000000f2680000,0x00000000f2680000,0x0000000100000000)
 ParOldGen       total 1338368K, used 1338281K [0x0000000085800000, 0x00000000d7300000, 0x00000000d7300000)
  object space 1338368K, 99% used [0x0000000085800000,0x00000000d72ea4e8,0x00000000d7300000)
 Metaspace       used 8450K, capacity 8662K, committed 8704K, reserved 1056768K
  class space    used 898K, capacity 1007K, committed 1024K, reserved 1048576K
}
Event: 24.506 GC heap before
{Heap before GC invocations=31 (full 10):
 PSYoungGen      total 445952K, used 223232K [0x00000000d7300000, 0x0000000100000000, 0x0000000100000000)
  eden space 223232K, 100% used [0x00000000d7300000,0x00000000e4d00000,0x00000000e4d00000)
  from space 222720K, 0% used [0x00000000e4d00000,0x00000000e4d00000,0x00000000f2680000)
  to   space 222720K, 0% used [0x00000000f2680000,0x00000000f2680000,0x0000000100000000)
 ParOldGen       total 1338368K, used 1338281K [0x0000000085800000, 0x00000000d7300000, 0x00000000d7300000)
  object space 1338368K, 99% used [0x0000000085800000,0x00000000d72ea4e8,0x00000000d7300000)
 Metaspace       used 8450K, capacity 8662K, committed 8704K, reserved 1056768K
  class space    used 898K, capacity 1007K, committed 1024K, reserved 1048576K
Event: 27.334 GC heap after
Heap after GC invocations=31 (full 10):
 PSYoungGen      total 445952K, used 33105K [0x00000000d7300000, 0x0000000100000000, 0x0000000100000000)
  eden space 223232K, 14% used [0x00000000d7300000,0x00000000d93544f8,0x00000000e4d00000)
  from space 222720K, 0% used [0x00000000e4d00000,0x00000000e4d00000,0x00000000f2680000)
  to   space 222720K, 0% used [0x00000000f2680000,0x00000000f2680000,0x0000000100000000)
 ParOldGen       total 1338368K, used 1338280K [0x0000000085800000, 0x00000000d7300000, 0x00000000d7300000)
  object space 1338368K, 99% used [0x0000000085800000,0x00000000d72ea248,0x00000000d7300000)
 Metaspace       used 8450K, capacity 8662K, committed 8704K, reserved 1056768K
  class space    used 898K, capacity 1007K, committed 1024K, reserved 1048576K
}
Event: 27.589 GC heap before
{Heap before GC invocations=32 (full 11):
 PSYoungGen      total 445952K, used 223232K [0x00000000d7300000, 0x0000000100000000, 0x0000000100000000)
  eden space 223232K, 100% used [0x00000000d7300000,0x00000000e4d00000,0x00000000e4d00000)
  from space 222720K, 0% used [0x00000000e4d00000,0x00000000e4d00000,0x00000000f2680000)
  to   space 222720K, 0% used [0x00000000f2680000,0x00000000f2680000,0x0000000100000000)
 ParOldGen       total 1338368K, used 1338280K [0x0000000085800000, 0x00000000d7300000, 0x00000000d7300000)
  object space 1338368K, 99% used [0x0000000085800000,0x00000000d72ea248,0x00000000d7300000)
 Metaspace       used 8450K, capacity 8662K, committed 8704K, reserved 1056768K
  class space    used 898K, capacity 1007K, committed 1024K, reserved 1048576K
Event: 30.387 GC heap after
Heap after GC invocations=32 (full 11):
 PSYoungGen      total 445952K, used 33155K [0x00000000d7300000, 0x0000000100000000, 0x0000000100000000)
  eden space 223232K, 14% used [0x00000000d7300000,0x00000000d9360ea0,0x00000000e4d00000)
  from space 222720K, 0% used [0x00000000e4d00000,0x00000000e4d00000,0x00000000f2680000)
  to   space 222720K, 0% used [0x00000000f2680000,0x00000000f2680000,0x0000000100000000)
 ParOldGen       total 1338368K, used 1338278K [0x0000000085800000, 0x00000000d7300000, 0x00000000d7300000)
  object space 1338368K, 99% used [0x0000000085800000,0x00000000d72e9978,0x00000000d7300000)
 Metaspace       used 8450K, capacity 8662K, committed 8704K, reserved 1056768K
  class space    used 898K, capacity 1007K, committed 1024K, reserved 1048576K
}
Event: 30.556 GC heap before
{Heap before GC invocations=33 (full 12):
 PSYoungGen      total 445952K, used 223232K [0x00000000d7300000, 0x0000000100000000, 0x0000000100000000)
  eden space 223232K, 100% used [0x00000000d7300000,0x00000000e4d00000,0x00000000e4d00000)
  from space 222720K, 0% used [0x00000000e4d00000,0x00000000e4d00000,0x00000000f2680000)
  to   space 222720K, 0% used [0x00000000f2680000,0x00000000f2680000,0x0000000100000000)
 ParOldGen       total 1338368K, used 1338278K [0x0000000085800000, 0x00000000d7300000, 0x00000000d7300000)
  object space 1338368K, 99% used [0x0000000085800000,0x00000000d72e9978,0x00000000d7300000)
 Metaspace       used 8450K, capacity 8662K, committed 8704K, reserved 1056768K
  class space    used 898K, capacity 1007K, committed 1024K, reserved 1048576K
Event: 33.399 GC heap after
Heap after GC invocations=33 (full 12):
 PSYoungGen      total 445952K, used 33174K [0x00000000d7300000, 0x0000000100000000, 0x0000000100000000)
  eden space 223232K, 14% used [0x00000000d7300000,0x00000000d9365860,0x00000000e4d00000)
  from space 222720K, 0% used [0x00000000e4d00000,0x00000000e4d00000,0x00000000f2680000)
  to   space 222720K, 0% used [0x00000000f2680000,0x00000000f2680000,0x0000000100000000)
 ParOldGen       total 1338368K, used 1338277K [0x0000000085800000, 0x00000000d7300000, 0x00000000d7300000)
  object space 1338368K, 99% used [0x0000000085800000,0x00000000d72e9588,0x00000000d7300000)
 Metaspace       used 8450K, capacity 8662K, committed 8704K, reserved 1056768K
  class space    used 898K, capacity 1007K, committed 1024K, reserved 1048576K
}
Event: 33.568 GC heap before
{Heap before GC invocations=34 (full 13):
 PSYoungGen      total 445952K, used 223232K [0x00000000d7300000, 0x0000000100000000, 0x0000000100000000)
  eden space 223232K, 100% used [0x00000000d7300000,0x00000000e4d00000,0x00000000e4d00000)
  from space 222720K, 0% used [0x00000000e4d00000,0x00000000e4d00000,0x00000000f2680000)
  to   space 222720K, 0% used [0x00000000f2680000,0x00000000f2680000,0x0000000100000000)
 ParOldGen       total 1338368K, used 1338277K [0x0000000085800000, 0x00000000d7300000, 0x00000000d7300000)
  object space 1338368K, 99% used [0x0000000085800000,0x00000000d72e9588,0x00000000d7300000)
 Metaspace       used 8450K, capacity 8662K, committed 8704K, reserved 1056768K
  class space    used 898K, capacity 1007K, committed 1024K, reserved 1048576K
Event: 36.347 GC heap after
Heap after GC invocations=34 (full 13):
 PSYoungGen      total 445952K, used 33210K [0x00000000d7300000, 0x0000000100000000, 0x0000000100000000)
  eden space 223232K, 14% used [0x00000000d7300000,0x00000000d936eb60,0x00000000e4d00000)
  from space 222720K, 0% used [0x00000000e4d00000,0x00000000e4d00000,0x00000000f2680000)
  to   space 222720K, 0% used [0x00000000f2680000,0x00000000f2680000,0x0000000100000000)
 ParOldGen       total 1338368K, used 1338276K [0x0000000085800000, 0x00000000d7300000, 0x00000000d7300000)
  object space 1338368K, 99% used [0x0000000085800000,0x00000000d72e9218,0x00000000d7300000)
 Metaspace       used 8450K, capacity 8662K, committed 8704K, reserved 1056768K
  class space    used 898K, capacity 1007K, committed 1024K, reserved 1048576K
}
Event: 36.511 GC heap before
{Heap before GC invocations=35 (full 14):
 PSYoungGen      total 445952K, used 223232K [0x00000000d7300000, 0x0000000100000000, 0x0000000100000000)
  eden space 223232K, 100% used [0x00000000d7300000,0x00000000e4d00000,0x00000000e4d00000)
  from space 222720K, 0% used [0x00000000e4d00000,0x00000000e4d00000,0x00000000f2680000)
  to   space 222720K, 0% used [0x00000000f2680000,0x00000000f2680000,0x0000000100000000)
 ParOldGen       total 1338368K, used 1338276K [0x0000000085800000, 0x00000000d7300000, 0x00000000d7300000)
  object space 1338368K, 99% used [0x0000000085800000,0x00000000d72e9218,0x00000000d7300000)
 Metaspace       used 8450K, capacity 8662K, committed 8704K, reserved 1056768K
  class space    used 898K, capacity 1007K, committed 1024K, reserved 1048576K

Deoptimization events (10 events):
Event: 18.052 Thread 0x00007f4ac800c800 Uncommon trap: reason=class_check action=maybe_recompile pc=0x00007f4ab9486614 method=java.util.regex.Pattern$Branch.match(Ljava/util/regex/Matcher;ILjava/lang/CharSequence;)Z @ 32
Event: 18.057 Thread 0x00007f4ac800c800 Uncommon trap: reason=bimorphic action=maybe_recompile pc=0x00007f4ab94b34e0 method=java.util.regex.Matcher.search(I)Z @ 86
Event: 18.068 Thread 0x00007f4ac800c800 Uncommon trap: reason=class_check action=maybe_recompile pc=0x00007f4ab9486614 method=java.util.regex.Pattern$Branch.match(Ljava/util/regex/Matcher;ILjava/lang/CharSequence;)Z @ 32
Event: 18.154 Thread 0x00007f4ac800c800 Uncommon trap: reason=unstable_if action=reinterpret pc=0x00007f4ab94bd4bc method=java.util.regex.Matcher.replaceAll(Ljava/lang/String;)Ljava/lang/String; @ 35
Event: 18.173 Thread 0x00007f4ac800c800 Uncommon trap: reason=unstable_if action=reinterpret pc=0x00007f4ab94ee3f8 method=java.util.regex.Matcher.replaceAll(Ljava/lang/String;)Ljava/lang/String; @ 35
Event: 21.430 Thread 0x00007f4ac800c800 Uncommon trap: reason=class_check action=maybe_recompile pc=0x00007f4ab94a33c0 method=java.util.regex.Pattern$BnM.match(Ljava/util/regex/Matcher;ILjava/lang/CharSequence;)Z @ 111
Event: 21.433 Thread 0x00007f4ac800c800 Uncommon trap: reason=class_check action=maybe_recompile pc=0x00007f4ab94a33c0 method=java.util.regex.Pattern$BnM.match(Ljava/util/regex/Matcher;ILjava/lang/CharSequence;)Z @ 111
Event: 21.456 Thread 0x00007f4ac800c800 Uncommon trap: reason=class_check action=maybe_recompile pc=0x00007f4ab94a33c0 method=java.util.regex.Pattern$BnM.match(Ljava/util/regex/Matcher;ILjava/lang/CharSequence;)Z @ 111
Event: 24.363 Thread 0x00007f4ac800c800 Uncommon trap: reason=class_check action=maybe_recompile pc=0x00007f4ab94a33c0 method=java.util.regex.Pattern$BnM.match(Ljava/util/regex/Matcher;ILjava/lang/CharSequence;)Z @ 111
Event: 27.549 Thread 0x00007f4ac800c800 Uncommon trap: reason=unstable_if action=reinterpret pc=0x00007f4ab9521d10 method=org.apache.commons.lang3.StringUtils.isEmpty(Ljava/lang/CharSequence;)Z @ 10

Classes redefined (0 events):
No events

Internal exceptions (8 events):
Event: 0.044 Thread 0x00007f4ac800c800 Exception <a 'java/lang/NoSuchMethodError': Method sun.misc.Unsafe.defineClass(Ljava/lang/String;[BII)Ljava/lang/Class; name or signature does not match> (0x00000000d7307cb0) thrown at [/HUDSON/workspace/8-2-build-linux-amd64/jdk8u211/12973/hotspot/src/sh
Event: 0.044 Thread 0x00007f4ac800c800 Exception <a 'java/lang/NoSuchMethodError': Method sun.misc.Unsafe.prefetchRead(Ljava/lang/Object;J)V name or signature does not match> (0x00000000d7307f98) thrown at [/HUDSON/workspace/8-2-build-linux-amd64/jdk8u211/12973/hotspot/src/share/vm/prims/jni.c
Event: 0.199 Thread 0x00007f4ac800c800 Exception <a 'java/lang/NoSuchFieldError': method resolution failed> (0x00000000d75e4948) thrown at [/HUDSON/workspace/8-2-build-linux-amd64/jdk8u211/12973/hotspot/src/share/vm/prims/methodHandles.cpp, line 1167]
Event: 0.201 Thread 0x00007f4ac800c800 Exception <a 'java/lang/NoSuchFieldError': method resolution failed> (0x00000000d75f1d48) thrown at [/HUDSON/workspace/8-2-build-linux-amd64/jdk8u211/12973/hotspot/src/share/vm/prims/methodHandles.cpp, line 1167]
Event: 0.293 Thread 0x00007f4ac800c800 Exception <a 'java/security/PrivilegedActionException'> (0x00000000d78e09e8) thrown at [/HUDSON/workspace/8-2-build-linux-amd64/jdk8u211/12973/hotspot/src/share/vm/prims/jvm.cpp, line 1502]
Event: 0.293 Thread 0x00007f4ac800c800 Exception <a 'java/security/PrivilegedActionException'> (0x00000000d78e0de0) thrown at [/HUDSON/workspace/8-2-build-linux-amd64/jdk8u211/12973/hotspot/src/share/vm/prims/jvm.cpp, line 1502]
Event: 0.294 Thread 0x00007f4ac800c800 Exception <a 'java/security/PrivilegedActionException'> (0x00000000d78e3418) thrown at [/HUDSON/workspace/8-2-build-linux-amd64/jdk8u211/12973/hotspot/src/share/vm/prims/jvm.cpp, line 1502]
Event: 0.294 Thread 0x00007f4ac800c800 Exception <a 'java/security/PrivilegedActionException'> (0x00000000d78e3810) thrown at [/HUDSON/workspace/8-2-build-linux-amd64/jdk8u211/12973/hotspot/src/share/vm/prims/jvm.cpp, line 1502]

Events (10 events):
Event: 27.549 Thread 0x00007f4ac800c800 Uncommon trap: trap_request=0xffffff65 fr.pc=0x00007f4ab9521d10
Event: 27.549 Thread 0x00007f4ac800c800 DEOPT PACKING pc=0x00007f4ab9521d10 sp=0x00007f4ad10a9fc0
Event: 27.549 Thread 0x00007f4ac800c800 DEOPT UNPACKING pc=0x00007f4ab904573a sp=0x00007f4ad10a9f18 mode 2
Event: 27.588 Executing VM operation: ParallelGCFailedAllocation
Event: 30.387 Executing VM operation: ParallelGCFailedAllocation done
Event: 30.556 Executing VM operation: ParallelGCFailedAllocation
Event: 33.399 Executing VM operation: ParallelGCFailedAllocation done
Event: 33.568 Executing VM operation: ParallelGCFailedAllocation
Event: 36.347 Executing VM operation: ParallelGCFailedAllocation done
Event: 36.511 Executing VM operation: ParallelGCFailedAllocation


Dynamic libraries:
00400000-00401000 r-xp 00000000 08:01 29492542                           /opt/jdk/jdk1.8.0_211/bin/java
00600000-00601000 r--p 00000000 08:01 29492542                           /opt/jdk/jdk1.8.0_211/bin/java
00601000-00602000 rw-p 00001000 08:01 29492542                           /opt/jdk/jdk1.8.0_211/bin/java
023df000-02400000 rw-p 00000000 00:00 0                                  [heap]
85800000-d7300000 rw-p 00000000 00:00 0 
d7300000-100000000 rw-p 00000000 00:00 0 
100000000-100100000 rw-p 00000000 00:00 0 
100100000-140000000 ---p 00000000 00:00 0 
7f4a7bde8000-7f4a7bdff000 r-xp 00000000 08:01 19270809                   /lib/x86_64-linux-gnu/libgcc_s.so.1
7f4a7bdff000-7f4a7bffe000 ---p 00017000 08:01 19270809                   /lib/x86_64-linux-gnu/libgcc_s.so.1
7f4a7bffe000-7f4a7bfff000 r--p 00016000 08:01 19270809                   /lib/x86_64-linux-gnu/libgcc_s.so.1
7f4a7bfff000-7f4a7c000000 rw-p 00017000 08:01 19270809                   /lib/x86_64-linux-gnu/libgcc_s.so.1
7f4a7c000000-7f4a7c021000 rw-p 00000000 00:00 0 
7f4a7c021000-7f4a80000000 ---p 00000000 00:00 0 
7f4a80000000-7f4a80021000 rw-p 00000000 00:00 0 
7f4a80021000-7f4a84000000 ---p 00000000 00:00 0 
7f4a84000000-7f4a84b35000 rw-p 00000000 00:00 0 
7f4a84b35000-7f4a88000000 ---p 00000000 00:00 0 
7f4a88000000-7f4a883d8000 rw-p 00000000 00:00 0 
7f4a883d8000-7f4a8c000000 ---p 00000000 00:00 0 
7f4a8c000000-7f4a8cffe000 rw-p 00000000 00:00 0 
7f4a8cffe000-7f4a90000000 ---p 00000000 00:00 0 
7f4a90000000-7f4a90021000 rw-p 00000000 00:00 0 
7f4a90021000-7f4a94000000 ---p 00000000 00:00 0 
7f4a94000000-7f4a94021000 rw-p 00000000 00:00 0 
7f4a94021000-7f4a98000000 ---p 00000000 00:00 0 
7f4a98000000-7f4a98021000 rw-p 00000000 00:00 0 
7f4a98021000-7f4a9c000000 ---p 00000000 00:00 0 
7f4a9c000000-7f4a9c021000 rw-p 00000000 00:00 0 
7f4a9c021000-7f4aa0000000 ---p 00000000 00:00 0 
7f4aa0000000-7f4aa0021000 rw-p 00000000 00:00 0 
7f4aa0021000-7f4aa4000000 ---p 00000000 00:00 0 
7f4aa4000000-7f4aa429b000 rw-p 00000000 00:00 0 
7f4aa429b000-7f4aa8000000 ---p 00000000 00:00 0 
7f4aa8170000-7f4aa81a8000 r-xp 00000000 08:01 29492859                   /opt/jdk/jdk1.8.0_211/jre/lib/amd64/libsunec.so
7f4aa81a8000-7f4aa83a7000 ---p 00038000 08:01 29492859                   /opt/jdk/jdk1.8.0_211/jre/lib/amd64/libsunec.so
7f4aa83a7000-7f4aa83ac000 r--p 00037000 08:01 29492859                   /opt/jdk/jdk1.8.0_211/jre/lib/amd64/libsunec.so
7f4aa83ac000-7f4aa83ae000 rw-p 0003c000 08:01 29492859                   /opt/jdk/jdk1.8.0_211/jre/lib/amd64/libsunec.so
7f4aa83ae000-7f4aab3af000 rw-p 00000000 00:00 0 
7f4aab3af000-7f4aab3c5000 r-xp 00000000 08:01 29492852                   /opt/jdk/jdk1.8.0_211/jre/lib/amd64/libnet.so
7f4aab3c5000-7f4aab5c4000 ---p 00016000 08:01 29492852                   /opt/jdk/jdk1.8.0_211/jre/lib/amd64/libnet.so
7f4aab5c4000-7f4aab5c5000 r--p 00015000 08:01 29492852                   /opt/jdk/jdk1.8.0_211/jre/lib/amd64/libnet.so
7f4aab5c5000-7f4aab5c6000 rw-p 00016000 08:01 29492852                   /opt/jdk/jdk1.8.0_211/jre/lib/amd64/libnet.so
7f4aab5c6000-7f4aab5d7000 r-xp 00000000 08:01 29492912                   /opt/jdk/jdk1.8.0_211/jre/lib/amd64/libnio.so
7f4aab5d7000-7f4aab7d6000 ---p 00011000 08:01 29492912                   /opt/jdk/jdk1.8.0_211/jre/lib/amd64/libnio.so
7f4aab7d6000-7f4aab7d7000 r--p 00010000 08:01 29492912                   /opt/jdk/jdk1.8.0_211/jre/lib/amd64/libnio.so
7f4aab7d7000-7f4aab7d8000 rw-p 00011000 08:01 29492912                   /opt/jdk/jdk1.8.0_211/jre/lib/amd64/libnio.so
7f4aab7d8000-7f4aab91e000 r--s 01421000 08:01 23858243                   /home/chinmay/eclipse-workspace/MexicoDataProcess/jars/selenium-server-standalone-3.5.3.jar
7f4aab91e000-7f4aab91f000 ---p 00000000 00:00 0 
7f4aab91f000-7f4aaba1f000 rw-p 00000000 00:00 0 
7f4aaba1f000-7f4aaba22000 ---p 00000000 00:00 0 
7f4aaba22000-7f4aabb20000 rw-p 00000000 00:00 0 
7f4aabb20000-7f4aabb21000 ---p 00000000 00:00 0 
7f4aabb21000-7f4aabb24000 ---p 00000000 00:00 0 
7f4aabb24000-7f4aabc21000 rw-p 00000000 00:00 0 
7f4aabc21000-7f4aabc22000 ---p 00000000 00:00 0 
7f4aabc22000-7f4aabc25000 ---p 00000000 00:00 0 
7f4aabc25000-7f4aabd22000 rw-p 00000000 00:00 0 
7f4aabd22000-7f4aac000000 r--p 00000000 08:01 15335669                   /usr/lib/locale/locale-archive
7f4aac000000-7f4aac021000 rw-p 00000000 00:00 0 
7f4aac021000-7f4ab0000000 ---p 00000000 00:00 0 
7f4ab00be000-7f4ab00bf000 ---p 00000000 00:00 0 
7f4ab00bf000-7f4ab00c2000 ---p 00000000 00:00 0 
7f4ab00c2000-7f4ab01bf000 rw-p 00000000 00:00 0 
7f4ab01bf000-7f4ab01c2000 ---p 00000000 00:00 0 
7f4ab01c2000-7f4ab4000000 rw-p 00000000 00:00 0 
7f4ab4000000-7f4ab4021000 rw-p 00000000 00:00 0 
7f4ab4021000-7f4ab8000000 ---p 00000000 00:00 0 
7f4ab8083000-7f4ab8085000 r--s 00009000 08:01 29492797                   /opt/jdk/jdk1.8.0_211/jre/lib/ext/sunec.jar
7f4ab8085000-7f4ab8089000 r--s 0003b000 08:01 29492805                   /opt/jdk/jdk1.8.0_211/jre/lib/ext/sunpkcs11.jar
7f4ab8089000-7f4ab808c000 r--s 0001a000 08:01 29492691                   /opt/jdk/jdk1.8.0_211/jre/lib/jce.jar
7f4ab808c000-7f4ab8091000 r--s 000a3000 08:01 29492810                   /opt/jdk/jdk1.8.0_211/jre/lib/jsse.jar
7f4ab8091000-7f4ab80c6000 rw-p 00000000 00:00 0 
7f4ab80c6000-7f4ab80cf000 r--s 0006f000 08:01 23858256                   /home/chinmay/eclipse-workspace/MexicoDataProcess/jars/log4j-1.2.17.jar
7f4ab80cf000-7f4ab80d7000 r--s 00048000 08:01 23858228                   /home/chinmay/eclipse-workspace/MexicoDataProcess/jars/httpcore-4.4.6.jar
7f4ab80d7000-7f4ab80e4000 r--s 000aa000 08:01 23858253                   /home/chinmay/eclipse-workspace/MexicoDataProcess/jars/httpclient-4.5.3.jar
7f4ab80e4000-7f4ab80e6000 r--s 00007000 08:01 23858237                   /home/chinmay/eclipse-workspace/MexicoDataProcess/jars/fuzzywuzzy/fuzzywuzzy-1.1.9.jar
7f4ab80e6000-7f4ab80ea000 r--s 0002a000 08:01 24248414                   /home/chinmay/eclipse-workspace/MexicoDataProcess/jars/validator/commons-validator-1.6.jar
7f4ab80ea000-7f4ab80ec000 r--s 0000d000 08:01 23858250                   /home/chinmay/eclipse-workspace/MexicoDataProcess/jars/SuperCSV-1.52.jar
7f4ab80ec000-7f4ab80f1000 r--s 00659000 08:01 23858245                   /home/chinmay/eclipse-workspace/MexicoDataProcess/jars/sqlite-jdbc-3.21.0.jar
7f4ab80f1000-7f4ab80f4000 ---p 00000000 00:00 0 
7f4ab80f4000-7f4ab81f2000 rw-p 00000000 00:00 0 
7f4ab81f2000-7f4ab81f5000 ---p 00000000 00:00 0 
7f4ab81f5000-7f4ab82f3000 rw-p 00000000 00:00 0 
7f4ab82f3000-7f4ab82f4000 ---p 00000000 00:00 0 
7f4ab82f4000-7f4ab9000000 rw-p 00000000 00:00 0 
7f4ab9000000-7f4ab9560000 rwxp 00000000 00:00 0 
7f4ab9560000-7f4ac8000000 ---p 00000000 00:00 0 
7f4ac8000000-7f4ac85bd000 rw-p 00000000 00:00 0 
7f4ac85bd000-7f4acc000000 ---p 00000000 00:00 0 
7f4acc001000-7f4acc004000 r--s 00017000 08:01 23858254                   /home/chinmay/eclipse-workspace/MexicoDataProcess/jars/opencsv-4.0.jar
7f4acc004000-7f4acc00c000 r--s 00098000 08:01 23858226                   /home/chinmay/eclipse-workspace/MexicoDataProcess/jars/javax.mail-1.6.1.jar
7f4acc00c000-7f4acc011000 r--s 0002a000 08:01 23858225                   /home/chinmay/eclipse-workspace/MexicoDataProcess/jars/gson-2.2.2.jar
7f4acc011000-7f4acc013000 r--s 0000e000 08:01 23858249                   /home/chinmay/eclipse-workspace/MexicoDataProcess/jars/commons-logging-1.2.jar
7f4acc013000-7f4acc01b000 r--s 00072000 08:01 23858244                   /home/chinmay/eclipse-workspace/MexicoDataProcess/jars/commons-lang3-3.7.jar
7f4acc01b000-7f4acc01f000 r--s 0002f000 08:01 23858239                   /home/chinmay/eclipse-workspace/MexicoDataProcess/jars/commons-io-2.5.jar
7f4acc01f000-7f4acc02d000 r--s 0007f000 08:01 23858255                   /home/chinmay/eclipse-workspace/MexicoDataProcess/jars/commons-collections-3.2.1.jar
7f4acc02d000-7f4acc034000 r--s 0004b000 08:01 23858248                   /home/chinmay/eclipse-workspace/MexicoDataProcess/jars/commons-codec-1.11.jar
7f4acc034000-7f4acc40a000 rw-p 00000000 00:00 0 
7f4acc40a000-7f4acc5e4000 r--s 03d6d000 08:01 29492601                   /opt/jdk/jdk1.8.0_211/jre/lib/rt.jar
7f4acc5e4000-7f4accdda000 rw-p 00000000 00:00 0 
7f4accdda000-7f4acce5a000 ---p 00000000 00:00 0 
7f4acce5a000-7f4acd22e000 rw-p 00000000 00:00 0 
7f4acd22e000-7f4acd22f000 ---p 00000000 00:00 0 
7f4acd22f000-7f4acd32f000 rw-p 00000000 00:00 0 
7f4acd32f000-7f4acd330000 ---p 00000000 00:00 0 
7f4acd330000-7f4acd430000 rw-p 00000000 00:00 0 
7f4acd430000-7f4acd431000 ---p 00000000 00:00 0 
7f4acd431000-7f4acd531000 rw-p 00000000 00:00 0 
7f4acd531000-7f4acd532000 ---p 00000000 00:00 0 
7f4acd532000-7f4acd8c0000 rw-p 00000000 00:00 0 
7f4acd8c0000-7f4acdb4d000 rw-p 00000000 00:00 0 
7f4acdb4d000-7f4acdc94000 rw-p 00000000 00:00 0 
7f4acdc94000-7f4acdcab000 rw-p 00000000 00:00 0 
7f4acdcab000-7f4ace055000 ---p 00000000 00:00 0 
7f4ace055000-7f4ace070000 r-xp 00000000 08:01 29492875                   /opt/jdk/jdk1.8.0_211/jre/lib/amd64/libzip.so
7f4ace070000-7f4ace26f000 ---p 0001b000 08:01 29492875                   /opt/jdk/jdk1.8.0_211/jre/lib/amd64/libzip.so
7f4ace26f000-7f4ace270000 r--p 0001a000 08:01 29492875                   /opt/jdk/jdk1.8.0_211/jre/lib/amd64/libzip.so
7f4ace270000-7f4ace271000 rw-p 0001b000 08:01 29492875                   /opt/jdk/jdk1.8.0_211/jre/lib/amd64/libzip.so
7f4ace271000-7f4ace27c000 r-xp 00000000 08:01 19268294                   /lib/x86_64-linux-gnu/libnss_files-2.27.so
7f4ace27c000-7f4ace47b000 ---p 0000b000 08:01 19268294                   /lib/x86_64-linux-gnu/libnss_files-2.27.so
7f4ace47b000-7f4ace47c000 r--p 0000a000 08:01 19268294                   /lib/x86_64-linux-gnu/libnss_files-2.27.so
7f4ace47c000-7f4ace47d000 rw-p 0000b000 08:01 19268294                   /lib/x86_64-linux-gnu/libnss_files-2.27.so
7f4ace47d000-7f4ace483000 rw-p 00000000 00:00 0 
7f4ace483000-7f4ace49a000 r-xp 00000000 08:01 19268291                   /lib/x86_64-linux-gnu/libnsl-2.27.so
7f4ace49a000-7f4ace699000 ---p 00017000 08:01 19268291                   /lib/x86_64-linux-gnu/libnsl-2.27.so
7f4ace699000-7f4ace69a000 r--p 00016000 08:01 19268291                   /lib/x86_64-linux-gnu/libnsl-2.27.so
7f4ace69a000-7f4ace69b000 rw-p 00017000 08:01 19268291                   /lib/x86_64-linux-gnu/libnsl-2.27.so
7f4ace69b000-7f4ace69d000 rw-p 00000000 00:00 0 
7f4ace69d000-7f4ace6a8000 r-xp 00000000 08:01 19268296                   /lib/x86_64-linux-gnu/libnss_nis-2.27.so
7f4ace6a8000-7f4ace8a7000 ---p 0000b000 08:01 19268296                   /lib/x86_64-linux-gnu/libnss_nis-2.27.so
7f4ace8a7000-7f4ace8a8000 r--p 0000a000 08:01 19268296                   /lib/x86_64-linux-gnu/libnss_nis-2.27.so
7f4ace8a8000-7f4ace8a9000 rw-p 0000b000 08:01 19268296                   /lib/x86_64-linux-gnu/libnss_nis-2.27.so
7f4ace8a9000-7f4ace8b1000 r-xp 00000000 08:01 19268292                   /lib/x86_64-linux-gnu/libnss_compat-2.27.so
7f4ace8b1000-7f4aceab1000 ---p 00008000 08:01 19268292                   /lib/x86_64-linux-gnu/libnss_compat-2.27.so
7f4aceab1000-7f4aceab2000 r--p 00008000 08:01 19268292                   /lib/x86_64-linux-gnu/libnss_compat-2.27.so
7f4aceab2000-7f4aceab3000 rw-p 00009000 08:01 19268292                   /lib/x86_64-linux-gnu/libnss_compat-2.27.so
7f4aceab3000-7f4aceadf000 r-xp 00000000 08:01 29492866                   /opt/jdk/jdk1.8.0_211/jre/lib/amd64/libjava.so
7f4aceadf000-7f4acecdf000 ---p 0002c000 08:01 29492866                   /opt/jdk/jdk1.8.0_211/jre/lib/amd64/libjava.so
7f4acecdf000-7f4acece0000 r--p 0002c000 08:01 29492866                   /opt/jdk/jdk1.8.0_211/jre/lib/amd64/libjava.so
7f4acece0000-7f4acece2000 rw-p 0002d000 08:01 29492866                   /opt/jdk/jdk1.8.0_211/jre/lib/amd64/libjava.so
7f4acece2000-7f4acecef000 r-xp 00000000 08:01 29492857                   /opt/jdk/jdk1.8.0_211/jre/lib/amd64/libverify.so
7f4acecef000-7f4aceeee000 ---p 0000d000 08:01 29492857                   /opt/jdk/jdk1.8.0_211/jre/lib/amd64/libverify.so
7f4aceeee000-7f4aceef0000 r--p 0000c000 08:01 29492857                   /opt/jdk/jdk1.8.0_211/jre/lib/amd64/libverify.so
7f4aceef0000-7f4aceef1000 rw-p 0000e000 08:01 29492857                   /opt/jdk/jdk1.8.0_211/jre/lib/amd64/libverify.so
7f4aceef1000-7f4aceef8000 r-xp 00000000 08:01 19268301                   /lib/x86_64-linux-gnu/librt-2.27.so
7f4aceef8000-7f4acf0f7000 ---p 00007000 08:01 19268301                   /lib/x86_64-linux-gnu/librt-2.27.so
7f4acf0f7000-7f4acf0f8000 r--p 00006000 08:01 19268301                   /lib/x86_64-linux-gnu/librt-2.27.so
7f4acf0f8000-7f4acf0f9000 rw-p 00007000 08:01 19268301                   /lib/x86_64-linux-gnu/librt-2.27.so
7f4acf0f9000-7f4acf296000 r-xp 00000000 08:01 19268288                   /lib/x86_64-linux-gnu/libm-2.27.so
7f4acf296000-7f4acf495000 ---p 0019d000 08:01 19268288                   /lib/x86_64-linux-gnu/libm-2.27.so
7f4acf495000-7f4acf496000 r--p 0019c000 08:01 19268288                   /lib/x86_64-linux-gnu/libm-2.27.so
7f4acf496000-7f4acf497000 rw-p 0019d000 08:01 19268288                   /lib/x86_64-linux-gnu/libm-2.27.so
7f4acf497000-7f4ad017f000 r-xp 00000000 08:01 29492873                   /opt/jdk/jdk1.8.0_211/jre/lib/amd64/server/libjvm.so
7f4ad017f000-7f4ad037e000 ---p 00ce8000 08:01 29492873                   /opt/jdk/jdk1.8.0_211/jre/lib/amd64/server/libjvm.so
7f4ad037e000-7f4ad0414000 r--p 00ce7000 08:01 29492873                   /opt/jdk/jdk1.8.0_211/jre/lib/amd64/server/libjvm.so
7f4ad0414000-7f4ad0445000 rw-p 00d7d000 08:01 29492873                   /opt/jdk/jdk1.8.0_211/jre/lib/amd64/server/libjvm.so
7f4ad0445000-7f4ad0480000 rw-p 00000000 00:00 0 
7f4ad0480000-7f4ad0667000 r-xp 00000000 08:01 19268284                   /lib/x86_64-linux-gnu/libc-2.27.so
7f4ad0667000-7f4ad0867000 ---p 001e7000 08:01 19268284                   /lib/x86_64-linux-gnu/libc-2.27.so
7f4ad0867000-7f4ad086b000 r--p 001e7000 08:01 19268284                   /lib/x86_64-linux-gnu/libc-2.27.so
7f4ad086b000-7f4ad086d000 rw-p 001eb000 08:01 19268284                   /lib/x86_64-linux-gnu/libc-2.27.so
7f4ad086d000-7f4ad0871000 rw-p 00000000 00:00 0 
7f4ad0871000-7f4ad0874000 r-xp 00000000 08:01 19268287                   /lib/x86_64-linux-gnu/libdl-2.27.so
7f4ad0874000-7f4ad0a73000 ---p 00003000 08:01 19268287                   /lib/x86_64-linux-gnu/libdl-2.27.so
7f4ad0a73000-7f4ad0a74000 r--p 00002000 08:01 19268287                   /lib/x86_64-linux-gnu/libdl-2.27.so
7f4ad0a74000-7f4ad0a75000 rw-p 00003000 08:01 19268287                   /lib/x86_64-linux-gnu/libdl-2.27.so
7f4ad0a75000-7f4ad0a8c000 r-xp 00000000 08:01 29491852                   /opt/jdk/jdk1.8.0_211/lib/amd64/jli/libjli.so
7f4ad0a8c000-7f4ad0c8b000 ---p 00017000 08:01 29491852                   /opt/jdk/jdk1.8.0_211/lib/amd64/jli/libjli.so
7f4ad0c8b000-7f4ad0c8c000 r--p 00016000 08:01 29491852                   /opt/jdk/jdk1.8.0_211/lib/amd64/jli/libjli.so
7f4ad0c8c000-7f4ad0c8d000 rw-p 00017000 08:01 29491852                   /opt/jdk/jdk1.8.0_211/lib/amd64/jli/libjli.so
7f4ad0c8d000-7f4ad0ca7000 r-xp 00000000 08:01 19268299                   /lib/x86_64-linux-gnu/libpthread-2.27.so
7f4ad0ca7000-7f4ad0ea6000 ---p 0001a000 08:01 19268299                   /lib/x86_64-linux-gnu/libpthread-2.27.so
7f4ad0ea6000-7f4ad0ea7000 r--p 00019000 08:01 19268299                   /lib/x86_64-linux-gnu/libpthread-2.27.so
7f4ad0ea7000-7f4ad0ea8000 rw-p 0001a000 08:01 19268299                   /lib/x86_64-linux-gnu/libpthread-2.27.so
7f4ad0ea8000-7f4ad0eac000 rw-p 00000000 00:00 0 
7f4ad0eac000-7f4ad0ed5000 r-xp 00000000 08:01 19268280                   /lib/x86_64-linux-gnu/ld-2.27.so
7f4ad0ed5000-7f4ad0ed6000 r--s 00005000 08:01 23858252                   /home/chinmay/eclipse-workspace/MexicoDataProcess/jars/json-simple-1.1.1.jar
7f4ad0ed6000-7f4ad0edb000 r--s 00084000 08:01 29492788                   /opt/jdk/jdk1.8.0_211/jre/lib/jfr.jar
7f4ad0edb000-7f4ad0ee0000 r--s 002f9000 08:01 29492600                   /opt/jdk/jdk1.8.0_211/jre/lib/charsets.jar
7f4ad0ee0000-7f4ad0fab000 rw-p 00000000 00:00 0 
7f4ad0fab000-7f4ad0fac000 ---p 00000000 00:00 0 
7f4ad0fac000-7f4ad0faf000 ---p 00000000 00:00 0 
7f4ad0faf000-7f4ad10b0000 rw-p 00000000 00:00 0 
7f4ad10b0000-7f4ad10b3000 r--s 0001a000 08:01 29492691                   /opt/jdk/jdk1.8.0_211/jre/lib/jce.jar
7f4ad10b3000-7f4ad10b8000 r--s 000a3000 08:01 29492810                   /opt/jdk/jdk1.8.0_211/jre/lib/jsse.jar
7f4ad10b8000-7f4ad10cb000 r--s 00345000 08:01 29492723                   /opt/jdk/jdk1.8.0_211/jre/lib/resources.jar
7f4ad10cb000-7f4ad10d3000 rw-s 00000000 08:01 19922987                   /tmp/hsperfdata_chinmay/9287
7f4ad10d3000-7f4ad10d4000 rw-p 00000000 00:00 0 
7f4ad10d4000-7f4ad10d5000 ---p 00000000 00:00 0 
7f4ad10d5000-7f4ad10d6000 r--p 00029000 08:01 19268280                   /lib/x86_64-linux-gnu/ld-2.27.so
7f4ad10d6000-7f4ad10d7000 rw-p 0002a000 08:01 19268280                   /lib/x86_64-linux-gnu/ld-2.27.so
7f4ad10d7000-7f4ad10d8000 rw-p 00000000 00:00 0 
7fff9c127000-7fff9c149000 rw-p 00000000 00:00 0                          [stack]
7fff9c199000-7fff9c19c000 r--p 00000000 00:00 0                          [vvar]
7fff9c19c000-7fff9c19d000 r-xp 00000000 00:00 0                          [vdso]
ffffffffff600000-ffffffffff601000 --xp 00000000 00:00 0                  [vsyscall]

VM Arguments:
jvm_args: -Dfile.encoding=UTF-8 
java_command: com.chinmay.test.CompareAddNumbersToAdd
java_class_path (initial): /opt/jdk/jdk1.8.0_211/jre/lib/resources.jar:/opt/jdk/jdk1.8.0_211/jre/lib/rt.jar:/opt/jdk/jdk1.8.0_211/jre/lib/jsse.jar:/opt/jdk/jdk1.8.0_211/jre/lib/jce.jar:/opt/jdk/jdk1.8.0_211/jre/lib/charsets.jar:/opt/jdk/jdk1.8.0_211/jre/lib/jfr.jar:/opt/jdk/jdk1.8.0_211/jre/lib/ext/nashorn.jar:/opt/jdk/jdk1.8.0_211/jre/lib/ext/zipfs.jar:/opt/jdk/jdk1.8.0_211/jre/lib/ext/sunpkcs11.jar:/opt/jdk/jdk1.8.0_211/jre/lib/ext/localedata.jar:/opt/jdk/jdk1.8.0_211/jre/lib/ext/jfxrt.jar:/opt/jdk/jdk1.8.0_211/jre/lib/ext/cldrdata.jar:/opt/jdk/jdk1.8.0_211/jre/lib/ext/sunjce_provider.jar:/opt/jdk/jdk1.8.0_211/jre/lib/ext/dnsns.jar:/opt/jdk/jdk1.8.0_211/jre/lib/ext/sunec.jar:/opt/jdk/jdk1.8.0_211/jre/lib/ext/jaccess.jar:/home/chinmay/eclipse-workspace/MexicoDataProcess/bin:/home/chinmay/eclipse-workspace/MexicoDataProcess/jars/commons-codec-1.11.jar:/home/chinmay/eclipse-workspace/MexicoDataProcess/jars/commons-collections-3.2.1.jar:/home/chinmay/eclipse-workspace/MexicoDataProcess/jars/commons-io-2.5.jar:/home/chinmay/eclipse-workspace/MexicoDataProcess/jars/commons-lang3-3.7.jar:/home/chinmay/eclipse-workspace/MexicoDataProcess/jars/commons-logging-1.2.jar:/home/chinmay/eclipse-workspace/MexicoDataProcess/jars/gson-2.2.2.jar:/home/chinmay/eclipse-workspace/MexicoDataProcess/jars/javax.mail-1.6.1.jar:/home/chinmay/eclipse-workspace/MexicoDataProcess/jars/json-simple-1.1.1.jar:/home/chinmay/eclipse-workspace/MexicoDataProcess/jars/opencsv-4.0.jar:/home/chinmay/eclipse-workspace/MexicoDataProcess/jars/sqlite-jdbc-3.21.0.jar:/home/chinmay/eclipse-workspace/MexicoDataProcess/jars/SuperCSV-1.52.jar:/home/chinmay/eclipse-workspace/MexicoDataProcess/jars/validator/commons-validator-1.6.jar:/home/chinmay/eclipse-workspace/MexicoDataProcess/jars/fuzzywuzzy/fuzzywuzzy-1.1.9.jar:/home/chinmay/eclipse-workspace/MexicoDataProcess/jars/httpclient-4.5.3.jar:/home/chinmay/eclipse-workspace/MexicoDataProcess/jars/httpcore-4.4.6.jar:/home/chinmay/eclipse-workspace/MexicoDataProc
Launcher Type: SUN_STANDARD

Environment Variables:
PATH=/home/chinmay/bin:/usr/local/sbin:/usr/local/bin:/usr/sbin:/usr/bin:/sbin:/bin:/usr/games:/usr/local/games:/snap/bin
USERNAME=chinmay
SHELL=/bin/bash
DISPLAY=:0

Signal Handlers:
SIGSEGV: [libjvm.so+0xad3d90], sa_mask[0]=11111111011111111101111111111110, sa_flags=SA_RESTART|SA_SIGINFO
SIGBUS: [libjvm.so+0xad3d90], sa_mask[0]=11111111011111111101111111111110, sa_flags=SA_RESTART|SA_SIGINFO
SIGFPE: [libjvm.so+0x90b8b0], sa_mask[0]=11111111011111111101111111111110, sa_flags=SA_RESTART|SA_SIGINFO
SIGPIPE: [libjvm.so+0x90b8b0], sa_mask[0]=11111111011111111101111111111110, sa_flags=SA_RESTART|SA_SIGINFO
SIGXFSZ: [libjvm.so+0x90b8b0], sa_mask[0]=11111111011111111101111111111110, sa_flags=SA_RESTART|SA_SIGINFO
SIGILL: [libjvm.so+0x90b8b0], sa_mask[0]=11111111011111111101111111111110, sa_flags=SA_RESTART|SA_SIGINFO
SIGUSR1: SIG_DFL, sa_mask[0]=00000000000000000000000000000000, sa_flags=none
SIGUSR2: [libjvm.so+0x90b780], sa_mask[0]=00100000000000000000000000000000, sa_flags=SA_RESTART|SA_SIGINFO
SIGHUP: [libjvm.so+0x90bda0], sa_mask[0]=11111111011111111101111111111110, sa_flags=SA_RESTART|SA_SIGINFO
SIGINT: [libjvm.so+0x90bda0], sa_mask[0]=11111111011111111101111111111110, sa_flags=SA_RESTART|SA_SIGINFO
SIGTERM: [libjvm.so+0x90bda0], sa_mask[0]=11111111011111111101111111111110, sa_flags=SA_RESTART|SA_SIGINFO
SIGQUIT: [libjvm.so+0x90bda0], sa_mask[0]=11111111011111111101111111111110, sa_flags=SA_RESTART|SA_SIGINFO


---------------  S Y S T E M  ---------------

OS:DISTRIB_ID=Ubuntu
DISTRIB_RELEASE=18.04
DISTRIB_CODENAME=bionic
DISTRIB_DESCRIPTION="Ubuntu 18.04.5 LTS"

uname:Linux 5.4.0-77-generic #86~18.04.1-Ubuntu SMP Fri Jun 18 01:23:22 UTC 2021 x86_64
libc:glibc 2.27 NPTL 2.27 
rlimit: STACK 8192k, CORE 0k, NPROC 31048, NOFILE 1048576, AS infinity
load average:2.72 2.82 2.30

/proc/meminfo:
MemTotal:        8022240 kB
MemFree:          127072 kB
MemAvailable:    1346760 kB
Buffers:          108188 kB
Cached:          2067952 kB
SwapCached:          956 kB
Active:          5913924 kB
Inactive:        1524932 kB
Active(anon):    5151628 kB
Inactive(anon):   892828 kB
Active(file):     762296 kB
Inactive(file):   632104 kB
Unevictable:       67512 kB
Mlocked:             304 kB
SwapTotal:       2097148 kB
SwapFree:        2077948 kB
Dirty:               320 kB
Writeback:           344 kB
AnonPages:       5329548 kB
Mapped:           994900 kB
Shmem:            783504 kB
KReclaimable:      89096 kB
Slab:             228160 kB
SReclaimable:      89096 kB
SUnreclaim:       139064 kB
KernelStack:       18720 kB
PageTables:        85928 kB
NFS_Unstable:          0 kB
Bounce:                0 kB
WritebackTmp:          0 kB
CommitLimit:     6108268 kB
Committed_AS:   15617320 kB
VmallocTotal:   34359738367 kB
VmallocUsed:       32536 kB
VmallocChunk:          0 kB
Percpu:             3248 kB
HardwareCorrupted:     0 kB
AnonHugePages:         0 kB
ShmemHugePages:        0 kB
ShmemPmdMapped:        0 kB
FileHugePages:         0 kB
FilePmdMapped:         0 kB
CmaTotal:              0 kB
CmaFree:               0 kB
HugePages_Total:       0
HugePages_Free:        0
HugePages_Rsvd:        0
HugePages_Surp:        0
Hugepagesize:       2048 kB
Hugetlb:               0 kB
DirectMap4k:      369068 kB
DirectMap2M:     7888896 kB
DirectMap1G:     1048576 kB

container (cgroup) information:
container_type: cgroupv1
cpu_cpuset_cpus: 0-3
cpu_memory_nodes: 0
active_processor_count: 4
cpu_quota: -1
cpu_period: 100000
cpu_shares: -1
memory_limit_in_bytes: -1
memory_and_swap_limit_in_bytes: -2
memory_soft_limit_in_bytes: -1
memory_usage_in_bytes: 6979153920
memory_max_usage_in_bytes: 7040585728


CPU:total 4 (initial active 4) (2 cores per cpu, 2 threads per core) family 6 model 60 stepping 3, cmov, cx8, fxsr, mmx, sse, sse2, sse3, ssse3, sse4.1, sse4.2, popcnt, avx, avx2, aes, clmul, erms, lzcnt, ht, tsc, tscinvbit, bmi1, bmi2

/proc/cpuinfo:
processor	: 0
vendor_id	: GenuineIntel
cpu family	: 6
model		: 60
model name	: Intel(R) Core(TM) i3-4160 CPU @ 3.60GHz
stepping	: 3
microcode	: 0x28
cpu MHz		: 3591.927
cache size	: 3072 KB
physical id	: 0
siblings	: 4
core id		: 0
cpu cores	: 2
apicid		: 0
initial apicid	: 0
fpu		: yes
fpu_exception	: yes
cpuid level	: 13
wp		: yes
flags		: fpu vme de pse tsc msr pae mce cx8 apic sep mtrr pge mca cmov pat pse36 clflush dts acpi mmx fxsr sse sse2 ss ht tm pbe syscall nx pdpe1gb rdtscp lm constant_tsc arch_perfmon pebs bts rep_good nopl xtopology nonstop_tsc cpuid aperfmperf pni pclmulqdq dtes64 monitor ds_cpl vmx est tm2 ssse3 sdbg fma cx16 xtpr pdcm pcid sse4_1 sse4_2 movbe popcnt tsc_deadline_timer aes xsave avx f16c rdrand lahf_lm abm cpuid_fault epb invpcid_single pti ssbd ibrs ibpb stibp tpr_shadow vnmi flexpriority ept vpid ept_ad fsgsbase tsc_adjust bmi1 avx2 smep bmi2 erms invpcid xsaveopt dtherm arat pln pts md_clear flush_l1d
bugs		: cpu_meltdown spectre_v1 spectre_v2 spec_store_bypass l1tf mds swapgs itlb_multihit srbds
bogomips	: 7183.85
clflush size	: 64
cache_alignment	: 64
address sizes	: 39 bits physical, 48 bits virtual
power management:

processor	: 1
vendor_id	: GenuineIntel
cpu family	: 6
model		: 60
model name	: Intel(R) Core(TM) i3-4160 CPU @ 3.60GHz
stepping	: 3
microcode	: 0x28
cpu MHz		: 3591.926
cache size	: 3072 KB
physical id	: 0
siblings	: 4
core id		: 1
cpu cores	: 2
apicid		: 2
initial apicid	: 2
fpu		: yes
fpu_exception	: yes
cpuid level	: 13
wp		: yes
flags		: fpu vme de pse tsc msr pae mce cx8 apic sep mtrr pge mca cmov pat pse36 clflush dts acpi mmx fxsr sse sse2 ss ht tm pbe syscall nx pdpe1gb rdtscp lm constant_tsc arch_perfmon pebs bts rep_good nopl xtopology nonstop_tsc cpuid aperfmperf pni pclmulqdq dtes64 monitor ds_cpl vmx est tm2 ssse3 sdbg fma cx16 xtpr pdcm pcid sse4_1 sse4_2 movbe popcnt tsc_deadline_timer aes xsave avx f16c rdrand lahf_lm abm cpuid_fault epb invpcid_single pti ssbd ibrs ibpb stibp tpr_shadow vnmi flexpriority ept vpid ept_ad fsgsbase tsc_adjust bmi1 avx2 smep bmi2 erms invpcid xsaveopt dtherm arat pln pts md_clear flush_l1d
bugs		: cpu_meltdown spectre_v1 spectre_v2 spec_store_bypass l1tf mds swapgs itlb_multihit srbds
bogomips	: 7183.85
clflush size	: 64
cache_alignment	: 64
address sizes	: 39 bits physical, 48 bits virtual
power management:

processor	: 2
vendor_id	: GenuineIntel
cpu family	: 6
model		: 60
model name	: Intel(R) Core(TM) i3-4160 CPU @ 3.60GHz
stepping	: 3
microcode	: 0x28
cpu MHz		: 3591.925
cache size	: 3072 KB
physical id	: 0
siblings	: 4
core id		: 0
cpu cores	: 2
apicid		: 1
initial apicid	: 1
fpu		: yes
fpu_exception	: yes
cpuid level	: 13
wp		: yes
flags		: fpu vme de pse tsc msr pae mce cx8 apic sep mtrr pge mca cmov pat pse36 clflush dts acpi mmx fxsr sse sse2 ss ht tm pbe syscall nx pdpe1gb rdtscp lm constant_tsc arch_perfmon pebs bts rep_good nopl xtopology nonstop_tsc cpuid aperfmperf pni pclmulqdq dtes64 monitor ds_cpl vmx est tm2 ssse3 sdbg fma cx16 xtpr pdcm pcid sse4_1 sse4_2 movbe popcnt tsc_deadline_timer aes xsave avx f16c rdrand lahf_lm abm cpuid_fault epb invpcid_single pti ssbd ibrs ibpb stibp tpr_shadow vnmi flexpriority ept vpid ept_ad fsgsbase tsc_adjust bmi1 avx2 smep bmi2 erms invpcid xsaveopt dtherm arat pln pts md_clear flush_l1d
bugs		: cpu_meltdown spectre_v1 spectre_v2 spec_store_bypass l1tf mds swapgs itlb_multihit srbds
bogomips	: 7183.85
clflush size	: 64
cache_alignment	: 64
address sizes	: 39 bits physical, 48 bits virtual
power management:

processor	: 3
vendor_id	: GenuineIntel
cpu family	: 6
model		: 60
model name	: Intel(R) Core(TM) i3-4160 CPU @ 3.60GHz
stepping	: 3
microcode	: 0x28
cpu MHz		: 3591.926
cache size	: 3072 KB
physical id	: 0
siblings	: 4
core id		: 1
cpu cores	: 2
apicid		: 3
initial apicid	: 3
fpu		: yes
fpu_exception	: yes
cpuid level	: 13
wp		: yes
flags		: fpu vme de pse tsc msr pae mce cx8 apic sep mtrr pge mca cmov pat pse36 clflush dts acpi mmx fxsr sse sse2 ss ht tm pbe syscall nx pdpe1gb rdtscp lm constant_tsc arch_perfmon pebs bts rep_good nopl xtopology nonstop_tsc cpuid aperfmperf pni pclmulqdq dtes64 monitor ds_cpl vmx est tm2 ssse3 sdbg fma cx16 xtpr pdcm pcid sse4_1 sse4_2 movbe popcnt tsc_deadline_timer aes xsave avx f16c rdrand lahf_lm abm cpuid_fault epb invpcid_single pti ssbd ibrs ibpb stibp tpr_shadow vnmi flexpriority ept vpid ept_ad fsgsbase tsc_adjust bmi1 avx2 smep bmi2 erms invpcid xsaveopt dtherm arat pln pts md_clear flush_l1d
bugs		: cpu_meltdown spectre_v1 spectre_v2 spec_store_bypass l1tf mds swapgs itlb_multihit srbds
bogomips	: 7183.85
clflush size	: 64
cache_alignment	: 64
address sizes	: 39 bits physical, 48 bits virtual
power management:



Memory: 4k page, physical 8022240k(128092k free), swap 2097148k(2077948k free)

vm_info: Java HotSpot(TM) 64-Bit Server VM (25.211-b12) for linux-amd64 JRE (1.8.0_211-b12), built on Apr  1 2019 20:39:34 by "java_re" with gcc 7.3.0

time: Sat Jun 26 17:55:39 2021
timezone: IST
elapsed time: 36 seconds (0d 0h 0m 36s)

