#
# A fatal error has been detected by the Java Runtime Environment:
#
#  SIGSEGV (0xb) at pc=0x00007fcc739e7241, pid=7791, tid=0x00007fcc71337700
#
# JRE version: Java(TM) SE Runtime Environment (8.0_211-b12) (build 1.8.0_211-b12)
# Java VM: Java HotSpot(TM) 64-Bit Server VM (25.211-b12 mixed mode linux-amd64 compressed oops)
# Problematic frame:
# V  [libjvm.so+0x648241]  oopDesc::size_given_klass(Klass*)+0x1
#
# Failed to write core dump. Core dumps have been disabled. To enable core dumping, try "ulimit -c unlimited" before starting Java again
#
# If you would like to submit a bug report, please visit:
#   http://bugreport.java.com/bugreport/crash.jsp
#

---------------  T H R E A D  ---------------

Current thread (0x00007fcc6c026000):  GCTaskThread [stack: 0x00007fcc71238000,0x00007fcc71338000] [id=7799]

siginfo: si_signo: 11 (SIGSEGV), si_code: 1 (SEGV_MAPERR), si_addr: 0x000000047dc27488

Registers:
RAX=0x00007fcc74337da0, RBX=0x00007fcc6c077820, RCX=0x0000000000000003, RDX=0x0000000000051c26
RSP=0x00007fcc71336c10, RBP=0x00007fcc71336ca0, RSI=0x000000047dc27480, RDI=0x000000008fb84c88
R8 =0x00007fcc7436ad80, R9 =0x000000008fb843fc, R10=0x0000000000000001, R11=0x0000000000000029
R12=0x0000000000000003, R13=0x000000008fb84348, R14=0x000000008fb84c88, R15=0x000000008fb8438c
RIP=0x00007fcc739e7241, EFLAGS=0x0000000000010202, CSGSFS=0x002b000000000033, ERR=0x0000000000000004
  TRAPNO=0x000000000000000e

Top of Stack: (sp=0x00007fcc71336c10)
0x00007fcc71336c10:   00007fcc71336ca0 00007fcc73c911fe
0x00007fcc71336c20:   000000009ec29f58 0000000000000001
0x00007fcc71336c30:   00007fcc7436ad80 0000000000000029
0x00007fcc71336c40:   000000008fb843fc 0000000000000029
0x00007fcc71336c50:   000000008fba1c88 0000000100001940
0x00007fcc71336c60:   00007fcc7436ad80 0000000000000006
0x00007fcc71336c70:   00007fcc6c0bb001 00007fcc6c077820
0x00007fcc71336c80:   0000000000000000 0000000000000000
0x00007fcc71336c90:   0000000000000002 00007fcc71336d14
0x00007fcc71336ca0:   00007fcc71336da0 00007fcc73cf6ef2
0x00007fcc71336cb0:   00007fcc71336da0 0000000000000017
0x00007fcc71336cc0:   00007fcc71336d14 0000000000000002
0x00007fcc71336cd0:   0000000000006a00 0000000000006a00
0x00007fcc71336ce0:   00007fcc71336d20 00007fcc71336d40
0x00007fcc71336cf0:   000000009ec29f58 00007fcc241db860
0x00007fcc71336d00:   0000000000000008 00007fcc6c077820
0x00007fcc71336d10:   18d9bcd574292978 000000008fb84348
0x00007fcc71336d20:   000000009ec29f58 00007fcc00006800
0x00007fcc71336d30:   00039d8500017dfc 00007fcc00006a00
0x00007fcc71336d40:   00039d8500017dfd 00007fcc73c6bfeb
0x00007fcc71336d50:   00007fcc6c021cc0 00007fcc6c021cc0
0x00007fcc71336d60:   00007fcc71336da0 00007fcc73960ad6
0x00007fcc71336d70:   00007fcc71336da0 0000000000000001
0x00007fcc71336d80:   00007fcc241db860 00007fcc6c026000
0x00007fcc71336d90:   0000000000000000 00007fcc7435c188
0x00007fcc71336da0:   00007fcc71336eb0 00007fcc73962816
0x00007fcc71336db0:   00000000000003d8 00007fcc6c026250
0x00007fcc71336dc0:   00007fcc6c026678 00007fcc6c0262a0
0x00007fcc71336dd0:   00007fcc71336e40 00007fcc6c026290
0x00007fcc71336de0:   00007fcc71336df8 00007fcc73f05e4e
0x00007fcc71336df0:   0000000000000000 0000000000000000
0x00007fcc71336e00:   00007fcc6c026000 00007fcc6c026680 

Instructions: (pc=0x00007fcc739e7241)
0x00007fcc739e7221:   5d c3 0f 1f 44 00 00 48 8d 35 91 f7 4c 00 bf 03
0x00007fcc739e7231:   00 00 00 e8 f7 b6 12 00 eb 9d 0f 1f 44 00 00 55
0x00007fcc739e7241:   8b 46 08 48 89 f2 48 89 e5 83 f8 00 7e 11 a8 01
0x00007fcc739e7251:   75 0f c1 f8 03 5d c3 0f 1f 84 00 00 00 00 00 75 

Register to memory mapping:

RAX=0x00007fcc74337da0: <offset 0xf98da0> in /opt/jdk/jdk1.8.0_211/jre/lib/amd64/server/libjvm.so at 0x00007fcc7339f000
RBX=0x00007fcc6c077820 is an unknown value
RCX=0x0000000000000003 is an unknown value
RDX=0x0000000000051c26 is an unknown value
RSP=0x00007fcc71336c10 is an unknown value
RBP=0x00007fcc71336ca0 is an unknown value
RSI=0x000000047dc27480 is an unknown value
RDI=0x000000008fb84c88 is pointing into object: 0x000000008fb84c08
[Ljava.lang.String; 
 - klass: 'java/lang/String'[]
 - length: 41
R8 =0x00007fcc7436ad80: <offset 0xfcbd80> in /opt/jdk/jdk1.8.0_211/jre/lib/amd64/server/libjvm.so at 0x00007fcc7339f000
R9 =0x000000008fb843fc is pointing into object: 0x000000008fb84348
[Ljava.lang.String; 
 - klass: 'java/lang/String'[]
 - length: 41
R10=0x0000000000000001 is an unknown value
R11=0x0000000000000029 is an unknown value
R12=0x0000000000000003 is an unknown value
R13=0x000000008fb84348 is an oop
[Ljava.lang.String; 
 - klass: 'java/lang/String'[]
 - length: 41
R14=0x000000008fb84c88 is pointing into object: 0x000000008fb84c08
[Ljava.lang.String; 
 - klass: 'java/lang/String'[]
 - length: 41
R15=0x000000008fb8438c is pointing into object: 0x000000008fb84348
[Ljava.lang.String; 
 - klass: 'java/lang/String'[]
 - length: 41


Stack: [0x00007fcc71238000,0x00007fcc71338000],  sp=0x00007fcc71336c10,  free space=1019k
Native frames: (J=compiled Java code, j=interpreted, Vv=VM code, C=native code)
V  [libjvm.so+0x648241]  oopDesc::size_given_klass(Klass*)+0x1
V  [libjvm.so+0x957ef2]  StealMarkingTask::do_it(GCTaskManager*, unsigned int)+0x422
V  [libjvm.so+0x5c3816]  GCTaskThread::run()+0x1b6
V  [libjvm.so+0x90d952]  java_start(Thread*)+0x102


---------------  P R O C E S S  ---------------

Java Threads: ( => current thread )
  0x00007fcc6c0c3000 JavaThread "Service Thread" daemon [_thread_blocked, id=7808, stack(0x00007fcc3ba1f000,0x00007fcc3bb20000)]
  0x00007fcc6c0c0000 JavaThread "C1 CompilerThread2" daemon [_thread_blocked, id=7807, stack(0x00007fcc3bb21000,0x00007fcc3bc21000)]
  0x00007fcc6c0be000 JavaThread "C2 CompilerThread1" daemon [_thread_blocked, id=7806, stack(0x00007fcc3bc22000,0x00007fcc3bd22000)]
  0x00007fcc6c0bb000 JavaThread "C2 CompilerThread0" daemon [_thread_blocked, id=7805, stack(0x00007fcc580af000,0x00007fcc581af000)]
  0x00007fcc6c0b9800 JavaThread "Signal Dispatcher" daemon [_thread_blocked, id=7804, stack(0x00007fcc581af000,0x00007fcc582b0000)]
  0x00007fcc6c087000 JavaThread "Finalizer" daemon [_thread_blocked, id=7803, stack(0x00007fcc582b0000,0x00007fcc583b1000)]
  0x00007fcc6c084800 JavaThread "Reference Handler" daemon [_thread_blocked, id=7802, stack(0x00007fcc583b1000,0x00007fcc584b2000)]
  0x00007fcc6c00c800 JavaThread "main" [_thread_blocked, id=7796, stack(0x00007fcc74eb4000,0x00007fcc74fb4000)]

Other Threads:
  0x00007fcc6c07a800 VMThread [stack: 0x00007fcc584b3000,0x00007fcc585b3000] [id=7801]
  0x00007fcc6c0c5800 WatcherThread [stack: 0x00007fcc3b91f000,0x00007fcc3ba1f000] [id=7809]

=>0x00007fcc6c026000 (exited) GCTaskThread [stack: 0x00007fcc71238000,0x00007fcc71338000] [id=7799]

VM state:at safepoint (normal execution)

VM Mutex/Monitor currently owned by a thread:  ([mutex/lock_event])
[0x00007fcc6c009000] Threads_lock - owner thread: 0x00007fcc6c07a800
[0x00007fcc6c009500] Heap_lock - owner thread: 0x00007fcc6c00c800

heap address: 0x0000000085800000, size: 1960 MB, Compressed Oops mode: 32-bit
Narrow klass base: 0x0000000000000000, Narrow klass shift: 3
Compressed class space size: 1073741824 Address: 0x0000000100000000

Heap:
 PSYoungGen      total 389632K, used 182624K [0x00000000d7300000, 0x00000000fca00000, 0x0000000100000000)
  eden space 166912K, 0% used [0x00000000d7300000,0x00000000d7300000,0x00000000e1600000)
  from space 222720K, 81% used [0x00000000eef80000,0x00000000fa1d8000,0x00000000fc900000)
  to   space 222720K, 0% used [0x00000000e1600000,0x00000000e1600000,0x00000000eef80000)
 ParOldGen       total 686592K, used 651030K [0x0000000085800000, 0x00000000af680000, 0x00000000d7300000)
  object space 686592K, 94% used [0x0000000085800000,0x00000000ad3c5a28,0x00000000af680000)
 Metaspace       used 8141K, capacity 8374K, committed 8448K, reserved 1056768K
  class space    used 871K, capacity 975K, committed 1024K, reserved 1048576K

Card table byte_map: [0x00007fcc717c8000,0x00007fcc71b9d000] byte_map_base: 0x00007fcc7139c000

Marking Bits: (ParMarkBitMap*) 0x00007fcc7436ad80
 Begin Bits: [0x00007fcc592c0000, 0x00007fcc5b160000)
 End Bits:   [0x00007fcc5b160000, 0x00007fcc5d000000)

Polling page: 0x00007fcc74fdc000

CodeCache: size=245760Kb used=4310Kb max_used=4331Kb free=241449Kb
 bounds [0x00007fcc5d000000, 0x00007fcc5d450000, 0x00007fcc6c000000]
 total_blobs=1382 nmethods=1052 adapters=244
 compilation: enabled

Compilation events (10 events):
Event: 3.147 Thread 0x00007fcc6c0be000 1050 %     4       com.opencsv.CSVReader::readAll @ 8 (37 bytes)
Event: 3.151 Thread 0x00007fcc6c0be000 nmethod 1050% 0x00007fcc5d4127d0 code [0x00007fcc5d412960, 0x00007fcc5d412dd8]
Event: 3.283 Thread 0x00007fcc6c0bb000 1051       4       com.opencsv.CSVReader::readAll (37 bytes)
Event: 3.287 Thread 0x00007fcc6c0bb000 nmethod 1051 0x00007fcc5d425650 code [0x00007fcc5d4257e0, 0x00007fcc5d425c38]
Event: 4.388 Thread 0x00007fcc6c0c0000 1052       3       com.opencsv.CSVParser::parseLine (563 bytes)
Event: 4.390 Thread 0x00007fcc6c0be000 1053       4       com.opencsv.CSVParser$StringFragmentCopier::isEmptyOutput (34 bytes)
Event: 4.390 Thread 0x00007fcc6c0be000 nmethod 1053 0x00007fcc5d3c8fd0 code [0x00007fcc5d3c9120, 0x00007fcc5d3c9198]
Event: 4.391 Thread 0x00007fcc6c0c0000 nmethod 1052 0x00007fcc5d4332d0 code [0x00007fcc5d433940, 0x00007fcc5d438658]
Event: 4.392 Thread 0x00007fcc6c0bb000 1054       4       com.opencsv.CSVParser::parseLine (563 bytes)
Event: 4.438 Thread 0x00007fcc6c0bb000 nmethod 1054 0x00007fcc5d43eb90 code [0x00007fcc5d43ef40, 0x00007fcc5d441658]

GC Heap History (10 events):
Event: 5.360 GC heap after
Heap after GC invocations=18 (full 3):
 PSYoungGen      total 333824K, used 222697K [0x00000000d7300000, 0x00000000fb100000, 0x0000000100000000)
  eden space 111104K, 0% used [0x00000000d7300000,0x00000000d7300000,0x00000000ddf80000)
  from space 222720K, 99% used [0x00000000ddf80000,0x00000000eb8fa798,0x00000000eb900000)
  to   space 222720K, 0% used [0x00000000ed780000,0x00000000ed780000,0x00000000fb100000)
 ParOldGen       total 423936K, used 338342K [0x0000000085800000, 0x000000009f600000, 0x00000000d7300000)
  object space 423936K, 79% used [0x0000000085800000,0x000000009a269800,0x000000009f600000)
 Metaspace       used 8141K, capacity 8374K, committed 8448K, reserved 1056768K
  class space    used 871K, capacity 975K, committed 1024K, reserved 1048576K
}
Event: 5.501 GC heap before
{Heap before GC invocations=19 (full 3):
 PSYoungGen      total 333824K, used 333801K [0x00000000d7300000, 0x00000000fb100000, 0x0000000100000000)
  eden space 111104K, 100% used [0x00000000d7300000,0x00000000ddf80000,0x00000000ddf80000)
  from space 222720K, 99% used [0x00000000ddf80000,0x00000000eb8fa798,0x00000000eb900000)
  to   space 222720K, 0% used [0x00000000ed780000,0x00000000ed780000,0x00000000fb100000)
 ParOldGen       total 423936K, used 338342K [0x0000000085800000, 0x000000009f600000, 0x00000000d7300000)
  object space 423936K, 79% used [0x0000000085800000,0x000000009a269800,0x000000009f600000)
 Metaspace       used 8141K, capacity 8374K, committed 8448K, reserved 1056768K
  class space    used 871K, capacity 975K, committed 1024K, reserved 1048576K
Event: 5.683 GC heap after
Heap after GC invocations=19 (full 3):
 PSYoungGen      total 365056K, used 222718K [0x00000000d7300000, 0x00000000fb280000, 0x0000000100000000)
  eden space 142336K, 0% used [0x00000000d7300000,0x00000000d7300000,0x00000000dfe00000)
  from space 222720K, 99% used [0x00000000ed780000,0x00000000fb0ffb58,0x00000000fb100000)
  to   space 222720K, 0% used [0x00000000dfe00000,0x00000000dfe00000,0x00000000ed780000)
 ParOldGen       total 423936K, used 415158K [0x0000000085800000, 0x000000009f600000, 0x00000000d7300000)
  object space 423936K, 97% used [0x0000000085800000,0x000000009ed6d800,0x000000009f600000)
 Metaspace       used 8141K, capacity 8374K, committed 8448K, reserved 1056768K
  class space    used 871K, capacity 975K, committed 1024K, reserved 1048576K
}
Event: 5.683 GC heap before
{Heap before GC invocations=20 (full 4):
 PSYoungGen      total 365056K, used 222718K [0x00000000d7300000, 0x00000000fb280000, 0x0000000100000000)
  eden space 142336K, 0% used [0x00000000d7300000,0x00000000d7300000,0x00000000dfe00000)
  from space 222720K, 99% used [0x00000000ed780000,0x00000000fb0ffb58,0x00000000fb100000)
  to   space 222720K, 0% used [0x00000000dfe00000,0x00000000dfe00000,0x00000000ed780000)
 ParOldGen       total 423936K, used 415158K [0x0000000085800000, 0x000000009f600000, 0x00000000d7300000)
  object space 423936K, 97% used [0x0000000085800000,0x000000009ed6d800,0x000000009f600000)
 Metaspace       used 8141K, capacity 8374K, committed 8448K, reserved 1056768K
  class space    used 871K, capacity 975K, committed 1024K, reserved 1048576K
Event: 7.568 GC heap after
Heap after GC invocations=20 (full 4):
 PSYoungGen      total 365056K, used 212746K [0x00000000d7300000, 0x00000000fb280000, 0x0000000100000000)
  eden space 142336K, 0% used [0x00000000d7300000,0x00000000d7300000,0x00000000dfe00000)
  from space 222720K, 95% used [0x00000000ed780000,0x00000000fa742b08,0x00000000fb100000)
  to   space 222720K, 0% used [0x00000000dfe00000,0x00000000dfe00000,0x00000000ed780000)
 ParOldGen       total 686592K, used 423518K [0x0000000085800000, 0x00000000af680000, 0x00000000d7300000)
  object space 686592K, 61% used [0x0000000085800000,0x000000009f597a28,0x00000000af680000)
 Metaspace       used 8141K, capacity 8374K, committed 8448K, reserved 1056768K
  class space    used 871K, capacity 975K, committed 1024K, reserved 1048576K
}
Event: 7.758 GC heap before
{Heap before GC invocations=21 (full 4):
 PSYoungGen      total 365056K, used 355082K [0x00000000d7300000, 0x00000000fb280000, 0x0000000100000000)
  eden space 142336K, 100% used [0x00000000d7300000,0x00000000dfe00000,0x00000000dfe00000)
  from space 222720K, 95% used [0x00000000ed780000,0x00000000fa742b08,0x00000000fb100000)
  to   space 222720K, 0% used [0x00000000dfe00000,0x00000000dfe00000,0x00000000ed780000)
 ParOldGen       total 686592K, used 423518K [0x0000000085800000, 0x00000000af680000, 0x00000000d7300000)
  object space 686592K, 61% used [0x0000000085800000,0x000000009f597a28,0x00000000af680000)
 Metaspace       used 8141K, capacity 8374K, committed 8448K, reserved 1056768K
  class space    used 871K, capacity 975K, committed 1024K, reserved 1048576K
Event: 7.997 GC heap after
Heap after GC invocations=21 (full 4):
 PSYoungGen      total 365056K, used 222720K [0x00000000d7300000, 0x00000000fc900000, 0x0000000100000000)
  eden space 142336K, 0% used [0x00000000d7300000,0x00000000d7300000,0x00000000dfe00000)
  from space 222720K, 100% used [0x00000000dfe00000,0x00000000ed780000,0x00000000ed780000)
  to   space 222720K, 0% used [0x00000000eef80000,0x00000000eef80000,0x00000000fc900000)
 ParOldGen       total 686592K, used 511774K [0x0000000085800000, 0x00000000af680000, 0x00000000d7300000)
  object space 686592K, 74% used [0x0000000085800000,0x00000000a4bc7a28,0x00000000af680000)
 Metaspace       used 8141K, capacity 8374K, committed 8448K, reserved 1056768K
  class space    used 871K, capacity 975K, committed 1024K, reserved 1048576K
}
Event: 8.186 GC heap before
{Heap before GC invocations=22 (full 4):
 PSYoungGen      total 365056K, used 365056K [0x00000000d7300000, 0x00000000fc900000, 0x0000000100000000)
  eden space 142336K, 100% used [0x00000000d7300000,0x00000000dfe00000,0x00000000dfe00000)
  from space 222720K, 100% used [0x00000000dfe00000,0x00000000ed780000,0x00000000ed780000)
  to   space 222720K, 0% used [0x00000000eef80000,0x00000000eef80000,0x00000000fc900000)
 ParOldGen       total 686592K, used 511774K [0x0000000085800000, 0x00000000af680000, 0x00000000d7300000)
  object space 686592K, 74% used [0x0000000085800000,0x00000000a4bc7a28,0x00000000af680000)
 Metaspace       used 8141K, capacity 8374K, committed 8448K, reserved 1056768K
  class space    used 871K, capacity 975K, committed 1024K, reserved 1048576K
Event: 8.390 GC heap after
Heap after GC invocations=22 (full 4):
 PSYoungGen      total 389632K, used 182624K [0x00000000d7300000, 0x00000000fca00000, 0x0000000100000000)
  eden space 166912K, 0% used [0x00000000d7300000,0x00000000d7300000,0x00000000e1600000)
  from space 222720K, 81% used [0x00000000eef80000,0x00000000fa1d8000,0x00000000fc900000)
  to   space 222720K, 0% used [0x00000000e1600000,0x00000000e1600000,0x00000000eef80000)
 ParOldGen       total 686592K, used 651030K [0x0000000085800000, 0x00000000af680000, 0x00000000d7300000)
  object space 686592K, 94% used [0x0000000085800000,0x00000000ad3c5a28,0x00000000af680000)
 Metaspace       used 8141K, capacity 8374K, committed 8448K, reserved 1056768K
  class space    used 871K, capacity 975K, committed 1024K, reserved 1048576K
}
Event: 8.390 GC heap before
{Heap before GC invocations=23 (full 5):
 PSYoungGen      total 389632K, used 182624K [0x00000000d7300000, 0x00000000fca00000, 0x0000000100000000)
  eden space 166912K, 0% used [0x00000000d7300000,0x00000000d7300000,0x00000000e1600000)
  from space 222720K, 81% used [0x00000000eef80000,0x00000000fa1d8000,0x00000000fc900000)
  to   space 222720K, 0% used [0x00000000e1600000,0x00000000e1600000,0x00000000eef80000)
 ParOldGen       total 686592K, used 651030K [0x0000000085800000, 0x00000000af680000, 0x00000000d7300000)
  object space 686592K, 94% used [0x0000000085800000,0x00000000ad3c5a28,0x00000000af680000)
 Metaspace       used 8141K, capacity 8374K, committed 8448K, reserved 1056768K
  class space    used 871K, capacity 975K, committed 1024K, reserved 1048576K

Deoptimization events (10 events):
Event: 2.527 Thread 0x00007fcc6c00c800 Uncommon trap: reason=bimorphic action=maybe_recompile pc=0x00007fcc5d231f64 method=java.util.HashMap.putVal(ILjava/lang/Object;Ljava/lang/Object;ZZ)Ljava/lang/Object; @ 91
Event: 2.532 Thread 0x00007fcc6c00c800 Uncommon trap: reason=bimorphic action=maybe_recompile pc=0x00007fcc5d231f64 method=java.util.HashMap.putVal(ILjava/lang/Object;Ljava/lang/Object;ZZ)Ljava/lang/Object; @ 91
Event: 2.534 Thread 0x00007fcc6c00c800 Uncommon trap: reason=bimorphic action=maybe_recompile pc=0x00007fcc5d231f64 method=java.util.HashMap.putVal(ILjava/lang/Object;Ljava/lang/Object;ZZ)Ljava/lang/Object; @ 91
Event: 2.536 Thread 0x00007fcc6c00c800 Uncommon trap: reason=bimorphic action=maybe_recompile pc=0x00007fcc5d231f64 method=java.util.HashMap.putVal(ILjava/lang/Object;Ljava/lang/Object;ZZ)Ljava/lang/Object; @ 91
Event: 2.648 Thread 0x00007fcc6c00c800 Uncommon trap: reason=unstable_if action=reinterpret pc=0x00007fcc5d3e04fc method=java.util.HashMap.putVal(ILjava/lang/Object;Ljava/lang/Object;ZZ)Ljava/lang/Object; @ 94
Event: 2.823 Thread 0x00007fcc6c00c800 Uncommon trap: reason=unstable_if action=reinterpret pc=0x00007fcc5d3c163c method=java.util.ArrayList$Itr.hasNext()Z @ 11
Event: 2.824 Thread 0x00007fcc6c00c800 Uncommon trap: reason=unstable_if action=reinterpret pc=0x00007fcc5d378d1c method=com.opencsv.CSVReader.getNextLine()Ljava/lang/String; @ 18
Event: 2.824 Thread 0x00007fcc6c00c800 Uncommon trap: reason=unstable_if action=reinterpret pc=0x00007fcc5d351acc method=com.opencsv.CSVParser.parseLine(Ljava/lang/String;Z)[Ljava/lang/String; @ 52
Event: 2.843 Thread 0x00007fcc6c00c800 Uncommon trap: reason=unstable_if action=reinterpret pc=0x00007fcc5d35e2e8 method=java.io.BufferedReader.read()I @ 19
Event: 4.388 Thread 0x00007fcc6c00c800 Uncommon trap: reason=unstable_if action=reinterpret pc=0x00007fcc5d41e32c method=com.opencsv.CSVParser.parseLine(Ljava/lang/String;Z)[Ljava/lang/String; @ 149

Classes redefined (0 events):
No events

Internal exceptions (8 events):
Event: 0.043 Thread 0x00007fcc6c00c800 Exception <a 'java/lang/NoSuchMethodError': Method sun.misc.Unsafe.defineClass(Ljava/lang/String;[BII)Ljava/lang/Class; name or signature does not match> (0x00000000d7307cb0) thrown at [/HUDSON/workspace/8-2-build-linux-amd64/jdk8u211/12973/hotspot/src/sh
Event: 0.043 Thread 0x00007fcc6c00c800 Exception <a 'java/lang/NoSuchMethodError': Method sun.misc.Unsafe.prefetchRead(Ljava/lang/Object;J)V name or signature does not match> (0x00000000d7307f98) thrown at [/HUDSON/workspace/8-2-build-linux-amd64/jdk8u211/12973/hotspot/src/share/vm/prims/jni.c
Event: 0.243 Thread 0x00007fcc6c00c800 Exception <a 'java/lang/NoSuchFieldError': method resolution failed> (0x00000000d75e41a0) thrown at [/HUDSON/workspace/8-2-build-linux-amd64/jdk8u211/12973/hotspot/src/share/vm/prims/methodHandles.cpp, line 1167]
Event: 0.245 Thread 0x00007fcc6c00c800 Exception <a 'java/lang/NoSuchFieldError': method resolution failed> (0x00000000d75f15a0) thrown at [/HUDSON/workspace/8-2-build-linux-amd64/jdk8u211/12973/hotspot/src/share/vm/prims/methodHandles.cpp, line 1167]
Event: 0.324 Thread 0x00007fcc6c00c800 Exception <a 'java/security/PrivilegedActionException'> (0x00000000d78e0990) thrown at [/HUDSON/workspace/8-2-build-linux-amd64/jdk8u211/12973/hotspot/src/share/vm/prims/jvm.cpp, line 1502]
Event: 0.324 Thread 0x00007fcc6c00c800 Exception <a 'java/security/PrivilegedActionException'> (0x00000000d78e0d88) thrown at [/HUDSON/workspace/8-2-build-linux-amd64/jdk8u211/12973/hotspot/src/share/vm/prims/jvm.cpp, line 1502]
Event: 0.324 Thread 0x00007fcc6c00c800 Exception <a 'java/security/PrivilegedActionException'> (0x00000000d78e33c0) thrown at [/HUDSON/workspace/8-2-build-linux-amd64/jdk8u211/12973/hotspot/src/share/vm/prims/jvm.cpp, line 1502]
Event: 0.324 Thread 0x00007fcc6c00c800 Exception <a 'java/security/PrivilegedActionException'> (0x00000000d78e37b8) thrown at [/HUDSON/workspace/8-2-build-linux-amd64/jdk8u211/12973/hotspot/src/share/vm/prims/jvm.cpp, line 1502]

Events (10 events):
Event: 4.767 Executing VM operation: ParallelGCFailedAllocation done
Event: 4.892 Executing VM operation: ParallelGCFailedAllocation
Event: 5.043 Executing VM operation: ParallelGCFailedAllocation done
Event: 5.191 Executing VM operation: ParallelGCFailedAllocation
Event: 5.360 Executing VM operation: ParallelGCFailedAllocation done
Event: 5.501 Executing VM operation: ParallelGCFailedAllocation
Event: 7.568 Executing VM operation: ParallelGCFailedAllocation done
Event: 7.758 Executing VM operation: ParallelGCFailedAllocation
Event: 7.997 Executing VM operation: ParallelGCFailedAllocation done
Event: 8.186 Executing VM operation: ParallelGCFailedAllocation


Dynamic libraries:
00400000-00401000 r-xp 00000000 08:01 29492542                           /opt/jdk/jdk1.8.0_211/bin/java
00600000-00601000 r--p 00000000 08:01 29492542                           /opt/jdk/jdk1.8.0_211/bin/java
00601000-00602000 rw-p 00001000 08:01 29492542                           /opt/jdk/jdk1.8.0_211/bin/java
0183b000-0185c000 rw-p 00000000 00:00 0                                  [heap]
85800000-af680000 rw-p 00000000 00:00 0 
af680000-d7300000 ---p 00000000 00:00 0 
d7300000-fca00000 rw-p 00000000 00:00 0 
fca00000-100000000 ---p 00000000 00:00 0 
100000000-100100000 rw-p 00000000 00:00 0 
100100000-140000000 ---p 00000000 00:00 0 
7fcc1c000000-7fcc1c021000 rw-p 00000000 00:00 0 
7fcc1c021000-7fcc20000000 ---p 00000000 00:00 0 
7fcc23c4b000-7fcc23de8000 rw-p 00000000 00:00 0 
7fcc23de8000-7fcc23dff000 r-xp 00000000 08:01 19270809                   /lib/x86_64-linux-gnu/libgcc_s.so.1
7fcc23dff000-7fcc23ffe000 ---p 00017000 08:01 19270809                   /lib/x86_64-linux-gnu/libgcc_s.so.1
7fcc23ffe000-7fcc23fff000 r--p 00016000 08:01 19270809                   /lib/x86_64-linux-gnu/libgcc_s.so.1
7fcc23fff000-7fcc24000000 rw-p 00017000 08:01 19270809                   /lib/x86_64-linux-gnu/libgcc_s.so.1
7fcc24000000-7fcc2437a000 rw-p 00000000 00:00 0 
7fcc2437a000-7fcc28000000 ---p 00000000 00:00 0 
7fcc28000000-7fcc28021000 rw-p 00000000 00:00 0 
7fcc28021000-7fcc2c000000 ---p 00000000 00:00 0 
7fcc2c000000-7fcc2c3a2000 rw-p 00000000 00:00 0 
7fcc2c3a2000-7fcc30000000 ---p 00000000 00:00 0 
7fcc30000000-7fcc30370000 rw-p 00000000 00:00 0 
7fcc30370000-7fcc34000000 ---p 00000000 00:00 0 
7fcc34000000-7fcc34021000 rw-p 00000000 00:00 0 
7fcc34021000-7fcc38000000 ---p 00000000 00:00 0 
7fcc38078000-7fcc38170000 rw-p 00000000 00:00 0 
7fcc38170000-7fcc381a8000 r-xp 00000000 08:01 29492859                   /opt/jdk/jdk1.8.0_211/jre/lib/amd64/libsunec.so
7fcc381a8000-7fcc383a7000 ---p 00038000 08:01 29492859                   /opt/jdk/jdk1.8.0_211/jre/lib/amd64/libsunec.so
7fcc383a7000-7fcc383ac000 r--p 00037000 08:01 29492859                   /opt/jdk/jdk1.8.0_211/jre/lib/amd64/libsunec.so
7fcc383ac000-7fcc383ae000 rw-p 0003c000 08:01 29492859                   /opt/jdk/jdk1.8.0_211/jre/lib/amd64/libsunec.so
7fcc383ae000-7fcc3b3af000 rw-p 00000000 00:00 0 
7fcc3b3af000-7fcc3b3c5000 r-xp 00000000 08:01 29492852                   /opt/jdk/jdk1.8.0_211/jre/lib/amd64/libnet.so
7fcc3b3c5000-7fcc3b5c4000 ---p 00016000 08:01 29492852                   /opt/jdk/jdk1.8.0_211/jre/lib/amd64/libnet.so
7fcc3b5c4000-7fcc3b5c5000 r--p 00015000 08:01 29492852                   /opt/jdk/jdk1.8.0_211/jre/lib/amd64/libnet.so
7fcc3b5c5000-7fcc3b5c6000 rw-p 00016000 08:01 29492852                   /opt/jdk/jdk1.8.0_211/jre/lib/amd64/libnet.so
7fcc3b5c6000-7fcc3b5d7000 r-xp 00000000 08:01 29492912                   /opt/jdk/jdk1.8.0_211/jre/lib/amd64/libnio.so
7fcc3b5d7000-7fcc3b7d6000 ---p 00011000 08:01 29492912                   /opt/jdk/jdk1.8.0_211/jre/lib/amd64/libnio.so
7fcc3b7d6000-7fcc3b7d7000 r--p 00010000 08:01 29492912                   /opt/jdk/jdk1.8.0_211/jre/lib/amd64/libnio.so
7fcc3b7d7000-7fcc3b7d8000 rw-p 00011000 08:01 29492912                   /opt/jdk/jdk1.8.0_211/jre/lib/amd64/libnio.so
7fcc3b7d8000-7fcc3b91e000 r--s 01421000 08:01 23858243                   /home/chinmay/eclipse-workspace/MexicoDataProcess/jars/selenium-server-standalone-3.5.3.jar
7fcc3b91e000-7fcc3b91f000 ---p 00000000 00:00 0 
7fcc3b91f000-7fcc3ba1f000 rw-p 00000000 00:00 0 
7fcc3ba1f000-7fcc3ba22000 ---p 00000000 00:00 0 
7fcc3ba22000-7fcc3bb20000 rw-p 00000000 00:00 0 
7fcc3bb20000-7fcc3bb21000 ---p 00000000 00:00 0 
7fcc3bb21000-7fcc3bb24000 ---p 00000000 00:00 0 
7fcc3bb24000-7fcc3bc21000 rw-p 00000000 00:00 0 
7fcc3bc21000-7fcc3bc22000 ---p 00000000 00:00 0 
7fcc3bc22000-7fcc3bc25000 ---p 00000000 00:00 0 
7fcc3bc25000-7fcc3bd22000 rw-p 00000000 00:00 0 
7fcc3bd22000-7fcc3c000000 r--p 00000000 08:01 15335669                   /usr/lib/locale/locale-archive
7fcc3c000000-7fcc3c021000 rw-p 00000000 00:00 0 
7fcc3c021000-7fcc40000000 ---p 00000000 00:00 0 
7fcc40000000-7fcc40021000 rw-p 00000000 00:00 0 
7fcc40021000-7fcc44000000 ---p 00000000 00:00 0 
7fcc44000000-7fcc44021000 rw-p 00000000 00:00 0 
7fcc44021000-7fcc48000000 ---p 00000000 00:00 0 
7fcc48000000-7fcc48021000 rw-p 00000000 00:00 0 
7fcc48021000-7fcc4c000000 ---p 00000000 00:00 0 
7fcc4c000000-7fcc4c021000 rw-p 00000000 00:00 0 
7fcc4c021000-7fcc50000000 ---p 00000000 00:00 0 
7fcc50000000-7fcc50021000 rw-p 00000000 00:00 0 
7fcc50021000-7fcc54000000 ---p 00000000 00:00 0 
7fcc54000000-7fcc54021000 rw-p 00000000 00:00 0 
7fcc54021000-7fcc58000000 ---p 00000000 00:00 0 
7fcc58049000-7fcc5804b000 r--s 00009000 08:01 29492797                   /opt/jdk/jdk1.8.0_211/jre/lib/ext/sunec.jar
7fcc5804b000-7fcc5804f000 r--s 0003b000 08:01 29492805                   /opt/jdk/jdk1.8.0_211/jre/lib/ext/sunpkcs11.jar
7fcc5804f000-7fcc58052000 r--s 0001a000 08:01 29492691                   /opt/jdk/jdk1.8.0_211/jre/lib/jce.jar
7fcc58052000-7fcc58057000 r--s 000a3000 08:01 29492810                   /opt/jdk/jdk1.8.0_211/jre/lib/jsse.jar
7fcc58057000-7fcc5808c000 rw-p 00000000 00:00 0 
7fcc5808c000-7fcc58095000 r--s 0006f000 08:01 23858256                   /home/chinmay/eclipse-workspace/MexicoDataProcess/jars/log4j-1.2.17.jar
7fcc58095000-7fcc5809d000 r--s 00048000 08:01 23858228                   /home/chinmay/eclipse-workspace/MexicoDataProcess/jars/httpcore-4.4.6.jar
7fcc5809d000-7fcc580aa000 r--s 000aa000 08:01 23858253                   /home/chinmay/eclipse-workspace/MexicoDataProcess/jars/httpclient-4.5.3.jar
7fcc580aa000-7fcc580ae000 r--s 0002a000 08:01 24248414                   /home/chinmay/eclipse-workspace/MexicoDataProcess/jars/validator/commons-validator-1.6.jar
7fcc580ae000-7fcc580af000 ---p 00000000 00:00 0 
7fcc580af000-7fcc580b2000 ---p 00000000 00:00 0 
7fcc580b2000-7fcc581af000 rw-p 00000000 00:00 0 
7fcc581af000-7fcc581b2000 ---p 00000000 00:00 0 
7fcc581b2000-7fcc582b0000 rw-p 00000000 00:00 0 
7fcc582b0000-7fcc582b3000 ---p 00000000 00:00 0 
7fcc582b3000-7fcc583b1000 rw-p 00000000 00:00 0 
7fcc583b1000-7fcc583b4000 ---p 00000000 00:00 0 
7fcc583b4000-7fcc584b2000 rw-p 00000000 00:00 0 
7fcc584b2000-7fcc584b3000 ---p 00000000 00:00 0 
7fcc584b3000-7fcc5d000000 rw-p 00000000 00:00 0 
7fcc5d000000-7fcc5d450000 rwxp 00000000 00:00 0 
7fcc5d450000-7fcc6c000000 ---p 00000000 00:00 0 
7fcc6c000000-7fcc6c321000 rw-p 00000000 00:00 0 
7fcc6c321000-7fcc70000000 ---p 00000000 00:00 0 
7fcc70001000-7fcc70003000 r--s 00007000 08:01 23858237                   /home/chinmay/eclipse-workspace/MexicoDataProcess/jars/fuzzywuzzy/fuzzywuzzy-1.1.9.jar
7fcc70003000-7fcc70005000 r--s 0000d000 08:01 23858250                   /home/chinmay/eclipse-workspace/MexicoDataProcess/jars/SuperCSV-1.52.jar
7fcc70005000-7fcc7000a000 r--s 00659000 08:01 23858245                   /home/chinmay/eclipse-workspace/MexicoDataProcess/jars/sqlite-jdbc-3.21.0.jar
7fcc7000a000-7fcc7000d000 r--s 00017000 08:01 23858254                   /home/chinmay/eclipse-workspace/MexicoDataProcess/jars/opencsv-4.0.jar
7fcc7000d000-7fcc70015000 r--s 00098000 08:01 23858226                   /home/chinmay/eclipse-workspace/MexicoDataProcess/jars/javax.mail-1.6.1.jar
7fcc70015000-7fcc7001a000 r--s 0002a000 08:01 23858225                   /home/chinmay/eclipse-workspace/MexicoDataProcess/jars/gson-2.2.2.jar
7fcc7001a000-7fcc7001c000 r--s 0000e000 08:01 23858249                   /home/chinmay/eclipse-workspace/MexicoDataProcess/jars/commons-logging-1.2.jar
7fcc7001c000-7fcc70024000 r--s 00072000 08:01 23858244                   /home/chinmay/eclipse-workspace/MexicoDataProcess/jars/commons-lang3-3.7.jar
7fcc70024000-7fcc70028000 r--s 0002f000 08:01 23858239                   /home/chinmay/eclipse-workspace/MexicoDataProcess/jars/commons-io-2.5.jar
7fcc70028000-7fcc70036000 r--s 0007f000 08:01 23858255                   /home/chinmay/eclipse-workspace/MexicoDataProcess/jars/commons-collections-3.2.1.jar
7fcc70036000-7fcc7003d000 r--s 0004b000 08:01 23858248                   /home/chinmay/eclipse-workspace/MexicoDataProcess/jars/commons-codec-1.11.jar
7fcc7003d000-7fcc70312000 rw-p 00000000 00:00 0 
7fcc70312000-7fcc704ec000 r--s 03d6d000 08:01 29492601                   /opt/jdk/jdk1.8.0_211/jre/lib/rt.jar
7fcc704ec000-7fcc70ca2000 rw-p 00000000 00:00 0 
7fcc70ca2000-7fcc70d62000 ---p 00000000 00:00 0 
7fcc70d62000-7fcc71136000 rw-p 00000000 00:00 0 
7fcc71136000-7fcc71137000 ---p 00000000 00:00 0 
7fcc71137000-7fcc71237000 rw-p 00000000 00:00 0 
7fcc71237000-7fcc71238000 ---p 00000000 00:00 0 
7fcc71238000-7fcc71338000 rw-p 00000000 00:00 0 
7fcc71338000-7fcc71339000 ---p 00000000 00:00 0 
7fcc71339000-7fcc71439000 rw-p 00000000 00:00 0 
7fcc71439000-7fcc7143a000 ---p 00000000 00:00 0 
7fcc7143a000-7fcc7168a000 rw-p 00000000 00:00 0 
7fcc7168a000-7fcc717c8000 ---p 00000000 00:00 0 
7fcc717c8000-7fcc71918000 rw-p 00000000 00:00 0 
7fcc71918000-7fcc71a55000 ---p 00000000 00:00 0 
7fcc71a55000-7fcc71b81000 rw-p 00000000 00:00 0 
7fcc71b81000-7fcc71b9c000 ---p 00000000 00:00 0 
7fcc71b9c000-7fcc71baf000 rw-p 00000000 00:00 0 
7fcc71baf000-7fcc71f5d000 ---p 00000000 00:00 0 
7fcc71f5d000-7fcc71f78000 r-xp 00000000 08:01 29492875                   /opt/jdk/jdk1.8.0_211/jre/lib/amd64/libzip.so
7fcc71f78000-7fcc72177000 ---p 0001b000 08:01 29492875                   /opt/jdk/jdk1.8.0_211/jre/lib/amd64/libzip.so
7fcc72177000-7fcc72178000 r--p 0001a000 08:01 29492875                   /opt/jdk/jdk1.8.0_211/jre/lib/amd64/libzip.so
7fcc72178000-7fcc72179000 rw-p 0001b000 08:01 29492875                   /opt/jdk/jdk1.8.0_211/jre/lib/amd64/libzip.so
7fcc72179000-7fcc72184000 r-xp 00000000 08:01 19268294                   /lib/x86_64-linux-gnu/libnss_files-2.27.so
7fcc72184000-7fcc72383000 ---p 0000b000 08:01 19268294                   /lib/x86_64-linux-gnu/libnss_files-2.27.so
7fcc72383000-7fcc72384000 r--p 0000a000 08:01 19268294                   /lib/x86_64-linux-gnu/libnss_files-2.27.so
7fcc72384000-7fcc72385000 rw-p 0000b000 08:01 19268294                   /lib/x86_64-linux-gnu/libnss_files-2.27.so
7fcc72385000-7fcc7238b000 rw-p 00000000 00:00 0 
7fcc7238b000-7fcc723a2000 r-xp 00000000 08:01 19268291                   /lib/x86_64-linux-gnu/libnsl-2.27.so
7fcc723a2000-7fcc725a1000 ---p 00017000 08:01 19268291                   /lib/x86_64-linux-gnu/libnsl-2.27.so
7fcc725a1000-7fcc725a2000 r--p 00016000 08:01 19268291                   /lib/x86_64-linux-gnu/libnsl-2.27.so
7fcc725a2000-7fcc725a3000 rw-p 00017000 08:01 19268291                   /lib/x86_64-linux-gnu/libnsl-2.27.so
7fcc725a3000-7fcc725a5000 rw-p 00000000 00:00 0 
7fcc725a5000-7fcc725b0000 r-xp 00000000 08:01 19268296                   /lib/x86_64-linux-gnu/libnss_nis-2.27.so
7fcc725b0000-7fcc727af000 ---p 0000b000 08:01 19268296                   /lib/x86_64-linux-gnu/libnss_nis-2.27.so
7fcc727af000-7fcc727b0000 r--p 0000a000 08:01 19268296                   /lib/x86_64-linux-gnu/libnss_nis-2.27.so
7fcc727b0000-7fcc727b1000 rw-p 0000b000 08:01 19268296                   /lib/x86_64-linux-gnu/libnss_nis-2.27.so
7fcc727b1000-7fcc727b9000 r-xp 00000000 08:01 19268292                   /lib/x86_64-linux-gnu/libnss_compat-2.27.so
7fcc727b9000-7fcc729b9000 ---p 00008000 08:01 19268292                   /lib/x86_64-linux-gnu/libnss_compat-2.27.so
7fcc729b9000-7fcc729ba000 r--p 00008000 08:01 19268292                   /lib/x86_64-linux-gnu/libnss_compat-2.27.so
7fcc729ba000-7fcc729bb000 rw-p 00009000 08:01 19268292                   /lib/x86_64-linux-gnu/libnss_compat-2.27.so
7fcc729bb000-7fcc729e7000 r-xp 00000000 08:01 29492866                   /opt/jdk/jdk1.8.0_211/jre/lib/amd64/libjava.so
7fcc729e7000-7fcc72be7000 ---p 0002c000 08:01 29492866                   /opt/jdk/jdk1.8.0_211/jre/lib/amd64/libjava.so
7fcc72be7000-7fcc72be8000 r--p 0002c000 08:01 29492866                   /opt/jdk/jdk1.8.0_211/jre/lib/amd64/libjava.so
7fcc72be8000-7fcc72bea000 rw-p 0002d000 08:01 29492866                   /opt/jdk/jdk1.8.0_211/jre/lib/amd64/libjava.so
7fcc72bea000-7fcc72bf7000 r-xp 00000000 08:01 29492857                   /opt/jdk/jdk1.8.0_211/jre/lib/amd64/libverify.so
7fcc72bf7000-7fcc72df6000 ---p 0000d000 08:01 29492857                   /opt/jdk/jdk1.8.0_211/jre/lib/amd64/libverify.so
7fcc72df6000-7fcc72df8000 r--p 0000c000 08:01 29492857                   /opt/jdk/jdk1.8.0_211/jre/lib/amd64/libverify.so
7fcc72df8000-7fcc72df9000 rw-p 0000e000 08:01 29492857                   /opt/jdk/jdk1.8.0_211/jre/lib/amd64/libverify.so
7fcc72df9000-7fcc72e00000 r-xp 00000000 08:01 19268301                   /lib/x86_64-linux-gnu/librt-2.27.so
7fcc72e00000-7fcc72fff000 ---p 00007000 08:01 19268301                   /lib/x86_64-linux-gnu/librt-2.27.so
7fcc72fff000-7fcc73000000 r--p 00006000 08:01 19268301                   /lib/x86_64-linux-gnu/librt-2.27.so
7fcc73000000-7fcc73001000 rw-p 00007000 08:01 19268301                   /lib/x86_64-linux-gnu/librt-2.27.so
7fcc73001000-7fcc7319e000 r-xp 00000000 08:01 19268288                   /lib/x86_64-linux-gnu/libm-2.27.so
7fcc7319e000-7fcc7339d000 ---p 0019d000 08:01 19268288                   /lib/x86_64-linux-gnu/libm-2.27.so
7fcc7339d000-7fcc7339e000 r--p 0019c000 08:01 19268288                   /lib/x86_64-linux-gnu/libm-2.27.so
7fcc7339e000-7fcc7339f000 rw-p 0019d000 08:01 19268288                   /lib/x86_64-linux-gnu/libm-2.27.so
7fcc7339f000-7fcc74087000 r-xp 00000000 08:01 29492873                   /opt/jdk/jdk1.8.0_211/jre/lib/amd64/server/libjvm.so
7fcc74087000-7fcc74286000 ---p 00ce8000 08:01 29492873                   /opt/jdk/jdk1.8.0_211/jre/lib/amd64/server/libjvm.so
7fcc74286000-7fcc7431c000 r--p 00ce7000 08:01 29492873                   /opt/jdk/jdk1.8.0_211/jre/lib/amd64/server/libjvm.so
7fcc7431c000-7fcc7434d000 rw-p 00d7d000 08:01 29492873                   /opt/jdk/jdk1.8.0_211/jre/lib/amd64/server/libjvm.so
7fcc7434d000-7fcc74388000 rw-p 00000000 00:00 0 
7fcc74388000-7fcc7456f000 r-xp 00000000 08:01 19268284                   /lib/x86_64-linux-gnu/libc-2.27.so
7fcc7456f000-7fcc7476f000 ---p 001e7000 08:01 19268284                   /lib/x86_64-linux-gnu/libc-2.27.so
7fcc7476f000-7fcc74773000 r--p 001e7000 08:01 19268284                   /lib/x86_64-linux-gnu/libc-2.27.so
7fcc74773000-7fcc74775000 rw-p 001eb000 08:01 19268284                   /lib/x86_64-linux-gnu/libc-2.27.so
7fcc74775000-7fcc74779000 rw-p 00000000 00:00 0 
7fcc74779000-7fcc7477c000 r-xp 00000000 08:01 19268287                   /lib/x86_64-linux-gnu/libdl-2.27.so
7fcc7477c000-7fcc7497b000 ---p 00003000 08:01 19268287                   /lib/x86_64-linux-gnu/libdl-2.27.so
7fcc7497b000-7fcc7497c000 r--p 00002000 08:01 19268287                   /lib/x86_64-linux-gnu/libdl-2.27.so
7fcc7497c000-7fcc7497d000 rw-p 00003000 08:01 19268287                   /lib/x86_64-linux-gnu/libdl-2.27.so
7fcc7497d000-7fcc74994000 r-xp 00000000 08:01 29491852                   /opt/jdk/jdk1.8.0_211/lib/amd64/jli/libjli.so
7fcc74994000-7fcc74b93000 ---p 00017000 08:01 29491852                   /opt/jdk/jdk1.8.0_211/lib/amd64/jli/libjli.so
7fcc74b93000-7fcc74b94000 r--p 00016000 08:01 29491852                   /opt/jdk/jdk1.8.0_211/lib/amd64/jli/libjli.so
7fcc74b94000-7fcc74b95000 rw-p 00017000 08:01 29491852                   /opt/jdk/jdk1.8.0_211/lib/amd64/jli/libjli.so
7fcc74b95000-7fcc74baf000 r-xp 00000000 08:01 19268299                   /lib/x86_64-linux-gnu/libpthread-2.27.so
7fcc74baf000-7fcc74dae000 ---p 0001a000 08:01 19268299                   /lib/x86_64-linux-gnu/libpthread-2.27.so
7fcc74dae000-7fcc74daf000 r--p 00019000 08:01 19268299                   /lib/x86_64-linux-gnu/libpthread-2.27.so
7fcc74daf000-7fcc74db0000 rw-p 0001a000 08:01 19268299                   /lib/x86_64-linux-gnu/libpthread-2.27.so
7fcc74db0000-7fcc74db4000 rw-p 00000000 00:00 0 
7fcc74db4000-7fcc74ddd000 r-xp 00000000 08:01 19268280                   /lib/x86_64-linux-gnu/ld-2.27.so
7fcc74ddd000-7fcc74dde000 r--s 00005000 08:01 23858252                   /home/chinmay/eclipse-workspace/MexicoDataProcess/jars/json-simple-1.1.1.jar
7fcc74dde000-7fcc74de3000 r--s 00084000 08:01 29492788                   /opt/jdk/jdk1.8.0_211/jre/lib/jfr.jar
7fcc74de3000-7fcc74de8000 r--s 002f9000 08:01 29492600                   /opt/jdk/jdk1.8.0_211/jre/lib/charsets.jar
7fcc74de8000-7fcc74eb3000 rw-p 00000000 00:00 0 
7fcc74eb3000-7fcc74eb4000 ---p 00000000 00:00 0 
7fcc74eb4000-7fcc74eb7000 ---p 00000000 00:00 0 
7fcc74eb7000-7fcc74fb8000 rw-p 00000000 00:00 0 
7fcc74fb8000-7fcc74fbb000 r--s 0001a000 08:01 29492691                   /opt/jdk/jdk1.8.0_211/jre/lib/jce.jar
7fcc74fbb000-7fcc74fc0000 r--s 000a3000 08:01 29492810                   /opt/jdk/jdk1.8.0_211/jre/lib/jsse.jar
7fcc74fc0000-7fcc74fd3000 r--s 00345000 08:01 29492723                   /opt/jdk/jdk1.8.0_211/jre/lib/resources.jar
7fcc74fd3000-7fcc74fdb000 rw-s 00000000 08:01 19922991                   /tmp/hsperfdata_chinmay/7791
7fcc74fdb000-7fcc74fdc000 rw-p 00000000 00:00 0 
7fcc74fdc000-7fcc74fdd000 ---p 00000000 00:00 0 
7fcc74fdd000-7fcc74fde000 r--p 00029000 08:01 19268280                   /lib/x86_64-linux-gnu/ld-2.27.so
7fcc74fde000-7fcc74fdf000 rw-p 0002a000 08:01 19268280                   /lib/x86_64-linux-gnu/ld-2.27.so
7fcc74fdf000-7fcc74fe0000 rw-p 00000000 00:00 0 
7fff6801f000-7fff68041000 rw-p 00000000 00:00 0                          [stack]
7fff681ea000-7fff681ed000 r--p 00000000 00:00 0                          [vvar]
7fff681ed000-7fff681ee000 r-xp 00000000 00:00 0                          [vdso]
ffffffffff600000-ffffffffff601000 --xp 00000000 00:00 0                  [vsyscall]

VM Arguments:
jvm_args: -Dfile.encoding=UTF-8 
java_command: com.chinmay.test.CompareAddNumbersToAdd
java_class_path (initial): /opt/jdk/jdk1.8.0_211/jre/lib/resources.jar:/opt/jdk/jdk1.8.0_211/jre/lib/rt.jar:/opt/jdk/jdk1.8.0_211/jre/lib/jsse.jar:/opt/jdk/jdk1.8.0_211/jre/lib/jce.jar:/opt/jdk/jdk1.8.0_211/jre/lib/charsets.jar:/opt/jdk/jdk1.8.0_211/jre/lib/jfr.jar:/opt/jdk/jdk1.8.0_211/jre/lib/ext/nashorn.jar:/opt/jdk/jdk1.8.0_211/jre/lib/ext/zipfs.jar:/opt/jdk/jdk1.8.0_211/jre/lib/ext/sunpkcs11.jar:/opt/jdk/jdk1.8.0_211/jre/lib/ext/localedata.jar:/opt/jdk/jdk1.8.0_211/jre/lib/ext/jfxrt.jar:/opt/jdk/jdk1.8.0_211/jre/lib/ext/cldrdata.jar:/opt/jdk/jdk1.8.0_211/jre/lib/ext/sunjce_provider.jar:/opt/jdk/jdk1.8.0_211/jre/lib/ext/dnsns.jar:/opt/jdk/jdk1.8.0_211/jre/lib/ext/sunec.jar:/opt/jdk/jdk1.8.0_211/jre/lib/ext/jaccess.jar:/home/chinmay/eclipse-workspace/MexicoDataProcess/bin:/home/chinmay/eclipse-workspace/MexicoDataProcess/jars/commons-codec-1.11.jar:/home/chinmay/eclipse-workspace/MexicoDataProcess/jars/commons-collections-3.2.1.jar:/home/chinmay/eclipse-workspace/MexicoDataProcess/jars/commons-io-2.5.jar:/home/chinmay/eclipse-workspace/MexicoDataProcess/jars/commons-lang3-3.7.jar:/home/chinmay/eclipse-workspace/MexicoDataProcess/jars/commons-logging-1.2.jar:/home/chinmay/eclipse-workspace/MexicoDataProcess/jars/gson-2.2.2.jar:/home/chinmay/eclipse-workspace/MexicoDataProcess/jars/javax.mail-1.6.1.jar:/home/chinmay/eclipse-workspace/MexicoDataProcess/jars/json-simple-1.1.1.jar:/home/chinmay/eclipse-workspace/MexicoDataProcess/jars/opencsv-4.0.jar:/home/chinmay/eclipse-workspace/MexicoDataProcess/jars/sqlite-jdbc-3.21.0.jar:/home/chinmay/eclipse-workspace/MexicoDataProcess/jars/SuperCSV-1.52.jar:/home/chinmay/eclipse-workspace/MexicoDataProcess/jars/validator/commons-validator-1.6.jar:/home/chinmay/eclipse-workspace/MexicoDataProcess/jars/fuzzywuzzy/fuzzywuzzy-1.1.9.jar:/home/chinmay/eclipse-workspace/MexicoDataProcess/jars/httpclient-4.5.3.jar:/home/chinmay/eclipse-workspace/MexicoDataProcess/jars/httpcore-4.4.6.jar:/home/chinmay/eclipse-workspace/MexicoDataProc
Launcher Type: SUN_STANDARD

Environment Variables:
PATH=/home/chinmay/bin:/usr/local/sbin:/usr/local/bin:/usr/sbin:/usr/bin:/sbin:/bin:/usr/games:/usr/local/games:/snap/bin
USERNAME=chinmay
SHELL=/bin/bash
DISPLAY=:0

Signal Handlers:
SIGSEGV: [libjvm.so+0xad3d90], sa_mask[0]=11111111011111111101111111111110, sa_flags=SA_RESTART|SA_SIGINFO
SIGBUS: [libjvm.so+0xad3d90], sa_mask[0]=11111111011111111101111111111110, sa_flags=SA_RESTART|SA_SIGINFO
SIGFPE: [libjvm.so+0x90b8b0], sa_mask[0]=11111111011111111101111111111110, sa_flags=SA_RESTART|SA_SIGINFO
SIGPIPE: [libjvm.so+0x90b8b0], sa_mask[0]=11111111011111111101111111111110, sa_flags=SA_RESTART|SA_SIGINFO
SIGXFSZ: [libjvm.so+0x90b8b0], sa_mask[0]=11111111011111111101111111111110, sa_flags=SA_RESTART|SA_SIGINFO
SIGILL: [libjvm.so+0x90b8b0], sa_mask[0]=11111111011111111101111111111110, sa_flags=SA_RESTART|SA_SIGINFO
SIGUSR1: SIG_DFL, sa_mask[0]=00000000000000000000000000000000, sa_flags=none
SIGUSR2: [libjvm.so+0x90b780], sa_mask[0]=00100000000000000000000000000000, sa_flags=SA_RESTART|SA_SIGINFO
SIGHUP: [libjvm.so+0x90bda0], sa_mask[0]=11111111011111111101111111111110, sa_flags=SA_RESTART|SA_SIGINFO
SIGINT: [libjvm.so+0x90bda0], sa_mask[0]=11111111011111111101111111111110, sa_flags=SA_RESTART|SA_SIGINFO
SIGTERM: [libjvm.so+0x90bda0], sa_mask[0]=11111111011111111101111111111110, sa_flags=SA_RESTART|SA_SIGINFO
SIGQUIT: [libjvm.so+0x90bda0], sa_mask[0]=11111111011111111101111111111110, sa_flags=SA_RESTART|SA_SIGINFO


---------------  S Y S T E M  ---------------

OS:DISTRIB_ID=Ubuntu
DISTRIB_RELEASE=18.04
DISTRIB_CODENAME=bionic
DISTRIB_DESCRIPTION="Ubuntu 18.04.5 LTS"

uname:Linux 5.4.0-77-generic #86~18.04.1-Ubuntu SMP Fri Jun 18 01:23:22 UTC 2021 x86_64
libc:glibc 2.27 NPTL 2.27 
rlimit: STACK 8192k, CORE 0k, NPROC 31048, NOFILE 1048576, AS infinity
load average:4.18 3.61 2.30

/proc/meminfo:
MemTotal:        8022240 kB
MemFree:          921620 kB
MemAvailable:    2037136 kB
Buffers:          125836 kB
Cached:          2194160 kB
SwapCached:          588 kB
Active:          5177976 kB
Inactive:        1459904 kB
Active(anon):    4389764 kB
Inactive(anon):   959096 kB
Active(file):     788212 kB
Inactive(file):   500808 kB
Unevictable:       77184 kB
Mlocked:             304 kB
SwapTotal:       2097148 kB
SwapFree:        2087164 kB
Dirty:               876 kB
Writeback:             0 kB
AnonPages:       4394712 kB
Mapped:          1162888 kB
Shmem:           1033172 kB
KReclaimable:      91512 kB
Slab:             229876 kB
SReclaimable:      91512 kB
SUnreclaim:       138364 kB
KernelStack:       18592 kB
PageTables:        82564 kB
NFS_Unstable:          0 kB
Bounce:                0 kB
WritebackTmp:          0 kB
CommitLimit:     6108268 kB
Committed_AS:   14893384 kB
VmallocTotal:   34359738367 kB
VmallocUsed:       32412 kB
VmallocChunk:          0 kB
Percpu:             3248 kB
HardwareCorrupted:     0 kB
AnonHugePages:         0 kB
ShmemHugePages:        0 kB
ShmemPmdMapped:        0 kB
FileHugePages:         0 kB
FilePmdMapped:         0 kB
CmaTotal:              0 kB
CmaFree:               0 kB
HugePages_Total:       0
HugePages_Free:        0
HugePages_Rsvd:        0
HugePages_Surp:        0
Hugepagesize:       2048 kB
Hugetlb:               0 kB
DirectMap4k:      354732 kB
DirectMap2M:     7903232 kB
DirectMap1G:     1048576 kB

container (cgroup) information:
container_type: cgroupv1
cpu_cpuset_cpus: 0-3
cpu_memory_nodes: 0
active_processor_count: 4
cpu_quota: -1
cpu_period: 100000
cpu_shares: -1
memory_limit_in_bytes: -1
memory_and_swap_limit_in_bytes: -2
memory_soft_limit_in_bytes: -1
memory_usage_in_bytes: 6110846976
memory_max_usage_in_bytes: 6960148480


CPU:total 4 (initial active 4) (2 cores per cpu, 2 threads per core) family 6 model 60 stepping 3, cmov, cx8, fxsr, mmx, sse, sse2, sse3, ssse3, sse4.1, sse4.2, popcnt, avx, avx2, aes, clmul, erms, lzcnt, ht, tsc, tscinvbit, bmi1, bmi2

/proc/cpuinfo:
processor	: 0
vendor_id	: GenuineIntel
cpu family	: 6
model		: 60
model name	: Intel(R) Core(TM) i3-4160 CPU @ 3.60GHz
stepping	: 3
microcode	: 0x28
cpu MHz		: 3591.928
cache size	: 3072 KB
physical id	: 0
siblings	: 4
core id		: 0
cpu cores	: 2
apicid		: 0
initial apicid	: 0
fpu		: yes
fpu_exception	: yes
cpuid level	: 13
wp		: yes
flags		: fpu vme de pse tsc msr pae mce cx8 apic sep mtrr pge mca cmov pat pse36 clflush dts acpi mmx fxsr sse sse2 ss ht tm pbe syscall nx pdpe1gb rdtscp lm constant_tsc arch_perfmon pebs bts rep_good nopl xtopology nonstop_tsc cpuid aperfmperf pni pclmulqdq dtes64 monitor ds_cpl vmx est tm2 ssse3 sdbg fma cx16 xtpr pdcm pcid sse4_1 sse4_2 movbe popcnt tsc_deadline_timer aes xsave avx f16c rdrand lahf_lm abm cpuid_fault epb invpcid_single pti ssbd ibrs ibpb stibp tpr_shadow vnmi flexpriority ept vpid ept_ad fsgsbase tsc_adjust bmi1 avx2 smep bmi2 erms invpcid xsaveopt dtherm arat pln pts md_clear flush_l1d
bugs		: cpu_meltdown spectre_v1 spectre_v2 spec_store_bypass l1tf mds swapgs itlb_multihit srbds
bogomips	: 7183.85
clflush size	: 64
cache_alignment	: 64
address sizes	: 39 bits physical, 48 bits virtual
power management:

processor	: 1
vendor_id	: GenuineIntel
cpu family	: 6
model		: 60
model name	: Intel(R) Core(TM) i3-4160 CPU @ 3.60GHz
stepping	: 3
microcode	: 0x28
cpu MHz		: 3591.925
cache size	: 3072 KB
physical id	: 0
siblings	: 4
core id		: 1
cpu cores	: 2
apicid		: 2
initial apicid	: 2
fpu		: yes
fpu_exception	: yes
cpuid level	: 13
wp		: yes
flags		: fpu vme de pse tsc msr pae mce cx8 apic sep mtrr pge mca cmov pat pse36 clflush dts acpi mmx fxsr sse sse2 ss ht tm pbe syscall nx pdpe1gb rdtscp lm constant_tsc arch_perfmon pebs bts rep_good nopl xtopology nonstop_tsc cpuid aperfmperf pni pclmulqdq dtes64 monitor ds_cpl vmx est tm2 ssse3 sdbg fma cx16 xtpr pdcm pcid sse4_1 sse4_2 movbe popcnt tsc_deadline_timer aes xsave avx f16c rdrand lahf_lm abm cpuid_fault epb invpcid_single pti ssbd ibrs ibpb stibp tpr_shadow vnmi flexpriority ept vpid ept_ad fsgsbase tsc_adjust bmi1 avx2 smep bmi2 erms invpcid xsaveopt dtherm arat pln pts md_clear flush_l1d
bugs		: cpu_meltdown spectre_v1 spectre_v2 spec_store_bypass l1tf mds swapgs itlb_multihit srbds
bogomips	: 7183.85
clflush size	: 64
cache_alignment	: 64
address sizes	: 39 bits physical, 48 bits virtual
power management:

processor	: 2
vendor_id	: GenuineIntel
cpu family	: 6
model		: 60
model name	: Intel(R) Core(TM) i3-4160 CPU @ 3.60GHz
stepping	: 3
microcode	: 0x28
cpu MHz		: 3591.926
cache size	: 3072 KB
physical id	: 0
siblings	: 4
core id		: 0
cpu cores	: 2
apicid		: 1
initial apicid	: 1
fpu		: yes
fpu_exception	: yes
cpuid level	: 13
wp		: yes
flags		: fpu vme de pse tsc msr pae mce cx8 apic sep mtrr pge mca cmov pat pse36 clflush dts acpi mmx fxsr sse sse2 ss ht tm pbe syscall nx pdpe1gb rdtscp lm constant_tsc arch_perfmon pebs bts rep_good nopl xtopology nonstop_tsc cpuid aperfmperf pni pclmulqdq dtes64 monitor ds_cpl vmx est tm2 ssse3 sdbg fma cx16 xtpr pdcm pcid sse4_1 sse4_2 movbe popcnt tsc_deadline_timer aes xsave avx f16c rdrand lahf_lm abm cpuid_fault epb invpcid_single pti ssbd ibrs ibpb stibp tpr_shadow vnmi flexpriority ept vpid ept_ad fsgsbase tsc_adjust bmi1 avx2 smep bmi2 erms invpcid xsaveopt dtherm arat pln pts md_clear flush_l1d
bugs		: cpu_meltdown spectre_v1 spectre_v2 spec_store_bypass l1tf mds swapgs itlb_multihit srbds
bogomips	: 7183.85
clflush size	: 64
cache_alignment	: 64
address sizes	: 39 bits physical, 48 bits virtual
power management:

processor	: 3
vendor_id	: GenuineIntel
cpu family	: 6
model		: 60
model name	: Intel(R) Core(TM) i3-4160 CPU @ 3.60GHz
stepping	: 3
microcode	: 0x28
cpu MHz		: 3591.903
cache size	: 3072 KB
physical id	: 0
siblings	: 4
core id		: 1
cpu cores	: 2
apicid		: 3
initial apicid	: 3
fpu		: yes
fpu_exception	: yes
cpuid level	: 13
wp		: yes
flags		: fpu vme de pse tsc msr pae mce cx8 apic sep mtrr pge mca cmov pat pse36 clflush dts acpi mmx fxsr sse sse2 ss ht tm pbe syscall nx pdpe1gb rdtscp lm constant_tsc arch_perfmon pebs bts rep_good nopl xtopology nonstop_tsc cpuid aperfmperf pni pclmulqdq dtes64 monitor ds_cpl vmx est tm2 ssse3 sdbg fma cx16 xtpr pdcm pcid sse4_1 sse4_2 movbe popcnt tsc_deadline_timer aes xsave avx f16c rdrand lahf_lm abm cpuid_fault epb invpcid_single pti ssbd ibrs ibpb stibp tpr_shadow vnmi flexpriority ept vpid ept_ad fsgsbase tsc_adjust bmi1 avx2 smep bmi2 erms invpcid xsaveopt dtherm arat pln pts md_clear flush_l1d
bugs		: cpu_meltdown spectre_v1 spectre_v2 spec_store_bypass l1tf mds swapgs itlb_multihit srbds
bogomips	: 7183.85
clflush size	: 64
cache_alignment	: 64
address sizes	: 39 bits physical, 48 bits virtual
power management:



Memory: 4k page, physical 8022240k(921620k free), swap 2097148k(2087164k free)

vm_info: Java HotSpot(TM) 64-Bit Server VM (25.211-b12) for linux-amd64 JRE (1.8.0_211-b12), built on Apr  1 2019 20:39:34 by "java_re" with gcc 7.3.0

time: Sat Jun 26 16:45:07 2021
timezone: IST
elapsed time: 8 seconds (0d 0h 0m 8s)

