#
# A fatal error has been detected by the Java Runtime Environment:
#
#  SIGSEGV (0xb) at pc=0x00007f2eb0f81241, pid=7530, tid=0x00007f2e9b84e700
#
# JRE version: Java(TM) SE Runtime Environment (8.0_211-b12) (build 1.8.0_211-b12)
# Java VM: Java HotSpot(TM) 64-Bit Server VM (25.211-b12 mixed mode linux-amd64 compressed oops)
# Problematic frame:
# V  [libjvm.so+0x648241]  oopDesc::size_given_klass(Klass*)+0x1
#
# Failed to write core dump. Core dumps have been disabled. To enable core dumping, try "ulimit -c unlimited" before starting Java again
#
# If you would like to submit a bug report, please visit:
#   http://bugreport.java.com/bugreport/crash.jsp
#

---------------  T H R E A D  ---------------

Current thread (0x00007f2eac026000):  GCTaskThread [stack: 0x00007f2e9b74f000,0x00007f2e9b84f000] [id=7535]

siginfo: si_signo: 11 (SIGSEGV), si_code: 1 (SEGV_MAPERR), si_addr: 0x0000000453f8ca08

Registers:
RAX=0x00007f2eb18d1da0, RBX=0x00007f2eac077820, RCX=0x0000000000000003, RDX=0x0000000000027f8a
RSP=0x00007f2e9b84db40, RBP=0x00007f2e9b84dbd0, RSI=0x0000000453f8ca00, RDI=0x000000008a7f1460
R8 =0x00007f2eb1904d80, R9 =0x000000008a7f0bdc, R10=0x0000000000000001, R11=0x0000000000000029
R12=0x0000000000000003, R13=0x000000008a7f0b28, R14=0x000000008a7f1460, R15=0x000000008a7f0b6c
RIP=0x00007f2eb0f81241, EFLAGS=0x0000000000010206, CSGSFS=0x002b000000000033, ERR=0x0000000000000004
  TRAPNO=0x000000000000000e

Top of Stack: (sp=0x00007f2e9b84db40)
0x00007f2e9b84db40:   00007f2e9b84dbd0 00007f2eb122b1fe
0x00007f2e9b84db50:   00007f2e9b84dbb0 0000000000000001
0x00007f2e9b84db60:   00007f2eb1904d80 0000000000000029
0x00007f2e9b84db70:   000000008a7f0bdc 0000000000000029
0x00007f2e9b84db80:   000000008a7f0af0 0000000100001940
0x00007f2e9b84db90:   00007f2eb1904d80 0000000000000004
0x00007f2e9b84dba0:   00007f2eac077820 00007f2eac077820
0x00007f2e9b84dbb0:   00007f2eb1900f8c 0000000000004c00
0x00007f2e9b84dbc0:   000000008a7ec1a0 00000000d035e100
0x00007f2e9b84dbd0:   00007f2e9b84dca0 00007f2eb12adebf
0x00007f2e9b84dbe0:   00007f2e9b84dc40 00000000860743f8
0x00007f2e9b84dbf0:   00007f2eac077830 00000000d034b0f0
0x00007f2e9b84dc00:   0000000000004c00 00000000000c5d55
0x00007f2e9b84dc10:   00007f2e9b84dca0 000000008a7f0b28
0x00007f2e9b84dc20:   00000000d034b0f0 0000000000004a00
0x00007f2e9b84dc30:   00000000d034b0f0 00007f2e00004c00
0x00007f2e9b84dc40:   000008d5000000f1 00007f2eb0f7deeb
0x00007f2e9b84dc50:   00007f2e9b84dca0 00007f2eb1291c00
0x00007f2e9b84dc60:   0000109f000000fd 0000109f000000fe
0x00007f2e9b84dc70:   00007f2e9b84dca0 0000000000003200
0x00007f2e9b84dc80:   00007f2eac077820 00007f2eb1904d80
0x00007f2e9b84dc90:   0000000000000002 00007f2e9b84dd14
0x00007f2e9b84dca0:   00007f2e9b84dda0 00007f2eb1290d8b
0x00007f2e9b84dcb0:   00007f2e9b84dd00 0000000000000017
0x00007f2e9b84dcc0:   00007f2e9b84dd14 00007f2e00000002
0x00007f2e9b84dcd0:   0000000000003200 0000000000003200
0x00007f2e9b84dce0:   00007f2e9b84dd20 00007f2e9b84dd40
0x00007f2e9b84dcf0:   00000000d034b0f0 00007f2e70275ab0
0x00007f2e9b84dd00:   0000000000000008 00007f2eac077820
0x00007f2e9b84dd10:   45ab0bb100000001 000000008e5e35c8
0x00007f2e9b84dd20:   00000000d034b0f0 00007f2e00003000
0x00007f2e9b84dd30:   00000000d034b0f0 00007f2e00003200 

Instructions: (pc=0x00007f2eb0f81241)
0x00007f2eb0f81221:   5d c3 0f 1f 44 00 00 48 8d 35 91 f7 4c 00 bf 03
0x00007f2eb0f81231:   00 00 00 e8 f7 b6 12 00 eb 9d 0f 1f 44 00 00 55
0x00007f2eb0f81241:   8b 46 08 48 89 f2 48 89 e5 83 f8 00 7e 11 a8 01
0x00007f2eb0f81251:   75 0f c1 f8 03 5d c3 0f 1f 84 00 00 00 00 00 75 

Register to memory mapping:

RAX=0x00007f2eb18d1da0: <offset 0xf98da0> in /opt/jdk/jdk1.8.0_211/jre/lib/amd64/server/libjvm.so at 0x00007f2eb0939000
RBX=0x00007f2eac077820 is an unknown value
RCX=0x0000000000000003 is an unknown value
RDX=0x0000000000027f8a is an unknown value
RSP=0x00007f2e9b84db40 is an unknown value
RBP=0x00007f2e9b84dbd0 is an unknown value
RSI=0x0000000453f8ca00 is an unknown value
RDI=0x000000008a7f1460 is pointing into object: 0x000000008a7f1420
[Ljava.lang.String; 
 - klass: 'java/lang/String'[]
 - length: 41
R8 =0x00007f2eb1904d80: <offset 0xfcbd80> in /opt/jdk/jdk1.8.0_211/jre/lib/amd64/server/libjvm.so at 0x00007f2eb0939000
R9 =0x000000008a7f0bdc is pointing into object: 0x000000008a7f0b28
[Ljava.lang.String; 
 - klass: 'java/lang/String'[]
 - length: 41
R10=0x0000000000000001 is an unknown value
R11=0x0000000000000029 is an unknown value
R12=0x0000000000000003 is an unknown value
R13=0x000000008a7f0b28 is an oop
[Ljava.lang.String; 
 - klass: 'java/lang/String'[]
 - length: 41
R14=0x000000008a7f1460 is pointing into object: 0x000000008a7f1420
[Ljava.lang.String; 
 - klass: 'java/lang/String'[]
 - length: 41
R15=0x000000008a7f0b6c is pointing into object: 0x000000008a7f0b28
[Ljava.lang.String; 
 - klass: 'java/lang/String'[]
 - length: 41


Stack: [0x00007f2e9b74f000,0x00007f2e9b84f000],  sp=0x00007f2e9b84db40,  free space=1018k
Native frames: (J=compiled Java code, j=interpreted, Vv=VM code, C=native code)
V  [libjvm.so+0x648241]  oopDesc::size_given_klass(Klass*)+0x1
V  [libjvm.so+0x974ebf]  ParCompactionManager::follow_marking_stacks()+0xdf
V  [libjvm.so+0x957d8b]  StealMarkingTask::do_it(GCTaskManager*, unsigned int)+0x2bb
V  [libjvm.so+0x5c3816]  GCTaskThread::run()+0x1b6
V  [libjvm.so+0x90d952]  java_start(Thread*)+0x102


---------------  P R O C E S S  ---------------

Java Threads: ( => current thread )
  0x00007f2eac0c3000 JavaThread "Service Thread" daemon [_thread_blocked, id=7549, stack(0x00007f2e98dd7000,0x00007f2e98ed8000)]
  0x00007f2eac0c0000 JavaThread "C1 CompilerThread2" daemon [_thread_blocked, id=7548, stack(0x00007f2e98ed9000,0x00007f2e98fd9000)]
  0x00007f2eac0be000 JavaThread "C2 CompilerThread1" daemon [_thread_blocked, id=7547, stack(0x00007f2e98fda000,0x00007f2e990da000)]
  0x00007f2eac0bb000 JavaThread "C2 CompilerThread0" daemon [_thread_blocked, id=7546, stack(0x00007f2e990db000,0x00007f2e991db000)]
  0x00007f2eac0b9800 JavaThread "Signal Dispatcher" daemon [_thread_blocked, id=7545, stack(0x00007f2e991db000,0x00007f2e992dc000)]
  0x00007f2eac087000 JavaThread "Finalizer" daemon [_thread_blocked, id=7540, stack(0x00007f2e995ba000,0x00007f2e996bb000)]
  0x00007f2eac084800 JavaThread "Reference Handler" daemon [_thread_blocked, id=7538, stack(0x00007f2e996bb000,0x00007f2e997bc000)]
  0x00007f2eac00c800 JavaThread "main" [_thread_blocked, id=7532, stack(0x00007f2eb244e000,0x00007f2eb254e000)]

Other Threads:
  0x00007f2eac07a800 VMThread [stack: 0x00007f2e997bd000,0x00007f2e998bd000] [id=7537]
  0x00007f2eac0c5800 WatcherThread [stack: 0x00007f2e98cd7000,0x00007f2e98dd7000] [id=7550]

=>0x00007f2eac026000 (exited) GCTaskThread [stack: 0x00007f2e9b74f000,0x00007f2e9b84f000] [id=7535]

VM state:at safepoint (normal execution)

VM Mutex/Monitor currently owned by a thread:  ([mutex/lock_event])
[0x00007f2eac009000] Threads_lock - owner thread: 0x00007f2eac07a800
[0x00007f2eac009500] Heap_lock - owner thread: 0x00007f2eac00c800

heap address: 0x0000000085800000, size: 1960 MB, Compressed Oops mode: 32-bit
Narrow klass base: 0x0000000000000000, Narrow klass shift: 3
Compressed class space size: 1073741824 Address: 0x0000000100000000

Heap:
 PSYoungGen      total 445440K, used 222720K [0x00000000d7300000, 0x0000000100000000, 0x0000000100000000)
  eden space 222720K, 100% used [0x00000000d7300000,0x00000000e4c80000,0x00000000e4c80000)
  from space 222720K, 0% used [0x00000000f2600000,0x00000000f2600000,0x00000000fff80000)
  to   space 222720K, 0% used [0x00000000e4c80000,0x00000000e4c80000,0x00000000f2600000)
 ParOldGen       total 1338368K, used 1338352K [0x0000000085800000, 0x00000000d7300000, 0x00000000d7300000)
  object space 1338368K, 99% used [0x0000000085800000,0x00000000d72fc360,0x00000000d7300000)
 Metaspace       used 8458K, capacity 8662K, committed 8704K, reserved 1056768K
  class space    used 898K, capacity 1007K, committed 1024K, reserved 1048576K

Card table byte_map: [0x00007f2e9bbde000,0x00007f2e9bfb3000] byte_map_base: 0x00007f2e9b7b2000

Marking Bits: (ParMarkBitMap*) 0x00007f2eb1904d80
 Begin Bits: [0x00007f2e902c0000, 0x00007f2e92160000)
 End Bits:   [0x00007f2e92160000, 0x00007f2e94000000)

Polling page: 0x00007f2eb2576000

CodeCache: size=245760Kb used=5412Kb max_used=5434Kb free=240348Kb
 bounds [0x00007f2e9c373000, 0x00007f2e9c8d3000, 0x00007f2eab373000]
 total_blobs=1622 nmethods=1280 adapters=256
 compilation: enabled

Compilation events (10 events):
Event: 24.913 Thread 0x00007f2eac0be000 nmethod 1279 0x00007f2e9c8947d0 code [0x00007f2e9c894960, 0x00007f2e9c894e58]
Event: 24.939 Thread 0x00007f2eac0c0000 1280       3       java.io.BufferedWriter::newLine (9 bytes)
Event: 24.939 Thread 0x00007f2eac0c0000 nmethod 1280 0x00007f2e9c89ec50 code [0x00007f2e9c89ede0, 0x00007f2e9c89f148]
Event: 24.997 Thread 0x00007f2eac0be000 1281       4       java.lang.StringBuffer::<init> (7 bytes)
Event: 25.000 Thread 0x00007f2eac0be000 nmethod 1281 0x00007f2e9c875510 code [0x00007f2e9c875660, 0x00007f2e9c875758]
Event: 25.020 Thread 0x00007f2eac0be000 1282       4       java.util.regex.Pattern$BnM::match (161 bytes)
Event: 25.035 Thread 0x00007f2eac0be000 nmethod 1282 0x00007f2e9c89df50 code [0x00007f2e9c89e100, 0x00007f2e9c89e7f8]
Event: 25.048 Thread 0x00007f2eac0bb000 nmethod 1277 0x00007f2e9c8c3510 code [0x00007f2e9c8c3980, 0x00007f2e9c8c6d38]
Event: 25.079 Thread 0x00007f2eac0be000 1283  s    4       java.io.BufferedOutputStream::flush (12 bytes)
Event: 25.081 Thread 0x00007f2eac0be000 nmethod 1283 0x00007f2e9c8a6290 code [0x00007f2e9c8a6400, 0x00007f2e9c8a6788]

GC Heap History (10 events):
Event: 14.745 GC heap after
Heap after GC invocations=27 (full 6):
 PSYoungGen      total 419328K, used 136736K [0x00000000d7300000, 0x00000000fff80000, 0x0000000100000000)
  eden space 196608K, 0% used [0x00000000d7300000,0x00000000d7300000,0x00000000e3300000)
  from space 222720K, 61% used [0x00000000e3300000,0x00000000eb888000,0x00000000f0c80000)
  to   space 222720K, 0% used [0x00000000f2600000,0x00000000f2600000,0x00000000fff80000)
 ParOldGen       total 1338368K, used 1089744K [0x0000000085800000, 0x00000000d7300000, 0x00000000d7300000)
  object space 1338368K, 81% used [0x0000000085800000,0x00000000c80340d8,0x00000000d7300000)
 Metaspace       used 8137K, capacity 8374K, committed 8448K, reserved 1056768K
  class space    used 871K, capacity 975K, committed 1024K, reserved 1048576K
}
Event: 15.014 GC heap before
{Heap before GC invocations=28 (full 6):
 PSYoungGen      total 419328K, used 333344K [0x00000000d7300000, 0x00000000fff80000, 0x0000000100000000)
  eden space 196608K, 100% used [0x00000000d7300000,0x00000000e3300000,0x00000000e3300000)
  from space 222720K, 61% used [0x00000000e3300000,0x00000000eb888000,0x00000000f0c80000)
  to   space 222720K, 0% used [0x00000000f2600000,0x00000000f2600000,0x00000000fff80000)
 ParOldGen       total 1338368K, used 1089744K [0x0000000085800000, 0x00000000d7300000, 0x00000000d7300000)
  object space 1338368K, 81% used [0x0000000085800000,0x00000000c80340d8,0x00000000d7300000)
 Metaspace       used 8137K, capacity 8374K, committed 8448K, reserved 1056768K
  class space    used 871K, capacity 975K, committed 1024K, reserved 1048576K
Event: 15.192 GC heap after
Heap after GC invocations=28 (full 6):
 PSYoungGen      total 445440K, used 138077K [0x00000000d7300000, 0x0000000100000000, 0x0000000100000000)
  eden space 222720K, 0% used [0x00000000d7300000,0x00000000d7300000,0x00000000e4c80000)
  from space 222720K, 61% used [0x00000000f2600000,0x00000000facd7568,0x00000000fff80000)
  to   space 222720K, 0% used [0x00000000e4c80000,0x00000000e4c80000,0x00000000f2600000)
 ParOldGen       total 1338368K, used 1226896K [0x0000000085800000, 0x00000000d7300000, 0x00000000d7300000)
  object space 1338368K, 91% used [0x0000000085800000,0x00000000d06240d8,0x00000000d7300000)
 Metaspace       used 8137K, capacity 8374K, committed 8448K, reserved 1056768K
  class space    used 871K, capacity 975K, committed 1024K, reserved 1048576K
}
Event: 15.192 GC heap before
{Heap before GC invocations=29 (full 7):
 PSYoungGen      total 445440K, used 138077K [0x00000000d7300000, 0x0000000100000000, 0x0000000100000000)
  eden space 222720K, 0% used [0x00000000d7300000,0x00000000d7300000,0x00000000e4c80000)
  from space 222720K, 61% used [0x00000000f2600000,0x00000000facd7568,0x00000000fff80000)
  to   space 222720K, 0% used [0x00000000e4c80000,0x00000000e4c80000,0x00000000f2600000)
 ParOldGen       total 1338368K, used 1226896K [0x0000000085800000, 0x00000000d7300000, 0x00000000d7300000)
  object space 1338368K, 91% used [0x0000000085800000,0x00000000d06240d8,0x00000000d7300000)
 Metaspace       used 8137K, capacity 8374K, committed 8448K, reserved 1056768K
  class space    used 871K, capacity 975K, committed 1024K, reserved 1048576K
Event: 17.327 GC heap after
Heap after GC invocations=29 (full 7):
 PSYoungGen      total 445440K, used 23799K [0x00000000d7300000, 0x0000000100000000, 0x0000000100000000)
  eden space 222720K, 0% used [0x00000000d7300000,0x00000000d7300000,0x00000000e4c80000)
  from space 222720K, 10% used [0x00000000f2600000,0x00000000f3d3df68,0x00000000fff80000)
  to   space 222720K, 0% used [0x00000000e4c80000,0x00000000e4c80000,0x00000000f2600000)
 ParOldGen       total 1338368K, used 1338023K [0x0000000085800000, 0x00000000d7300000, 0x00000000d7300000)
  object space 1338368K, 99% used [0x0000000085800000,0x00000000d72a9c38,0x00000000d7300000)
 Metaspace       used 8137K, capacity 8374K, committed 8448K, reserved 1056768K
  class space    used 871K, capacity 975K, committed 1024K, reserved 1048576K
}
Event: 17.824 GC heap before
{Heap before GC invocations=30 (full 8):
 PSYoungGen      total 445440K, used 246519K [0x00000000d7300000, 0x0000000100000000, 0x0000000100000000)
  eden space 222720K, 100% used [0x00000000d7300000,0x00000000e4c80000,0x00000000e4c80000)
  from space 222720K, 10% used [0x00000000f2600000,0x00000000f3d3df68,0x00000000fff80000)
  to   space 222720K, 0% used [0x00000000e4c80000,0x00000000e4c80000,0x00000000f2600000)
 ParOldGen       total 1338368K, used 1338023K [0x0000000085800000, 0x00000000d7300000, 0x00000000d7300000)
  object space 1338368K, 99% used [0x0000000085800000,0x00000000d72a9c38,0x00000000d7300000)
 Metaspace       used 8458K, capacity 8662K, committed 8704K, reserved 1056768K
  class space    used 898K, capacity 1007K, committed 1024K, reserved 1048576K
Event: 21.842 GC heap after
Heap after GC invocations=30 (full 8):
 PSYoungGen      total 445440K, used 33004K [0x00000000d7300000, 0x0000000100000000, 0x0000000100000000)
  eden space 222720K, 14% used [0x00000000d7300000,0x00000000d933b0e0,0x00000000e4c80000)
  from space 222720K, 0% used [0x00000000f2600000,0x00000000f2600000,0x00000000fff80000)
  to   space 222720K, 0% used [0x00000000e4c80000,0x00000000e4c80000,0x00000000f2600000)
 ParOldGen       total 1338368K, used 1338352K [0x0000000085800000, 0x00000000d7300000, 0x00000000d7300000)
  object space 1338368K, 99% used [0x0000000085800000,0x00000000d72fc3d8,0x00000000d7300000)
 Metaspace       used 8458K, capacity 8662K, committed 8704K, reserved 1056768K
  class space    used 898K, capacity 1007K, committed 1024K, reserved 1048576K
}
Event: 22.158 GC heap before
{Heap before GC invocations=31 (full 9):
 PSYoungGen      total 445440K, used 222720K [0x00000000d7300000, 0x0000000100000000, 0x0000000100000000)
  eden space 222720K, 100% used [0x00000000d7300000,0x00000000e4c80000,0x00000000e4c80000)
  from space 222720K, 0% used [0x00000000f2600000,0x00000000f2600000,0x00000000fff80000)
  to   space 222720K, 0% used [0x00000000e4c80000,0x00000000e4c80000,0x00000000f2600000)
 ParOldGen       total 1338368K, used 1338352K [0x0000000085800000, 0x00000000d7300000, 0x00000000d7300000)
  object space 1338368K, 99% used [0x0000000085800000,0x00000000d72fc3d8,0x00000000d7300000)
 Metaspace       used 8458K, capacity 8662K, committed 8704K, reserved 1056768K
  class space    used 898K, capacity 1007K, committed 1024K, reserved 1048576K
Event: 24.836 GC heap after
Heap after GC invocations=31 (full 9):
 PSYoungGen      total 445440K, used 32939K [0x00000000d7300000, 0x0000000100000000, 0x0000000100000000)
  eden space 222720K, 14% used [0x00000000d7300000,0x00000000d932ae50,0x00000000e4c80000)
  from space 222720K, 0% used [0x00000000f2600000,0x00000000f2600000,0x00000000fff80000)
  to   space 222720K, 0% used [0x00000000e4c80000,0x00000000e4c80000,0x00000000f2600000)
 ParOldGen       total 1338368K, used 1338352K [0x0000000085800000, 0x00000000d7300000, 0x00000000d7300000)
  object space 1338368K, 99% used [0x0000000085800000,0x00000000d72fc360,0x00000000d7300000)
 Metaspace       used 8458K, capacity 8662K, committed 8704K, reserved 1056768K
  class space    used 898K, capacity 1007K, committed 1024K, reserved 1048576K
}
Event: 25.104 GC heap before
{Heap before GC invocations=32 (full 10):
 PSYoungGen      total 445440K, used 222720K [0x00000000d7300000, 0x0000000100000000, 0x0000000100000000)
  eden space 222720K, 100% used [0x00000000d7300000,0x00000000e4c80000,0x00000000e4c80000)
  from space 222720K, 0% used [0x00000000f2600000,0x00000000f2600000,0x00000000fff80000)
  to   space 222720K, 0% used [0x00000000e4c80000,0x00000000e4c80000,0x00000000f2600000)
 ParOldGen       total 1338368K, used 1338352K [0x0000000085800000, 0x00000000d7300000, 0x00000000d7300000)
  object space 1338368K, 99% used [0x0000000085800000,0x00000000d72fc360,0x00000000d7300000)
 Metaspace       used 8458K, capacity 8662K, committed 8704K, reserved 1056768K
  class space    used 898K, capacity 1007K, committed 1024K, reserved 1048576K

Deoptimization events (10 events):
Event: 17.706 Thread 0x00007f2eac00c800 Uncommon trap: reason=class_check action=maybe_recompile pc=0x00007f2e9c811b94 method=java.util.regex.Pattern$Branch.match(Ljava/util/regex/Matcher;ILjava/lang/CharSequence;)Z @ 32
Event: 17.707 Thread 0x00007f2eac00c800 Uncommon trap: reason=class_check action=maybe_recompile pc=0x00007f2e9c811b94 method=java.util.regex.Pattern$Branch.match(Ljava/util/regex/Matcher;ILjava/lang/CharSequence;)Z @ 32
Event: 17.707 Thread 0x00007f2eac00c800 Uncommon trap: reason=class_check action=maybe_recompile pc=0x00007f2e9c811b94 method=java.util.regex.Pattern$Branch.match(Ljava/util/regex/Matcher;ILjava/lang/CharSequence;)Z @ 32
Event: 17.749 Thread 0x00007f2eac00c800 Uncommon trap: reason=unstable_if action=reinterpret pc=0x00007f2e9c813460 method=java.util.regex.Matcher.replaceAll(Ljava/lang/String;)Ljava/lang/String; @ 35
Event: 17.749 Thread 0x00007f2eac00c800 Uncommon trap: reason=unstable_if action=reinterpret pc=0x00007f2e9c81ae74 method=java.util.regex.Matcher.replaceAll(Ljava/lang/String;)Ljava/lang/String; @ 35
Event: 22.124 Thread 0x00007f2eac00c800 Uncommon trap: reason=unstable_if action=reinterpret pc=0x00007f2e9c8664fc method=java.lang.String.trim()Ljava/lang/String; @ 15
Event: 24.941 Thread 0x00007f2eac00c800 Uncommon trap: reason=class_check action=maybe_recompile pc=0x00007f2e9c8162c0 method=java.util.regex.Pattern$BnM.match(Ljava/util/regex/Matcher;ILjava/lang/CharSequence;)Z @ 111
Event: 24.941 Thread 0x00007f2eac00c800 Uncommon trap: reason=class_check action=maybe_recompile pc=0x00007f2e9c8162c0 method=java.util.regex.Pattern$BnM.match(Ljava/util/regex/Matcher;ILjava/lang/CharSequence;)Z @ 111
Event: 25.019 Thread 0x00007f2eac00c800 Uncommon trap: reason=class_check action=maybe_recompile pc=0x00007f2e9c8162c0 method=java.util.regex.Pattern$BnM.match(Ljava/util/regex/Matcher;ILjava/lang/CharSequence;)Z @ 111
Event: 25.019 Thread 0x00007f2eac00c800 Uncommon trap: reason=class_check action=maybe_recompile pc=0x00007f2e9c8162c0 method=java.util.regex.Pattern$BnM.match(Ljava/util/regex/Matcher;ILjava/lang/CharSequence;)Z @ 111

Classes redefined (0 events):
No events

Internal exceptions (8 events):
Event: 0.072 Thread 0x00007f2eac00c800 Exception <a 'java/lang/NoSuchMethodError': Method sun.misc.Unsafe.defineClass(Ljava/lang/String;[BII)Ljava/lang/Class; name or signature does not match> (0x00000000d7307cb0) thrown at [/HUDSON/workspace/8-2-build-linux-amd64/jdk8u211/12973/hotspot/src/sh
Event: 0.072 Thread 0x00007f2eac00c800 Exception <a 'java/lang/NoSuchMethodError': Method sun.misc.Unsafe.prefetchRead(Ljava/lang/Object;J)V name or signature does not match> (0x00000000d7307f98) thrown at [/HUDSON/workspace/8-2-build-linux-amd64/jdk8u211/12973/hotspot/src/share/vm/prims/jni.c
Event: 0.268 Thread 0x00007f2eac00c800 Exception <a 'java/lang/NoSuchFieldError': method resolution failed> (0x00000000d75e41f8) thrown at [/HUDSON/workspace/8-2-build-linux-amd64/jdk8u211/12973/hotspot/src/share/vm/prims/methodHandles.cpp, line 1167]
Event: 0.271 Thread 0x00007f2eac00c800 Exception <a 'java/lang/NoSuchFieldError': method resolution failed> (0x00000000d75f15f8) thrown at [/HUDSON/workspace/8-2-build-linux-amd64/jdk8u211/12973/hotspot/src/share/vm/prims/methodHandles.cpp, line 1167]
Event: 0.400 Thread 0x00007f2eac00c800 Exception <a 'java/security/PrivilegedActionException'> (0x00000000d78e0978) thrown at [/HUDSON/workspace/8-2-build-linux-amd64/jdk8u211/12973/hotspot/src/share/vm/prims/jvm.cpp, line 1502]
Event: 0.400 Thread 0x00007f2eac00c800 Exception <a 'java/security/PrivilegedActionException'> (0x00000000d78e0d70) thrown at [/HUDSON/workspace/8-2-build-linux-amd64/jdk8u211/12973/hotspot/src/share/vm/prims/jvm.cpp, line 1502]
Event: 0.400 Thread 0x00007f2eac00c800 Exception <a 'java/security/PrivilegedActionException'> (0x00000000d78e33a8) thrown at [/HUDSON/workspace/8-2-build-linux-amd64/jdk8u211/12973/hotspot/src/share/vm/prims/jvm.cpp, line 1502]
Event: 0.400 Thread 0x00007f2eac00c800 Exception <a 'java/security/PrivilegedActionException'> (0x00000000d78e37a0) thrown at [/HUDSON/workspace/8-2-build-linux-amd64/jdk8u211/12973/hotspot/src/share/vm/prims/jvm.cpp, line 1502]

Events (10 events):
Event: 24.941 Thread 0x00007f2eac00c800 Uncommon trap: trap_request=0xffffffde fr.pc=0x00007f2e9c8162c0
Event: 24.941 Thread 0x00007f2eac00c800 DEOPT PACKING pc=0x00007f2e9c8162c0 sp=0x00007f2eb254c550
Event: 24.941 Thread 0x00007f2eac00c800 DEOPT UNPACKING pc=0x00007f2e9c3b873a sp=0x00007f2eb254c4e8 mode 2
Event: 25.019 Thread 0x00007f2eac00c800 Uncommon trap: trap_request=0xffffffde fr.pc=0x00007f2e9c8162c0
Event: 25.019 Thread 0x00007f2eac00c800 DEOPT PACKING pc=0x00007f2e9c8162c0 sp=0x00007f2eb254c550
Event: 25.019 Thread 0x00007f2eac00c800 DEOPT UNPACKING pc=0x00007f2e9c3b873a sp=0x00007f2eb254c4e8 mode 2
Event: 25.019 Thread 0x00007f2eac00c800 Uncommon trap: trap_request=0xffffffde fr.pc=0x00007f2e9c8162c0
Event: 25.019 Thread 0x00007f2eac00c800 DEOPT PACKING pc=0x00007f2e9c8162c0 sp=0x00007f2eb254c550
Event: 25.020 Thread 0x00007f2eac00c800 DEOPT UNPACKING pc=0x00007f2e9c3b873a sp=0x00007f2eb254c4e8 mode 2
Event: 25.104 Executing VM operation: ParallelGCFailedAllocation


Dynamic libraries:
00400000-00401000 r-xp 00000000 08:01 29492542                           /opt/jdk/jdk1.8.0_211/bin/java
00600000-00601000 r--p 00000000 08:01 29492542                           /opt/jdk/jdk1.8.0_211/bin/java
00601000-00602000 rw-p 00001000 08:01 29492542                           /opt/jdk/jdk1.8.0_211/bin/java
01b65000-01b86000 rw-p 00000000 00:00 0                                  [heap]
85800000-d7300000 rw-p 00000000 00:00 0 
d7300000-100000000 rw-p 00000000 00:00 0 
100000000-100100000 rw-p 00000000 00:00 0 
100100000-140000000 ---p 00000000 00:00 0 
7f2e5c000000-7f2e5c021000 rw-p 00000000 00:00 0 
7f2e5c021000-7f2e60000000 ---p 00000000 00:00 0 
7f2e60fff000-7f2e64000000 rw-p 00000000 00:00 0 
7f2e64000000-7f2e64377000 rw-p 00000000 00:00 0 
7f2e64377000-7f2e68000000 ---p 00000000 00:00 0 
7f2e68000000-7f2e68021000 rw-p 00000000 00:00 0 
7f2e68021000-7f2e6c000000 ---p 00000000 00:00 0 
7f2e6c000000-7f2e6c714000 rw-p 00000000 00:00 0 
7f2e6c714000-7f2e70000000 ---p 00000000 00:00 0 
7f2e70000000-7f2e70b3b000 rw-p 00000000 00:00 0 
7f2e70b3b000-7f2e74000000 ---p 00000000 00:00 0 
7f2e74000000-7f2e74021000 rw-p 00000000 00:00 0 
7f2e74021000-7f2e78000000 ---p 00000000 00:00 0 
7f2e78000000-7f2e78021000 rw-p 00000000 00:00 0 
7f2e78021000-7f2e7c000000 ---p 00000000 00:00 0 
7f2e7c000000-7f2e7c021000 rw-p 00000000 00:00 0 
7f2e7c021000-7f2e80000000 ---p 00000000 00:00 0 
7f2e80000000-7f2e80021000 rw-p 00000000 00:00 0 
7f2e80021000-7f2e84000000 ---p 00000000 00:00 0 
7f2e84000000-7f2e84021000 rw-p 00000000 00:00 0 
7f2e84021000-7f2e88000000 ---p 00000000 00:00 0 
7f2e88000000-7f2e88021000 rw-p 00000000 00:00 0 
7f2e88021000-7f2e8c000000 ---p 00000000 00:00 0 
7f2e8c000000-7f2e8c021000 rw-p 00000000 00:00 0 
7f2e8c021000-7f2e90000000 ---p 00000000 00:00 0 
7f2e90123000-7f2e94000000 rw-p 00000000 00:00 0 
7f2e94000000-7f2e94021000 rw-p 00000000 00:00 0 
7f2e94021000-7f2e98000000 ---p 00000000 00:00 0 
7f2e98160000-7f2e98258000 rw-p 00000000 00:00 0 
7f2e98258000-7f2e9826f000 r-xp 00000000 08:01 19270809                   /lib/x86_64-linux-gnu/libgcc_s.so.1
7f2e9826f000-7f2e9846e000 ---p 00017000 08:01 19270809                   /lib/x86_64-linux-gnu/libgcc_s.so.1
7f2e9846e000-7f2e9846f000 r--p 00016000 08:01 19270809                   /lib/x86_64-linux-gnu/libgcc_s.so.1
7f2e9846f000-7f2e98470000 rw-p 00017000 08:01 19270809                   /lib/x86_64-linux-gnu/libgcc_s.so.1
7f2e98495000-7f2e984cd000 r-xp 00000000 08:01 29492859                   /opt/jdk/jdk1.8.0_211/jre/lib/amd64/libsunec.so
7f2e984cd000-7f2e986cc000 ---p 00038000 08:01 29492859                   /opt/jdk/jdk1.8.0_211/jre/lib/amd64/libsunec.so
7f2e986cc000-7f2e986d1000 r--p 00037000 08:01 29492859                   /opt/jdk/jdk1.8.0_211/jre/lib/amd64/libsunec.so
7f2e986d1000-7f2e986d3000 rw-p 0003c000 08:01 29492859                   /opt/jdk/jdk1.8.0_211/jre/lib/amd64/libsunec.so
7f2e986d3000-7f2e986e9000 r-xp 00000000 08:01 29492852                   /opt/jdk/jdk1.8.0_211/jre/lib/amd64/libnet.so
7f2e986e9000-7f2e988e8000 ---p 00016000 08:01 29492852                   /opt/jdk/jdk1.8.0_211/jre/lib/amd64/libnet.so
7f2e988e8000-7f2e988e9000 r--p 00015000 08:01 29492852                   /opt/jdk/jdk1.8.0_211/jre/lib/amd64/libnet.so
7f2e988e9000-7f2e988ea000 rw-p 00016000 08:01 29492852                   /opt/jdk/jdk1.8.0_211/jre/lib/amd64/libnet.so
7f2e988ea000-7f2e988fb000 r-xp 00000000 08:01 29492912                   /opt/jdk/jdk1.8.0_211/jre/lib/amd64/libnio.so
7f2e988fb000-7f2e98afa000 ---p 00011000 08:01 29492912                   /opt/jdk/jdk1.8.0_211/jre/lib/amd64/libnio.so
7f2e98afa000-7f2e98afb000 r--p 00010000 08:01 29492912                   /opt/jdk/jdk1.8.0_211/jre/lib/amd64/libnio.so
7f2e98afb000-7f2e98afc000 rw-p 00011000 08:01 29492912                   /opt/jdk/jdk1.8.0_211/jre/lib/amd64/libnio.so
7f2e98afc000-7f2e98afe000 r--s 00009000 08:01 29492797                   /opt/jdk/jdk1.8.0_211/jre/lib/ext/sunec.jar
7f2e98afe000-7f2e98b02000 r--s 0003b000 08:01 29492805                   /opt/jdk/jdk1.8.0_211/jre/lib/ext/sunpkcs11.jar
7f2e98b02000-7f2e98b05000 r--s 0001a000 08:01 29492691                   /opt/jdk/jdk1.8.0_211/jre/lib/jce.jar
7f2e98b05000-7f2e98b0a000 r--s 000a3000 08:01 29492810                   /opt/jdk/jdk1.8.0_211/jre/lib/jsse.jar
7f2e98b0a000-7f2e98b3f000 rw-p 00000000 00:00 0 
7f2e98b3f000-7f2e98c85000 r--s 01421000 08:01 23858243                   /home/chinmay/eclipse-workspace/MexicoDataProcess/jars/selenium-server-standalone-3.5.3.jar
7f2e98c85000-7f2e98c8e000 r--s 0006f000 08:01 23858256                   /home/chinmay/eclipse-workspace/MexicoDataProcess/jars/log4j-1.2.17.jar
7f2e98c8e000-7f2e98c96000 r--s 00048000 08:01 23858228                   /home/chinmay/eclipse-workspace/MexicoDataProcess/jars/httpcore-4.4.6.jar
7f2e98c96000-7f2e98ca3000 r--s 000aa000 08:01 23858253                   /home/chinmay/eclipse-workspace/MexicoDataProcess/jars/httpclient-4.5.3.jar
7f2e98ca3000-7f2e98ca5000 r--s 00007000 08:01 23858237                   /home/chinmay/eclipse-workspace/MexicoDataProcess/jars/fuzzywuzzy/fuzzywuzzy-1.1.9.jar
7f2e98ca5000-7f2e98ca9000 r--s 0002a000 08:01 24248414                   /home/chinmay/eclipse-workspace/MexicoDataProcess/jars/validator/commons-validator-1.6.jar
7f2e98ca9000-7f2e98cab000 r--s 0000d000 08:01 23858250                   /home/chinmay/eclipse-workspace/MexicoDataProcess/jars/SuperCSV-1.52.jar
7f2e98cab000-7f2e98cb0000 r--s 00659000 08:01 23858245                   /home/chinmay/eclipse-workspace/MexicoDataProcess/jars/sqlite-jdbc-3.21.0.jar
7f2e98cb0000-7f2e98cb3000 r--s 00017000 08:01 23858254                   /home/chinmay/eclipse-workspace/MexicoDataProcess/jars/opencsv-4.0.jar
7f2e98cb3000-7f2e98cbb000 r--s 00098000 08:01 23858226                   /home/chinmay/eclipse-workspace/MexicoDataProcess/jars/javax.mail-1.6.1.jar
7f2e98cbb000-7f2e98cc0000 r--s 0002a000 08:01 23858225                   /home/chinmay/eclipse-workspace/MexicoDataProcess/jars/gson-2.2.2.jar
7f2e98cc0000-7f2e98cc8000 r--s 00072000 08:01 23858244                   /home/chinmay/eclipse-workspace/MexicoDataProcess/jars/commons-lang3-3.7.jar
7f2e98cc8000-7f2e98cd6000 r--s 0007f000 08:01 23858255                   /home/chinmay/eclipse-workspace/MexicoDataProcess/jars/commons-collections-3.2.1.jar
7f2e98cd6000-7f2e98cd7000 ---p 00000000 00:00 0 
7f2e98cd7000-7f2e98dd7000 rw-p 00000000 00:00 0 
7f2e98dd7000-7f2e98dda000 ---p 00000000 00:00 0 
7f2e98dda000-7f2e98ed8000 rw-p 00000000 00:00 0 
7f2e98ed8000-7f2e98ed9000 ---p 00000000 00:00 0 
7f2e98ed9000-7f2e98edc000 ---p 00000000 00:00 0 
7f2e98edc000-7f2e98fd9000 rw-p 00000000 00:00 0 
7f2e98fd9000-7f2e98fda000 ---p 00000000 00:00 0 
7f2e98fda000-7f2e98fdd000 ---p 00000000 00:00 0 
7f2e98fdd000-7f2e990da000 rw-p 00000000 00:00 0 
7f2e990da000-7f2e990db000 ---p 00000000 00:00 0 
7f2e990db000-7f2e990de000 ---p 00000000 00:00 0 
7f2e990de000-7f2e991db000 rw-p 00000000 00:00 0 
7f2e991db000-7f2e991de000 ---p 00000000 00:00 0 
7f2e991de000-7f2e992dc000 rw-p 00000000 00:00 0 
7f2e992dc000-7f2e995ba000 r--p 00000000 08:01 15335669                   /usr/lib/locale/locale-archive
7f2e995ba000-7f2e995bd000 ---p 00000000 00:00 0 
7f2e995bd000-7f2e996bb000 rw-p 00000000 00:00 0 
7f2e996bb000-7f2e996be000 ---p 00000000 00:00 0 
7f2e996be000-7f2e997bc000 rw-p 00000000 00:00 0 
7f2e997bc000-7f2e997bd000 ---p 00000000 00:00 0 
7f2e997bd000-7f2e9a89f000 rw-p 00000000 00:00 0 
7f2e9a89f000-7f2e9aa79000 r--s 03d6d000 08:01 29492601                   /opt/jdk/jdk1.8.0_211/jre/lib/rt.jar
7f2e9aa79000-7f2e9b1f9000 rw-p 00000000 00:00 0 
7f2e9b1f9000-7f2e9b279000 ---p 00000000 00:00 0 
7f2e9b279000-7f2e9b64d000 rw-p 00000000 00:00 0 
7f2e9b64d000-7f2e9b64e000 ---p 00000000 00:00 0 
7f2e9b64e000-7f2e9b74e000 rw-p 00000000 00:00 0 
7f2e9b74e000-7f2e9b74f000 ---p 00000000 00:00 0 
7f2e9b74f000-7f2e9b84f000 rw-p 00000000 00:00 0 
7f2e9b84f000-7f2e9b850000 ---p 00000000 00:00 0 
7f2e9b850000-7f2e9bbde000 rw-p 00000000 00:00 0 
7f2e9bbde000-7f2e9be6b000 rw-p 00000000 00:00 0 
7f2e9be6b000-7f2e9bfb2000 rw-p 00000000 00:00 0 
7f2e9bfb2000-7f2e9bfc9000 rw-p 00000000 00:00 0 
7f2e9bfc9000-7f2e9c373000 ---p 00000000 00:00 0 
7f2e9c373000-7f2e9c8d3000 rwxp 00000000 00:00 0 
7f2e9c8d3000-7f2eab373000 ---p 00000000 00:00 0 
7f2eab373000-7f2eab38e000 r-xp 00000000 08:01 29492875                   /opt/jdk/jdk1.8.0_211/jre/lib/amd64/libzip.so
7f2eab38e000-7f2eab58d000 ---p 0001b000 08:01 29492875                   /opt/jdk/jdk1.8.0_211/jre/lib/amd64/libzip.so
7f2eab58d000-7f2eab58e000 r--p 0001a000 08:01 29492875                   /opt/jdk/jdk1.8.0_211/jre/lib/amd64/libzip.so
7f2eab58e000-7f2eab58f000 rw-p 0001b000 08:01 29492875                   /opt/jdk/jdk1.8.0_211/jre/lib/amd64/libzip.so
7f2eab58f000-7f2eab59a000 r-xp 00000000 08:01 19268294                   /lib/x86_64-linux-gnu/libnss_files-2.27.so
7f2eab59a000-7f2eab799000 ---p 0000b000 08:01 19268294                   /lib/x86_64-linux-gnu/libnss_files-2.27.so
7f2eab799000-7f2eab79a000 r--p 0000a000 08:01 19268294                   /lib/x86_64-linux-gnu/libnss_files-2.27.so
7f2eab79a000-7f2eab79b000 rw-p 0000b000 08:01 19268294                   /lib/x86_64-linux-gnu/libnss_files-2.27.so
7f2eab79b000-7f2eab7a1000 rw-p 00000000 00:00 0 
7f2eab7a1000-7f2eab7b8000 r-xp 00000000 08:01 19268291                   /lib/x86_64-linux-gnu/libnsl-2.27.so
7f2eab7b8000-7f2eab9b7000 ---p 00017000 08:01 19268291                   /lib/x86_64-linux-gnu/libnsl-2.27.so
7f2eab9b7000-7f2eab9b8000 r--p 00016000 08:01 19268291                   /lib/x86_64-linux-gnu/libnsl-2.27.so
7f2eab9b8000-7f2eab9b9000 rw-p 00017000 08:01 19268291                   /lib/x86_64-linux-gnu/libnsl-2.27.so
7f2eab9b9000-7f2eab9bb000 rw-p 00000000 00:00 0 
7f2eab9bb000-7f2eab9c6000 r-xp 00000000 08:01 19268296                   /lib/x86_64-linux-gnu/libnss_nis-2.27.so
7f2eab9c6000-7f2eabbc5000 ---p 0000b000 08:01 19268296                   /lib/x86_64-linux-gnu/libnss_nis-2.27.so
7f2eabbc5000-7f2eabbc6000 r--p 0000a000 08:01 19268296                   /lib/x86_64-linux-gnu/libnss_nis-2.27.so
7f2eabbc6000-7f2eabbc7000 rw-p 0000b000 08:01 19268296                   /lib/x86_64-linux-gnu/libnss_nis-2.27.so
7f2eabbc7000-7f2eabbcf000 r-xp 00000000 08:01 19268292                   /lib/x86_64-linux-gnu/libnss_compat-2.27.so
7f2eabbcf000-7f2eabdcf000 ---p 00008000 08:01 19268292                   /lib/x86_64-linux-gnu/libnss_compat-2.27.so
7f2eabdcf000-7f2eabdd0000 r--p 00008000 08:01 19268292                   /lib/x86_64-linux-gnu/libnss_compat-2.27.so
7f2eabdd0000-7f2eabdd1000 rw-p 00009000 08:01 19268292                   /lib/x86_64-linux-gnu/libnss_compat-2.27.so
7f2eabdd1000-7f2eabdfd000 r-xp 00000000 08:01 29492866                   /opt/jdk/jdk1.8.0_211/jre/lib/amd64/libjava.so
7f2eabdfd000-7f2eabffd000 ---p 0002c000 08:01 29492866                   /opt/jdk/jdk1.8.0_211/jre/lib/amd64/libjava.so
7f2eabffd000-7f2eabffe000 r--p 0002c000 08:01 29492866                   /opt/jdk/jdk1.8.0_211/jre/lib/amd64/libjava.so
7f2eabffe000-7f2eac000000 rw-p 0002d000 08:01 29492866                   /opt/jdk/jdk1.8.0_211/jre/lib/amd64/libjava.so
7f2eac000000-7f2eac321000 rw-p 00000000 00:00 0 
7f2eac321000-7f2eb0000000 ---p 00000000 00:00 0 
7f2eb0000000-7f2eb0002000 r--s 0000e000 08:01 23858249                   /home/chinmay/eclipse-workspace/MexicoDataProcess/jars/commons-logging-1.2.jar
7f2eb0002000-7f2eb0006000 r--s 0002f000 08:01 23858239                   /home/chinmay/eclipse-workspace/MexicoDataProcess/jars/commons-io-2.5.jar
7f2eb0006000-7f2eb000d000 r--s 0004b000 08:01 23858248                   /home/chinmay/eclipse-workspace/MexicoDataProcess/jars/commons-codec-1.11.jar
7f2eb000d000-7f2eb0083000 rw-p 00000000 00:00 0 
7f2eb0083000-7f2eb0084000 ---p 00000000 00:00 0 
7f2eb0084000-7f2eb0184000 rw-p 00000000 00:00 0 
7f2eb0184000-7f2eb0191000 r-xp 00000000 08:01 29492857                   /opt/jdk/jdk1.8.0_211/jre/lib/amd64/libverify.so
7f2eb0191000-7f2eb0390000 ---p 0000d000 08:01 29492857                   /opt/jdk/jdk1.8.0_211/jre/lib/amd64/libverify.so
7f2eb0390000-7f2eb0392000 r--p 0000c000 08:01 29492857                   /opt/jdk/jdk1.8.0_211/jre/lib/amd64/libverify.so
7f2eb0392000-7f2eb0393000 rw-p 0000e000 08:01 29492857                   /opt/jdk/jdk1.8.0_211/jre/lib/amd64/libverify.so
7f2eb0393000-7f2eb039a000 r-xp 00000000 08:01 19268301                   /lib/x86_64-linux-gnu/librt-2.27.so
7f2eb039a000-7f2eb0599000 ---p 00007000 08:01 19268301                   /lib/x86_64-linux-gnu/librt-2.27.so
7f2eb0599000-7f2eb059a000 r--p 00006000 08:01 19268301                   /lib/x86_64-linux-gnu/librt-2.27.so
7f2eb059a000-7f2eb059b000 rw-p 00007000 08:01 19268301                   /lib/x86_64-linux-gnu/librt-2.27.so
7f2eb059b000-7f2eb0738000 r-xp 00000000 08:01 19268288                   /lib/x86_64-linux-gnu/libm-2.27.so
7f2eb0738000-7f2eb0937000 ---p 0019d000 08:01 19268288                   /lib/x86_64-linux-gnu/libm-2.27.so
7f2eb0937000-7f2eb0938000 r--p 0019c000 08:01 19268288                   /lib/x86_64-linux-gnu/libm-2.27.so
7f2eb0938000-7f2eb0939000 rw-p 0019d000 08:01 19268288                   /lib/x86_64-linux-gnu/libm-2.27.so
7f2eb0939000-7f2eb1621000 r-xp 00000000 08:01 29492873                   /opt/jdk/jdk1.8.0_211/jre/lib/amd64/server/libjvm.so
7f2eb1621000-7f2eb1820000 ---p 00ce8000 08:01 29492873                   /opt/jdk/jdk1.8.0_211/jre/lib/amd64/server/libjvm.so
7f2eb1820000-7f2eb18b6000 r--p 00ce7000 08:01 29492873                   /opt/jdk/jdk1.8.0_211/jre/lib/amd64/server/libjvm.so
7f2eb18b6000-7f2eb18e7000 rw-p 00d7d000 08:01 29492873                   /opt/jdk/jdk1.8.0_211/jre/lib/amd64/server/libjvm.so
7f2eb18e7000-7f2eb1922000 rw-p 00000000 00:00 0 
7f2eb1922000-7f2eb1b09000 r-xp 00000000 08:01 19268284                   /lib/x86_64-linux-gnu/libc-2.27.so
7f2eb1b09000-7f2eb1d09000 ---p 001e7000 08:01 19268284                   /lib/x86_64-linux-gnu/libc-2.27.so
7f2eb1d09000-7f2eb1d0d000 r--p 001e7000 08:01 19268284                   /lib/x86_64-linux-gnu/libc-2.27.so
7f2eb1d0d000-7f2eb1d0f000 rw-p 001eb000 08:01 19268284                   /lib/x86_64-linux-gnu/libc-2.27.so
7f2eb1d0f000-7f2eb1d13000 rw-p 00000000 00:00 0 
7f2eb1d13000-7f2eb1d16000 r-xp 00000000 08:01 19268287                   /lib/x86_64-linux-gnu/libdl-2.27.so
7f2eb1d16000-7f2eb1f15000 ---p 00003000 08:01 19268287                   /lib/x86_64-linux-gnu/libdl-2.27.so
7f2eb1f15000-7f2eb1f16000 r--p 00002000 08:01 19268287                   /lib/x86_64-linux-gnu/libdl-2.27.so
7f2eb1f16000-7f2eb1f17000 rw-p 00003000 08:01 19268287                   /lib/x86_64-linux-gnu/libdl-2.27.so
7f2eb1f17000-7f2eb1f2e000 r-xp 00000000 08:01 29491852                   /opt/jdk/jdk1.8.0_211/lib/amd64/jli/libjli.so
7f2eb1f2e000-7f2eb212d000 ---p 00017000 08:01 29491852                   /opt/jdk/jdk1.8.0_211/lib/amd64/jli/libjli.so
7f2eb212d000-7f2eb212e000 r--p 00016000 08:01 29491852                   /opt/jdk/jdk1.8.0_211/lib/amd64/jli/libjli.so
7f2eb212e000-7f2eb212f000 rw-p 00017000 08:01 29491852                   /opt/jdk/jdk1.8.0_211/lib/amd64/jli/libjli.so
7f2eb212f000-7f2eb2149000 r-xp 00000000 08:01 19268299                   /lib/x86_64-linux-gnu/libpthread-2.27.so
7f2eb2149000-7f2eb2348000 ---p 0001a000 08:01 19268299                   /lib/x86_64-linux-gnu/libpthread-2.27.so
7f2eb2348000-7f2eb2349000 r--p 00019000 08:01 19268299                   /lib/x86_64-linux-gnu/libpthread-2.27.so
7f2eb2349000-7f2eb234a000 rw-p 0001a000 08:01 19268299                   /lib/x86_64-linux-gnu/libpthread-2.27.so
7f2eb234a000-7f2eb234e000 rw-p 00000000 00:00 0 
7f2eb234e000-7f2eb2377000 r-xp 00000000 08:01 19268280                   /lib/x86_64-linux-gnu/ld-2.27.so
7f2eb2377000-7f2eb2378000 r--s 00005000 08:01 23858252                   /home/chinmay/eclipse-workspace/MexicoDataProcess/jars/json-simple-1.1.1.jar
7f2eb2378000-7f2eb237d000 r--s 00084000 08:01 29492788                   /opt/jdk/jdk1.8.0_211/jre/lib/jfr.jar
7f2eb237d000-7f2eb2382000 r--s 002f9000 08:01 29492600                   /opt/jdk/jdk1.8.0_211/jre/lib/charsets.jar
7f2eb2382000-7f2eb244d000 rw-p 00000000 00:00 0 
7f2eb244d000-7f2eb244e000 ---p 00000000 00:00 0 
7f2eb244e000-7f2eb2451000 ---p 00000000 00:00 0 
7f2eb2451000-7f2eb2552000 rw-p 00000000 00:00 0 
7f2eb2552000-7f2eb2555000 r--s 0001a000 08:01 29492691                   /opt/jdk/jdk1.8.0_211/jre/lib/jce.jar
7f2eb2555000-7f2eb255a000 r--s 000a3000 08:01 29492810                   /opt/jdk/jdk1.8.0_211/jre/lib/jsse.jar
7f2eb255a000-7f2eb256d000 r--s 00345000 08:01 29492723                   /opt/jdk/jdk1.8.0_211/jre/lib/resources.jar
7f2eb256d000-7f2eb2575000 rw-s 00000000 08:01 19923003                   /tmp/hsperfdata_chinmay/7530
7f2eb2575000-7f2eb2576000 rw-p 00000000 00:00 0 
7f2eb2576000-7f2eb2577000 ---p 00000000 00:00 0 
7f2eb2577000-7f2eb2578000 r--p 00029000 08:01 19268280                   /lib/x86_64-linux-gnu/ld-2.27.so
7f2eb2578000-7f2eb2579000 rw-p 0002a000 08:01 19268280                   /lib/x86_64-linux-gnu/ld-2.27.so
7f2eb2579000-7f2eb257a000 rw-p 00000000 00:00 0 
7ffc788eb000-7ffc7890d000 rw-p 00000000 00:00 0                          [stack]
7ffc789d2000-7ffc789d5000 r--p 00000000 00:00 0                          [vvar]
7ffc789d5000-7ffc789d6000 r-xp 00000000 00:00 0                          [vdso]
ffffffffff600000-ffffffffff601000 --xp 00000000 00:00 0                  [vsyscall]

VM Arguments:
jvm_args: -Dfile.encoding=UTF-8 
java_command: com.chinmay.test.CompareAddNumbersToAdd
java_class_path (initial): /opt/jdk/jdk1.8.0_211/jre/lib/resources.jar:/opt/jdk/jdk1.8.0_211/jre/lib/rt.jar:/opt/jdk/jdk1.8.0_211/jre/lib/jsse.jar:/opt/jdk/jdk1.8.0_211/jre/lib/jce.jar:/opt/jdk/jdk1.8.0_211/jre/lib/charsets.jar:/opt/jdk/jdk1.8.0_211/jre/lib/jfr.jar:/opt/jdk/jdk1.8.0_211/jre/lib/ext/nashorn.jar:/opt/jdk/jdk1.8.0_211/jre/lib/ext/zipfs.jar:/opt/jdk/jdk1.8.0_211/jre/lib/ext/sunpkcs11.jar:/opt/jdk/jdk1.8.0_211/jre/lib/ext/localedata.jar:/opt/jdk/jdk1.8.0_211/jre/lib/ext/jfxrt.jar:/opt/jdk/jdk1.8.0_211/jre/lib/ext/cldrdata.jar:/opt/jdk/jdk1.8.0_211/jre/lib/ext/sunjce_provider.jar:/opt/jdk/jdk1.8.0_211/jre/lib/ext/dnsns.jar:/opt/jdk/jdk1.8.0_211/jre/lib/ext/sunec.jar:/opt/jdk/jdk1.8.0_211/jre/lib/ext/jaccess.jar:/home/chinmay/eclipse-workspace/MexicoDataProcess/bin:/home/chinmay/eclipse-workspace/MexicoDataProcess/jars/commons-codec-1.11.jar:/home/chinmay/eclipse-workspace/MexicoDataProcess/jars/commons-collections-3.2.1.jar:/home/chinmay/eclipse-workspace/MexicoDataProcess/jars/commons-io-2.5.jar:/home/chinmay/eclipse-workspace/MexicoDataProcess/jars/commons-lang3-3.7.jar:/home/chinmay/eclipse-workspace/MexicoDataProcess/jars/commons-logging-1.2.jar:/home/chinmay/eclipse-workspace/MexicoDataProcess/jars/gson-2.2.2.jar:/home/chinmay/eclipse-workspace/MexicoDataProcess/jars/javax.mail-1.6.1.jar:/home/chinmay/eclipse-workspace/MexicoDataProcess/jars/json-simple-1.1.1.jar:/home/chinmay/eclipse-workspace/MexicoDataProcess/jars/opencsv-4.0.jar:/home/chinmay/eclipse-workspace/MexicoDataProcess/jars/sqlite-jdbc-3.21.0.jar:/home/chinmay/eclipse-workspace/MexicoDataProcess/jars/SuperCSV-1.52.jar:/home/chinmay/eclipse-workspace/MexicoDataProcess/jars/validator/commons-validator-1.6.jar:/home/chinmay/eclipse-workspace/MexicoDataProcess/jars/fuzzywuzzy/fuzzywuzzy-1.1.9.jar:/home/chinmay/eclipse-workspace/MexicoDataProcess/jars/httpclient-4.5.3.jar:/home/chinmay/eclipse-workspace/MexicoDataProcess/jars/httpcore-4.4.6.jar:/home/chinmay/eclipse-workspace/MexicoDataProc
Launcher Type: SUN_STANDARD

Environment Variables:
PATH=/home/chinmay/bin:/usr/local/sbin:/usr/local/bin:/usr/sbin:/usr/bin:/sbin:/bin:/usr/games:/usr/local/games:/snap/bin
USERNAME=chinmay
SHELL=/bin/bash
DISPLAY=:0

Signal Handlers:
SIGSEGV: [libjvm.so+0xad3d90], sa_mask[0]=11111111011111111101111111111110, sa_flags=SA_RESTART|SA_SIGINFO
SIGBUS: [libjvm.so+0xad3d90], sa_mask[0]=11111111011111111101111111111110, sa_flags=SA_RESTART|SA_SIGINFO
SIGFPE: [libjvm.so+0x90b8b0], sa_mask[0]=11111111011111111101111111111110, sa_flags=SA_RESTART|SA_SIGINFO
SIGPIPE: [libjvm.so+0x90b8b0], sa_mask[0]=11111111011111111101111111111110, sa_flags=SA_RESTART|SA_SIGINFO
SIGXFSZ: [libjvm.so+0x90b8b0], sa_mask[0]=11111111011111111101111111111110, sa_flags=SA_RESTART|SA_SIGINFO
SIGILL: [libjvm.so+0x90b8b0], sa_mask[0]=11111111011111111101111111111110, sa_flags=SA_RESTART|SA_SIGINFO
SIGUSR1: SIG_DFL, sa_mask[0]=00000000000000000000000000000000, sa_flags=none
SIGUSR2: [libjvm.so+0x90b780], sa_mask[0]=00100000000000000000000000000000, sa_flags=SA_RESTART|SA_SIGINFO
SIGHUP: [libjvm.so+0x90bda0], sa_mask[0]=11111111011111111101111111111110, sa_flags=SA_RESTART|SA_SIGINFO
SIGINT: [libjvm.so+0x90bda0], sa_mask[0]=11111111011111111101111111111110, sa_flags=SA_RESTART|SA_SIGINFO
SIGTERM: [libjvm.so+0x90bda0], sa_mask[0]=11111111011111111101111111111110, sa_flags=SA_RESTART|SA_SIGINFO
SIGQUIT: [libjvm.so+0x90bda0], sa_mask[0]=11111111011111111101111111111110, sa_flags=SA_RESTART|SA_SIGINFO


---------------  S Y S T E M  ---------------

OS:DISTRIB_ID=Ubuntu
DISTRIB_RELEASE=18.04
DISTRIB_CODENAME=bionic
DISTRIB_DESCRIPTION="Ubuntu 18.04.5 LTS"

uname:Linux 5.4.0-77-generic #86~18.04.1-Ubuntu SMP Fri Jun 18 01:23:22 UTC 2021 x86_64
libc:glibc 2.27 NPTL 2.27 
rlimit: STACK 8192k, CORE 0k, NPROC 31048, NOFILE 1048576, AS infinity
load average:1.64 0.49 0.46

/proc/meminfo:
MemTotal:        8022240 kB
MemFree:          153432 kB
MemAvailable:    1301996 kB
Buffers:          129064 kB
Cached:          2234748 kB
SwapCached:          372 kB
Active:          5912540 kB
Inactive:        1474620 kB
Active(anon):    5098768 kB
Inactive(anon):   967644 kB
Active(file):     813772 kB
Inactive(file):   506976 kB
Unevictable:       89136 kB
Mlocked:             304 kB
SwapTotal:       2097148 kB
SwapFree:        2087408 kB
Dirty:               416 kB
Writeback:             0 kB
AnonPages:       5112268 kB
Mapped:          1170748 kB
Shmem:           1045268 kB
KReclaimable:      94152 kB
Slab:             232020 kB
SReclaimable:      94152 kB
SUnreclaim:       137868 kB
KernelStack:       18528 kB
PageTables:        84140 kB
NFS_Unstable:          0 kB
Bounce:                0 kB
WritebackTmp:          0 kB
CommitLimit:     6108268 kB
Committed_AS:   15575460 kB
VmallocTotal:   34359738367 kB
VmallocUsed:       32428 kB
VmallocChunk:          0 kB
Percpu:             3248 kB
HardwareCorrupted:     0 kB
AnonHugePages:         0 kB
ShmemHugePages:        0 kB
ShmemPmdMapped:        0 kB
FileHugePages:         0 kB
FilePmdMapped:         0 kB
CmaTotal:              0 kB
CmaFree:               0 kB
HugePages_Total:       0
HugePages_Free:        0
HugePages_Rsvd:        0
HugePages_Surp:        0
Hugepagesize:       2048 kB
Hugetlb:               0 kB
DirectMap4k:      354732 kB
DirectMap2M:     7903232 kB
DirectMap1G:     1048576 kB

container (cgroup) information:
container_type: cgroupv1
cpu_cpuset_cpus: 0-3
cpu_memory_nodes: 0
active_processor_count: 4
cpu_quota: -1
cpu_period: 100000
cpu_shares: -1
memory_limit_in_bytes: -1
memory_and_swap_limit_in_bytes: -2
memory_soft_limit_in_bytes: -1
memory_usage_in_bytes: 6885527552
memory_max_usage_in_bytes: 6960148480


CPU:total 4 (initial active 4) (2 cores per cpu, 2 threads per core) family 6 model 60 stepping 3, cmov, cx8, fxsr, mmx, sse, sse2, sse3, ssse3, sse4.1, sse4.2, popcnt, avx, avx2, aes, clmul, erms, lzcnt, ht, tsc, tscinvbit, bmi1, bmi2

/proc/cpuinfo:
processor	: 0
vendor_id	: GenuineIntel
cpu family	: 6
model		: 60
model name	: Intel(R) Core(TM) i3-4160 CPU @ 3.60GHz
stepping	: 3
microcode	: 0x28
cpu MHz		: 3591.927
cache size	: 3072 KB
physical id	: 0
siblings	: 4
core id		: 0
cpu cores	: 2
apicid		: 0
initial apicid	: 0
fpu		: yes
fpu_exception	: yes
cpuid level	: 13
wp		: yes
flags		: fpu vme de pse tsc msr pae mce cx8 apic sep mtrr pge mca cmov pat pse36 clflush dts acpi mmx fxsr sse sse2 ss ht tm pbe syscall nx pdpe1gb rdtscp lm constant_tsc arch_perfmon pebs bts rep_good nopl xtopology nonstop_tsc cpuid aperfmperf pni pclmulqdq dtes64 monitor ds_cpl vmx est tm2 ssse3 sdbg fma cx16 xtpr pdcm pcid sse4_1 sse4_2 movbe popcnt tsc_deadline_timer aes xsave avx f16c rdrand lahf_lm abm cpuid_fault epb invpcid_single pti ssbd ibrs ibpb stibp tpr_shadow vnmi flexpriority ept vpid ept_ad fsgsbase tsc_adjust bmi1 avx2 smep bmi2 erms invpcid xsaveopt dtherm arat pln pts md_clear flush_l1d
bugs		: cpu_meltdown spectre_v1 spectre_v2 spec_store_bypass l1tf mds swapgs itlb_multihit srbds
bogomips	: 7183.85
clflush size	: 64
cache_alignment	: 64
address sizes	: 39 bits physical, 48 bits virtual
power management:

processor	: 1
vendor_id	: GenuineIntel
cpu family	: 6
model		: 60
model name	: Intel(R) Core(TM) i3-4160 CPU @ 3.60GHz
stepping	: 3
microcode	: 0x28
cpu MHz		: 3591.927
cache size	: 3072 KB
physical id	: 0
siblings	: 4
core id		: 1
cpu cores	: 2
apicid		: 2
initial apicid	: 2
fpu		: yes
fpu_exception	: yes
cpuid level	: 13
wp		: yes
flags		: fpu vme de pse tsc msr pae mce cx8 apic sep mtrr pge mca cmov pat pse36 clflush dts acpi mmx fxsr sse sse2 ss ht tm pbe syscall nx pdpe1gb rdtscp lm constant_tsc arch_perfmon pebs bts rep_good nopl xtopology nonstop_tsc cpuid aperfmperf pni pclmulqdq dtes64 monitor ds_cpl vmx est tm2 ssse3 sdbg fma cx16 xtpr pdcm pcid sse4_1 sse4_2 movbe popcnt tsc_deadline_timer aes xsave avx f16c rdrand lahf_lm abm cpuid_fault epb invpcid_single pti ssbd ibrs ibpb stibp tpr_shadow vnmi flexpriority ept vpid ept_ad fsgsbase tsc_adjust bmi1 avx2 smep bmi2 erms invpcid xsaveopt dtherm arat pln pts md_clear flush_l1d
bugs		: cpu_meltdown spectre_v1 spectre_v2 spec_store_bypass l1tf mds swapgs itlb_multihit srbds
bogomips	: 7183.85
clflush size	: 64
cache_alignment	: 64
address sizes	: 39 bits physical, 48 bits virtual
power management:

processor	: 2
vendor_id	: GenuineIntel
cpu family	: 6
model		: 60
model name	: Intel(R) Core(TM) i3-4160 CPU @ 3.60GHz
stepping	: 3
microcode	: 0x28
cpu MHz		: 3591.926
cache size	: 3072 KB
physical id	: 0
siblings	: 4
core id		: 0
cpu cores	: 2
apicid		: 1
initial apicid	: 1
fpu		: yes
fpu_exception	: yes
cpuid level	: 13
wp		: yes
flags		: fpu vme de pse tsc msr pae mce cx8 apic sep mtrr pge mca cmov pat pse36 clflush dts acpi mmx fxsr sse sse2 ss ht tm pbe syscall nx pdpe1gb rdtscp lm constant_tsc arch_perfmon pebs bts rep_good nopl xtopology nonstop_tsc cpuid aperfmperf pni pclmulqdq dtes64 monitor ds_cpl vmx est tm2 ssse3 sdbg fma cx16 xtpr pdcm pcid sse4_1 sse4_2 movbe popcnt tsc_deadline_timer aes xsave avx f16c rdrand lahf_lm abm cpuid_fault epb invpcid_single pti ssbd ibrs ibpb stibp tpr_shadow vnmi flexpriority ept vpid ept_ad fsgsbase tsc_adjust bmi1 avx2 smep bmi2 erms invpcid xsaveopt dtherm arat pln pts md_clear flush_l1d
bugs		: cpu_meltdown spectre_v1 spectre_v2 spec_store_bypass l1tf mds swapgs itlb_multihit srbds
bogomips	: 7183.85
clflush size	: 64
cache_alignment	: 64
address sizes	: 39 bits physical, 48 bits virtual
power management:

processor	: 3
vendor_id	: GenuineIntel
cpu family	: 6
model		: 60
model name	: Intel(R) Core(TM) i3-4160 CPU @ 3.60GHz
stepping	: 3
microcode	: 0x28
cpu MHz		: 3591.925
cache size	: 3072 KB
physical id	: 0
siblings	: 4
core id		: 1
cpu cores	: 2
apicid		: 3
initial apicid	: 3
fpu		: yes
fpu_exception	: yes
cpuid level	: 13
wp		: yes
flags		: fpu vme de pse tsc msr pae mce cx8 apic sep mtrr pge mca cmov pat pse36 clflush dts acpi mmx fxsr sse sse2 ss ht tm pbe syscall nx pdpe1gb rdtscp lm constant_tsc arch_perfmon pebs bts rep_good nopl xtopology nonstop_tsc cpuid aperfmperf pni pclmulqdq dtes64 monitor ds_cpl vmx est tm2 ssse3 sdbg fma cx16 xtpr pdcm pcid sse4_1 sse4_2 movbe popcnt tsc_deadline_timer aes xsave avx f16c rdrand lahf_lm abm cpuid_fault epb invpcid_single pti ssbd ibrs ibpb stibp tpr_shadow vnmi flexpriority ept vpid ept_ad fsgsbase tsc_adjust bmi1 avx2 smep bmi2 erms invpcid xsaveopt dtherm arat pln pts md_clear flush_l1d
bugs		: cpu_meltdown spectre_v1 spectre_v2 spec_store_bypass l1tf mds swapgs itlb_multihit srbds
bogomips	: 7183.85
clflush size	: 64
cache_alignment	: 64
address sizes	: 39 bits physical, 48 bits virtual
power management:



Memory: 4k page, physical 8022240k(153432k free), swap 2097148k(2087408k free)

vm_info: Java HotSpot(TM) 64-Bit Server VM (25.211-b12) for linux-amd64 JRE (1.8.0_211-b12), built on Apr  1 2019 20:39:34 by "java_re" with gcc 7.3.0

time: Sat Jun 26 16:33:09 2021
timezone: IST
elapsed time: 25 seconds (0d 0h 0m 25s)

