#
# A fatal error has been detected by the Java Runtime Environment:
#
#  SIGSEGV (0xb) at pc=0x00007fcc8c1734f2, pid=13888, tid=0x00007fccd54f4700
#
# JRE version: Java(TM) SE Runtime Environment (8.0_211-b12) (build 1.8.0_211-b12)
# Java VM: Java HotSpot(TM) 64-Bit Server VM (25.211-b12 mixed mode linux-amd64 compressed oops)
# Problematic frame:
# C  [sqlite-3.21.0-4b364c37-f4c0-423a-8901-880f168350bf-libsqlitejdbc.so+0x254f2]
#
# Failed to write core dump. Core dumps have been disabled. To enable core dumping, try "ulimit -c unlimited" before starting Java again
#
# If you would like to submit a bug report, please visit:
#   http://bugreport.java.com/bugreport/crash.jsp
# The crash happened outside the Java Virtual Machine in native code.
# See problematic frame for where to report the bug.
#

---------------  T H R E A D  ---------------

Current thread (0x00007fcccc00c800):  JavaThread "main" [_thread_in_native, id=13893, stack(0x00007fccd53f5000,0x00007fccd54f5000)]

siginfo: si_signo: 11 (SIGSEGV), si_code: 1 (SEGV_MAPERR), si_addr: 0x00007bcbebc27780

Registers:
RAX=0x00007fcbebc34048, RBX=0x00007fcbebc2db58, RCX=0x00007fcbebc2ddc0, RDX=0x00007bcbebc27778
RSP=0x00007fccd54f3540, RBP=0x00007fcc3fdcae38, RSI=0x00007fcccc000040, RDI=0x00007fcbebc27a60
R8 =0x00007fcccc6aae08, R9 =0x00000000b24e4218, R10=0x0000000000000002, R11=0x00007fcc8c16d260
R12=0x0000000000000000, R13=0x00007fccd54f35d0, R14=0x00007fccd54f35a0, R15=0x00007fcccc00c800
RIP=0x00007fcc8c1734f2, EFLAGS=0x0000000000010206, CSGSFS=0x002b000000000033, ERR=0x0000000000000006
  TRAPNO=0x000000000000000e

Top of Stack: (sp=0x00007fccd54f3540)
0x00007fccd54f3540:   00007fccd54f3580 00007fcbebc2db58
0x00007fccd54f3550:   0000000000000000 00007fcc8c1ca12c
0x00007fccd54f3560:   00000000a863a230 00007fcbebc2db58
0x00007fccd54f3570:   00007fcc3fdcae38 00007fcc8c1ca310
0x00007fccd54f3580:   00000000a863a230 00007fccd54f35e0
0x00007fccd54f3590:   0000000000000000 00007fccbd5685d6
0x00007fccd54f35a0:   00000000a863a230 00007fccd54f35e8
0x00007fccd54f35b0:   00007fccd0df0d40 0000000000000000
0x00007fccd54f35c0:   00007fccd0df0948 0000000000000000
0x00007fccd54f35d0:   0000000000000003 0000000000000000
0x00007fccd54f35e0:   00000000b24e4230 00007fccbd3469ac
0x00007fccd54f35f0:   0000000000000007 00000000e2f18360
0x00007fccd54f3600:   00000000a8755850 b24e434800000001
0x00007fccd54f3610:   00000000a863a230 00000000e2f18360
0x00007fccd54f3620:   2cea4f4ea8755850 00024f4eb0c90008
0x00007fccd54f3630:   00000000b0d23d50 b24e4328a8755850
0x00007fccd54f3640:   00000000b24e4328 0001869e00000028
0x00007fccd54f3650:   0000000000000001 00000000a595cd30
0x00007fccd54f3660:   00007fccd54f3680 00000000b558f7c8
0x00007fccd54f3670:   00000000b558f7c8 00007fccbd35fce0
0x00007fccd54f3680:   0000000000000003 00000000b558f798
0x00007fccd54f3690:   00000001000016d0 00000000b558f7a8
0x00007fccd54f36a0:   00007fccd54f3708 00007fccbd0082bd
0x00007fccd54f36b0:   000000008736a4f0 00007fccbd0082bd
0x00007fccd54f36c0:   00000000a863a230 00007fccd54f36c8
0x00007fccd54f36d0:   00007fccd11d0a02 00007fccd54f3718
0x00007fccd54f36e0:   00007fccd11d9598 0000000000000000
0x00007fccd54f36f0:   00007fccd11d0a28 00007fccd54f36c0
0x00007fccd54f3700:   00007fccd54f3718 00007fccd54f3760
0x00007fccd54f3710:   00007fccbd008302 00000000a87550d0
0x00007fccd54f3720:   00007fccd54f3720 00007fcc83ec2d37
0x00007fccd54f3730:   00007fccd54f3778 00007fcc83ec2df0 

Instructions: (pc=0x00007fcc8c1734f2)
0x00007fcc8c1734d2:   ff ff 48 8b 53 08 48 85 d2 74 53 48 8b 43 10 48
0x00007fcc8c1734e2:   89 42 10 48 8b 53 10 48 85 d2 74 08 48 8b 43 08
0x00007fcc8c1734f2:   48 89 42 08 c7 43 24 c8 c3 06 56 48 c7 03 00 00
0x00007fcc8c173502:   00 00 48 89 de 48 89 ef 48 8b 5c 24 08 48 8b 6c 

Register to memory mapping:

RAX=0x00007fcbebc34048 is an unknown value
RBX=0x00007fcbebc2db58 is an unknown value
RCX=0x00007fcbebc2ddc0 is an unknown value
RDX=0x00007bcbebc27778 is an unknown value
RSP=0x00007fccd54f3540 is pointing into the stack for thread: 0x00007fcccc00c800
RBP=0x00007fcc3fdcae38 is an unknown value
RSI=0x00007fcccc000040 is an unknown value
RDI=0x00007fcbebc27a60 is an unknown value
R8 =0x00007fcccc6aae08 is an unknown value
R9 =0x00000000b24e4218 is an oop
java.lang.Long 
 - klass: 'java/lang/Long'
R10=0x0000000000000002 is an unknown value
R11=0x00007fcc8c16d260: <offset 0x1f260> in /tmp/sqlite-3.21.0-4b364c37-f4c0-423a-8901-880f168350bf-libsqlitejdbc.so at 0x00007fcc8c14e000
R12=0x0000000000000000 is an unknown value
R13=0x00007fccd54f35d0 is pointing into the stack for thread: 0x00007fcccc00c800
R14=0x00007fccd54f35a0 is pointing into the stack for thread: 0x00007fcccc00c800
R15=0x00007fcccc00c800 is a thread


Stack: [0x00007fccd53f5000,0x00007fccd54f5000],  sp=0x00007fccd54f3540,  free space=1017k
Native frames: (J=compiled Java code, j=interpreted, Vv=VM code, C=native code)
C  [sqlite-3.21.0-4b364c37-f4c0-423a-8901-880f168350bf-libsqlitejdbc.so+0x254f2]

Java frames: (J=compiled Java code, j=interpreted, Vv=VM code)
J 1447  org.sqlite.core.NativeDB.finalize(J)I (0 bytes) @ 0x00007fccbd568498 [0x00007fccbd568460+0x38]
J 1697 C2 org.sqlite.core.DB.close()V (156 bytes) @ 0x00007fccbd3469ac [0x00007fccbd3467c0+0x1ec]
j  org.sqlite.core.CoreConnection.close()V+26
j  com.tequila.database.corrector.UpdateReportAtTable.disconnect()V+23
j  com.tequila.database.corrector.CorrectNonUniqueFields.updateAddressVerficationCode(Ljava/util/Map;)V+373
J 1764% C1 com.tequila.database.corrector.CorrectNonUniqueFields.startUpdateAddressVerificationCode(IILjava/lang/String;)V (179 bytes) @ 0x00007fccbd59c39c [0x00007fccbd59a100+0x229c]
j  com.tequila.database.corrector.CorrectorAllFields.main([Ljava/lang/String;)V+140
v  ~StubRoutines::call_stub

---------------  P R O C E S S  ---------------

Java Threads: ( => current thread )
  0x00007fcccc0cb000 JavaThread "Service Thread" daemon [_thread_blocked, id=13905, stack(0x00007fcc8feff000,0x00007fcc90000000)]
  0x00007fcccc0c0000 JavaThread "C1 CompilerThread2" daemon [_thread_blocked, id=13904, stack(0x00007fccb40bf000,0x00007fccb41bf000)]
  0x00007fcccc0be000 JavaThread "C2 CompilerThread1" daemon [_thread_blocked, id=13903, stack(0x00007fccb41c0000,0x00007fccb42c0000)]
  0x00007fcccc0bb000 JavaThread "C2 CompilerThread0" daemon [_thread_blocked, id=13902, stack(0x00007fccbc016000,0x00007fccbc116000)]
  0x00007fcccc0b9800 JavaThread "Signal Dispatcher" daemon [_thread_blocked, id=13901, stack(0x00007fccbc116000,0x00007fccbc217000)]
  0x00007fcccc087000 JavaThread "Finalizer" daemon [_thread_blocked, id=13900, stack(0x00007fccbc4f5000,0x00007fccbc5f6000)]
  0x00007fcccc084800 JavaThread "Reference Handler" daemon [_thread_blocked, id=13899, stack(0x00007fccbc5f6000,0x00007fccbc6f7000)]
=>0x00007fcccc00c800 JavaThread "main" [_thread_in_native, id=13893, stack(0x00007fccd53f5000,0x00007fccd54f5000)]

Other Threads:
  0x00007fcccc07a800 VMThread [stack: 0x00007fccbc6f8000,0x00007fccbc7f8000] [id=13898]
  0x00007fcccc0cd800 WatcherThread [stack: 0x00007fcc8fdff000,0x00007fcc8feff000] [id=13906]

VM state:not at safepoint (normal execution)

VM Mutex/Monitor currently owned by a thread: None

heap address: 0x0000000085800000, size: 1960 MB, Compressed Oops mode: 32-bit
Narrow klass base: 0x0000000000000000, Narrow klass shift: 3
Compressed class space size: 1073741824 Address: 0x0000000100000000

Heap:
 PSYoungGen      total 445952K, used 193554K [0x00000000d7300000, 0x0000000100000000, 0x0000000100000000)
  eden space 223232K, 86% used [0x00000000d7300000,0x00000000e2ff7a80,0x00000000e4d00000)
  from space 222720K, 0% used [0x00000000e4d00000,0x00000000e4d0ce30,0x00000000f2680000)
  to   space 222720K, 0% used [0x00000000f2680000,0x00000000f2680000,0x0000000100000000)
 ParOldGen       total 1103872K, used 807335K [0x0000000085800000, 0x00000000c8e00000, 0x00000000d7300000)
  object space 1103872K, 73% used [0x0000000085800000,0x00000000b6c69c98,0x00000000c8e00000)
 Metaspace       used 10314K, capacity 10546K, committed 10752K, reserved 1058816K
  class space    used 1063K, capacity 1189K, committed 1280K, reserved 1048576K

Card table byte_map: [0x00007fccd1d09000,0x00007fccd20de000] byte_map_base: 0x00007fccd18dd000

Marking Bits: (ParMarkBitMap*) 0x00007fccd48abd80
 Begin Bits: [0x00007fccb42c0000, 0x00007fccb6160000)
 End Bits:   [0x00007fccb6160000, 0x00007fccb8000000)

Polling page: 0x00007fccd551d000

CodeCache: size=245760Kb used=5641Kb max_used=6665Kb free=240118Kb
 bounds [0x00007fccbd000000, 0x00007fccbd6b0000, 0x00007fcccc000000]
 total_blobs=1680 nmethods=1327 adapters=266
 compilation: enabled

Compilation events (10 events):
Event: 147.191 Thread 0x00007fcccc0bb000 1768   !   4       com.tequila.database.corrector.CorrectNonUniqueFields::updateAddressVerficationCode (382 bytes)
Event: 147.248 Thread 0x00007fcccc0bb000 nmethod 1768 0x00007fccbd4f4750 code [0x00007fccbd4f4bc0, 0x00007fccbd4f7540]
Event: 150.031 Thread 0x00007fcccc0be000 1769       4       java.util.Calendar::setFieldsComputed (117 bytes)
Event: 150.038 Thread 0x00007fcccc0be000 nmethod 1769 0x00007fccbd0fead0 code [0x00007fccbd0fec40, 0x00007fccbd0fedd8]
Event: 153.953 Thread 0x00007fcccc0bb000 1770       4       sun.nio.cs.UTF_8$Decoder::isMalformed3 (45 bytes)
Event: 153.953 Thread 0x00007fcccc0bb000 nmethod 1770 0x00007fccbd1b1e90 code [0x00007fccbd1b1fe0, 0x00007fccbd1b2078]
Event: 169.529 Thread 0x00007fcccc0c0000 1771  s    3       java.io.BufferedOutputStream::flush (12 bytes)
Event: 169.530 Thread 0x00007fcccc0c0000 nmethod 1771 0x00007fccbd15f610 code [0x00007fccbd15f7a0, 0x00007fccbd15fc98]
Event: 169.530 Thread 0x00007fcccc0c0000 1772       1       java.io.OutputStream::flush (1 bytes)
Event: 169.530 Thread 0x00007fcccc0c0000 nmethod 1772 0x00007fccbd3e0750 code [0x00007fccbd3e08a0, 0x00007fccbd3e09b0]

GC Heap History (10 events):
Event: 159.019 GC heap before
{Heap before GC invocations=64 (full 6):
 PSYoungGen      total 440320K, used 316085K [0x00000000d7300000, 0x00000000ff300000, 0x0000000100000000)
  eden space 223232K, 100% used [0x00000000d7300000,0x00000000e4d00000,0x00000000e4d00000)
  from space 217088K, 42% used [0x00000000e4d00000,0x00000000ea7ad7b0,0x00000000f2100000)
  to   space 209920K, 0% used [0x00000000f2600000,0x00000000f2600000,0x00000000ff300000)
 ParOldGen       total 987136K, used 827444K [0x0000000085800000, 0x00000000c1c00000, 0x00000000d7300000)
  object space 987136K, 83% used [0x0000000085800000,0x00000000b800d1f0,0x00000000c1c00000)
 Metaspace       used 10314K, capacity 10546K, committed 10752K, reserved 1058816K
  class space    used 1063K, capacity 1189K, committed 1280K, reserved 1048576K
Event: 159.119 GC heap after
Heap after GC invocations=64 (full 6):
 PSYoungGen      total 435200K, used 138144K [0x00000000d7300000, 0x0000000100000000, 0x0000000100000000)
  eden space 225280K, 0% used [0x00000000d7300000,0x00000000d7300000,0x00000000e4f00000)
  from space 209920K, 65% used [0x00000000f2600000,0x00000000face8378,0x00000000ff300000)
  to   space 220160K, 0% used [0x00000000e4f00000,0x00000000e4f00000,0x00000000f2600000)
 ParOldGen       total 987136K, used 827444K [0x0000000085800000, 0x00000000c1c00000, 0x00000000d7300000)
  object space 987136K, 83% used [0x0000000085800000,0x00000000b800d1f0,0x00000000c1c00000)
 Metaspace       used 10314K, capacity 10546K, committed 10752K, reserved 1058816K
  class space    used 1063K, capacity 1189K, committed 1280K, reserved 1048576K
}
Event: 160.551 GC heap before
{Heap before GC invocations=65 (full 6):
 PSYoungGen      total 435200K, used 363424K [0x00000000d7300000, 0x0000000100000000, 0x0000000100000000)
  eden space 225280K, 100% used [0x00000000d7300000,0x00000000e4f00000,0x00000000e4f00000)
  from space 209920K, 65% used [0x00000000f2600000,0x00000000face8378,0x00000000ff300000)
  to   space 220160K, 0% used [0x00000000e4f00000,0x00000000e4f00000,0x00000000f2600000)
 ParOldGen       total 987136K, used 827444K [0x0000000085800000, 0x00000000c1c00000, 0x00000000d7300000)
  object space 987136K, 83% used [0x0000000085800000,0x00000000b800d1f0,0x00000000c1c00000)
 Metaspace       used 10314K, capacity 10546K, committed 10752K, reserved 1058816K
  class space    used 1063K, capacity 1189K, committed 1280K, reserved 1048576K
Event: 160.671 GC heap after
Heap after GC invocations=65 (full 6):
 PSYoungGen      total 445440K, used 182976K [0x00000000d7300000, 0x0000000100000000, 0x0000000100000000)
  eden space 225280K, 0% used [0x00000000d7300000,0x00000000d7300000,0x00000000e4f00000)
  from space 220160K, 83% used [0x00000000e4f00000,0x00000000f01b0378,0x00000000f2600000)
  to   space 222720K, 0% used [0x00000000f2680000,0x00000000f2680000,0x0000000100000000)
 ParOldGen       total 987136K, used 827444K [0x0000000085800000, 0x00000000c1c00000, 0x00000000d7300000)
  object space 987136K, 83% used [0x0000000085800000,0x00000000b800d1f0,0x00000000c1c00000)
 Metaspace       used 10314K, capacity 10546K, committed 10752K, reserved 1058816K
  class space    used 1063K, capacity 1189K, committed 1280K, reserved 1048576K
}
Event: 166.186 GC heap before
{Heap before GC invocations=66 (full 6):
 PSYoungGen      total 445440K, used 408256K [0x00000000d7300000, 0x0000000100000000, 0x0000000100000000)
  eden space 225280K, 100% used [0x00000000d7300000,0x00000000e4f00000,0x00000000e4f00000)
  from space 220160K, 83% used [0x00000000e4f00000,0x00000000f01b0378,0x00000000f2600000)
  to   space 222720K, 0% used [0x00000000f2680000,0x00000000f2680000,0x0000000100000000)
 ParOldGen       total 987136K, used 827444K [0x0000000085800000, 0x00000000c1c00000, 0x00000000d7300000)
  object space 987136K, 83% used [0x0000000085800000,0x00000000b800d1f0,0x00000000c1c00000)
 Metaspace       used 10314K, capacity 10546K, committed 10752K, reserved 1058816K
  class space    used 1063K, capacity 1189K, committed 1280K, reserved 1048576K
Event: 166.349 GC heap after
Heap after GC invocations=66 (full 6):
 PSYoungGen      total 445952K, used 100820K [0x00000000d7300000, 0x0000000100000000, 0x0000000100000000)
  eden space 223232K, 0% used [0x00000000d7300000,0x00000000d7300000,0x00000000e4d00000)
  from space 222720K, 45% used [0x00000000f2680000,0x00000000f88f51b8,0x0000000100000000)
  to   space 222720K, 0% used [0x00000000e4d00000,0x00000000e4d00000,0x00000000f2680000)
 ParOldGen       total 987136K, used 919940K [0x0000000085800000, 0x00000000c1c00000, 0x00000000d7300000)
  object space 987136K, 93% used [0x0000000085800000,0x00000000bda611f0,0x00000000c1c00000)
 Metaspace       used 10314K, capacity 10546K, committed 10752K, reserved 1058816K
  class space    used 1063K, capacity 1189K, committed 1280K, reserved 1048576K
}
Event: 166.349 GC heap before
{Heap before GC invocations=67 (full 7):
 PSYoungGen      total 445952K, used 100820K [0x00000000d7300000, 0x0000000100000000, 0x0000000100000000)
  eden space 223232K, 0% used [0x00000000d7300000,0x00000000d7300000,0x00000000e4d00000)
  from space 222720K, 45% used [0x00000000f2680000,0x00000000f88f51b8,0x0000000100000000)
  to   space 222720K, 0% used [0x00000000e4d00000,0x00000000e4d00000,0x00000000f2680000)
 ParOldGen       total 987136K, used 919940K [0x0000000085800000, 0x00000000c1c00000, 0x00000000d7300000)
  object space 987136K, 93% used [0x0000000085800000,0x00000000bda611f0,0x00000000c1c00000)
 Metaspace       used 10314K, capacity 10546K, committed 10752K, reserved 1058816K
  class space    used 1063K, capacity 1189K, committed 1280K, reserved 1048576K
Event: 167.512 GC heap after
Heap after GC invocations=67 (full 7):
 PSYoungGen      total 445952K, used 0K [0x00000000d7300000, 0x0000000100000000, 0x0000000100000000)
  eden space 223232K, 0% used [0x00000000d7300000,0x00000000d7300000,0x00000000e4d00000)
  from space 222720K, 0% used [0x00000000f2680000,0x00000000f2680000,0x0000000100000000)
  to   space 222720K, 0% used [0x00000000e4d00000,0x00000000e4d00000,0x00000000f2680000)
 ParOldGen       total 1103872K, used 807335K [0x0000000085800000, 0x00000000c8e00000, 0x00000000d7300000)
  object space 1103872K, 73% used [0x0000000085800000,0x00000000b6c69c98,0x00000000c8e00000)
 Metaspace       used 10314K, capacity 10546K, committed 10752K, reserved 1058816K
  class space    used 1063K, capacity 1189K, committed 1280K, reserved 1048576K
}
Event: 167.900 GC heap before
{Heap before GC invocations=68 (full 7):
 PSYoungGen      total 445952K, used 223232K [0x00000000d7300000, 0x0000000100000000, 0x0000000100000000)
  eden space 223232K, 100% used [0x00000000d7300000,0x00000000e4d00000,0x00000000e4d00000)
  from space 222720K, 0% used [0x00000000f2680000,0x00000000f2680000,0x0000000100000000)
  to   space 222720K, 0% used [0x00000000e4d00000,0x00000000e4d00000,0x00000000f2680000)
 ParOldGen       total 1103872K, used 807335K [0x0000000085800000, 0x00000000c8e00000, 0x00000000d7300000)
  object space 1103872K, 73% used [0x0000000085800000,0x00000000b6c69c98,0x00000000c8e00000)
 Metaspace       used 10314K, capacity 10546K, committed 10752K, reserved 1058816K
  class space    used 1063K, capacity 1189K, committed 1280K, reserved 1048576K
Event: 167.904 GC heap after
Heap after GC invocations=68 (full 7):
 PSYoungGen      total 445952K, used 51K [0x00000000d7300000, 0x0000000100000000, 0x0000000100000000)
  eden space 223232K, 0% used [0x00000000d7300000,0x00000000d7300000,0x00000000e4d00000)
  from space 222720K, 0% used [0x00000000e4d00000,0x00000000e4d0ce30,0x00000000f2680000)
  to   space 222720K, 0% used [0x00000000f2680000,0x00000000f2680000,0x0000000100000000)
 ParOldGen       total 1103872K, used 807335K [0x0000000085800000, 0x00000000c8e00000, 0x00000000d7300000)
  object space 1103872K, 73% used [0x0000000085800000,0x00000000b6c69c98,0x00000000c8e00000)
 Metaspace       used 10314K, capacity 10546K, committed 10752K, reserved 1058816K
  class space    used 1063K, capacity 1189K, committed 1280K, reserved 1048576K
}

Deoptimization events (10 events):
Event: 88.830 Thread 0x00007fcccc00c800 Uncommon trap: reason=unstable_if action=reinterpret pc=0x00007fccbd5b6b50 method=java.lang.Character.isHighSurrogate(C)Z @ 3
Event: 89.832 Thread 0x00007fcccc00c800 Uncommon trap: reason=unstable_if action=reinterpret pc=0x00007fccbd5b760c method=java.lang.StringCoding$StringEncoder.encode([CII)[B @ 20
Event: 94.221 Thread 0x00007fcccc00c800 Uncommon trap: reason=class_check action=maybe_recompile pc=0x00007fccbd3475c4 method=org.sqlite.core.DB.close()V @ 37
Event: 94.651 Thread 0x00007fcccc00c800 Uncommon trap: reason=unstable_if action=reinterpret pc=0x00007fccbd59ef80 method=java.util.HashMap.removeNode(ILjava/lang/Object;Ljava/lang/Object;ZZ)Ljava/util/HashMap$Node; @ 211
Event: 94.655 Thread 0x00007fcccc00c800 Uncommon trap: reason=unstable_if action=reinterpret pc=0x00007fccbd593f64 method=java.util.HashMap.removeNode(ILjava/lang/Object;Ljava/lang/Object;ZZ)Ljava/util/HashMap$Node; @ 211
Event: 101.977 Thread 0x00007fcccc00c800 Uncommon trap: reason=unstable_if action=reinterpret pc=0x00007fccbd3d4d00 method=com.tequila.database.corrector.CorrectNonUniqueFields.updateGeoDistance(Ljava/util/Map;)V @ 195
Event: 124.475 Thread 0x00007fcccc00c800 Uncommon trap: reason=unstable_if action=reinterpret pc=0x00007fccbd388978 method=com.tequila.database.corrector.CorrectNonUniqueFields.updateGeoAccuracyCode(Ljava/util/Map;)V @ 195
Event: 129.193 Thread 0x00007fcccc00c800 Uncommon trap: reason=unstable_if action=reinterpret pc=0x00007fccbd679cf4 method=java.util.HashMap.putVal(ILjava/lang/Object;Ljava/lang/Object;ZZ)Ljava/lang/Object; @ 109
Event: 143.284 Thread 0x00007fcccc00c800 Uncommon trap: reason=class_check action=maybe_recompile pc=0x00007fccbd3475c4 method=org.sqlite.core.DB.close()V @ 37
Event: 153.404 Thread 0x00007fcccc00c800 Uncommon trap: reason=unstable_if action=reinterpret pc=0x00007fccbd3e2600 method=com.tequila.database.corrector.CorrectNonUniqueFields.updateAddressVerficationCode(Ljava/util/Map;)V @ 195

Classes redefined (0 events):
No events

Internal exceptions (10 events):
Event: 6.644 Thread 0x00007fcccc00c800 Exception <a 'java/security/PrivilegedActionException'> (0x00000000d91c8650) thrown at [/HUDSON/workspace/8-2-build-linux-amd64/jdk8u211/12973/hotspot/src/share/vm/prims/jvm.cpp, line 1502]
Event: 6.644 Thread 0x00007fcccc00c800 Exception <a 'java/security/PrivilegedActionException'> (0x00000000d91c94d8) thrown at [/HUDSON/workspace/8-2-build-linux-amd64/jdk8u211/12973/hotspot/src/share/vm/prims/jvm.cpp, line 1502]
Event: 6.644 Thread 0x00007fcccc00c800 Exception <a 'java/security/PrivilegedActionException'> (0x00000000d91c98d0) thrown at [/HUDSON/workspace/8-2-build-linux-amd64/jdk8u211/12973/hotspot/src/share/vm/prims/jvm.cpp, line 1502]
Event: 6.644 Thread 0x00007fcccc00c800 Exception <a 'java/security/PrivilegedActionException'> (0x00000000d91ca780) thrown at [/HUDSON/workspace/8-2-build-linux-amd64/jdk8u211/12973/hotspot/src/share/vm/prims/jvm.cpp, line 1502]
Event: 6.644 Thread 0x00007fcccc00c800 Exception <a 'java/security/PrivilegedActionException'> (0x00000000d91cab78) thrown at [/HUDSON/workspace/8-2-build-linux-amd64/jdk8u211/12973/hotspot/src/share/vm/prims/jvm.cpp, line 1502]
Event: 7.963 Thread 0x00007fcccc00c800 Implicit null exception at 0x00007fccbd1e1dbb to 0x00007fccbd1e1ead
Event: 35.031 Thread 0x00007fcccc00c800 Implicit null exception at 0x00007fccbd4ec09d to 0x00007fccbd4ec14d
Event: 35.038 Thread 0x00007fcccc00c800 Implicit null exception at 0x00007fccbd4f6aa4 to 0x00007fccbd4f773d
Event: 38.966 Thread 0x00007fcccc00c800 Implicit null exception at 0x00007fccbd4f648a to 0x00007fccbd4f654d
Event: 43.579 Thread 0x00007fcccc087000 Implicit null exception at 0x00007fccbd565460 to 0x00007fccbd565bd1

Events (10 events):
Event: 159.019 Executing VM operation: ParallelGCFailedAllocation
Event: 159.119 Executing VM operation: ParallelGCFailedAllocation done
Event: 160.551 Executing VM operation: ParallelGCFailedAllocation
Event: 160.671 Executing VM operation: ParallelGCFailedAllocation done
Event: 166.186 Executing VM operation: ParallelGCFailedAllocation
Event: 167.512 Executing VM operation: ParallelGCFailedAllocation done
Event: 167.900 Executing VM operation: ParallelGCFailedAllocation
Event: 167.904 Executing VM operation: ParallelGCFailedAllocation done
Event: 168.020 Executing VM operation: RevokeBias
Event: 168.020 Executing VM operation: RevokeBias done


Dynamic libraries:
00400000-00401000 r-xp 00000000 08:01 29492542                           /opt/jdk/jdk1.8.0_211/bin/java
00600000-00601000 r--p 00000000 08:01 29492542                           /opt/jdk/jdk1.8.0_211/bin/java
00601000-00602000 rw-p 00001000 08:01 29492542                           /opt/jdk/jdk1.8.0_211/bin/java
00e3b000-00e5c000 rw-p 00000000 00:00 0                                  [heap]
85800000-c8e00000 rw-p 00000000 00:00 0 
c8e00000-d7300000 ---p 00000000 00:00 0 
d7300000-100000000 rw-p 00000000 00:00 0 
100000000-100140000 rw-p 00000000 00:00 0 
100140000-140000000 ---p 00000000 00:00 0 
7fcbe0000000-7fcbe15d7000 rw-p 00000000 00:00 0 
7fcbe15d7000-7fcbe4000000 ---p 00000000 00:00 0 
7fcbe8000000-7fcbebffe000 rw-p 00000000 00:00 0 
7fcbebffe000-7fcbec000000 ---p 00000000 00:00 0 
7fcbec000000-7fcbf0000000 rw-p 00000000 00:00 0 
7fcbf0000000-7fcbf7fff000 rw-p 00000000 00:00 0 
7fcbf7fff000-7fcbf8000000 ---p 00000000 00:00 0 
7fcbf8000000-7fcc00000000 rw-p 00000000 00:00 0 
7fcc00000000-7fcc08000000 rw-p 00000000 00:00 0 
7fcc08000000-7fcc0bfff000 rw-p 00000000 00:00 0 
7fcc0bfff000-7fcc0c000000 ---p 00000000 00:00 0 
7fcc0c000000-7fcc10000000 rw-p 00000000 00:00 0 
7fcc10000000-7fcc13ffe000 rw-p 00000000 00:00 0 
7fcc13ffe000-7fcc14000000 ---p 00000000 00:00 0 
7fcc14000000-7fcc18000000 rw-p 00000000 00:00 0 
7fcc18000000-7fcc1bffe000 rw-p 00000000 00:00 0 
7fcc1bffe000-7fcc1c000000 ---p 00000000 00:00 0 
7fcc1c000000-7fcc1fffe000 rw-p 00000000 00:00 0 
7fcc1fffe000-7fcc20000000 ---p 00000000 00:00 0 
7fcc20000000-7fcc28000000 rw-p 00000000 00:00 0 
7fcc28000000-7fcc2bfff000 rw-p 00000000 00:00 0 
7fcc2bfff000-7fcc2c000000 ---p 00000000 00:00 0 
7fcc2c000000-7fcc2fffe000 rw-p 00000000 00:00 0 
7fcc2fffe000-7fcc30000000 ---p 00000000 00:00 0 
7fcc30000000-7fcc38000000 rw-p 00000000 00:00 0 
7fcc38000000-7fcc40000000 rw-p 00000000 00:00 0 
7fcc40000000-7fcc43ffe000 rw-p 00000000 00:00 0 
7fcc43ffe000-7fcc44000000 ---p 00000000 00:00 0 
7fcc44000000-7fcc48000000 rw-p 00000000 00:00 0 
7fcc48000000-7fcc4fffe000 rw-p 00000000 00:00 0 
7fcc4fffe000-7fcc50000000 ---p 00000000 00:00 0 
7fcc50000000-7fcc58000000 rw-p 00000000 00:00 0 
7fcc58000000-7fcc60000000 rw-p 00000000 00:00 0 
7fcc60000000-7fcc63fff000 rw-p 00000000 00:00 0 
7fcc63fff000-7fcc64000000 ---p 00000000 00:00 0 
7fcc64000000-7fcc68000000 rw-p 00000000 00:00 0 
7fcc68000000-7fcc6bfff000 rw-p 00000000 00:00 0 
7fcc6bfff000-7fcc6c000000 ---p 00000000 00:00 0 
7fcc6c000000-7fcc70000000 rw-p 00000000 00:00 0 
7fcc70000000-7fcc78000000 rw-p 00000000 00:00 0 
7fcc78000000-7fcc7c000000 rw-p 00000000 00:00 0 
7fcc7c000000-7fcc7c021000 rw-p 00000000 00:00 0 
7fcc7c021000-7fcc80000000 ---p 00000000 00:00 0 
7fcc83e00000-7fcc83f40000 rw-p 00000000 00:00 0 
7fcc83f40000-7fcc84000000 ---p 00000000 00:00 0 
7fcc84000000-7fcc84021000 rw-p 00000000 00:00 0 
7fcc84021000-7fcc88000000 ---p 00000000 00:00 0 
7fcc88000000-7fcc8837d000 rw-p 00000000 00:00 0 
7fcc8837d000-7fcc8c000000 ---p 00000000 00:00 0 
7fcc8c14e000-7fcc8c233000 r-xp 00000000 08:01 19923095                   /tmp/sqlite-3.21.0-4b364c37-f4c0-423a-8901-880f168350bf-libsqlitejdbc.so
7fcc8c233000-7fcc8c432000 ---p 000e5000 08:01 19923095                   /tmp/sqlite-3.21.0-4b364c37-f4c0-423a-8901-880f168350bf-libsqlitejdbc.so
7fcc8c432000-7fcc8c437000 rw-p 000e4000 08:01 19923095                   /tmp/sqlite-3.21.0-4b364c37-f4c0-423a-8901-880f168350bf-libsqlitejdbc.so
7fcc8c437000-7fcc8c438000 rw-p 00000000 00:00 0 
7fcc8c438000-7fcc8c44f000 r-xp 00000000 08:01 19270809                   /lib/x86_64-linux-gnu/libgcc_s.so.1
7fcc8c44f000-7fcc8c64e000 ---p 00017000 08:01 19270809                   /lib/x86_64-linux-gnu/libgcc_s.so.1
7fcc8c64e000-7fcc8c64f000 r--p 00016000 08:01 19270809                   /lib/x86_64-linux-gnu/libgcc_s.so.1
7fcc8c64f000-7fcc8c650000 rw-p 00017000 08:01 19270809                   /lib/x86_64-linux-gnu/libgcc_s.so.1
7fcc8c650000-7fcc8c688000 r-xp 00000000 08:01 29492859                   /opt/jdk/jdk1.8.0_211/jre/lib/amd64/libsunec.so
7fcc8c688000-7fcc8c887000 ---p 00038000 08:01 29492859                   /opt/jdk/jdk1.8.0_211/jre/lib/amd64/libsunec.so
7fcc8c887000-7fcc8c88c000 r--p 00037000 08:01 29492859                   /opt/jdk/jdk1.8.0_211/jre/lib/amd64/libsunec.so
7fcc8c88c000-7fcc8c88e000 rw-p 0003c000 08:01 29492859                   /opt/jdk/jdk1.8.0_211/jre/lib/amd64/libsunec.so
7fcc8c88e000-7fcc8f88f000 rw-p 00000000 00:00 0 
7fcc8f88f000-7fcc8f8a5000 r-xp 00000000 08:01 29492852                   /opt/jdk/jdk1.8.0_211/jre/lib/amd64/libnet.so
7fcc8f8a5000-7fcc8faa4000 ---p 00016000 08:01 29492852                   /opt/jdk/jdk1.8.0_211/jre/lib/amd64/libnet.so
7fcc8faa4000-7fcc8faa5000 r--p 00015000 08:01 29492852                   /opt/jdk/jdk1.8.0_211/jre/lib/amd64/libnet.so
7fcc8faa5000-7fcc8faa6000 rw-p 00016000 08:01 29492852                   /opt/jdk/jdk1.8.0_211/jre/lib/amd64/libnet.so
7fcc8faa6000-7fcc8fab7000 r-xp 00000000 08:01 29492912                   /opt/jdk/jdk1.8.0_211/jre/lib/amd64/libnio.so
7fcc8fab7000-7fcc8fcb6000 ---p 00011000 08:01 29492912                   /opt/jdk/jdk1.8.0_211/jre/lib/amd64/libnio.so
7fcc8fcb6000-7fcc8fcb7000 r--p 00010000 08:01 29492912                   /opt/jdk/jdk1.8.0_211/jre/lib/amd64/libnio.so
7fcc8fcb7000-7fcc8fcb8000 rw-p 00011000 08:01 29492912                   /opt/jdk/jdk1.8.0_211/jre/lib/amd64/libnio.so
7fcc8fcb8000-7fcc8fdfe000 r--s 01421000 08:01 23858243                   /home/chinmay/eclipse-workspace/MexicoDataProcess/jars/selenium-server-standalone-3.5.3.jar
7fcc8fdfe000-7fcc8fdff000 ---p 00000000 00:00 0 
7fcc8fdff000-7fcc8feff000 rw-p 00000000 00:00 0 
7fcc8feff000-7fcc8ff02000 ---p 00000000 00:00 0 
7fcc8ff02000-7fcc90000000 rw-p 00000000 00:00 0 
7fcc90000000-7fcc91556000 rw-p 00000000 00:00 0 
7fcc91556000-7fcc94000000 ---p 00000000 00:00 0 
7fcc94000000-7fcc950b6000 rw-p 00000000 00:00 0 
7fcc950b6000-7fcc98000000 ---p 00000000 00:00 0 
7fcc98000000-7fcc98021000 rw-p 00000000 00:00 0 
7fcc98021000-7fcc9c000000 ---p 00000000 00:00 0 
7fcc9c000000-7fcc9c021000 rw-p 00000000 00:00 0 
7fcc9c021000-7fcca0000000 ---p 00000000 00:00 0 
7fcca0000000-7fcca0021000 rw-p 00000000 00:00 0 
7fcca0021000-7fcca4000000 ---p 00000000 00:00 0 
7fcca4000000-7fcca4021000 rw-p 00000000 00:00 0 
7fcca4021000-7fcca8000000 ---p 00000000 00:00 0 
7fcca8000000-7fcca83de000 rw-p 00000000 00:00 0 
7fcca83de000-7fccac000000 ---p 00000000 00:00 0 
7fccac000000-7fccac315000 rw-p 00000000 00:00 0 
7fccac315000-7fccb0000000 ---p 00000000 00:00 0 
7fccb0000000-7fccb011a000 rw-p 00000000 00:00 0 
7fccb011a000-7fccb4000000 ---p 00000000 00:00 0 
7fccb403b000-7fccb4057000 r--s 00393000 08:01 29492804                   /opt/jdk/jdk1.8.0_211/jre/lib/ext/cldrdata.jar
7fccb4057000-7fccb4061000 r--s 00116000 08:01 29492796                   /opt/jdk/jdk1.8.0_211/jre/lib/ext/localedata.jar
7fccb4061000-7fccb4064000 r--s 00024000 08:01 23858238                   /home/chinmay/eclipse-workspace/MexicoDataProcess/jars/fuzzywuzzy/fuzzywuzzy-1.1.9-javadoc.jar
7fccb4064000-7fccb4066000 r--s 00003000 08:01 23858231                   /home/chinmay/eclipse-workspace/MexicoDataProcess/jars/fuzzywuzzy/fuzzywuzzy-1.1.9-sources.jar
7fccb4066000-7fccb406b000 r--s 0002c000 08:01 23858242                   /home/chinmay/eclipse-workspace/MexicoDataProcess/jars/commons-text-1.6.jar
7fccb406b000-7fccb4071000 r--s 0003f000 08:01 23858246                   /home/chinmay/eclipse-workspace/MexicoDataProcess/jars/jsoup-1.6.0.jar
7fccb4071000-7fccb4084000 r--s 000fc000 08:01 23858229                   /home/chinmay/eclipse-workspace/MexicoDataProcess/jars/jackson-all-1.9.0.jar
7fccb4084000-7fccb4089000 r--s 00048000 08:01 23858227                   /home/chinmay/eclipse-workspace/MexicoDataProcess/jars/dnsjava-2.1.8.jar
7fccb4089000-7fccb40be000 rw-p 00000000 00:00 0 
7fccb40be000-7fccb40bf000 ---p 00000000 00:00 0 
7fccb40bf000-7fccb40c2000 ---p 00000000 00:00 0 
7fccb40c2000-7fccb41bf000 rw-p 00000000 00:00 0 
7fccb41bf000-7fccb41c0000 ---p 00000000 00:00 0 
7fccb41c0000-7fccb41c3000 ---p 00000000 00:00 0 
7fccb41c3000-7fccb8000000 rw-p 00000000 00:00 0 
7fccb8000000-7fccb83f6000 rw-p 00000000 00:00 0 
7fccb83f6000-7fccbc000000 ---p 00000000 00:00 0 
7fccbc000000-7fccbc015000 r--s 0024a000 08:01 24248427                   /home/chinmay/eclipse-workspace/MexicoDataProcess/jars/pdfBox/pdfbox-2.0.8.jar
7fccbc015000-7fccbc016000 ---p 00000000 00:00 0 
7fccbc016000-7fccbc019000 ---p 00000000 00:00 0 
7fccbc019000-7fccbc116000 rw-p 00000000 00:00 0 
7fccbc116000-7fccbc119000 ---p 00000000 00:00 0 
7fccbc119000-7fccbc217000 rw-p 00000000 00:00 0 
7fccbc217000-7fccbc4f5000 r--p 00000000 08:01 15335669                   /usr/lib/locale/locale-archive
7fccbc4f5000-7fccbc4f8000 ---p 00000000 00:00 0 
7fccbc4f8000-7fccbc5f6000 rw-p 00000000 00:00 0 
7fccbc5f6000-7fccbc5f9000 ---p 00000000 00:00 0 
7fccbc5f9000-7fccbc6f7000 rw-p 00000000 00:00 0 
7fccbc6f7000-7fccbc6f8000 ---p 00000000 00:00 0 
7fccbc6f8000-7fccbd000000 rw-p 00000000 00:00 0 
7fccbd000000-7fccbd6b0000 rwxp 00000000 00:00 0 
7fccbd6b0000-7fcccc000000 ---p 00000000 00:00 0 
7fcccc000000-7fccd0000000 rw-p 00000000 00:00 0 
7fccd0000000-7fccd0004000 r--s 0002f000 08:01 23858247                   /home/chinmay/eclipse-workspace/MexicoDataProcess/jars/com.fasterxml.jackson.core.jar
7fccd0004000-7fccd000a000 r--s 00165000 08:01 24248426                   /home/chinmay/eclipse-workspace/MexicoDataProcess/jars/pdfBox/fontbox-2.0.8.jar
7fccd000a000-7fccd000d000 r--s 00009000 08:01 23858241                   /home/chinmay/eclipse-workspace/MexicoDataProcess/jars/signpost-core-1.2.1.2.jar
7fccd000d000-7fccd000f000 r--s 00009000 08:01 29492797                   /opt/jdk/jdk1.8.0_211/jre/lib/ext/sunec.jar
7fccd000f000-7fccd0013000 r--s 0003b000 08:01 29492805                   /opt/jdk/jdk1.8.0_211/jre/lib/ext/sunpkcs11.jar
7fccd0013000-7fccd0016000 r--s 0001a000 08:01 29492691                   /opt/jdk/jdk1.8.0_211/jre/lib/jce.jar
7fccd0016000-7fccd001b000 r--s 000a3000 08:01 29492810                   /opt/jdk/jdk1.8.0_211/jre/lib/jsse.jar
7fccd001b000-7fccd0024000 r--s 0006f000 08:01 23858256                   /home/chinmay/eclipse-workspace/MexicoDataProcess/jars/log4j-1.2.17.jar
7fccd0024000-7fccd002c000 r--s 00048000 08:01 23858228                   /home/chinmay/eclipse-workspace/MexicoDataProcess/jars/httpcore-4.4.6.jar
7fccd002c000-7fccd0039000 r--s 000aa000 08:01 23858253                   /home/chinmay/eclipse-workspace/MexicoDataProcess/jars/httpclient-4.5.3.jar
7fccd0039000-7fccd003b000 r--s 00007000 08:01 23858237                   /home/chinmay/eclipse-workspace/MexicoDataProcess/jars/fuzzywuzzy/fuzzywuzzy-1.1.9.jar
7fccd003b000-7fccd003f000 r--s 0002a000 08:01 24248414                   /home/chinmay/eclipse-workspace/MexicoDataProcess/jars/validator/commons-validator-1.6.jar
7fccd003f000-7fccd0041000 r--s 0000d000 08:01 23858250                   /home/chinmay/eclipse-workspace/MexicoDataProcess/jars/SuperCSV-1.52.jar
7fccd0041000-7fccd0046000 r--s 00659000 08:01 23858245                   /home/chinmay/eclipse-workspace/MexicoDataProcess/jars/sqlite-jdbc-3.21.0.jar
7fccd0046000-7fccd0049000 r--s 00017000 08:01 23858254                   /home/chinmay/eclipse-workspace/MexicoDataProcess/jars/opencsv-4.0.jar
7fccd0049000-7fccd0051000 r--s 00098000 08:01 23858226                   /home/chinmay/eclipse-workspace/MexicoDataProcess/jars/javax.mail-1.6.1.jar
7fccd0051000-7fccd0056000 r--s 0002a000 08:01 23858225                   /home/chinmay/eclipse-workspace/MexicoDataProcess/jars/gson-2.2.2.jar
7fccd0056000-7fccd0058000 r--s 0000e000 08:01 23858249                   /home/chinmay/eclipse-workspace/MexicoDataProcess/jars/commons-logging-1.2.jar
7fccd0058000-7fccd0060000 r--s 00072000 08:01 23858244                   /home/chinmay/eclipse-workspace/MexicoDataProcess/jars/commons-lang3-3.7.jar
7fccd0060000-7fccd0064000 r--s 0002f000 08:01 23858239                   /home/chinmay/eclipse-workspace/MexicoDataProcess/jars/commons-io-2.5.jar
7fccd0064000-7fccd0072000 r--s 0007f000 08:01 23858255                   /home/chinmay/eclipse-workspace/MexicoDataProcess/jars/commons-collections-3.2.1.jar
7fccd0072000-7fccd0079000 r--s 0004b000 08:01 23858248                   /home/chinmay/eclipse-workspace/MexicoDataProcess/jars/commons-codec-1.11.jar
7fccd0079000-7fccd0853000 rw-p 00000000 00:00 0 
7fccd0853000-7fccd0a2d000 r--s 03d6d000 08:01 29492601                   /opt/jdk/jdk1.8.0_211/jre/lib/rt.jar
7fccd0a2d000-7fccd1677000 rw-p 00000000 00:00 0 
7fccd1677000-7fccd1678000 ---p 00000000 00:00 0 
7fccd1678000-7fccd1778000 rw-p 00000000 00:00 0 
7fccd1778000-7fccd1779000 ---p 00000000 00:00 0 
7fccd1779000-7fccd1879000 rw-p 00000000 00:00 0 
7fccd1879000-7fccd187a000 ---p 00000000 00:00 0 
7fccd187a000-7fccd197a000 rw-p 00000000 00:00 0 
7fccd197a000-7fccd197b000 ---p 00000000 00:00 0 
7fccd197b000-7fccd1c96000 rw-p 00000000 00:00 0 
7fccd1c96000-7fccd1d09000 ---p 00000000 00:00 0 
7fccd1d09000-7fccd1f24000 rw-p 00000000 00:00 0 
7fccd1f24000-7fccd1f96000 ---p 00000000 00:00 0 
7fccd1f96000-7fccd20dd000 rw-p 00000000 00:00 0 
7fccd20dd000-7fccd20f9000 rw-p 00000000 00:00 0 
7fccd20f9000-7fccd249e000 ---p 00000000 00:00 0 
7fccd249e000-7fccd24b9000 r-xp 00000000 08:01 29492875                   /opt/jdk/jdk1.8.0_211/jre/lib/amd64/libzip.so
7fccd24b9000-7fccd26b8000 ---p 0001b000 08:01 29492875                   /opt/jdk/jdk1.8.0_211/jre/lib/amd64/libzip.so
7fccd26b8000-7fccd26b9000 r--p 0001a000 08:01 29492875                   /opt/jdk/jdk1.8.0_211/jre/lib/amd64/libzip.so
7fccd26b9000-7fccd26ba000 rw-p 0001b000 08:01 29492875                   /opt/jdk/jdk1.8.0_211/jre/lib/amd64/libzip.so
7fccd26ba000-7fccd26c5000 r-xp 00000000 08:01 19268294                   /lib/x86_64-linux-gnu/libnss_files-2.27.so
7fccd26c5000-7fccd28c4000 ---p 0000b000 08:01 19268294                   /lib/x86_64-linux-gnu/libnss_files-2.27.so
7fccd28c4000-7fccd28c5000 r--p 0000a000 08:01 19268294                   /lib/x86_64-linux-gnu/libnss_files-2.27.so
7fccd28c5000-7fccd28c6000 rw-p 0000b000 08:01 19268294                   /lib/x86_64-linux-gnu/libnss_files-2.27.so
7fccd28c6000-7fccd28cc000 rw-p 00000000 00:00 0 
7fccd28cc000-7fccd28e3000 r-xp 00000000 08:01 19268291                   /lib/x86_64-linux-gnu/libnsl-2.27.so
7fccd28e3000-7fccd2ae2000 ---p 00017000 08:01 19268291                   /lib/x86_64-linux-gnu/libnsl-2.27.so
7fccd2ae2000-7fccd2ae3000 r--p 00016000 08:01 19268291                   /lib/x86_64-linux-gnu/libnsl-2.27.so
7fccd2ae3000-7fccd2ae4000 rw-p 00017000 08:01 19268291                   /lib/x86_64-linux-gnu/libnsl-2.27.so
7fccd2ae4000-7fccd2ae6000 rw-p 00000000 00:00 0 
7fccd2ae6000-7fccd2af1000 r-xp 00000000 08:01 19268296                   /lib/x86_64-linux-gnu/libnss_nis-2.27.so
7fccd2af1000-7fccd2cf0000 ---p 0000b000 08:01 19268296                   /lib/x86_64-linux-gnu/libnss_nis-2.27.so
7fccd2cf0000-7fccd2cf1000 r--p 0000a000 08:01 19268296                   /lib/x86_64-linux-gnu/libnss_nis-2.27.so
7fccd2cf1000-7fccd2cf2000 rw-p 0000b000 08:01 19268296                   /lib/x86_64-linux-gnu/libnss_nis-2.27.so
7fccd2cf2000-7fccd2cfa000 r-xp 00000000 08:01 19268292                   /lib/x86_64-linux-gnu/libnss_compat-2.27.so
7fccd2cfa000-7fccd2efa000 ---p 00008000 08:01 19268292                   /lib/x86_64-linux-gnu/libnss_compat-2.27.so
7fccd2efa000-7fccd2efb000 r--p 00008000 08:01 19268292                   /lib/x86_64-linux-gnu/libnss_compat-2.27.so
7fccd2efb000-7fccd2efc000 rw-p 00009000 08:01 19268292                   /lib/x86_64-linux-gnu/libnss_compat-2.27.so
7fccd2efc000-7fccd2f28000 r-xp 00000000 08:01 29492866                   /opt/jdk/jdk1.8.0_211/jre/lib/amd64/libjava.so
7fccd2f28000-7fccd3128000 ---p 0002c000 08:01 29492866                   /opt/jdk/jdk1.8.0_211/jre/lib/amd64/libjava.so
7fccd3128000-7fccd3129000 r--p 0002c000 08:01 29492866                   /opt/jdk/jdk1.8.0_211/jre/lib/amd64/libjava.so
7fccd3129000-7fccd312b000 rw-p 0002d000 08:01 29492866                   /opt/jdk/jdk1.8.0_211/jre/lib/amd64/libjava.so
7fccd312b000-7fccd3138000 r-xp 00000000 08:01 29492857                   /opt/jdk/jdk1.8.0_211/jre/lib/amd64/libverify.so
7fccd3138000-7fccd3337000 ---p 0000d000 08:01 29492857                   /opt/jdk/jdk1.8.0_211/jre/lib/amd64/libverify.so
7fccd3337000-7fccd3339000 r--p 0000c000 08:01 29492857                   /opt/jdk/jdk1.8.0_211/jre/lib/amd64/libverify.so
7fccd3339000-7fccd333a000 rw-p 0000e000 08:01 29492857                   /opt/jdk/jdk1.8.0_211/jre/lib/amd64/libverify.so
7fccd333a000-7fccd3341000 r-xp 00000000 08:01 19268301                   /lib/x86_64-linux-gnu/librt-2.27.so
7fccd3341000-7fccd3540000 ---p 00007000 08:01 19268301                   /lib/x86_64-linux-gnu/librt-2.27.so
7fccd3540000-7fccd3541000 r--p 00006000 08:01 19268301                   /lib/x86_64-linux-gnu/librt-2.27.so
7fccd3541000-7fccd3542000 rw-p 00007000 08:01 19268301                   /lib/x86_64-linux-gnu/librt-2.27.so
7fccd3542000-7fccd36df000 r-xp 00000000 08:01 19268288                   /lib/x86_64-linux-gnu/libm-2.27.so
7fccd36df000-7fccd38de000 ---p 0019d000 08:01 19268288                   /lib/x86_64-linux-gnu/libm-2.27.so
7fccd38de000-7fccd38df000 r--p 0019c000 08:01 19268288                   /lib/x86_64-linux-gnu/libm-2.27.so
7fccd38df000-7fccd38e0000 rw-p 0019d000 08:01 19268288                   /lib/x86_64-linux-gnu/libm-2.27.so
7fccd38e0000-7fccd45c8000 r-xp 00000000 08:01 29492873                   /opt/jdk/jdk1.8.0_211/jre/lib/amd64/server/libjvm.so
7fccd45c8000-7fccd47c7000 ---p 00ce8000 08:01 29492873                   /opt/jdk/jdk1.8.0_211/jre/lib/amd64/server/libjvm.so
7fccd47c7000-7fccd485d000 r--p 00ce7000 08:01 29492873                   /opt/jdk/jdk1.8.0_211/jre/lib/amd64/server/libjvm.so
7fccd485d000-7fccd488e000 rw-p 00d7d000 08:01 29492873                   /opt/jdk/jdk1.8.0_211/jre/lib/amd64/server/libjvm.so
7fccd488e000-7fccd48c9000 rw-p 00000000 00:00 0 
7fccd48c9000-7fccd4ab0000 r-xp 00000000 08:01 19268284                   /lib/x86_64-linux-gnu/libc-2.27.so
7fccd4ab0000-7fccd4cb0000 ---p 001e7000 08:01 19268284                   /lib/x86_64-linux-gnu/libc-2.27.so
7fccd4cb0000-7fccd4cb4000 r--p 001e7000 08:01 19268284                   /lib/x86_64-linux-gnu/libc-2.27.so
7fccd4cb4000-7fccd4cb6000 rw-p 001eb000 08:01 19268284                   /lib/x86_64-linux-gnu/libc-2.27.so
7fccd4cb6000-7fccd4cba000 rw-p 00000000 00:00 0 
7fccd4cba000-7fccd4cbd000 r-xp 00000000 08:01 19268287                   /lib/x86_64-linux-gnu/libdl-2.27.so
7fccd4cbd000-7fccd4ebc000 ---p 00003000 08:01 19268287                   /lib/x86_64-linux-gnu/libdl-2.27.so
7fccd4ebc000-7fccd4ebd000 r--p 00002000 08:01 19268287                   /lib/x86_64-linux-gnu/libdl-2.27.so
7fccd4ebd000-7fccd4ebe000 rw-p 00003000 08:01 19268287                   /lib/x86_64-linux-gnu/libdl-2.27.so
7fccd4ebe000-7fccd4ed5000 r-xp 00000000 08:01 29491852                   /opt/jdk/jdk1.8.0_211/lib/amd64/jli/libjli.so
7fccd4ed5000-7fccd50d4000 ---p 00017000 08:01 29491852                   /opt/jdk/jdk1.8.0_211/lib/amd64/jli/libjli.so
7fccd50d4000-7fccd50d5000 r--p 00016000 08:01 29491852                   /opt/jdk/jdk1.8.0_211/lib/amd64/jli/libjli.so
7fccd50d5000-7fccd50d6000 rw-p 00017000 08:01 29491852                   /opt/jdk/jdk1.8.0_211/lib/amd64/jli/libjli.so
7fccd50d6000-7fccd50f0000 r-xp 00000000 08:01 19268299                   /lib/x86_64-linux-gnu/libpthread-2.27.so
7fccd50f0000-7fccd52ef000 ---p 0001a000 08:01 19268299                   /lib/x86_64-linux-gnu/libpthread-2.27.so
7fccd52ef000-7fccd52f0000 r--p 00019000 08:01 19268299                   /lib/x86_64-linux-gnu/libpthread-2.27.so
7fccd52f0000-7fccd52f1000 rw-p 0001a000 08:01 19268299                   /lib/x86_64-linux-gnu/libpthread-2.27.so
7fccd52f1000-7fccd52f5000 rw-p 00000000 00:00 0 
7fccd52f5000-7fccd531e000 r-xp 00000000 08:01 19268280                   /lib/x86_64-linux-gnu/ld-2.27.so
7fccd531e000-7fccd531f000 r--s 00005000 08:01 23858252                   /home/chinmay/eclipse-workspace/MexicoDataProcess/jars/json-simple-1.1.1.jar
7fccd531f000-7fccd5324000 r--s 00084000 08:01 29492788                   /opt/jdk/jdk1.8.0_211/jre/lib/jfr.jar
7fccd5324000-7fccd5329000 r--s 002f9000 08:01 29492600                   /opt/jdk/jdk1.8.0_211/jre/lib/charsets.jar
7fccd5329000-7fccd53f4000 rw-p 00000000 00:00 0 
7fccd53f4000-7fccd53f5000 ---p 00000000 00:00 0 
7fccd53f5000-7fccd53f8000 ---p 00000000 00:00 0 
7fccd53f8000-7fccd54f9000 rw-p 00000000 00:00 0 
7fccd54f9000-7fccd54fc000 r--s 0001a000 08:01 29492691                   /opt/jdk/jdk1.8.0_211/jre/lib/jce.jar
7fccd54fc000-7fccd5501000 r--s 000a3000 08:01 29492810                   /opt/jdk/jdk1.8.0_211/jre/lib/jsse.jar
7fccd5501000-7fccd5514000 r--s 00345000 08:01 29492723                   /opt/jdk/jdk1.8.0_211/jre/lib/resources.jar
7fccd5514000-7fccd551c000 rw-s 00000000 08:01 19922972                   /tmp/hsperfdata_chinmay/13888
7fccd551c000-7fccd551d000 rw-p 00000000 00:00 0 
7fccd551d000-7fccd551e000 r--p 00000000 00:00 0 
7fccd551e000-7fccd551f000 r--p 00029000 08:01 19268280                   /lib/x86_64-linux-gnu/ld-2.27.so
7fccd551f000-7fccd5520000 rw-p 0002a000 08:01 19268280                   /lib/x86_64-linux-gnu/ld-2.27.so
7fccd5520000-7fccd5521000 rw-p 00000000 00:00 0 
7ffc030be000-7ffc030e0000 rw-p 00000000 00:00 0                          [stack]
7ffc03125000-7ffc03128000 r--p 00000000 00:00 0                          [vvar]
7ffc03128000-7ffc03129000 r-xp 00000000 00:00 0                          [vdso]
ffffffffff600000-ffffffffff601000 --xp 00000000 00:00 0                  [vsyscall]

VM Arguments:
jvm_args: -Dfile.encoding=UTF-8 
java_command: com.tequila.database.corrector.CorrectorAllFields
java_class_path (initial): /opt/jdk/jdk1.8.0_211/jre/lib/resources.jar:/opt/jdk/jdk1.8.0_211/jre/lib/rt.jar:/opt/jdk/jdk1.8.0_211/jre/lib/jsse.jar:/opt/jdk/jdk1.8.0_211/jre/lib/jce.jar:/opt/jdk/jdk1.8.0_211/jre/lib/charsets.jar:/opt/jdk/jdk1.8.0_211/jre/lib/jfr.jar:/opt/jdk/jdk1.8.0_211/jre/lib/ext/nashorn.jar:/opt/jdk/jdk1.8.0_211/jre/lib/ext/zipfs.jar:/opt/jdk/jdk1.8.0_211/jre/lib/ext/sunpkcs11.jar:/opt/jdk/jdk1.8.0_211/jre/lib/ext/localedata.jar:/opt/jdk/jdk1.8.0_211/jre/lib/ext/jfxrt.jar:/opt/jdk/jdk1.8.0_211/jre/lib/ext/cldrdata.jar:/opt/jdk/jdk1.8.0_211/jre/lib/ext/sunjce_provider.jar:/opt/jdk/jdk1.8.0_211/jre/lib/ext/dnsns.jar:/opt/jdk/jdk1.8.0_211/jre/lib/ext/sunec.jar:/opt/jdk/jdk1.8.0_211/jre/lib/ext/jaccess.jar:/home/chinmay/eclipse-workspace/MexicoDataProcess/bin:/home/chinmay/eclipse-workspace/MexicoDataProcess/jars/commons-codec-1.11.jar:/home/chinmay/eclipse-workspace/MexicoDataProcess/jars/commons-collections-3.2.1.jar:/home/chinmay/eclipse-workspace/MexicoDataProcess/jars/commons-io-2.5.jar:/home/chinmay/eclipse-workspace/MexicoDataProcess/jars/commons-lang3-3.7.jar:/home/chinmay/eclipse-workspace/MexicoDataProcess/jars/commons-logging-1.2.jar:/home/chinmay/eclipse-workspace/MexicoDataProcess/jars/gson-2.2.2.jar:/home/chinmay/eclipse-workspace/MexicoDataProcess/jars/javax.mail-1.6.1.jar:/home/chinmay/eclipse-workspace/MexicoDataProcess/jars/json-simple-1.1.1.jar:/home/chinmay/eclipse-workspace/MexicoDataProcess/jars/opencsv-4.0.jar:/home/chinmay/eclipse-workspace/MexicoDataProcess/jars/sqlite-jdbc-3.21.0.jar:/home/chinmay/eclipse-workspace/MexicoDataProcess/jars/SuperCSV-1.52.jar:/home/chinmay/eclipse-workspace/MexicoDataProcess/jars/validator/commons-validator-1.6.jar:/home/chinmay/eclipse-workspace/MexicoDataProcess/jars/fuzzywuzzy/fuzzywuzzy-1.1.9.jar:/home/chinmay/eclipse-workspace/MexicoDataProcess/jars/httpclient-4.5.3.jar:/home/chinmay/eclipse-workspace/MexicoDataProcess/jars/httpcore-4.4.6.jar:/home/chinmay/eclipse-workspace/MexicoDataProc
Launcher Type: SUN_STANDARD

Environment Variables:
PATH=/home/chinmay/bin:/usr/local/sbin:/usr/local/bin:/usr/sbin:/usr/bin:/sbin:/bin:/usr/games:/usr/local/games:/snap/bin
USERNAME=chinmay
SHELL=/bin/bash
DISPLAY=:0

Signal Handlers:
SIGSEGV: [libjvm.so+0xad3d90], sa_mask[0]=11111111011111111101111111111110, sa_flags=SA_RESTART|SA_SIGINFO
SIGBUS: [libjvm.so+0xad3d90], sa_mask[0]=11111111011111111101111111111110, sa_flags=SA_RESTART|SA_SIGINFO
SIGFPE: [libjvm.so+0x90b8b0], sa_mask[0]=11111111011111111101111111111110, sa_flags=SA_RESTART|SA_SIGINFO
SIGPIPE: [libjvm.so+0x90b8b0], sa_mask[0]=11111111011111111101111111111110, sa_flags=SA_RESTART|SA_SIGINFO
SIGXFSZ: [libjvm.so+0x90b8b0], sa_mask[0]=11111111011111111101111111111110, sa_flags=SA_RESTART|SA_SIGINFO
SIGILL: [libjvm.so+0x90b8b0], sa_mask[0]=11111111011111111101111111111110, sa_flags=SA_RESTART|SA_SIGINFO
SIGUSR1: SIG_DFL, sa_mask[0]=00000000000000000000000000000000, sa_flags=none
SIGUSR2: [libjvm.so+0x90b780], sa_mask[0]=00100000000000000000000000000000, sa_flags=SA_RESTART|SA_SIGINFO
SIGHUP: [libjvm.so+0x90bda0], sa_mask[0]=11111111011111111101111111111110, sa_flags=SA_RESTART|SA_SIGINFO
SIGINT: [libjvm.so+0x90bda0], sa_mask[0]=11111111011111111101111111111110, sa_flags=SA_RESTART|SA_SIGINFO
SIGTERM: [libjvm.so+0x90bda0], sa_mask[0]=11111111011111111101111111111110, sa_flags=SA_RESTART|SA_SIGINFO
SIGQUIT: [libjvm.so+0x90bda0], sa_mask[0]=11111111011111111101111111111110, sa_flags=SA_RESTART|SA_SIGINFO


---------------  S Y S T E M  ---------------

OS:DISTRIB_ID=Ubuntu
DISTRIB_RELEASE=18.04
DISTRIB_CODENAME=bionic
DISTRIB_DESCRIPTION="Ubuntu 18.04.5 LTS"

uname:Linux 5.4.0-81-generic #91~18.04.1-Ubuntu SMP Fri Jul 23 13:36:29 UTC 2021 x86_64
libc:glibc 2.27 NPTL 2.27 
rlimit: STACK 8192k, CORE 0k, NPROC 31048, NOFILE 1048576, AS infinity
load average:2.02 2.19 2.16

/proc/meminfo:
MemTotal:        8022228 kB
MemFree:          154476 kB
MemAvailable:     423868 kB
Buffers:           59700 kB
Cached:           657660 kB
SwapCached:        17320 kB
Active:          6335524 kB
Inactive:        1112204 kB
Active(anon):    6096324 kB
Inactive(anon):   909692 kB
Active(file):     239200 kB
Inactive(file):   202512 kB
Unevictable:       15572 kB
Mlocked:             648 kB
SwapTotal:       2097148 kB
SwapFree:         792844 kB
Dirty:               400 kB
Writeback:             0 kB
AnonPages:       6730680 kB
Mapped:           293200 kB
Shmem:            275684 kB
KReclaimable:      94136 kB
Slab:             251316 kB
SReclaimable:      94136 kB
SUnreclaim:       157180 kB
KernelStack:       18224 kB
PageTables:        87092 kB
NFS_Unstable:          0 kB
Bounce:                0 kB
WritebackTmp:          0 kB
CommitLimit:     6108260 kB
Committed_AS:   14164448 kB
VmallocTotal:   34359738367 kB
VmallocUsed:       33460 kB
VmallocChunk:          0 kB
Percpu:             3488 kB
HardwareCorrupted:     0 kB
AnonHugePages:         0 kB
ShmemHugePages:        0 kB
ShmemPmdMapped:        0 kB
FileHugePages:         0 kB
FilePmdMapped:         0 kB
CmaTotal:              0 kB
CmaFree:               0 kB
HugePages_Total:       0
HugePages_Free:        0
HugePages_Rsvd:        0
HugePages_Surp:        0
Hugepagesize:       2048 kB
Hugetlb:               0 kB
DirectMap4k:      434604 kB
DirectMap2M:     7823360 kB
DirectMap1G:     1048576 kB

container (cgroup) information:
container_type: cgroupv1
cpu_cpuset_cpus: 0-3
cpu_memory_nodes: 0
active_processor_count: 4
cpu_quota: -1
cpu_period: 100000
cpu_shares: -1
memory_limit_in_bytes: -1
memory_and_swap_limit_in_bytes: -2
memory_soft_limit_in_bytes: -1
memory_usage_in_bytes: 7650553856
memory_max_usage_in_bytes: 7722434560


CPU:total 4 (initial active 4) (2 cores per cpu, 2 threads per core) family 6 model 60 stepping 3, cmov, cx8, fxsr, mmx, sse, sse2, sse3, ssse3, sse4.1, sse4.2, popcnt, avx, avx2, aes, clmul, erms, lzcnt, ht, tsc, tscinvbit, bmi1, bmi2

/proc/cpuinfo:
processor	: 0
vendor_id	: GenuineIntel
cpu family	: 6
model		: 60
model name	: Intel(R) Core(TM) i3-4160 CPU @ 3.60GHz
stepping	: 3
microcode	: 0x28
cpu MHz		: 3104.293
cache size	: 3072 KB
physical id	: 0
siblings	: 4
core id		: 0
cpu cores	: 2
apicid		: 0
initial apicid	: 0
fpu		: yes
fpu_exception	: yes
cpuid level	: 13
wp		: yes
flags		: fpu vme de pse tsc msr pae mce cx8 apic sep mtrr pge mca cmov pat pse36 clflush dts acpi mmx fxsr sse sse2 ss ht tm pbe syscall nx pdpe1gb rdtscp lm constant_tsc arch_perfmon pebs bts rep_good nopl xtopology nonstop_tsc cpuid aperfmperf pni pclmulqdq dtes64 monitor ds_cpl vmx est tm2 ssse3 sdbg fma cx16 xtpr pdcm pcid sse4_1 sse4_2 movbe popcnt tsc_deadline_timer aes xsave avx f16c rdrand lahf_lm abm cpuid_fault epb invpcid_single pti ssbd ibrs ibpb stibp tpr_shadow vnmi flexpriority ept vpid ept_ad fsgsbase tsc_adjust bmi1 avx2 smep bmi2 erms invpcid xsaveopt dtherm arat pln pts md_clear flush_l1d
bugs		: cpu_meltdown spectre_v1 spectre_v2 spec_store_bypass l1tf mds swapgs itlb_multihit srbds
bogomips	: 7183.06
clflush size	: 64
cache_alignment	: 64
address sizes	: 39 bits physical, 48 bits virtual
power management:

processor	: 1
vendor_id	: GenuineIntel
cpu family	: 6
model		: 60
model name	: Intel(R) Core(TM) i3-4160 CPU @ 3.60GHz
stepping	: 3
microcode	: 0x28
cpu MHz		: 3097.158
cache size	: 3072 KB
physical id	: 0
siblings	: 4
core id		: 1
cpu cores	: 2
apicid		: 2
initial apicid	: 2
fpu		: yes
fpu_exception	: yes
cpuid level	: 13
wp		: yes
flags		: fpu vme de pse tsc msr pae mce cx8 apic sep mtrr pge mca cmov pat pse36 clflush dts acpi mmx fxsr sse sse2 ss ht tm pbe syscall nx pdpe1gb rdtscp lm constant_tsc arch_perfmon pebs bts rep_good nopl xtopology nonstop_tsc cpuid aperfmperf pni pclmulqdq dtes64 monitor ds_cpl vmx est tm2 ssse3 sdbg fma cx16 xtpr pdcm pcid sse4_1 sse4_2 movbe popcnt tsc_deadline_timer aes xsave avx f16c rdrand lahf_lm abm cpuid_fault epb invpcid_single pti ssbd ibrs ibpb stibp tpr_shadow vnmi flexpriority ept vpid ept_ad fsgsbase tsc_adjust bmi1 avx2 smep bmi2 erms invpcid xsaveopt dtherm arat pln pts md_clear flush_l1d
bugs		: cpu_meltdown spectre_v1 spectre_v2 spec_store_bypass l1tf mds swapgs itlb_multihit srbds
bogomips	: 7183.06
clflush size	: 64
cache_alignment	: 64
address sizes	: 39 bits physical, 48 bits virtual
power management:

processor	: 2
vendor_id	: GenuineIntel
cpu family	: 6
model		: 60
model name	: Intel(R) Core(TM) i3-4160 CPU @ 3.60GHz
stepping	: 3
microcode	: 0x28
cpu MHz		: 2847.125
cache size	: 3072 KB
physical id	: 0
siblings	: 4
core id		: 0
cpu cores	: 2
apicid		: 1
initial apicid	: 1
fpu		: yes
fpu_exception	: yes
cpuid level	: 13
wp		: yes
flags		: fpu vme de pse tsc msr pae mce cx8 apic sep mtrr pge mca cmov pat pse36 clflush dts acpi mmx fxsr sse sse2 ss ht tm pbe syscall nx pdpe1gb rdtscp lm constant_tsc arch_perfmon pebs bts rep_good nopl xtopology nonstop_tsc cpuid aperfmperf pni pclmulqdq dtes64 monitor ds_cpl vmx est tm2 ssse3 sdbg fma cx16 xtpr pdcm pcid sse4_1 sse4_2 movbe popcnt tsc_deadline_timer aes xsave avx f16c rdrand lahf_lm abm cpuid_fault epb invpcid_single pti ssbd ibrs ibpb stibp tpr_shadow vnmi flexpriority ept vpid ept_ad fsgsbase tsc_adjust bmi1 avx2 smep bmi2 erms invpcid xsaveopt dtherm arat pln pts md_clear flush_l1d
bugs		: cpu_meltdown spectre_v1 spectre_v2 spec_store_bypass l1tf mds swapgs itlb_multihit srbds
bogomips	: 7183.06
clflush size	: 64
cache_alignment	: 64
address sizes	: 39 bits physical, 48 bits virtual
power management:

processor	: 3
vendor_id	: GenuineIntel
cpu family	: 6
model		: 60
model name	: Intel(R) Core(TM) i3-4160 CPU @ 3.60GHz
stepping	: 3
microcode	: 0x28
cpu MHz		: 3111.418
cache size	: 3072 KB
physical id	: 0
siblings	: 4
core id		: 1
cpu cores	: 2
apicid		: 3
initial apicid	: 3
fpu		: yes
fpu_exception	: yes
cpuid level	: 13
wp		: yes
flags		: fpu vme de pse tsc msr pae mce cx8 apic sep mtrr pge mca cmov pat pse36 clflush dts acpi mmx fxsr sse sse2 ss ht tm pbe syscall nx pdpe1gb rdtscp lm constant_tsc arch_perfmon pebs bts rep_good nopl xtopology nonstop_tsc cpuid aperfmperf pni pclmulqdq dtes64 monitor ds_cpl vmx est tm2 ssse3 sdbg fma cx16 xtpr pdcm pcid sse4_1 sse4_2 movbe popcnt tsc_deadline_timer aes xsave avx f16c rdrand lahf_lm abm cpuid_fault epb invpcid_single pti ssbd ibrs ibpb stibp tpr_shadow vnmi flexpriority ept vpid ept_ad fsgsbase tsc_adjust bmi1 avx2 smep bmi2 erms invpcid xsaveopt dtherm arat pln pts md_clear flush_l1d
bugs		: cpu_meltdown spectre_v1 spectre_v2 spec_store_bypass l1tf mds swapgs itlb_multihit srbds
bogomips	: 7183.06
clflush size	: 64
cache_alignment	: 64
address sizes	: 39 bits physical, 48 bits virtual
power management:



Memory: 4k page, physical 8022228k(154460k free), swap 2097148k(792844k free)

vm_info: Java HotSpot(TM) 64-Bit Server VM (25.211-b12) for linux-amd64 JRE (1.8.0_211-b12), built on Apr  1 2019 20:39:34 by "java_re" with gcc 7.3.0

time: Fri Sep  3 16:02:50 2021
timezone: IST
elapsed time: 170 seconds (0d 0h 2m 50s)

