#
# A fatal error has been detected by the Java Runtime Environment:
#
#  SIGSEGV (0xb) at pc=0x00007f12e8b3c241, pid=13126, tid=0x00007f12d3336700
#
# JRE version: Java(TM) SE Runtime Environment (8.0_211-b12) (build 1.8.0_211-b12)
# Java VM: Java HotSpot(TM) 64-Bit Server VM (25.211-b12 mixed mode linux-amd64 compressed oops)
# Problematic frame:
# V  [libjvm.so+0x648241]  oopDesc::size_given_klass(Klass*)+0x1
#
# Failed to write core dump. Core dumps have been disabled. To enable core dumping, try "ulimit -c unlimited" before starting Java again
#
# If you would like to submit a bug report, please visit:
#   http://bugreport.java.com/bugreport/crash.jsp
#

---------------  T H R E A D  ---------------

Current thread (0x00007f12e4027800):  GCTaskThread [stack: 0x00007f12d3237000,0x00007f12d3337000] [id=13136]

siginfo: si_signo: 11 (SIGSEGV), si_code: 1 (SEGV_MAPERR), si_addr: 0x0000000000000010

Registers:
RAX=0x00007f12e948cda0, RBX=0x00007f12e4077960, RCX=0x0000000000000003, RDX=0x000000000001fc6c
RSP=0x00007f12d3335b40, RBP=0x00007f12d3335bd0, RSI=0x0000000000000008, RDI=0x000000008978d940
R8 =0x00007f12e94bfd80, R9 =0x000000008978dba0, R10=0x0000000000000001, R11=0x000000000000001e
R12=0x0000000000000003, R13=0x000000008978db18, R14=0x000000008978d940, R15=0x000000008978db6c
RIP=0x00007f12e8b3c241, EFLAGS=0x0000000000010202, CSGSFS=0x002b000000000033, ERR=0x0000000000000004
  TRAPNO=0x000000000000000e

Top of Stack: (sp=0x00007f12d3335b40)
0x00007f12d3335b40:   00007f12d3335bd0 00007f12e8de61fe
0x00007f12d3335b50:   00007f12d3335be0 0000000000000001
0x00007f12d3335b60:   00007f12e94bfd80 000000000000001e
0x00007f12d3335b70:   000000008978dba0 000000000000001e
0x00007f12d3335b80:   000000008978dae0 0000000100001940
0x00007f12d3335b90:   00007f12e94bfd80 0000000000000004
0x00007f12d3335ba0:   00007f12e94bfd80 00007f12e4077960
0x00007f12d3335bb0:   00007f12e94bbf8c 0000000000005c00
0x00007f12d3335bc0:   0000000089755638 00000000e95cde28
0x00007f12d3335bd0:   00007f12d3335ca0 00007f12e8e68ebf
0x00007f12d3335be0:   00007f12d3335c40 00007f12e8e68ebf
0x00007f12d3335bf0:   00007f12e4077970 00000000e95b6e18
0x00007f12d3335c00:   0000000000005c00 000000000007abf5
0x00007f12d3335c10:   0000000000000257 000000008978db18
0x00007f12d3335c20:   00000000e95b6e18 0000000000005a00
0x00007f12d3335c30:   00000000e95b6e18 00007f1200005c00
0x00007f12d3335c40:   000000d800000051 0000000000000c00
0x00007f12d3335c50:   00007f12d3335ca0 00007f12e8e4cc00
0x00007f12d3335c60:   0000011f00000050 0000011f00000051
0x00007f12d3335c70:   00007f12e40c0001 0000000000005200
0x00007f12d3335c80:   00007f12e4077960 00007f12e94bfd80
0x00007f12d3335c90:   0000000000000003 00007f12d3335d14
0x00007f12d3335ca0:   00007f12d3335da0 00007f12e8e4bd8b
0x00007f12d3335cb0:   00007f12d3335da0 0000000000000011
0x00007f12d3335cc0:   00007f12d3335d14 0000000000000003
0x00007f12d3335cd0:   0000000000005200 0000000000005200
0x00007f12d3335ce0:   00007f12d3335d20 00007f12d3335d40
0x00007f12d3335cf0:   00000000e95b6e18 00007f129c16dfe0
0x00007f12d3335d00:   0000000000000000 00007f12e4077960
0x00007f12d3335d10:   0f8b5899e93e7978 0000000000000000
0x00007f12d3335d20:   00000000e95b6e18 00007f1200005000
0x00007f12d3335d30:   00000000e95b6e18 00007f1200005200 

Instructions: (pc=0x00007f12e8b3c241)
0x00007f12e8b3c221:   5d c3 0f 1f 44 00 00 48 8d 35 91 f7 4c 00 bf 03
0x00007f12e8b3c231:   00 00 00 e8 f7 b6 12 00 eb 9d 0f 1f 44 00 00 55
0x00007f12e8b3c241:   8b 46 08 48 89 f2 48 89 e5 83 f8 00 7e 11 a8 01
0x00007f12e8b3c251:   75 0f c1 f8 03 5d c3 0f 1f 84 00 00 00 00 00 75 

Register to memory mapping:

RAX=0x00007f12e948cda0: <offset 0xf98da0> in /opt/jdk/jdk1.8.0_211/jre/lib/amd64/server/libjvm.so at 0x00007f12e84f4000
RBX=0x00007f12e4077960 is an unknown value
RCX=0x0000000000000003 is an unknown value
RDX=0x000000000001fc6c is an unknown value
RSP=0x00007f12d3335b40 is an unknown value
RBP=0x00007f12d3335bd0 is an unknown value
RSI=0x0000000000000008 is an unknown value
RDI=0x000000008978d940 is pointing into object: 0x000000008978d930
java.lang.String 
 - klass: 'java/lang/String'
R8 =0x00007f12e94bfd80: <offset 0xfcbd80> in /opt/jdk/jdk1.8.0_211/jre/lib/amd64/server/libjvm.so at 0x00007f12e84f4000
R9 =0x000000008978dba0 is an oop
java.lang.String 
 - klass: 'java/lang/String'
R10=0x0000000000000001 is an unknown value
R11=0x000000000000001e is an unknown value
R12=0x0000000000000003 is an unknown value
R13=0x000000008978db18 is an oop
[Ljava.lang.String; 
 - klass: 'java/lang/String'[]
 - length: 30
R14=0x000000008978d940 is pointing into object: 0x000000008978d930
java.lang.String 
 - klass: 'java/lang/String'
R15=0x000000008978db6c is pointing into object: 0x000000008978db18
[Ljava.lang.String; 
 - klass: 'java/lang/String'[]
 - length: 30


Stack: [0x00007f12d3237000,0x00007f12d3337000],  sp=0x00007f12d3335b40,  free space=1018k
Native frames: (J=compiled Java code, j=interpreted, Vv=VM code, C=native code)
V  [libjvm.so+0x648241]  oopDesc::size_given_klass(Klass*)+0x1
V  [libjvm.so+0x974ebf]  ParCompactionManager::follow_marking_stacks()+0xdf
V  [libjvm.so+0x957d8b]  StealMarkingTask::do_it(GCTaskManager*, unsigned int)+0x2bb
V  [libjvm.so+0x5c3816]  GCTaskThread::run()+0x1b6
V  [libjvm.so+0x90d952]  java_start(Thread*)+0x102


---------------  P R O C E S S  ---------------

Java Threads: ( => current thread )
  0x00007f12e40c3000 JavaThread "Service Thread" daemon [_thread_blocked, id=13144, stack(0x00007f12d0999000,0x00007f12d0a9a000)]
  0x00007f12e40c0000 JavaThread "C1 CompilerThread2" daemon [_thread_blocked, id=13143, stack(0x00007f12d0a9b000,0x00007f12d0b9b000)]
  0x00007f12e40be000 JavaThread "C2 CompilerThread1" daemon [_thread_blocked, id=13142, stack(0x00007f12d0b9c000,0x00007f12d0c9c000)]
  0x00007f12e40bb000 JavaThread "C2 CompilerThread0" daemon [_thread_blocked, id=13141, stack(0x00007f12d0c9d000,0x00007f12d0d9d000)]
  0x00007f12e40b9800 JavaThread "Signal Dispatcher" daemon [_thread_blocked, id=13140, stack(0x00007f12d0d9d000,0x00007f12d0e9e000)]
  0x00007f12e4087000 JavaThread "Finalizer" daemon [_thread_blocked, id=13139, stack(0x00007f12d117c000,0x00007f12d127d000)]
  0x00007f12e4084800 JavaThread "Reference Handler" daemon [_thread_blocked, id=13138, stack(0x00007f12d127d000,0x00007f12d137e000)]
  0x00007f12e400c800 JavaThread "main" [_thread_blocked, id=13130, stack(0x00007f12ea009000,0x00007f12ea109000)]

Other Threads:
  0x00007f12e407a800 VMThread [stack: 0x00007f12d137f000,0x00007f12d147f000] [id=13137]
  0x00007f12e40c5800 WatcherThread [stack: 0x00007f12d0899000,0x00007f12d0999000] [id=13145]

=>0x00007f12e4027800 (exited) GCTaskThread [stack: 0x00007f12d3237000,0x00007f12d3337000] [id=13136]

VM state:at safepoint (normal execution)

VM Mutex/Monitor currently owned by a thread:  ([mutex/lock_event])
[0x00007f12e4009020] Threads_lock - owner thread: 0x00007f12e407a800
[0x00007f12e4009520] Heap_lock - owner thread: 0x00007f12e400c800

heap address: 0x0000000085800000, size: 1960 MB, Compressed Oops mode: 32-bit
Narrow klass base: 0x0000000000000000, Narrow klass shift: 3
Compressed class space size: 1073741824 Address: 0x0000000100000000

Heap:
 PSYoungGen      total 268800K, used 194023K [0x00000000d7300000, 0x00000000f8d80000, 0x0000000100000000)
  eden space 74752K, 0% used [0x00000000d7300000,0x00000000d7300000,0x00000000dbc00000)
  from space 194048K, 99% used [0x00000000e9580000,0x00000000f52f9e00,0x00000000f5300000)
  to   space 222720K, 0% used [0x00000000dbc00000,0x00000000dbc00000,0x00000000e9580000)
 ParOldGen       total 338432K, used 285376K [0x0000000085800000, 0x000000009a280000, 0x00000000d7300000)
  object space 338432K, 84% used [0x0000000085800000,0x0000000096eb0028,0x000000009a280000)
 Metaspace       used 8034K, capacity 8246K, committed 8448K, reserved 1056768K
  class space    used 867K, capacity 975K, committed 1024K, reserved 1048576K

Card table byte_map: [0x00007f12d37c7000,0x00007f12d3b9c000] byte_map_base: 0x00007f12d339b000

Marking Bits: (ParMarkBitMap*) 0x00007f12e94bfd80
 Begin Bits: [0x00007f12c82c0000, 0x00007f12ca160000)
 End Bits:   [0x00007f12ca160000, 0x00007f12cc000000)

Polling page: 0x00007f12ea131000

CodeCache: size=245760Kb used=3680Kb max_used=3699Kb free=242079Kb
 bounds [0x00007f12d3f5c000, 0x00007f12d430c000, 0x00007f12e2f5c000]
 total_blobs=1236 nmethods=906 adapters=244
 compilation: enabled

Compilation events (10 events):
Event: 3.459 Thread 0x00007f12e40bb000 nmethod 902 0x00007f12d42ecb50 code [0x00007f12d42ecd20, 0x00007f12d42ed278]
Event: 3.459 Thread 0x00007f12e40bb000  903       4       java.nio.HeapByteBuffer::compact (52 bytes)
Event: 3.462 Thread 0x00007f12e40bb000 nmethod 903 0x00007f12d42eacd0 code [0x00007f12d42eae40, 0x00007f12d42eb058]
Event: 3.462 Thread 0x00007f12e40be000 nmethod 900 0x00007f12d42f8b50 code [0x00007f12d42f8f60, 0x00007f12d42fbe68]
Event: 3.474 Thread 0x00007f12e40c0000  904       3       java.util.Locale::getDefault (4 bytes)
Event: 3.475 Thread 0x00007f12e40c0000 nmethod 904 0x00007f12d42c9ad0 code [0x00007f12d42c9c20, 0x00007f12d42c9d70]
Event: 3.723 Thread 0x00007f12e40bb000  905   !   4       sun.nio.cs.StreamDecoder::inReady (36 bytes)
Event: 3.724 Thread 0x00007f12e40bb000 nmethod 905 0x00007f12d42c56d0 code [0x00007f12d42c5840, 0x00007f12d42c5948]
Event: 3.725 Thread 0x00007f12e40c0000  906       3       java.io.BufferedReader::fill (170 bytes)
Event: 3.725 Thread 0x00007f12e40c0000 nmethod 906 0x00007f12d42c90d0 code [0x00007f12d42c9280, 0x00007f12d42c98e8]

GC Heap History (10 events):
Event: 3.104 GC heap after
Heap after GC invocations=8 (full 2):
 PSYoungGen      total 165888K, used 70223K [0x00000000d7300000, 0x00000000e9600000, 0x0000000100000000)
  eden space 91648K, 0% used [0x00000000d7300000,0x00000000d7300000,0x00000000dcc80000)
  from space 74240K, 94% used [0x00000000e2100000,0x00000000e6593f48,0x00000000e6980000)
  to   space 86528K, 0% used [0x00000000dcc80000,0x00000000dcc80000,0x00000000e2100000)
 ParOldGen       total 338432K, used 171944K [0x0000000085800000, 0x000000009a280000, 0x00000000d7300000)
  object space 338432K, 50% used [0x0000000085800000,0x000000008ffea028,0x000000009a280000)
 Metaspace       used 8034K, capacity 8246K, committed 8448K, reserved 1056768K
  class space    used 867K, capacity 975K, committed 1024K, reserved 1048576K
}
Event: 3.258 GC heap before
{Heap before GC invocations=9 (full 2):
 PSYoungGen      total 165888K, used 161871K [0x00000000d7300000, 0x00000000e9600000, 0x0000000100000000)
  eden space 91648K, 100% used [0x00000000d7300000,0x00000000dcc80000,0x00000000dcc80000)
  from space 74240K, 94% used [0x00000000e2100000,0x00000000e6593f48,0x00000000e6980000)
  to   space 86528K, 0% used [0x00000000dcc80000,0x00000000dcc80000,0x00000000e2100000)
 ParOldGen       total 338432K, used 171944K [0x0000000085800000, 0x000000009a280000, 0x00000000d7300000)
  object space 338432K, 50% used [0x0000000085800000,0x000000008ffea028,0x000000009a280000)
 Metaspace       used 8034K, capacity 8246K, committed 8448K, reserved 1056768K
  class space    used 867K, capacity 975K, committed 1024K, reserved 1048576K
Event: 3.368 GC heap after
Heap after GC invocations=9 (full 2):
 PSYoungGen      total 178176K, used 86511K [0x00000000d7300000, 0x00000000ed980000, 0x0000000100000000)
  eden space 91648K, 0% used [0x00000000d7300000,0x00000000d7300000,0x00000000dcc80000)
  from space 86528K, 99% used [0x00000000dcc80000,0x00000000e20fbeb8,0x00000000e2100000)
  to   space 124928K, 0% used [0x00000000e5f80000,0x00000000e5f80000,0x00000000ed980000)
 ParOldGen       total 338432K, used 217264K [0x0000000085800000, 0x000000009a280000, 0x00000000d7300000)
  object space 338432K, 64% used [0x0000000085800000,0x0000000092c2c028,0x000000009a280000)
 Metaspace       used 8034K, capacity 8246K, committed 8448K, reserved 1056768K
  class space    used 867K, capacity 975K, committed 1024K, reserved 1048576K
}
Event: 3.532 GC heap before
{Heap before GC invocations=10 (full 2):
 PSYoungGen      total 178176K, used 178159K [0x00000000d7300000, 0x00000000ed980000, 0x0000000100000000)
  eden space 91648K, 100% used [0x00000000d7300000,0x00000000dcc80000,0x00000000dcc80000)
  from space 86528K, 99% used [0x00000000dcc80000,0x00000000e20fbeb8,0x00000000e2100000)
  to   space 124928K, 0% used [0x00000000e5f80000,0x00000000e5f80000,0x00000000ed980000)
 ParOldGen       total 338432K, used 217264K [0x0000000085800000, 0x000000009a280000, 0x00000000d7300000)
  object space 338432K, 64% used [0x0000000085800000,0x0000000092c2c028,0x000000009a280000)
 Metaspace       used 8034K, capacity 8246K, committed 8448K, reserved 1056768K
  class space    used 867K, capacity 975K, committed 1024K, reserved 1048576K
Event: 3.650 GC heap after
Heap after GC invocations=10 (full 2):
 PSYoungGen      total 209408K, used 124904K [0x00000000d7300000, 0x00000000f1e00000, 0x0000000100000000)
  eden space 84480K, 0% used [0x00000000d7300000,0x00000000d7300000,0x00000000dc580000)
  from space 124928K, 99% used [0x00000000e5f80000,0x00000000ed97a370,0x00000000ed980000)
  to   space 157696K, 0% used [0x00000000dc580000,0x00000000dc580000,0x00000000e5f80000)
 ParOldGen       total 338432K, used 240888K [0x0000000085800000, 0x000000009a280000, 0x00000000d7300000)
  object space 338432K, 71% used [0x0000000085800000,0x000000009433e028,0x000000009a280000)
 Metaspace       used 8034K, capacity 8246K, committed 8448K, reserved 1056768K
  class space    used 867K, capacity 975K, committed 1024K, reserved 1048576K
}
Event: 3.770 GC heap before
{Heap before GC invocations=11 (full 2):
 PSYoungGen      total 209408K, used 209384K [0x00000000d7300000, 0x00000000f1e00000, 0x0000000100000000)
  eden space 84480K, 100% used [0x00000000d7300000,0x00000000dc580000,0x00000000dc580000)
  from space 124928K, 99% used [0x00000000e5f80000,0x00000000ed97a370,0x00000000ed980000)
  to   space 157696K, 0% used [0x00000000dc580000,0x00000000dc580000,0x00000000e5f80000)
 ParOldGen       total 338432K, used 240888K [0x0000000085800000, 0x000000009a280000, 0x00000000d7300000)
  object space 338432K, 71% used [0x0000000085800000,0x000000009433e028,0x000000009a280000)
 Metaspace       used 8034K, capacity 8246K, committed 8448K, reserved 1056768K
  class space    used 867K, capacity 975K, committed 1024K, reserved 1048576K
Event: 3.894 GC heap after
Heap after GC invocations=11 (full 2):
 PSYoungGen      total 242176K, used 157671K [0x00000000d7300000, 0x00000000f5300000, 0x0000000100000000)
  eden space 84480K, 0% used [0x00000000d7300000,0x00000000d7300000,0x00000000dc580000)
  from space 157696K, 99% used [0x00000000dc580000,0x00000000e5f79e00,0x00000000e5f80000)
  to   space 194048K, 0% used [0x00000000e9580000,0x00000000e9580000,0x00000000f5300000)
 ParOldGen       total 338432K, used 264640K [0x0000000085800000, 0x000000009a280000, 0x00000000d7300000)
  object space 338432K, 78% used [0x0000000085800000,0x0000000095a70028,0x000000009a280000)
 Metaspace       used 8034K, capacity 8246K, committed 8448K, reserved 1056768K
  class space    used 867K, capacity 975K, committed 1024K, reserved 1048576K
}
Event: 4.021 GC heap before
{Heap before GC invocations=12 (full 2):
 PSYoungGen      total 242176K, used 242151K [0x00000000d7300000, 0x00000000f5300000, 0x0000000100000000)
  eden space 84480K, 100% used [0x00000000d7300000,0x00000000dc580000,0x00000000dc580000)
  from space 157696K, 99% used [0x00000000dc580000,0x00000000e5f79e00,0x00000000e5f80000)
  to   space 194048K, 0% used [0x00000000e9580000,0x00000000e9580000,0x00000000f5300000)
 ParOldGen       total 338432K, used 264640K [0x0000000085800000, 0x000000009a280000, 0x00000000d7300000)
  object space 338432K, 78% used [0x0000000085800000,0x0000000095a70028,0x000000009a280000)
 Metaspace       used 8034K, capacity 8246K, committed 8448K, reserved 1056768K
  class space    used 867K, capacity 975K, committed 1024K, reserved 1048576K
Event: 4.187 GC heap after
Heap after GC invocations=12 (full 2):
 PSYoungGen      total 268800K, used 194023K [0x00000000d7300000, 0x00000000f8d80000, 0x0000000100000000)
  eden space 74752K, 0% used [0x00000000d7300000,0x00000000d7300000,0x00000000dbc00000)
  from space 194048K, 99% used [0x00000000e9580000,0x00000000f52f9e00,0x00000000f5300000)
  to   space 222720K, 0% used [0x00000000dbc00000,0x00000000dbc00000,0x00000000e9580000)
 ParOldGen       total 338432K, used 285376K [0x0000000085800000, 0x000000009a280000, 0x00000000d7300000)
  object space 338432K, 84% used [0x0000000085800000,0x0000000096eb0028,0x000000009a280000)
 Metaspace       used 8034K, capacity 8246K, committed 8448K, reserved 1056768K
  class space    used 867K, capacity 975K, committed 1024K, reserved 1048576K
}
Event: 4.187 GC heap before
{Heap before GC invocations=13 (full 3):
 PSYoungGen      total 268800K, used 194023K [0x00000000d7300000, 0x00000000f8d80000, 0x0000000100000000)
  eden space 74752K, 0% used [0x00000000d7300000,0x00000000d7300000,0x00000000dbc00000)
  from space 194048K, 99% used [0x00000000e9580000,0x00000000f52f9e00,0x00000000f5300000)
  to   space 222720K, 0% used [0x00000000dbc00000,0x00000000dbc00000,0x00000000e9580000)
 ParOldGen       total 338432K, used 285376K [0x0000000085800000, 0x000000009a280000, 0x00000000d7300000)
  object space 338432K, 84% used [0x0000000085800000,0x0000000096eb0028,0x000000009a280000)
 Metaspace       used 8034K, capacity 8246K, committed 8448K, reserved 1056768K
  class space    used 867K, capacity 975K, committed 1024K, reserved 1048576K

Deoptimization events (10 events):
Event: 0.910 Thread 0x00007f12e400c800 Uncommon trap: reason=unstable_if action=reinterpret pc=0x00007f12d429688c method=com.opencsv.CSVReader.isClosed()Z @ 34
Event: 0.910 Thread 0x00007f12e400c800 Uncommon trap: reason=unstable_if action=reinterpret pc=0x00007f12d428c9a4 method=com.opencsv.CSVReader.readNext()[Ljava/lang/String; @ 16
Event: 0.910 Thread 0x00007f12e400c800 Uncommon trap: reason=unstable_if action=reinterpret pc=0x00007f12d424b178 method=com.opencsv.CSVReader.validateResult([Ljava/lang/String;)[Ljava/lang/String; @ 1
Event: 0.911 Thread 0x00007f12e400c800 Uncommon trap: reason=unstable_if action=reinterpret pc=0x00007f12d4289534 method=com.opencsv.CSVParser.parseLine(Ljava/lang/String;Z)[Ljava/lang/String; @ 52
Event: 0.970 Thread 0x00007f12e400c800 Uncommon trap: reason=unstable_if action=reinterpret pc=0x00007f12d42ad45c method=com.opencsv.CSVParser.parseLine(Ljava/lang/String;Z)[Ljava/lang/String; @ 380
Event: 0.979 Thread 0x00007f12e400c800 Uncommon trap: reason=unstable_if action=reinterpret pc=0x00007f12d4273d00 method=sun.nio.cs.UTF_8$Decoder.decodeArrayLoop(Ljava/nio/ByteBuffer;Ljava/nio/CharBuffer;)Ljava/nio/charset/CoderResult; @ 191
Event: 1.758 Thread 0x00007f12e400c800 Uncommon trap: reason=unstable_if action=reinterpret pc=0x00007f12d42c638c method=sun.nio.cs.UTF_8$Decoder.decodeArrayLoop(Ljava/nio/ByteBuffer;Ljava/nio/CharBuffer;)Ljava/nio/charset/CoderResult; @ 167
Event: 1.913 Thread 0x00007f12e400c800 Uncommon trap: reason=unstable_if action=reinterpret pc=0x00007f12d42dc744 method=sun.nio.cs.UTF_8$Decoder.decodeArrayLoop(Ljava/nio/ByteBuffer;Ljava/nio/CharBuffer;)Ljava/nio/charset/CoderResult; @ 184
Event: 1.914 Thread 0x00007f12e400c800 Uncommon trap: reason=unstable_if action=reinterpret pc=0x00007f12d4272b28 method=sun.nio.cs.UTF_8$Decoder.decodeArrayLoop(Ljava/nio/ByteBuffer;Ljava/nio/CharBuffer;)Ljava/nio/charset/CoderResult; @ 184
Event: 3.710 Thread 0x00007f12e400c800 Uncommon trap: reason=unstable_if action=reinterpret pc=0x00007f12d42fa2b0 method=sun.nio.cs.StreamDecoder.implRead([CII)I @ 87

Classes redefined (0 events):
No events

Internal exceptions (8 events):
Event: 0.034 Thread 0x00007f12e400c800 Exception <a 'java/lang/NoSuchMethodError': Method sun.misc.Unsafe.defineClass(Ljava/lang/String;[BII)Ljava/lang/Class; name or signature does not match> (0x00000000d7307cb0) thrown at [/HUDSON/workspace/8-2-build-linux-amd64/jdk8u211/12973/hotspot/src/sh
Event: 0.034 Thread 0x00007f12e400c800 Exception <a 'java/lang/NoSuchMethodError': Method sun.misc.Unsafe.prefetchRead(Ljava/lang/Object;J)V name or signature does not match> (0x00000000d7307f98) thrown at [/HUDSON/workspace/8-2-build-linux-amd64/jdk8u211/12973/hotspot/src/share/vm/prims/jni.c
Event: 0.193 Thread 0x00007f12e400c800 Exception <a 'java/lang/NoSuchFieldError': method resolution failed> (0x00000000d75e95d8) thrown at [/HUDSON/workspace/8-2-build-linux-amd64/jdk8u211/12973/hotspot/src/share/vm/prims/methodHandles.cpp, line 1167]
Event: 0.195 Thread 0x00007f12e400c800 Exception <a 'java/lang/NoSuchFieldError': method resolution failed> (0x00000000d75f69d8) thrown at [/HUDSON/workspace/8-2-build-linux-amd64/jdk8u211/12973/hotspot/src/share/vm/prims/methodHandles.cpp, line 1167]
Event: 0.285 Thread 0x00007f12e400c800 Exception <a 'java/security/PrivilegedActionException'> (0x00000000d78e5210) thrown at [/HUDSON/workspace/8-2-build-linux-amd64/jdk8u211/12973/hotspot/src/share/vm/prims/jvm.cpp, line 1502]
Event: 0.285 Thread 0x00007f12e400c800 Exception <a 'java/security/PrivilegedActionException'> (0x00000000d78e5608) thrown at [/HUDSON/workspace/8-2-build-linux-amd64/jdk8u211/12973/hotspot/src/share/vm/prims/jvm.cpp, line 1502]
Event: 0.285 Thread 0x00007f12e400c800 Exception <a 'java/security/PrivilegedActionException'> (0x00000000d78e7c40) thrown at [/HUDSON/workspace/8-2-build-linux-amd64/jdk8u211/12973/hotspot/src/share/vm/prims/jvm.cpp, line 1502]
Event: 0.285 Thread 0x00007f12e400c800 Exception <a 'java/security/PrivilegedActionException'> (0x00000000d78e8038) thrown at [/HUDSON/workspace/8-2-build-linux-amd64/jdk8u211/12973/hotspot/src/share/vm/prims/jvm.cpp, line 1502]

Events (10 events):
Event: 3.258 Executing VM operation: ParallelGCFailedAllocation
Event: 3.368 Executing VM operation: ParallelGCFailedAllocation done
Event: 3.532 Executing VM operation: ParallelGCFailedAllocation
Event: 3.650 Executing VM operation: ParallelGCFailedAllocation done
Event: 3.710 Thread 0x00007f12e400c800 Uncommon trap: trap_request=0xffffff65 fr.pc=0x00007f12d42fa2b0
Event: 3.710 Thread 0x00007f12e400c800 DEOPT PACKING pc=0x00007f12d42fa2b0 sp=0x00007f12ea1076c0
Event: 3.710 Thread 0x00007f12e400c800 DEOPT UNPACKING pc=0x00007f12d3fa173a sp=0x00007f12ea107500 mode 2
Event: 3.770 Executing VM operation: ParallelGCFailedAllocation
Event: 3.894 Executing VM operation: ParallelGCFailedAllocation done
Event: 4.021 Executing VM operation: ParallelGCFailedAllocation


Dynamic libraries:
00400000-00401000 r-xp 00000000 08:01 29492542                           /opt/jdk/jdk1.8.0_211/bin/java
00600000-00601000 r--p 00000000 08:01 29492542                           /opt/jdk/jdk1.8.0_211/bin/java
00601000-00602000 rw-p 00001000 08:01 29492542                           /opt/jdk/jdk1.8.0_211/bin/java
022c6000-022e7000 rw-p 00000000 00:00 0                                  [heap]
85800000-9a280000 rw-p 00000000 00:00 0 
9a280000-d7300000 ---p 00000000 00:00 0 
d7300000-f8d80000 rw-p 00000000 00:00 0 
f8d80000-100000000 ---p 00000000 00:00 0 
100000000-100100000 rw-p 00000000 00:00 0 
100100000-140000000 ---p 00000000 00:00 0 
7f1294000000-7f1294021000 rw-p 00000000 00:00 0 
7f1294021000-7f1298000000 ---p 00000000 00:00 0 
7f1298fff000-7f129c000000 rw-p 00000000 00:00 0 
7f129c000000-7f129c338000 rw-p 00000000 00:00 0 
7f129c338000-7f12a0000000 ---p 00000000 00:00 0 
7f12a0000000-7f12a0021000 rw-p 00000000 00:00 0 
7f12a0021000-7f12a4000000 ---p 00000000 00:00 0 
7f12a4000000-7f12a42b0000 rw-p 00000000 00:00 0 
7f12a42b0000-7f12a8000000 ---p 00000000 00:00 0 
7f12a8000000-7f12a82c6000 rw-p 00000000 00:00 0 
7f12a82c6000-7f12ac000000 ---p 00000000 00:00 0 
7f12ac000000-7f12ac021000 rw-p 00000000 00:00 0 
7f12ac021000-7f12b0000000 ---p 00000000 00:00 0 
7f12b0000000-7f12b0021000 rw-p 00000000 00:00 0 
7f12b0021000-7f12b4000000 ---p 00000000 00:00 0 
7f12b4000000-7f12b4021000 rw-p 00000000 00:00 0 
7f12b4021000-7f12b8000000 ---p 00000000 00:00 0 
7f12b8000000-7f12b8021000 rw-p 00000000 00:00 0 
7f12b8021000-7f12bc000000 ---p 00000000 00:00 0 
7f12bc000000-7f12bc29c000 rw-p 00000000 00:00 0 
7f12bc29c000-7f12c0000000 ---p 00000000 00:00 0 
7f12c0000000-7f12c0021000 rw-p 00000000 00:00 0 
7f12c0021000-7f12c4000000 ---p 00000000 00:00 0 
7f12c4000000-7f12c4021000 rw-p 00000000 00:00 0 
7f12c4021000-7f12c8000000 ---p 00000000 00:00 0 
7f12c80a8000-7f12c80bf000 r-xp 00000000 08:01 19270809                   /lib/x86_64-linux-gnu/libgcc_s.so.1
7f12c80bf000-7f12c82be000 ---p 00017000 08:01 19270809                   /lib/x86_64-linux-gnu/libgcc_s.so.1
7f12c82be000-7f12c82bf000 r--p 00016000 08:01 19270809                   /lib/x86_64-linux-gnu/libgcc_s.so.1
7f12c82bf000-7f12c82c0000 rw-p 00017000 08:01 19270809                   /lib/x86_64-linux-gnu/libgcc_s.so.1
7f12c82c0000-7f12cc000000 rw-p 00000000 00:00 0 
7f12cc000000-7f12cc021000 rw-p 00000000 00:00 0 
7f12cc021000-7f12d0000000 ---p 00000000 00:00 0 
7f12d0050000-7f12d0088000 r-xp 00000000 08:01 29492859                   /opt/jdk/jdk1.8.0_211/jre/lib/amd64/libsunec.so
7f12d0088000-7f12d0287000 ---p 00038000 08:01 29492859                   /opt/jdk/jdk1.8.0_211/jre/lib/amd64/libsunec.so
7f12d0287000-7f12d028c000 r--p 00037000 08:01 29492859                   /opt/jdk/jdk1.8.0_211/jre/lib/amd64/libsunec.so
7f12d028c000-7f12d028e000 rw-p 0003c000 08:01 29492859                   /opt/jdk/jdk1.8.0_211/jre/lib/amd64/libsunec.so
7f12d028e000-7f12d02a4000 r-xp 00000000 08:01 29492852                   /opt/jdk/jdk1.8.0_211/jre/lib/amd64/libnet.so
7f12d02a4000-7f12d04a3000 ---p 00016000 08:01 29492852                   /opt/jdk/jdk1.8.0_211/jre/lib/amd64/libnet.so
7f12d04a3000-7f12d04a4000 r--p 00015000 08:01 29492852                   /opt/jdk/jdk1.8.0_211/jre/lib/amd64/libnet.so
7f12d04a4000-7f12d04a5000 rw-p 00016000 08:01 29492852                   /opt/jdk/jdk1.8.0_211/jre/lib/amd64/libnet.so
7f12d04a5000-7f12d04b6000 r-xp 00000000 08:01 29492912                   /opt/jdk/jdk1.8.0_211/jre/lib/amd64/libnio.so
7f12d04b6000-7f12d06b5000 ---p 00011000 08:01 29492912                   /opt/jdk/jdk1.8.0_211/jre/lib/amd64/libnio.so
7f12d06b5000-7f12d06b6000 r--p 00010000 08:01 29492912                   /opt/jdk/jdk1.8.0_211/jre/lib/amd64/libnio.so
7f12d06b6000-7f12d06b7000 rw-p 00011000 08:01 29492912                   /opt/jdk/jdk1.8.0_211/jre/lib/amd64/libnio.so
7f12d06b7000-7f12d06b9000 r--s 00009000 08:01 29492797                   /opt/jdk/jdk1.8.0_211/jre/lib/ext/sunec.jar
7f12d06b9000-7f12d06bd000 r--s 0003b000 08:01 29492805                   /opt/jdk/jdk1.8.0_211/jre/lib/ext/sunpkcs11.jar
7f12d06bd000-7f12d06c0000 r--s 0001a000 08:01 29492691                   /opt/jdk/jdk1.8.0_211/jre/lib/jce.jar
7f12d06c0000-7f12d06c5000 r--s 000a3000 08:01 29492810                   /opt/jdk/jdk1.8.0_211/jre/lib/jsse.jar
7f12d06c5000-7f12d06fa000 rw-p 00000000 00:00 0 
7f12d06fa000-7f12d0840000 r--s 01421000 08:01 23858243                   /home/chinmay/eclipse-workspace/MexicoDataProcess/jars/selenium-server-standalone-3.5.3.jar
7f12d0840000-7f12d0849000 r--s 0006f000 08:01 23858256                   /home/chinmay/eclipse-workspace/MexicoDataProcess/jars/log4j-1.2.17.jar
7f12d0849000-7f12d0851000 r--s 00048000 08:01 23858228                   /home/chinmay/eclipse-workspace/MexicoDataProcess/jars/httpcore-4.4.6.jar
7f12d0851000-7f12d085e000 r--s 000aa000 08:01 23858253                   /home/chinmay/eclipse-workspace/MexicoDataProcess/jars/httpclient-4.5.3.jar
7f12d085e000-7f12d0860000 r--s 00007000 08:01 23858237                   /home/chinmay/eclipse-workspace/MexicoDataProcess/jars/fuzzywuzzy/fuzzywuzzy-1.1.9.jar
7f12d0860000-7f12d0864000 r--s 0002a000 08:01 24248414                   /home/chinmay/eclipse-workspace/MexicoDataProcess/jars/validator/commons-validator-1.6.jar
7f12d0864000-7f12d0866000 r--s 0000d000 08:01 23858250                   /home/chinmay/eclipse-workspace/MexicoDataProcess/jars/SuperCSV-1.52.jar
7f12d0866000-7f12d086b000 r--s 00659000 08:01 23858245                   /home/chinmay/eclipse-workspace/MexicoDataProcess/jars/sqlite-jdbc-3.21.0.jar
7f12d086b000-7f12d086e000 r--s 00017000 08:01 23858254                   /home/chinmay/eclipse-workspace/MexicoDataProcess/jars/opencsv-4.0.jar
7f12d086e000-7f12d0876000 r--s 00098000 08:01 23858226                   /home/chinmay/eclipse-workspace/MexicoDataProcess/jars/javax.mail-1.6.1.jar
7f12d0876000-7f12d087b000 r--s 0002a000 08:01 23858225                   /home/chinmay/eclipse-workspace/MexicoDataProcess/jars/gson-2.2.2.jar
7f12d087b000-7f12d0883000 r--s 00072000 08:01 23858244                   /home/chinmay/eclipse-workspace/MexicoDataProcess/jars/commons-lang3-3.7.jar
7f12d0883000-7f12d0891000 r--s 0007f000 08:01 23858255                   /home/chinmay/eclipse-workspace/MexicoDataProcess/jars/commons-collections-3.2.1.jar
7f12d0891000-7f12d0898000 r--s 0004b000 08:01 23858248                   /home/chinmay/eclipse-workspace/MexicoDataProcess/jars/commons-codec-1.11.jar
7f12d0898000-7f12d0899000 ---p 00000000 00:00 0 
7f12d0899000-7f12d0999000 rw-p 00000000 00:00 0 
7f12d0999000-7f12d099c000 ---p 00000000 00:00 0 
7f12d099c000-7f12d0a9a000 rw-p 00000000 00:00 0 
7f12d0a9a000-7f12d0a9b000 ---p 00000000 00:00 0 
7f12d0a9b000-7f12d0a9e000 ---p 00000000 00:00 0 
7f12d0a9e000-7f12d0b9b000 rw-p 00000000 00:00 0 
7f12d0b9b000-7f12d0b9c000 ---p 00000000 00:00 0 
7f12d0b9c000-7f12d0b9f000 ---p 00000000 00:00 0 
7f12d0b9f000-7f12d0c9c000 rw-p 00000000 00:00 0 
7f12d0c9c000-7f12d0c9d000 ---p 00000000 00:00 0 
7f12d0c9d000-7f12d0ca0000 ---p 00000000 00:00 0 
7f12d0ca0000-7f12d0d9d000 rw-p 00000000 00:00 0 
7f12d0d9d000-7f12d0da0000 ---p 00000000 00:00 0 
7f12d0da0000-7f12d0e9e000 rw-p 00000000 00:00 0 
7f12d0e9e000-7f12d117c000 r--p 00000000 08:01 15335669                   /usr/lib/locale/locale-archive
7f12d117c000-7f12d117f000 ---p 00000000 00:00 0 
7f12d117f000-7f12d127d000 rw-p 00000000 00:00 0 
7f12d127d000-7f12d1280000 ---p 00000000 00:00 0 
7f12d1280000-7f12d137e000 rw-p 00000000 00:00 0 
7f12d137e000-7f12d137f000 ---p 00000000 00:00 0 
7f12d137f000-7f12d2412000 rw-p 00000000 00:00 0 
7f12d2412000-7f12d25ec000 r--s 03d6d000 08:01 29492601                   /opt/jdk/jdk1.8.0_211/jre/lib/rt.jar
7f12d25ec000-7f12d2da2000 rw-p 00000000 00:00 0 
7f12d2da2000-7f12d2e62000 ---p 00000000 00:00 0 
7f12d2e62000-7f12d3236000 rw-p 00000000 00:00 0 
7f12d3236000-7f12d3237000 ---p 00000000 00:00 0 
7f12d3237000-7f12d3337000 rw-p 00000000 00:00 0 
7f12d3337000-7f12d3338000 ---p 00000000 00:00 0 
7f12d3338000-7f12d3438000 rw-p 00000000 00:00 0 
7f12d3438000-7f12d3439000 ---p 00000000 00:00 0 
7f12d3439000-7f12d35df000 rw-p 00000000 00:00 0 
7f12d35df000-7f12d37c7000 ---p 00000000 00:00 0 
7f12d37c7000-7f12d386d000 rw-p 00000000 00:00 0 
7f12d386d000-7f12d3a54000 ---p 00000000 00:00 0 
7f12d3a54000-7f12d3b62000 rw-p 00000000 00:00 0 
7f12d3b62000-7f12d3b9b000 ---p 00000000 00:00 0 
7f12d3b9b000-7f12d3bab000 rw-p 00000000 00:00 0 
7f12d3bab000-7f12d3f5c000 ---p 00000000 00:00 0 
7f12d3f5c000-7f12d430c000 rwxp 00000000 00:00 0 
7f12d430c000-7f12e2f5c000 ---p 00000000 00:00 0 
7f12e2f5c000-7f12e2f77000 r-xp 00000000 08:01 29492875                   /opt/jdk/jdk1.8.0_211/jre/lib/amd64/libzip.so
7f12e2f77000-7f12e3176000 ---p 0001b000 08:01 29492875                   /opt/jdk/jdk1.8.0_211/jre/lib/amd64/libzip.so
7f12e3176000-7f12e3177000 r--p 0001a000 08:01 29492875                   /opt/jdk/jdk1.8.0_211/jre/lib/amd64/libzip.so
7f12e3177000-7f12e3178000 rw-p 0001b000 08:01 29492875                   /opt/jdk/jdk1.8.0_211/jre/lib/amd64/libzip.so
7f12e3178000-7f12e3183000 r-xp 00000000 08:01 19268294                   /lib/x86_64-linux-gnu/libnss_files-2.27.so
7f12e3183000-7f12e3382000 ---p 0000b000 08:01 19268294                   /lib/x86_64-linux-gnu/libnss_files-2.27.so
7f12e3382000-7f12e3383000 r--p 0000a000 08:01 19268294                   /lib/x86_64-linux-gnu/libnss_files-2.27.so
7f12e3383000-7f12e3384000 rw-p 0000b000 08:01 19268294                   /lib/x86_64-linux-gnu/libnss_files-2.27.so
7f12e3384000-7f12e338a000 rw-p 00000000 00:00 0 
7f12e338a000-7f12e33a1000 r-xp 00000000 08:01 19268291                   /lib/x86_64-linux-gnu/libnsl-2.27.so
7f12e33a1000-7f12e35a0000 ---p 00017000 08:01 19268291                   /lib/x86_64-linux-gnu/libnsl-2.27.so
7f12e35a0000-7f12e35a1000 r--p 00016000 08:01 19268291                   /lib/x86_64-linux-gnu/libnsl-2.27.so
7f12e35a1000-7f12e35a2000 rw-p 00017000 08:01 19268291                   /lib/x86_64-linux-gnu/libnsl-2.27.so
7f12e35a2000-7f12e35a4000 rw-p 00000000 00:00 0 
7f12e35a4000-7f12e35af000 r-xp 00000000 08:01 19268296                   /lib/x86_64-linux-gnu/libnss_nis-2.27.so
7f12e35af000-7f12e37ae000 ---p 0000b000 08:01 19268296                   /lib/x86_64-linux-gnu/libnss_nis-2.27.so
7f12e37ae000-7f12e37af000 r--p 0000a000 08:01 19268296                   /lib/x86_64-linux-gnu/libnss_nis-2.27.so
7f12e37af000-7f12e37b0000 rw-p 0000b000 08:01 19268296                   /lib/x86_64-linux-gnu/libnss_nis-2.27.so
7f12e37b0000-7f12e37b8000 r-xp 00000000 08:01 19268292                   /lib/x86_64-linux-gnu/libnss_compat-2.27.so
7f12e37b8000-7f12e39b8000 ---p 00008000 08:01 19268292                   /lib/x86_64-linux-gnu/libnss_compat-2.27.so
7f12e39b8000-7f12e39b9000 r--p 00008000 08:01 19268292                   /lib/x86_64-linux-gnu/libnss_compat-2.27.so
7f12e39b9000-7f12e39ba000 rw-p 00009000 08:01 19268292                   /lib/x86_64-linux-gnu/libnss_compat-2.27.so
7f12e39ba000-7f12e39e6000 r-xp 00000000 08:01 29492866                   /opt/jdk/jdk1.8.0_211/jre/lib/amd64/libjava.so
7f12e39e6000-7f12e3be6000 ---p 0002c000 08:01 29492866                   /opt/jdk/jdk1.8.0_211/jre/lib/amd64/libjava.so
7f12e3be6000-7f12e3be7000 r--p 0002c000 08:01 29492866                   /opt/jdk/jdk1.8.0_211/jre/lib/amd64/libjava.so
7f12e3be7000-7f12e3be9000 rw-p 0002d000 08:01 29492866                   /opt/jdk/jdk1.8.0_211/jre/lib/amd64/libjava.so
7f12e3be9000-7f12e3bf6000 r-xp 00000000 08:01 29492857                   /opt/jdk/jdk1.8.0_211/jre/lib/amd64/libverify.so
7f12e3bf6000-7f12e3df5000 ---p 0000d000 08:01 29492857                   /opt/jdk/jdk1.8.0_211/jre/lib/amd64/libverify.so
7f12e3df5000-7f12e3df7000 r--p 0000c000 08:01 29492857                   /opt/jdk/jdk1.8.0_211/jre/lib/amd64/libverify.so
7f12e3df7000-7f12e3df8000 rw-p 0000e000 08:01 29492857                   /opt/jdk/jdk1.8.0_211/jre/lib/amd64/libverify.so
7f12e3df8000-7f12e3dff000 r-xp 00000000 08:01 19268301                   /lib/x86_64-linux-gnu/librt-2.27.so
7f12e3dff000-7f12e3ffe000 ---p 00007000 08:01 19268301                   /lib/x86_64-linux-gnu/librt-2.27.so
7f12e3ffe000-7f12e3fff000 r--p 00006000 08:01 19268301                   /lib/x86_64-linux-gnu/librt-2.27.so
7f12e3fff000-7f12e4000000 rw-p 00007000 08:01 19268301                   /lib/x86_64-linux-gnu/librt-2.27.so
7f12e4000000-7f12e4561000 rw-p 00000000 00:00 0 
7f12e4561000-7f12e8000000 ---p 00000000 00:00 0 
7f12e8000000-7f12e8002000 r--s 0000e000 08:01 23858249                   /home/chinmay/eclipse-workspace/MexicoDataProcess/jars/commons-logging-1.2.jar
7f12e8002000-7f12e8006000 r--s 0002f000 08:01 23858239                   /home/chinmay/eclipse-workspace/MexicoDataProcess/jars/commons-io-2.5.jar
7f12e8006000-7f12e8055000 rw-p 00000000 00:00 0 
7f12e8055000-7f12e8056000 ---p 00000000 00:00 0 
7f12e8056000-7f12e8156000 rw-p 00000000 00:00 0 
7f12e8156000-7f12e82f3000 r-xp 00000000 08:01 19268288                   /lib/x86_64-linux-gnu/libm-2.27.so
7f12e82f3000-7f12e84f2000 ---p 0019d000 08:01 19268288                   /lib/x86_64-linux-gnu/libm-2.27.so
7f12e84f2000-7f12e84f3000 r--p 0019c000 08:01 19268288                   /lib/x86_64-linux-gnu/libm-2.27.so
7f12e84f3000-7f12e84f4000 rw-p 0019d000 08:01 19268288                   /lib/x86_64-linux-gnu/libm-2.27.so
7f12e84f4000-7f12e91dc000 r-xp 00000000 08:01 29492873                   /opt/jdk/jdk1.8.0_211/jre/lib/amd64/server/libjvm.so
7f12e91dc000-7f12e93db000 ---p 00ce8000 08:01 29492873                   /opt/jdk/jdk1.8.0_211/jre/lib/amd64/server/libjvm.so
7f12e93db000-7f12e9471000 r--p 00ce7000 08:01 29492873                   /opt/jdk/jdk1.8.0_211/jre/lib/amd64/server/libjvm.so
7f12e9471000-7f12e94a2000 rw-p 00d7d000 08:01 29492873                   /opt/jdk/jdk1.8.0_211/jre/lib/amd64/server/libjvm.so
7f12e94a2000-7f12e94dd000 rw-p 00000000 00:00 0 
7f12e94dd000-7f12e96c4000 r-xp 00000000 08:01 19268284                   /lib/x86_64-linux-gnu/libc-2.27.so
7f12e96c4000-7f12e98c4000 ---p 001e7000 08:01 19268284                   /lib/x86_64-linux-gnu/libc-2.27.so
7f12e98c4000-7f12e98c8000 r--p 001e7000 08:01 19268284                   /lib/x86_64-linux-gnu/libc-2.27.so
7f12e98c8000-7f12e98ca000 rw-p 001eb000 08:01 19268284                   /lib/x86_64-linux-gnu/libc-2.27.so
7f12e98ca000-7f12e98ce000 rw-p 00000000 00:00 0 
7f12e98ce000-7f12e98d1000 r-xp 00000000 08:01 19268287                   /lib/x86_64-linux-gnu/libdl-2.27.so
7f12e98d1000-7f12e9ad0000 ---p 00003000 08:01 19268287                   /lib/x86_64-linux-gnu/libdl-2.27.so
7f12e9ad0000-7f12e9ad1000 r--p 00002000 08:01 19268287                   /lib/x86_64-linux-gnu/libdl-2.27.so
7f12e9ad1000-7f12e9ad2000 rw-p 00003000 08:01 19268287                   /lib/x86_64-linux-gnu/libdl-2.27.so
7f12e9ad2000-7f12e9ae9000 r-xp 00000000 08:01 29491852                   /opt/jdk/jdk1.8.0_211/lib/amd64/jli/libjli.so
7f12e9ae9000-7f12e9ce8000 ---p 00017000 08:01 29491852                   /opt/jdk/jdk1.8.0_211/lib/amd64/jli/libjli.so
7f12e9ce8000-7f12e9ce9000 r--p 00016000 08:01 29491852                   /opt/jdk/jdk1.8.0_211/lib/amd64/jli/libjli.so
7f12e9ce9000-7f12e9cea000 rw-p 00017000 08:01 29491852                   /opt/jdk/jdk1.8.0_211/lib/amd64/jli/libjli.so
7f12e9cea000-7f12e9d04000 r-xp 00000000 08:01 19268299                   /lib/x86_64-linux-gnu/libpthread-2.27.so
7f12e9d04000-7f12e9f03000 ---p 0001a000 08:01 19268299                   /lib/x86_64-linux-gnu/libpthread-2.27.so
7f12e9f03000-7f12e9f04000 r--p 00019000 08:01 19268299                   /lib/x86_64-linux-gnu/libpthread-2.27.so
7f12e9f04000-7f12e9f05000 rw-p 0001a000 08:01 19268299                   /lib/x86_64-linux-gnu/libpthread-2.27.so
7f12e9f05000-7f12e9f09000 rw-p 00000000 00:00 0 
7f12e9f09000-7f12e9f32000 r-xp 00000000 08:01 19268280                   /lib/x86_64-linux-gnu/ld-2.27.so
7f12e9f32000-7f12e9f33000 r--s 00005000 08:01 23858252                   /home/chinmay/eclipse-workspace/MexicoDataProcess/jars/json-simple-1.1.1.jar
7f12e9f33000-7f12e9f38000 r--s 00084000 08:01 29492788                   /opt/jdk/jdk1.8.0_211/jre/lib/jfr.jar
7f12e9f38000-7f12e9f3d000 r--s 002f9000 08:01 29492600                   /opt/jdk/jdk1.8.0_211/jre/lib/charsets.jar
7f12e9f3d000-7f12ea008000 rw-p 00000000 00:00 0 
7f12ea008000-7f12ea009000 ---p 00000000 00:00 0 
7f12ea009000-7f12ea00c000 ---p 00000000 00:00 0 
7f12ea00c000-7f12ea10d000 rw-p 00000000 00:00 0 
7f12ea10d000-7f12ea110000 r--s 0001a000 08:01 29492691                   /opt/jdk/jdk1.8.0_211/jre/lib/jce.jar
7f12ea110000-7f12ea115000 r--s 000a3000 08:01 29492810                   /opt/jdk/jdk1.8.0_211/jre/lib/jsse.jar
7f12ea115000-7f12ea128000 r--s 00345000 08:01 29492723                   /opt/jdk/jdk1.8.0_211/jre/lib/resources.jar
7f12ea128000-7f12ea130000 rw-s 00000000 08:01 19922972                   /tmp/hsperfdata_chinmay/13126
7f12ea130000-7f12ea131000 rw-p 00000000 00:00 0 
7f12ea131000-7f12ea132000 ---p 00000000 00:00 0 
7f12ea132000-7f12ea133000 r--p 00029000 08:01 19268280                   /lib/x86_64-linux-gnu/ld-2.27.so
7f12ea133000-7f12ea134000 rw-p 0002a000 08:01 19268280                   /lib/x86_64-linux-gnu/ld-2.27.so
7f12ea134000-7f12ea135000 rw-p 00000000 00:00 0 
7ffc28d1b000-7ffc28d3d000 rw-p 00000000 00:00 0                          [stack]
7ffc28ddf000-7ffc28de2000 r--p 00000000 00:00 0                          [vvar]
7ffc28de2000-7ffc28de3000 r-xp 00000000 00:00 0                          [vdso]
ffffffffff600000-ffffffffff601000 --xp 00000000 00:00 0                  [vsyscall]

VM Arguments:
jvm_args: -Dfile.encoding=UTF-8 
java_command: com.shatam.lightbox.loqate.MergeUpdateFile
java_class_path (initial): /opt/jdk/jdk1.8.0_211/jre/lib/resources.jar:/opt/jdk/jdk1.8.0_211/jre/lib/rt.jar:/opt/jdk/jdk1.8.0_211/jre/lib/jsse.jar:/opt/jdk/jdk1.8.0_211/jre/lib/jce.jar:/opt/jdk/jdk1.8.0_211/jre/lib/charsets.jar:/opt/jdk/jdk1.8.0_211/jre/lib/jfr.jar:/opt/jdk/jdk1.8.0_211/jre/lib/ext/nashorn.jar:/opt/jdk/jdk1.8.0_211/jre/lib/ext/zipfs.jar:/opt/jdk/jdk1.8.0_211/jre/lib/ext/sunpkcs11.jar:/opt/jdk/jdk1.8.0_211/jre/lib/ext/localedata.jar:/opt/jdk/jdk1.8.0_211/jre/lib/ext/jfxrt.jar:/opt/jdk/jdk1.8.0_211/jre/lib/ext/cldrdata.jar:/opt/jdk/jdk1.8.0_211/jre/lib/ext/sunjce_provider.jar:/opt/jdk/jdk1.8.0_211/jre/lib/ext/dnsns.jar:/opt/jdk/jdk1.8.0_211/jre/lib/ext/sunec.jar:/opt/jdk/jdk1.8.0_211/jre/lib/ext/jaccess.jar:/home/chinmay/eclipse-workspace/MexicoDataProcess/bin:/home/chinmay/eclipse-workspace/MexicoDataProcess/jars/commons-codec-1.11.jar:/home/chinmay/eclipse-workspace/MexicoDataProcess/jars/commons-collections-3.2.1.jar:/home/chinmay/eclipse-workspace/MexicoDataProcess/jars/commons-io-2.5.jar:/home/chinmay/eclipse-workspace/MexicoDataProcess/jars/commons-lang3-3.7.jar:/home/chinmay/eclipse-workspace/MexicoDataProcess/jars/commons-logging-1.2.jar:/home/chinmay/eclipse-workspace/MexicoDataProcess/jars/gson-2.2.2.jar:/home/chinmay/eclipse-workspace/MexicoDataProcess/jars/javax.mail-1.6.1.jar:/home/chinmay/eclipse-workspace/MexicoDataProcess/jars/json-simple-1.1.1.jar:/home/chinmay/eclipse-workspace/MexicoDataProcess/jars/opencsv-4.0.jar:/home/chinmay/eclipse-workspace/MexicoDataProcess/jars/sqlite-jdbc-3.21.0.jar:/home/chinmay/eclipse-workspace/MexicoDataProcess/jars/SuperCSV-1.52.jar:/home/chinmay/eclipse-workspace/MexicoDataProcess/jars/validator/commons-validator-1.6.jar:/home/chinmay/eclipse-workspace/MexicoDataProcess/jars/fuzzywuzzy/fuzzywuzzy-1.1.9.jar:/home/chinmay/eclipse-workspace/MexicoDataProcess/jars/httpclient-4.5.3.jar:/home/chinmay/eclipse-workspace/MexicoDataProcess/jars/httpcore-4.4.6.jar:/home/chinmay/eclipse-workspace/MexicoDataProc
Launcher Type: SUN_STANDARD

Environment Variables:
PATH=/home/chinmay/bin:/usr/local/sbin:/usr/local/bin:/usr/sbin:/usr/bin:/sbin:/bin:/usr/games:/usr/local/games:/snap/bin
USERNAME=chinmay
SHELL=/bin/bash
DISPLAY=:0

Signal Handlers:
SIGSEGV: [libjvm.so+0xad3d90], sa_mask[0]=11111111011111111101111111111110, sa_flags=SA_RESTART|SA_SIGINFO
SIGBUS: [libjvm.so+0xad3d90], sa_mask[0]=11111111011111111101111111111110, sa_flags=SA_RESTART|SA_SIGINFO
SIGFPE: [libjvm.so+0x90b8b0], sa_mask[0]=11111111011111111101111111111110, sa_flags=SA_RESTART|SA_SIGINFO
SIGPIPE: [libjvm.so+0x90b8b0], sa_mask[0]=11111111011111111101111111111110, sa_flags=SA_RESTART|SA_SIGINFO
SIGXFSZ: [libjvm.so+0x90b8b0], sa_mask[0]=11111111011111111101111111111110, sa_flags=SA_RESTART|SA_SIGINFO
SIGILL: [libjvm.so+0x90b8b0], sa_mask[0]=11111111011111111101111111111110, sa_flags=SA_RESTART|SA_SIGINFO
SIGUSR1: SIG_DFL, sa_mask[0]=00000000000000000000000000000000, sa_flags=none
SIGUSR2: [libjvm.so+0x90b780], sa_mask[0]=00100000000000000000000000000000, sa_flags=SA_RESTART|SA_SIGINFO
SIGHUP: [libjvm.so+0x90bda0], sa_mask[0]=11111111011111111101111111111110, sa_flags=SA_RESTART|SA_SIGINFO
SIGINT: [libjvm.so+0x90bda0], sa_mask[0]=11111111011111111101111111111110, sa_flags=SA_RESTART|SA_SIGINFO
SIGTERM: [libjvm.so+0x90bda0], sa_mask[0]=11111111011111111101111111111110, sa_flags=SA_RESTART|SA_SIGINFO
SIGQUIT: [libjvm.so+0x90bda0], sa_mask[0]=11111111011111111101111111111110, sa_flags=SA_RESTART|SA_SIGINFO


---------------  S Y S T E M  ---------------

OS:DISTRIB_ID=Ubuntu
DISTRIB_RELEASE=18.04
DISTRIB_CODENAME=bionic
DISTRIB_DESCRIPTION="Ubuntu 18.04.5 LTS"

uname:Linux 5.4.0-81-generic #91~18.04.1-Ubuntu SMP Fri Jul 23 13:36:29 UTC 2021 x86_64
libc:glibc 2.27 NPTL 2.27 
rlimit: STACK 8192k, CORE 0k, NPROC 31048, NOFILE 1048576, AS infinity
load average:1.52 1.62 1.92

/proc/meminfo:
MemTotal:        8022228 kB
MemFree:         1881052 kB
MemAvailable:    3658000 kB
Buffers:          171800 kB
Cached:          2092680 kB
SwapCached:        22060 kB
Active:          3673608 kB
Inactive:        1943148 kB
Active(anon):    2779096 kB
Inactive(anon):   894464 kB
Active(file):     894512 kB
Inactive(file):  1048684 kB
Unevictable:      112288 kB
Mlocked:             648 kB
SwapTotal:       2097148 kB
SwapFree:         940796 kB
Dirty:               632 kB
Writeback:             0 kB
AnonPages:       3449236 kB
Mapped:           606132 kB
Shmem:            321344 kB
KReclaimable:     106280 kB
Slab:             263532 kB
SReclaimable:     106280 kB
SUnreclaim:       157252 kB
KernelStack:       18240 kB
PageTables:        80524 kB
NFS_Unstable:          0 kB
Bounce:                0 kB
WritebackTmp:          0 kB
CommitLimit:     6108260 kB
Committed_AS:   13273844 kB
VmallocTotal:   34359738367 kB
VmallocUsed:       33396 kB
VmallocChunk:          0 kB
Percpu:             3488 kB
HardwareCorrupted:     0 kB
AnonHugePages:         0 kB
ShmemHugePages:        0 kB
ShmemPmdMapped:        0 kB
FileHugePages:         0 kB
FilePmdMapped:         0 kB
CmaTotal:              0 kB
CmaFree:               0 kB
HugePages_Total:       0
HugePages_Free:        0
HugePages_Rsvd:        0
HugePages_Surp:        0
Hugepagesize:       2048 kB
Hugetlb:               0 kB
DirectMap4k:      434604 kB
DirectMap2M:     7823360 kB
DirectMap1G:     1048576 kB

container (cgroup) information:
container_type: cgroupv1
cpu_cpuset_cpus: 0-3
cpu_memory_nodes: 0
active_processor_count: 4
cpu_quota: -1
cpu_period: 100000
cpu_shares: -1
memory_limit_in_bytes: -1
memory_and_swap_limit_in_bytes: -2
memory_soft_limit_in_bytes: -1
memory_usage_in_bytes: 5691437056
memory_max_usage_in_bytes: 7722434560


CPU:total 4 (initial active 4) (2 cores per cpu, 2 threads per core) family 6 model 60 stepping 3, cmov, cx8, fxsr, mmx, sse, sse2, sse3, ssse3, sse4.1, sse4.2, popcnt, avx, avx2, aes, clmul, erms, lzcnt, ht, tsc, tscinvbit, bmi1, bmi2

/proc/cpuinfo:
processor	: 0
vendor_id	: GenuineIntel
cpu family	: 6
model		: 60
model name	: Intel(R) Core(TM) i3-4160 CPU @ 3.60GHz
stepping	: 3
microcode	: 0x28
cpu MHz		: 3591.534
cache size	: 3072 KB
physical id	: 0
siblings	: 4
core id		: 0
cpu cores	: 2
apicid		: 0
initial apicid	: 0
fpu		: yes
fpu_exception	: yes
cpuid level	: 13
wp		: yes
flags		: fpu vme de pse tsc msr pae mce cx8 apic sep mtrr pge mca cmov pat pse36 clflush dts acpi mmx fxsr sse sse2 ss ht tm pbe syscall nx pdpe1gb rdtscp lm constant_tsc arch_perfmon pebs bts rep_good nopl xtopology nonstop_tsc cpuid aperfmperf pni pclmulqdq dtes64 monitor ds_cpl vmx est tm2 ssse3 sdbg fma cx16 xtpr pdcm pcid sse4_1 sse4_2 movbe popcnt tsc_deadline_timer aes xsave avx f16c rdrand lahf_lm abm cpuid_fault epb invpcid_single pti ssbd ibrs ibpb stibp tpr_shadow vnmi flexpriority ept vpid ept_ad fsgsbase tsc_adjust bmi1 avx2 smep bmi2 erms invpcid xsaveopt dtherm arat pln pts md_clear flush_l1d
bugs		: cpu_meltdown spectre_v1 spectre_v2 spec_store_bypass l1tf mds swapgs itlb_multihit srbds
bogomips	: 7183.06
clflush size	: 64
cache_alignment	: 64
address sizes	: 39 bits physical, 48 bits virtual
power management:

processor	: 1
vendor_id	: GenuineIntel
cpu family	: 6
model		: 60
model name	: Intel(R) Core(TM) i3-4160 CPU @ 3.60GHz
stepping	: 3
microcode	: 0x28
cpu MHz		: 3591.533
cache size	: 3072 KB
physical id	: 0
siblings	: 4
core id		: 1
cpu cores	: 2
apicid		: 2
initial apicid	: 2
fpu		: yes
fpu_exception	: yes
cpuid level	: 13
wp		: yes
flags		: fpu vme de pse tsc msr pae mce cx8 apic sep mtrr pge mca cmov pat pse36 clflush dts acpi mmx fxsr sse sse2 ss ht tm pbe syscall nx pdpe1gb rdtscp lm constant_tsc arch_perfmon pebs bts rep_good nopl xtopology nonstop_tsc cpuid aperfmperf pni pclmulqdq dtes64 monitor ds_cpl vmx est tm2 ssse3 sdbg fma cx16 xtpr pdcm pcid sse4_1 sse4_2 movbe popcnt tsc_deadline_timer aes xsave avx f16c rdrand lahf_lm abm cpuid_fault epb invpcid_single pti ssbd ibrs ibpb stibp tpr_shadow vnmi flexpriority ept vpid ept_ad fsgsbase tsc_adjust bmi1 avx2 smep bmi2 erms invpcid xsaveopt dtherm arat pln pts md_clear flush_l1d
bugs		: cpu_meltdown spectre_v1 spectre_v2 spec_store_bypass l1tf mds swapgs itlb_multihit srbds
bogomips	: 7183.06
clflush size	: 64
cache_alignment	: 64
address sizes	: 39 bits physical, 48 bits virtual
power management:

processor	: 2
vendor_id	: GenuineIntel
cpu family	: 6
model		: 60
model name	: Intel(R) Core(TM) i3-4160 CPU @ 3.60GHz
stepping	: 3
microcode	: 0x28
cpu MHz		: 3591.536
cache size	: 3072 KB
physical id	: 0
siblings	: 4
core id		: 0
cpu cores	: 2
apicid		: 1
initial apicid	: 1
fpu		: yes
fpu_exception	: yes
cpuid level	: 13
wp		: yes
flags		: fpu vme de pse tsc msr pae mce cx8 apic sep mtrr pge mca cmov pat pse36 clflush dts acpi mmx fxsr sse sse2 ss ht tm pbe syscall nx pdpe1gb rdtscp lm constant_tsc arch_perfmon pebs bts rep_good nopl xtopology nonstop_tsc cpuid aperfmperf pni pclmulqdq dtes64 monitor ds_cpl vmx est tm2 ssse3 sdbg fma cx16 xtpr pdcm pcid sse4_1 sse4_2 movbe popcnt tsc_deadline_timer aes xsave avx f16c rdrand lahf_lm abm cpuid_fault epb invpcid_single pti ssbd ibrs ibpb stibp tpr_shadow vnmi flexpriority ept vpid ept_ad fsgsbase tsc_adjust bmi1 avx2 smep bmi2 erms invpcid xsaveopt dtherm arat pln pts md_clear flush_l1d
bugs		: cpu_meltdown spectre_v1 spectre_v2 spec_store_bypass l1tf mds swapgs itlb_multihit srbds
bogomips	: 7183.06
clflush size	: 64
cache_alignment	: 64
address sizes	: 39 bits physical, 48 bits virtual
power management:

processor	: 3
vendor_id	: GenuineIntel
cpu family	: 6
model		: 60
model name	: Intel(R) Core(TM) i3-4160 CPU @ 3.60GHz
stepping	: 3
microcode	: 0x28
cpu MHz		: 3591.534
cache size	: 3072 KB
physical id	: 0
siblings	: 4
core id		: 1
cpu cores	: 2
apicid		: 3
initial apicid	: 3
fpu		: yes
fpu_exception	: yes
cpuid level	: 13
wp		: yes
flags		: fpu vme de pse tsc msr pae mce cx8 apic sep mtrr pge mca cmov pat pse36 clflush dts acpi mmx fxsr sse sse2 ss ht tm pbe syscall nx pdpe1gb rdtscp lm constant_tsc arch_perfmon pebs bts rep_good nopl xtopology nonstop_tsc cpuid aperfmperf pni pclmulqdq dtes64 monitor ds_cpl vmx est tm2 ssse3 sdbg fma cx16 xtpr pdcm pcid sse4_1 sse4_2 movbe popcnt tsc_deadline_timer aes xsave avx f16c rdrand lahf_lm abm cpuid_fault epb invpcid_single pti ssbd ibrs ibpb stibp tpr_shadow vnmi flexpriority ept vpid ept_ad fsgsbase tsc_adjust bmi1 avx2 smep bmi2 erms invpcid xsaveopt dtherm arat pln pts md_clear flush_l1d
bugs		: cpu_meltdown spectre_v1 spectre_v2 spec_store_bypass l1tf mds swapgs itlb_multihit srbds
bogomips	: 7183.06
clflush size	: 64
cache_alignment	: 64
address sizes	: 39 bits physical, 48 bits virtual
power management:



Memory: 4k page, physical 8022228k(1881052k free), swap 2097148k(940796k free)

vm_info: Java HotSpot(TM) 64-Bit Server VM (25.211-b12) for linux-amd64 JRE (1.8.0_211-b12), built on Apr  1 2019 20:39:34 by "java_re" with gcc 7.3.0

time: Fri Sep  3 15:40:59 2021
timezone: IST
elapsed time: 4 seconds (0d 0h 0m 4s)

