#
# A fatal error has been detected by the Java Runtime Environment:
#
#  SIGSEGV (0xb) at pc=0x00007f2e31561241, pid=7596, tid=0x00007f2e3011e700
#
# JRE version: Java(TM) SE Runtime Environment (8.0_211-b12) (build 1.8.0_211-b12)
# Java VM: Java HotSpot(TM) 64-Bit Server VM (25.211-b12 mixed mode linux-amd64 compressed oops)
# Problematic frame:
# V  [libjvm.so+0x648241]  oopDesc::size_given_klass(Klass*)+0x1
#
# Failed to write core dump. Core dumps have been disabled. To enable core dumping, try "ulimit -c unlimited" before starting Java again
#
# If you would like to submit a bug report, please visit:
#   http://bugreport.java.com/bugreport/crash.jsp
#

---------------  T H R E A D  ---------------

Current thread (0x00007f2e2c022800):  GCTaskThread [stack: 0x00007f2e3001f000,0x00007f2e3011f000] [id=7602]

siginfo: si_signo: 11 (SIGSEGV), si_code: 1 (SEGV_MAPERR), si_addr: 0x0000000000000010

Registers:
RAX=0x00007f2e31eb1da0, RBX=0x00007f2e2c0775e0, RCX=0x0000000000000003, RDX=0x000000000001aa84
RSP=0x00007f2e3011db40, RBP=0x00007f2e3011dbd0, RSI=0x0000000000000008, RDI=0x0000000088d50898
R8 =0x00007f2e31ee4d80, R9 =0x0000000088d50b8c, R10=0x0000000000000001, R11=0x0000000000000029
R12=0x0000000000000003, R13=0x0000000088d50ad8, R14=0x0000000088d50898, R15=0x0000000088d50b74
RIP=0x00007f2e31561241, EFLAGS=0x0000000000010202, CSGSFS=0x002b000000000033, ERR=0x0000000000000004
  TRAPNO=0x000000000000000e

Top of Stack: (sp=0x00007f2e3011db40)
0x00007f2e3011db40:   00007f2e3011dbd0 00007f2e3180b1fe
0x00007f2e3011db50:   00007f2e3011dbe0 0000000000000001
0x00007f2e3011db60:   00007f2e31ee4d80 0000000000000029
0x00007f2e3011db70:   0000000088d50b8c 0000000000000029
0x00007f2e3011db80:   0000000088d50aa0 0000000100001940
0x00007f2e3011db90:   00007f2e31ee4d80 0000000000000004
0x00007f2e3011dba0:   00007f2e31ee4d80 00007f2e2c0775e0
0x00007f2e3011dbb0:   00007f2e31ee0f8c 00007f2e31ee4d80
0x00007f2e3011dbc0:   0000000000000000 00007f2e3011dd14
0x00007f2e3011dbd0:   00007f2e3011dca0 00007f2e3188debf
0x00007f2e3011dbe0:   00007f2e3011dc40 00007f2e3188debf
0x00007f2e3011dbf0:   00007f2e2c0775f0 000000008d130ba8
0x00007f2e3011dc00:   000000000003c400 0000000000040000
0x00007f2e3011dc10:   0000000000000257 0000000088d50ad8
0x00007f2e3011dc20:   000000008d130ba8 000000000003c200
0x00007f2e3011dc30:   04c90f910001c673 00007f2e0003c400
0x00007f2e3011dc40:   04c90f920001c673 0000000000000c00
0x00007f2e3011dc50:   00007f2e3011dca0 00007f2e31871c00
0x00007f2e3011dc60:   0002d297000009fc 0002d297000009fd
0x00007f2e3011dc70:   00007f2e2c0be001 0000000000006200
0x00007f2e3011dc80:   00007f2e2c0775e0 00007f2e31ee4d80
0x00007f2e3011dc90:   0000000000000000 00007f2e3011dd14
0x00007f2e3011dca0:   00007f2e3011dda0 00007f2e31870d8b
0x00007f2e3011dcb0:   00007f2e3011dda0 0000000000000017
0x00007f2e3011dcc0:   00007f2e3011dd14 0000000000000000
0x00007f2e3011dcd0:   0000000000006200 0000000000006200
0x00007f2e3011dce0:   00007f2e3011dd20 00007f2e3011dd40
0x00007f2e3011dcf0:   00000000cfd5a220 00007f2df0449ad0
0x00007f2e3011dd00:   0000000000000008 00007f2e2c0775e0
0x00007f2e3011dd10:   614e463331e0c978 0000000000000000
0x00007f2e3011dd20:   00000000cfd5a220 00007f2e00006000
0x00007f2e3011dd30:   00000000cfd5a220 00007f2e00006200 

Instructions: (pc=0x00007f2e31561241)
0x00007f2e31561221:   5d c3 0f 1f 44 00 00 48 8d 35 91 f7 4c 00 bf 03
0x00007f2e31561231:   00 00 00 e8 f7 b6 12 00 eb 9d 0f 1f 44 00 00 55
0x00007f2e31561241:   8b 46 08 48 89 f2 48 89 e5 83 f8 00 7e 11 a8 01
0x00007f2e31561251:   75 0f c1 f8 03 5d c3 0f 1f 84 00 00 00 00 00 75 

Register to memory mapping:

RAX=0x00007f2e31eb1da0: <offset 0xf98da0> in /opt/jdk/jdk1.8.0_211/jre/lib/amd64/server/libjvm.so at 0x00007f2e30f19000
RBX=0x00007f2e2c0775e0 is an unknown value
RCX=0x0000000000000003 is an unknown value
RDX=0x000000000001aa84 is an unknown value
RSP=0x00007f2e3011db40 is an unknown value
RBP=0x00007f2e3011dbd0 is an unknown value
RSI=0x0000000000000008 is an unknown value
RDI=0x0000000088d50898 is pointing into object: 0x0000000088d50880
[C 
 - klass: {type array char}
 - length: 6
R8 =0x00007f2e31ee4d80: <offset 0xfcbd80> in /opt/jdk/jdk1.8.0_211/jre/lib/amd64/server/libjvm.so at 0x00007f2e30f19000
R9 =0x0000000088d50b8c is pointing into object: 0x0000000088d50ad8
[Ljava.lang.String; 
 - klass: 'java/lang/String'[]
 - length: 41
R10=0x0000000000000001 is an unknown value
R11=0x0000000000000029 is an unknown value
R12=0x0000000000000003 is an unknown value
R13=0x0000000088d50ad8 is an oop
[Ljava.lang.String; 
 - klass: 'java/lang/String'[]
 - length: 41
R14=0x0000000088d50898 is pointing into object: 0x0000000088d50880
[C 
 - klass: {type array char}
 - length: 6
R15=0x0000000088d50b74 is pointing into object: 0x0000000088d50ad8
[Ljava.lang.String; 
 - klass: 'java/lang/String'[]
 - length: 41


Stack: [0x00007f2e3001f000,0x00007f2e3011f000],  sp=0x00007f2e3011db40,  free space=1018k
Native frames: (J=compiled Java code, j=interpreted, Vv=VM code, C=native code)
V  [libjvm.so+0x648241]  oopDesc::size_given_klass(Klass*)+0x1
V  [libjvm.so+0x974ebf]  ParCompactionManager::follow_marking_stacks()+0xdf
V  [libjvm.so+0x957d8b]  StealMarkingTask::do_it(GCTaskManager*, unsigned int)+0x2bb
V  [libjvm.so+0x5c3816]  GCTaskThread::run()+0x1b6
V  [libjvm.so+0x90d952]  java_start(Thread*)+0x102


---------------  P R O C E S S  ---------------

Java Threads: ( => current thread )
  0x00007f2e2c0c3000 JavaThread "Service Thread" daemon [_thread_blocked, id=7613, stack(0x00007f2e193a6000,0x00007f2e194a7000)]
  0x00007f2e2c0c0000 JavaThread "C1 CompilerThread2" daemon [_thread_blocked, id=7612, stack(0x00007f2e194a8000,0x00007f2e195a8000)]
  0x00007f2e2c0be000 JavaThread "C2 CompilerThread1" daemon [_thread_blocked, id=7611, stack(0x00007f2e195a9000,0x00007f2e196a9000)]
  0x00007f2e2c0bb000 JavaThread "C2 CompilerThread0" daemon [_thread_blocked, id=7610, stack(0x00007f2e196aa000,0x00007f2e197aa000)]
  0x00007f2e2c0b9800 JavaThread "Signal Dispatcher" daemon [_thread_blocked, id=7609, stack(0x00007f2e197aa000,0x00007f2e198ab000)]
  0x00007f2e2c087000 JavaThread "Finalizer" daemon [_thread_blocked, id=7608, stack(0x00007f2e19b89000,0x00007f2e19c8a000)]
  0x00007f2e2c084800 JavaThread "Reference Handler" daemon [_thread_blocked, id=7607, stack(0x00007f2e19c8a000,0x00007f2e19d8b000)]
  0x00007f2e2c00c800 JavaThread "main" [_thread_blocked, id=7601, stack(0x00007f2e32a2e000,0x00007f2e32b2e000)]

Other Threads:
  0x00007f2e2c07a800 VMThread [stack: 0x00007f2e19d8c000,0x00007f2e19e8c000] [id=7606]
  0x00007f2e2c0c5800 WatcherThread [stack: 0x00007f2e192a6000,0x00007f2e193a6000] [id=7614]

=>0x00007f2e2c022800 (exited) GCTaskThread [stack: 0x00007f2e3001f000,0x00007f2e3011f000] [id=7602]

VM state:at safepoint (normal execution)

VM Mutex/Monitor currently owned by a thread:  ([mutex/lock_event])
[0x00007f2e2c009000] Threads_lock - owner thread: 0x00007f2e2c07a800
[0x00007f2e2c009500] Heap_lock - owner thread: 0x00007f2e2c00c800

heap address: 0x0000000085800000, size: 1960 MB, Compressed Oops mode: 32-bit
Narrow klass base: 0x0000000000000000, Narrow klass shift: 3
Compressed class space size: 1073741824 Address: 0x0000000100000000

Heap:
 PSYoungGen      total 445952K, used 223232K [0x00000000d7300000, 0x0000000100000000, 0x0000000100000000)
  eden space 223232K, 100% used [0x00000000d7300000,0x00000000e4d00000,0x00000000e4d00000)
  from space 222720K, 0% used [0x00000000f2680000,0x00000000f2680000,0x0000000100000000)
  to   space 222720K, 0% used [0x00000000e4d00000,0x00000000e4d00000,0x00000000f2680000)
 ParOldGen       total 1338368K, used 1338050K [0x0000000085800000, 0x00000000d7300000, 0x00000000d7300000)
  object space 1338368K, 99% used [0x0000000085800000,0x00000000d72b08c0,0x00000000d7300000)
 Metaspace       used 8368K, capacity 8592K, committed 8704K, reserved 1056768K
  class space    used 888K, capacity 992K, committed 1024K, reserved 1048576K

Card table byte_map: [0x00007f2e1c223000,0x00007f2e1c5f8000] byte_map_base: 0x00007f2e1bdf7000

Marking Bits: (ParMarkBitMap*) 0x00007f2e31ee4d80
 Begin Bits: [0x00007f2e102c0000, 0x00007f2e12160000)
 End Bits:   [0x00007f2e12160000, 0x00007f2e14000000)

Polling page: 0x00007f2e32b56000

CodeCache: size=245760Kb used=5986Kb max_used=6027Kb free=239773Kb
 bounds [0x00007f2e1c9b8000, 0x00007f2e1cfc8000, 0x00007f2e2b9b8000]
 total_blobs=1545 nmethods=1203 adapters=256
 compilation: enabled

Compilation events (10 events):
Event: 121.157 Thread 0x00007f2e2c0be000 1222       4       com.shatam.utils.U::toTitleCase (267 bytes)
Event: 121.294 Thread 0x00007f2e2c0be000 nmethod 1222 0x00007f2e1cf717d0 code [0x00007f2e1cf71c80, 0x00007f2e1cf750b8]
Event: 121.299 Thread 0x00007f2e2c0bb000 1223       4       java.util.regex.Pattern$Curly::match (86 bytes)
Event: 121.302 Thread 0x00007f2e2c0bb000 nmethod 1223 0x00007f2e1cefbdd0 code [0x00007f2e1cefbf60, 0x00007f2e1cefc348]
Event: 178.107 Thread 0x00007f2e2c0be000 1224 %     4       com.chinmay.test.CompareAddNumbersToAdd::processRecords @ 138 (675 bytes)
Event: 181.894 Thread 0x00007f2e2c0be000 nmethod 1224% 0x00007f2e1cf7fe90 code [0x00007f2e1cf80540, 0x00007f2e1cf86eb0]
Event: 230.121 Thread 0x00007f2e2c0c0000 1225 %     3       com.chinmay.test.CompareAddNumbersToAdd::processRecords @ 138 (675 bytes)
Event: 230.125 Thread 0x00007f2e2c0c0000 nmethod 1225% 0x00007f2e1cf8e750 code [0x00007f2e1cf8f3c0, 0x00007f2e1cf994b8]
Event: 284.747 Thread 0x00007f2e2c0be000 1226 %     4       com.chinmay.test.CompareAddNumbersToAdd::processRecords @ 138 (675 bytes)
Event: 290.625 Thread 0x00007f2e2c0be000 nmethod 1226% 0x00007f2e1cfa8050 code [0x00007f2e1cfa88a0, 0x00007f2e1cfafbd8]

GC Heap History (10 events):
Event: 650.004 GC heap after
Heap after GC invocations=365 (full 343):
 PSYoungGen      total 445952K, used 32517K [0x00000000d7300000, 0x0000000100000000, 0x0000000100000000)
  eden space 223232K, 14% used [0x00000000d7300000,0x00000000d92c1450,0x00000000e4d00000)
  from space 222720K, 0% used [0x00000000f2680000,0x00000000f2680000,0x0000000100000000)
  to   space 222720K, 0% used [0x00000000e4d00000,0x00000000e4d00000,0x00000000f2680000)
 ParOldGen       total 1338368K, used 1338050K [0x0000000085800000, 0x00000000d7300000, 0x00000000d7300000)
  object space 1338368K, 99% used [0x0000000085800000,0x00000000d72b08c0,0x00000000d7300000)
 Metaspace       used 8368K, capacity 8592K, committed 8704K, reserved 1056768K
  class space    used 888K, capacity 992K, committed 1024K, reserved 1048576K
}
Event: 650.168 GC heap before
{Heap before GC invocations=366 (full 344):
 PSYoungGen      total 445952K, used 223232K [0x00000000d7300000, 0x0000000100000000, 0x0000000100000000)
  eden space 223232K, 100% used [0x00000000d7300000,0x00000000e4d00000,0x00000000e4d00000)
  from space 222720K, 0% used [0x00000000f2680000,0x00000000f2680000,0x0000000100000000)
  to   space 222720K, 0% used [0x00000000e4d00000,0x00000000e4d00000,0x00000000f2680000)
 ParOldGen       total 1338368K, used 1338050K [0x0000000085800000, 0x00000000d7300000, 0x00000000d7300000)
  object space 1338368K, 99% used [0x0000000085800000,0x00000000d72b08c0,0x00000000d7300000)
 Metaspace       used 8368K, capacity 8592K, committed 8704K, reserved 1056768K
  class space    used 888K, capacity 992K, committed 1024K, reserved 1048576K
Event: 652.200 GC heap after
Heap after GC invocations=366 (full 344):
 PSYoungGen      total 445952K, used 32516K [0x00000000d7300000, 0x0000000100000000, 0x0000000100000000)
  eden space 223232K, 14% used [0x00000000d7300000,0x00000000d92c10f0,0x00000000e4d00000)
  from space 222720K, 0% used [0x00000000f2680000,0x00000000f2680000,0x0000000100000000)
  to   space 222720K, 0% used [0x00000000e4d00000,0x00000000e4d00000,0x00000000f2680000)
 ParOldGen       total 1338368K, used 1338050K [0x0000000085800000, 0x00000000d7300000, 0x00000000d7300000)
  object space 1338368K, 99% used [0x0000000085800000,0x00000000d72b08c0,0x00000000d7300000)
 Metaspace       used 8368K, capacity 8592K, committed 8704K, reserved 1056768K
  class space    used 888K, capacity 992K, committed 1024K, reserved 1048576K
}
Event: 652.366 GC heap before
{Heap before GC invocations=367 (full 345):
 PSYoungGen      total 445952K, used 223232K [0x00000000d7300000, 0x0000000100000000, 0x0000000100000000)
  eden space 223232K, 100% used [0x00000000d7300000,0x00000000e4d00000,0x00000000e4d00000)
  from space 222720K, 0% used [0x00000000f2680000,0x00000000f2680000,0x0000000100000000)
  to   space 222720K, 0% used [0x00000000e4d00000,0x00000000e4d00000,0x00000000f2680000)
 ParOldGen       total 1338368K, used 1338050K [0x0000000085800000, 0x00000000d7300000, 0x00000000d7300000)
  object space 1338368K, 99% used [0x0000000085800000,0x00000000d72b08c0,0x00000000d7300000)
 Metaspace       used 8368K, capacity 8592K, committed 8704K, reserved 1056768K
  class space    used 888K, capacity 992K, committed 1024K, reserved 1048576K
Event: 654.043 GC heap after
Heap after GC invocations=367 (full 345):
 PSYoungGen      total 445952K, used 32516K [0x00000000d7300000, 0x0000000100000000, 0x0000000100000000)
  eden space 223232K, 14% used [0x00000000d7300000,0x00000000d92c11f8,0x00000000e4d00000)
  from space 222720K, 0% used [0x00000000f2680000,0x00000000f2680000,0x0000000100000000)
  to   space 222720K, 0% used [0x00000000e4d00000,0x00000000e4d00000,0x00000000f2680000)
 ParOldGen       total 1338368K, used 1338050K [0x0000000085800000, 0x00000000d7300000, 0x00000000d7300000)
  object space 1338368K, 99% used [0x0000000085800000,0x00000000d72b08c0,0x00000000d7300000)
 Metaspace       used 8368K, capacity 8592K, committed 8704K, reserved 1056768K
  class space    used 888K, capacity 992K, committed 1024K, reserved 1048576K
}
Event: 654.194 GC heap before
{Heap before GC invocations=368 (full 346):
 PSYoungGen      total 445952K, used 223232K [0x00000000d7300000, 0x0000000100000000, 0x0000000100000000)
  eden space 223232K, 100% used [0x00000000d7300000,0x00000000e4d00000,0x00000000e4d00000)
  from space 222720K, 0% used [0x00000000f2680000,0x00000000f2680000,0x0000000100000000)
  to   space 222720K, 0% used [0x00000000e4d00000,0x00000000e4d00000,0x00000000f2680000)
 ParOldGen       total 1338368K, used 1338050K [0x0000000085800000, 0x00000000d7300000, 0x00000000d7300000)
  object space 1338368K, 99% used [0x0000000085800000,0x00000000d72b08c0,0x00000000d7300000)
 Metaspace       used 8368K, capacity 8592K, committed 8704K, reserved 1056768K
  class space    used 888K, capacity 992K, committed 1024K, reserved 1048576K
Event: 656.083 GC heap after
Heap after GC invocations=368 (full 346):
 PSYoungGen      total 445952K, used 32516K [0x00000000d7300000, 0x0000000100000000, 0x0000000100000000)
  eden space 223232K, 14% used [0x00000000d7300000,0x00000000d92c1238,0x00000000e4d00000)
  from space 222720K, 0% used [0x00000000f2680000,0x00000000f2680000,0x0000000100000000)
  to   space 222720K, 0% used [0x00000000e4d00000,0x00000000e4d00000,0x00000000f2680000)
 ParOldGen       total 1338368K, used 1338050K [0x0000000085800000, 0x00000000d7300000, 0x00000000d7300000)
  object space 1338368K, 99% used [0x0000000085800000,0x00000000d72b08c0,0x00000000d7300000)
 Metaspace       used 8368K, capacity 8592K, committed 8704K, reserved 1056768K
  class space    used 888K, capacity 992K, committed 1024K, reserved 1048576K
}
Event: 656.292 GC heap before
{Heap before GC invocations=369 (full 347):
 PSYoungGen      total 445952K, used 223232K [0x00000000d7300000, 0x0000000100000000, 0x0000000100000000)
  eden space 223232K, 100% used [0x00000000d7300000,0x00000000e4d00000,0x00000000e4d00000)
  from space 222720K, 0% used [0x00000000f2680000,0x00000000f2680000,0x0000000100000000)
  to   space 222720K, 0% used [0x00000000e4d00000,0x00000000e4d00000,0x00000000f2680000)
 ParOldGen       total 1338368K, used 1338050K [0x0000000085800000, 0x00000000d7300000, 0x00000000d7300000)
  object space 1338368K, 99% used [0x0000000085800000,0x00000000d72b08c0,0x00000000d7300000)
 Metaspace       used 8368K, capacity 8592K, committed 8704K, reserved 1056768K
  class space    used 888K, capacity 992K, committed 1024K, reserved 1048576K
Event: 658.401 GC heap after
Heap after GC invocations=369 (full 347):
 PSYoungGen      total 445952K, used 32517K [0x00000000d7300000, 0x0000000100000000, 0x0000000100000000)
  eden space 223232K, 14% used [0x00000000d7300000,0x00000000d92c15b8,0x00000000e4d00000)
  from space 222720K, 0% used [0x00000000f2680000,0x00000000f2680000,0x0000000100000000)
  to   space 222720K, 0% used [0x00000000e4d00000,0x00000000e4d00000,0x00000000f2680000)
 ParOldGen       total 1338368K, used 1338050K [0x0000000085800000, 0x00000000d7300000, 0x00000000d7300000)
  object space 1338368K, 99% used [0x0000000085800000,0x00000000d72b08c0,0x00000000d7300000)
 Metaspace       used 8368K, capacity 8592K, committed 8704K, reserved 1056768K
  class space    used 888K, capacity 992K, committed 1024K, reserved 1048576K
}
Event: 658.573 GC heap before
{Heap before GC invocations=370 (full 348):
 PSYoungGen      total 445952K, used 223232K [0x00000000d7300000, 0x0000000100000000, 0x0000000100000000)
  eden space 223232K, 100% used [0x00000000d7300000,0x00000000e4d00000,0x00000000e4d00000)
  from space 222720K, 0% used [0x00000000f2680000,0x00000000f2680000,0x0000000100000000)
  to   space 222720K, 0% used [0x00000000e4d00000,0x00000000e4d00000,0x00000000f2680000)
 ParOldGen       total 1338368K, used 1338050K [0x0000000085800000, 0x00000000d7300000, 0x00000000d7300000)
  object space 1338368K, 99% used [0x0000000085800000,0x00000000d72b08c0,0x00000000d7300000)
 Metaspace       used 8368K, capacity 8592K, committed 8704K, reserved 1056768K
  class space    used 888K, capacity 992K, committed 1024K, reserved 1048576K

Deoptimization events (10 events):
Event: 88.370 Thread 0x00007f2e2c00c800 Uncommon trap: reason=bimorphic action=maybe_recompile pc=0x00007f2e1ce750c8 method=java.util.regex.Pattern$SliceI.match(Ljava/util/regex/Matcher;ILjava/lang/CharSequence;)Z @ 92
Event: 88.374 Thread 0x00007f2e2c00c800 Uncommon trap: reason=bimorphic action=maybe_recompile pc=0x00007f2e1ce8163c method=java.util.regex.Pattern$Branch.match(Ljava/util/regex/Matcher;ILjava/lang/CharSequence;)Z @ 32
Event: 112.950 Thread 0x00007f2e2c00c800 Uncommon trap: reason=unstable_if action=reinterpret pc=0x00007f2e1cf59d84 method=java.util.HashMap.getNode(ILjava/lang/Object;)Ljava/util/HashMap$Node; @ 129
Event: 115.730 Thread 0x00007f2e2c00c800 Uncommon trap: reason=unstable_if action=reinterpret pc=0x00007f2e1cef435c method=com.shatam.utils.U.toTitleCase(Ljava/lang/String;)Ljava/lang/String; @ 163
Event: 115.739 Thread 0x00007f2e2c00c800 Uncommon trap: reason=bimorphic action=maybe_recompile pc=0x00007f2e1ce8163c method=java.util.regex.Pattern$Branch.match(Ljava/util/regex/Matcher;ILjava/lang/CharSequence;)Z @ 32
Event: 115.739 Thread 0x00007f2e2c00c800 Uncommon trap: reason=bimorphic action=maybe_recompile pc=0x00007f2e1ce8163c method=java.util.regex.Pattern$Branch.match(Ljava/util/regex/Matcher;ILjava/lang/CharSequence;)Z @ 32
Event: 121.299 Thread 0x00007f2e2c00c800 Uncommon trap: reason=bimorphic action=maybe_recompile pc=0x00007f2e1cdfdae0 method=java.util.regex.Pattern$Curly.match0(Ljava/util/regex/Matcher;IILjava/lang/CharSequence;)Z @ 141
Event: 227.722 Thread 0x00007f2e2c00c800 Uncommon trap: reason=unstable_if action=reinterpret pc=0x00007f2e1cf82a08 method=com.chinmay.test.CompareAddNumbersToAdd.processRecords()V @ 459
Event: 343.246 Thread 0x00007f2e2c00c800 Uncommon trap: reason=bimorphic action=maybe_recompile pc=0x00007f2e1cedafe0 method=java.util.regex.Pattern$BnM.match(Ljava/util/regex/Matcher;ILjava/lang/CharSequence;)Z @ 111
Event: 429.834 Thread 0x00007f2e2c00c800 Uncommon trap: reason=bimorphic action=maybe_recompile pc=0x00007f2e1cedafe0 method=java.util.regex.Pattern$BnM.match(Ljava/util/regex/Matcher;ILjava/lang/CharSequence;)Z @ 111

Classes redefined (0 events):
No events

Internal exceptions (8 events):
Event: 0.034 Thread 0x00007f2e2c00c800 Exception <a 'java/lang/NoSuchMethodError': Method sun.misc.Unsafe.defineClass(Ljava/lang/String;[BII)Ljava/lang/Class; name or signature does not match> (0x00000000d7307cb0) thrown at [/HUDSON/workspace/8-2-build-linux-amd64/jdk8u211/12973/hotspot/src/sh
Event: 0.034 Thread 0x00007f2e2c00c800 Exception <a 'java/lang/NoSuchMethodError': Method sun.misc.Unsafe.prefetchRead(Ljava/lang/Object;J)V name or signature does not match> (0x00000000d7307f98) thrown at [/HUDSON/workspace/8-2-build-linux-amd64/jdk8u211/12973/hotspot/src/share/vm/prims/jni.c
Event: 0.196 Thread 0x00007f2e2c00c800 Exception <a 'java/lang/NoSuchFieldError': method resolution failed> (0x00000000d75e41f8) thrown at [/HUDSON/workspace/8-2-build-linux-amd64/jdk8u211/12973/hotspot/src/share/vm/prims/methodHandles.cpp, line 1167]
Event: 0.198 Thread 0x00007f2e2c00c800 Exception <a 'java/lang/NoSuchFieldError': method resolution failed> (0x00000000d75f15f8) thrown at [/HUDSON/workspace/8-2-build-linux-amd64/jdk8u211/12973/hotspot/src/share/vm/prims/methodHandles.cpp, line 1167]
Event: 0.269 Thread 0x00007f2e2c00c800 Exception <a 'java/security/PrivilegedActionException'> (0x00000000d78e09d0) thrown at [/HUDSON/workspace/8-2-build-linux-amd64/jdk8u211/12973/hotspot/src/share/vm/prims/jvm.cpp, line 1502]
Event: 0.269 Thread 0x00007f2e2c00c800 Exception <a 'java/security/PrivilegedActionException'> (0x00000000d78e0dc8) thrown at [/HUDSON/workspace/8-2-build-linux-amd64/jdk8u211/12973/hotspot/src/share/vm/prims/jvm.cpp, line 1502]
Event: 0.269 Thread 0x00007f2e2c00c800 Exception <a 'java/security/PrivilegedActionException'> (0x00000000d78e3400) thrown at [/HUDSON/workspace/8-2-build-linux-amd64/jdk8u211/12973/hotspot/src/share/vm/prims/jvm.cpp, line 1502]
Event: 0.269 Thread 0x00007f2e2c00c800 Exception <a 'java/security/PrivilegedActionException'> (0x00000000d78e37f8) thrown at [/HUDSON/workspace/8-2-build-linux-amd64/jdk8u211/12973/hotspot/src/share/vm/prims/jvm.cpp, line 1502]

Events (10 events):
Event: 650.004 Executing VM operation: ParallelGCFailedAllocation done
Event: 650.168 Executing VM operation: ParallelGCFailedAllocation
Event: 652.200 Executing VM operation: ParallelGCFailedAllocation done
Event: 652.366 Executing VM operation: ParallelGCFailedAllocation
Event: 654.043 Executing VM operation: ParallelGCFailedAllocation done
Event: 654.194 Executing VM operation: ParallelGCFailedAllocation
Event: 656.083 Executing VM operation: ParallelGCFailedAllocation done
Event: 656.292 Executing VM operation: ParallelGCFailedAllocation
Event: 658.401 Executing VM operation: ParallelGCFailedAllocation done
Event: 658.573 Executing VM operation: ParallelGCFailedAllocation


Dynamic libraries:
00400000-00401000 r-xp 00000000 08:01 29492542                           /opt/jdk/jdk1.8.0_211/bin/java
00600000-00601000 r--p 00000000 08:01 29492542                           /opt/jdk/jdk1.8.0_211/bin/java
00601000-00602000 rw-p 00001000 08:01 29492542                           /opt/jdk/jdk1.8.0_211/bin/java
019df000-01a00000 rw-p 00000000 00:00 0                                  [heap]
85800000-d7300000 rw-p 00000000 00:00 0 
d7300000-100000000 rw-p 00000000 00:00 0 
100000000-100100000 rw-p 00000000 00:00 0 
100100000-140000000 ---p 00000000 00:00 0 
7f2ddc000000-7f2ddc021000 rw-p 00000000 00:00 0 
7f2ddc021000-7f2de0000000 ---p 00000000 00:00 0 
7f2de0fff000-7f2de4000000 rw-p 00000000 00:00 0 
7f2de4000000-7f2de444b000 rw-p 00000000 00:00 0 
7f2de444b000-7f2de8000000 ---p 00000000 00:00 0 
7f2de8000000-7f2de8021000 rw-p 00000000 00:00 0 
7f2de8021000-7f2dec000000 ---p 00000000 00:00 0 
7f2dec000000-7f2dece5c000 rw-p 00000000 00:00 0 
7f2dece5c000-7f2df0000000 ---p 00000000 00:00 0 
7f2df0000000-7f2df1142000 rw-p 00000000 00:00 0 
7f2df1142000-7f2df4000000 ---p 00000000 00:00 0 
7f2df4000000-7f2df4021000 rw-p 00000000 00:00 0 
7f2df4021000-7f2df8000000 ---p 00000000 00:00 0 
7f2df8000000-7f2df8021000 rw-p 00000000 00:00 0 
7f2df8021000-7f2dfc000000 ---p 00000000 00:00 0 
7f2dfc000000-7f2dfc021000 rw-p 00000000 00:00 0 
7f2dfc021000-7f2e00000000 ---p 00000000 00:00 0 
7f2e00000000-7f2e00021000 rw-p 00000000 00:00 0 
7f2e00021000-7f2e04000000 ---p 00000000 00:00 0 
7f2e04000000-7f2e04021000 rw-p 00000000 00:00 0 
7f2e04021000-7f2e08000000 ---p 00000000 00:00 0 
7f2e08000000-7f2e08021000 rw-p 00000000 00:00 0 
7f2e08021000-7f2e0c000000 ---p 00000000 00:00 0 
7f2e0c000000-7f2e0c021000 rw-p 00000000 00:00 0 
7f2e0c021000-7f2e10000000 ---p 00000000 00:00 0 
7f2e102c0000-7f2e14000000 rw-p 00000000 00:00 0 
7f2e14000000-7f2e142a3000 rw-p 00000000 00:00 0 
7f2e142a3000-7f2e18000000 ---p 00000000 00:00 0 
7f2e18838000-7f2e1884f000 r-xp 00000000 08:01 19270809                   /lib/x86_64-linux-gnu/libgcc_s.so.1
7f2e1884f000-7f2e18a4e000 ---p 00017000 08:01 19270809                   /lib/x86_64-linux-gnu/libgcc_s.so.1
7f2e18a4e000-7f2e18a4f000 r--p 00016000 08:01 19270809                   /lib/x86_64-linux-gnu/libgcc_s.so.1
7f2e18a4f000-7f2e18a50000 rw-p 00017000 08:01 19270809                   /lib/x86_64-linux-gnu/libgcc_s.so.1
7f2e18a75000-7f2e18aad000 r-xp 00000000 08:01 29492859                   /opt/jdk/jdk1.8.0_211/jre/lib/amd64/libsunec.so
7f2e18aad000-7f2e18cac000 ---p 00038000 08:01 29492859                   /opt/jdk/jdk1.8.0_211/jre/lib/amd64/libsunec.so
7f2e18cac000-7f2e18cb1000 r--p 00037000 08:01 29492859                   /opt/jdk/jdk1.8.0_211/jre/lib/amd64/libsunec.so
7f2e18cb1000-7f2e18cb3000 rw-p 0003c000 08:01 29492859                   /opt/jdk/jdk1.8.0_211/jre/lib/amd64/libsunec.so
7f2e18cb3000-7f2e18cc9000 r-xp 00000000 08:01 29492852                   /opt/jdk/jdk1.8.0_211/jre/lib/amd64/libnet.so
7f2e18cc9000-7f2e18ec8000 ---p 00016000 08:01 29492852                   /opt/jdk/jdk1.8.0_211/jre/lib/amd64/libnet.so
7f2e18ec8000-7f2e18ec9000 r--p 00015000 08:01 29492852                   /opt/jdk/jdk1.8.0_211/jre/lib/amd64/libnet.so
7f2e18ec9000-7f2e18eca000 rw-p 00016000 08:01 29492852                   /opt/jdk/jdk1.8.0_211/jre/lib/amd64/libnet.so
7f2e18eca000-7f2e18edb000 r-xp 00000000 08:01 29492912                   /opt/jdk/jdk1.8.0_211/jre/lib/amd64/libnio.so
7f2e18edb000-7f2e190da000 ---p 00011000 08:01 29492912                   /opt/jdk/jdk1.8.0_211/jre/lib/amd64/libnio.so
7f2e190da000-7f2e190db000 r--p 00010000 08:01 29492912                   /opt/jdk/jdk1.8.0_211/jre/lib/amd64/libnio.so
7f2e190db000-7f2e190dc000 rw-p 00011000 08:01 29492912                   /opt/jdk/jdk1.8.0_211/jre/lib/amd64/libnio.so
7f2e190dc000-7f2e190de000 r--s 00009000 08:01 29492797                   /opt/jdk/jdk1.8.0_211/jre/lib/ext/sunec.jar
7f2e190de000-7f2e190e2000 r--s 0003b000 08:01 29492805                   /opt/jdk/jdk1.8.0_211/jre/lib/ext/sunpkcs11.jar
7f2e190e2000-7f2e190e5000 r--s 0001a000 08:01 29492691                   /opt/jdk/jdk1.8.0_211/jre/lib/jce.jar
7f2e190e5000-7f2e190ea000 r--s 000a3000 08:01 29492810                   /opt/jdk/jdk1.8.0_211/jre/lib/jsse.jar
7f2e190ea000-7f2e1911f000 rw-p 00000000 00:00 0 
7f2e1911f000-7f2e19265000 r--s 01421000 08:01 23858243                   /home/chinmay/eclipse-workspace/MexicoDataProcess/jars/selenium-server-standalone-3.5.3.jar
7f2e19265000-7f2e1926e000 r--s 0006f000 08:01 23858256                   /home/chinmay/eclipse-workspace/MexicoDataProcess/jars/log4j-1.2.17.jar
7f2e1926e000-7f2e19276000 r--s 00048000 08:01 23858228                   /home/chinmay/eclipse-workspace/MexicoDataProcess/jars/httpcore-4.4.6.jar
7f2e19276000-7f2e19283000 r--s 000aa000 08:01 23858253                   /home/chinmay/eclipse-workspace/MexicoDataProcess/jars/httpclient-4.5.3.jar
7f2e19283000-7f2e19285000 r--s 00007000 08:01 23858237                   /home/chinmay/eclipse-workspace/MexicoDataProcess/jars/fuzzywuzzy/fuzzywuzzy-1.1.9.jar
7f2e19285000-7f2e19289000 r--s 0002a000 08:01 24248414                   /home/chinmay/eclipse-workspace/MexicoDataProcess/jars/validator/commons-validator-1.6.jar
7f2e19289000-7f2e1928b000 r--s 0000d000 08:01 23858250                   /home/chinmay/eclipse-workspace/MexicoDataProcess/jars/SuperCSV-1.52.jar
7f2e1928b000-7f2e19290000 r--s 00659000 08:01 23858245                   /home/chinmay/eclipse-workspace/MexicoDataProcess/jars/sqlite-jdbc-3.21.0.jar
7f2e19290000-7f2e19298000 r--s 00098000 08:01 23858226                   /home/chinmay/eclipse-workspace/MexicoDataProcess/jars/javax.mail-1.6.1.jar
7f2e19298000-7f2e1929d000 r--s 0002a000 08:01 23858225                   /home/chinmay/eclipse-workspace/MexicoDataProcess/jars/gson-2.2.2.jar
7f2e1929d000-7f2e192a5000 r--s 00072000 08:01 23858244                   /home/chinmay/eclipse-workspace/MexicoDataProcess/jars/commons-lang3-3.7.jar
7f2e192a5000-7f2e192a6000 ---p 00000000 00:00 0 
7f2e192a6000-7f2e193a6000 rw-p 00000000 00:00 0 
7f2e193a6000-7f2e193a9000 ---p 00000000 00:00 0 
7f2e193a9000-7f2e194a7000 rw-p 00000000 00:00 0 
7f2e194a7000-7f2e194a8000 ---p 00000000 00:00 0 
7f2e194a8000-7f2e194ab000 ---p 00000000 00:00 0 
7f2e194ab000-7f2e195a8000 rw-p 00000000 00:00 0 
7f2e195a8000-7f2e195a9000 ---p 00000000 00:00 0 
7f2e195a9000-7f2e195ac000 ---p 00000000 00:00 0 
7f2e195ac000-7f2e196a9000 rw-p 00000000 00:00 0 
7f2e196a9000-7f2e196aa000 ---p 00000000 00:00 0 
7f2e196aa000-7f2e196ad000 ---p 00000000 00:00 0 
7f2e196ad000-7f2e197aa000 rw-p 00000000 00:00 0 
7f2e197aa000-7f2e197ad000 ---p 00000000 00:00 0 
7f2e197ad000-7f2e198ab000 rw-p 00000000 00:00 0 
7f2e198ab000-7f2e19b89000 r--p 00000000 08:01 15335669                   /usr/lib/locale/locale-archive
7f2e19b89000-7f2e19b8c000 ---p 00000000 00:00 0 
7f2e19b8c000-7f2e19c8a000 rw-p 00000000 00:00 0 
7f2e19c8a000-7f2e19c8d000 ---p 00000000 00:00 0 
7f2e19c8d000-7f2e19d8b000 rw-p 00000000 00:00 0 
7f2e19d8b000-7f2e19d8c000 ---p 00000000 00:00 0 
7f2e19d8c000-7f2e1ae6e000 rw-p 00000000 00:00 0 
7f2e1ae6e000-7f2e1b048000 r--s 03d6d000 08:01 29492601                   /opt/jdk/jdk1.8.0_211/jre/lib/rt.jar
7f2e1b048000-7f2e1b83e000 rw-p 00000000 00:00 0 
7f2e1b83e000-7f2e1b8be000 ---p 00000000 00:00 0 
7f2e1b8be000-7f2e1bc92000 rw-p 00000000 00:00 0 
7f2e1bc92000-7f2e1bc93000 ---p 00000000 00:00 0 
7f2e1bc93000-7f2e1bd93000 rw-p 00000000 00:00 0 
7f2e1bd93000-7f2e1bd94000 ---p 00000000 00:00 0 
7f2e1bd94000-7f2e1be94000 rw-p 00000000 00:00 0 
7f2e1be94000-7f2e1be95000 ---p 00000000 00:00 0 
7f2e1be95000-7f2e1c223000 rw-p 00000000 00:00 0 
7f2e1c223000-7f2e1c4b0000 rw-p 00000000 00:00 0 
7f2e1c4b0000-7f2e1c5f7000 rw-p 00000000 00:00 0 
7f2e1c5f7000-7f2e1c611000 rw-p 00000000 00:00 0 
7f2e1c611000-7f2e1c9b8000 ---p 00000000 00:00 0 
7f2e1c9b8000-7f2e1cfc8000 rwxp 00000000 00:00 0 
7f2e1cfc8000-7f2e2b9b8000 ---p 00000000 00:00 0 
7f2e2b9b8000-7f2e2b9d3000 r-xp 00000000 08:01 29492875                   /opt/jdk/jdk1.8.0_211/jre/lib/amd64/libzip.so
7f2e2b9d3000-7f2e2bbd2000 ---p 0001b000 08:01 29492875                   /opt/jdk/jdk1.8.0_211/jre/lib/amd64/libzip.so
7f2e2bbd2000-7f2e2bbd3000 r--p 0001a000 08:01 29492875                   /opt/jdk/jdk1.8.0_211/jre/lib/amd64/libzip.so
7f2e2bbd3000-7f2e2bbd4000 rw-p 0001b000 08:01 29492875                   /opt/jdk/jdk1.8.0_211/jre/lib/amd64/libzip.so
7f2e2bbd4000-7f2e2bbdf000 r-xp 00000000 08:01 19268294                   /lib/x86_64-linux-gnu/libnss_files-2.27.so
7f2e2bbdf000-7f2e2bdde000 ---p 0000b000 08:01 19268294                   /lib/x86_64-linux-gnu/libnss_files-2.27.so
7f2e2bdde000-7f2e2bddf000 r--p 0000a000 08:01 19268294                   /lib/x86_64-linux-gnu/libnss_files-2.27.so
7f2e2bddf000-7f2e2bde0000 rw-p 0000b000 08:01 19268294                   /lib/x86_64-linux-gnu/libnss_files-2.27.so
7f2e2bde0000-7f2e2bde6000 rw-p 00000000 00:00 0 
7f2e2bde6000-7f2e2bdfd000 r-xp 00000000 08:01 19268291                   /lib/x86_64-linux-gnu/libnsl-2.27.so
7f2e2bdfd000-7f2e2bffc000 ---p 00017000 08:01 19268291                   /lib/x86_64-linux-gnu/libnsl-2.27.so
7f2e2bffc000-7f2e2bffd000 r--p 00016000 08:01 19268291                   /lib/x86_64-linux-gnu/libnsl-2.27.so
7f2e2bffd000-7f2e2bffe000 rw-p 00017000 08:01 19268291                   /lib/x86_64-linux-gnu/libnsl-2.27.so
7f2e2bffe000-7f2e2c000000 rw-p 00000000 00:00 0 
7f2e2c000000-7f2e2c5d1000 rw-p 00000000 00:00 0 
7f2e2c5d1000-7f2e30000000 ---p 00000000 00:00 0 
7f2e30000000-7f2e30003000 r--s 00017000 08:01 23858254                   /home/chinmay/eclipse-workspace/MexicoDataProcess/jars/opencsv-4.0.jar
7f2e30003000-7f2e30005000 r--s 0000e000 08:01 23858249                   /home/chinmay/eclipse-workspace/MexicoDataProcess/jars/commons-logging-1.2.jar
7f2e30005000-7f2e30009000 r--s 0002f000 08:01 23858239                   /home/chinmay/eclipse-workspace/MexicoDataProcess/jars/commons-io-2.5.jar
7f2e30009000-7f2e30017000 r--s 0007f000 08:01 23858255                   /home/chinmay/eclipse-workspace/MexicoDataProcess/jars/commons-collections-3.2.1.jar
7f2e30017000-7f2e3001e000 r--s 0004b000 08:01 23858248                   /home/chinmay/eclipse-workspace/MexicoDataProcess/jars/commons-codec-1.11.jar
7f2e3001e000-7f2e3001f000 ---p 00000000 00:00 0 
7f2e3001f000-7f2e3011f000 rw-p 00000000 00:00 0 
7f2e3011f000-7f2e3012a000 r-xp 00000000 08:01 19268296                   /lib/x86_64-linux-gnu/libnss_nis-2.27.so
7f2e3012a000-7f2e30329000 ---p 0000b000 08:01 19268296                   /lib/x86_64-linux-gnu/libnss_nis-2.27.so
7f2e30329000-7f2e3032a000 r--p 0000a000 08:01 19268296                   /lib/x86_64-linux-gnu/libnss_nis-2.27.so
7f2e3032a000-7f2e3032b000 rw-p 0000b000 08:01 19268296                   /lib/x86_64-linux-gnu/libnss_nis-2.27.so
7f2e3032b000-7f2e30333000 r-xp 00000000 08:01 19268292                   /lib/x86_64-linux-gnu/libnss_compat-2.27.so
7f2e30333000-7f2e30533000 ---p 00008000 08:01 19268292                   /lib/x86_64-linux-gnu/libnss_compat-2.27.so
7f2e30533000-7f2e30534000 r--p 00008000 08:01 19268292                   /lib/x86_64-linux-gnu/libnss_compat-2.27.so
7f2e30534000-7f2e30535000 rw-p 00009000 08:01 19268292                   /lib/x86_64-linux-gnu/libnss_compat-2.27.so
7f2e30535000-7f2e30561000 r-xp 00000000 08:01 29492866                   /opt/jdk/jdk1.8.0_211/jre/lib/amd64/libjava.so
7f2e30561000-7f2e30761000 ---p 0002c000 08:01 29492866                   /opt/jdk/jdk1.8.0_211/jre/lib/amd64/libjava.so
7f2e30761000-7f2e30762000 r--p 0002c000 08:01 29492866                   /opt/jdk/jdk1.8.0_211/jre/lib/amd64/libjava.so
7f2e30762000-7f2e30764000 rw-p 0002d000 08:01 29492866                   /opt/jdk/jdk1.8.0_211/jre/lib/amd64/libjava.so
7f2e30764000-7f2e30771000 r-xp 00000000 08:01 29492857                   /opt/jdk/jdk1.8.0_211/jre/lib/amd64/libverify.so
7f2e30771000-7f2e30970000 ---p 0000d000 08:01 29492857                   /opt/jdk/jdk1.8.0_211/jre/lib/amd64/libverify.so
7f2e30970000-7f2e30972000 r--p 0000c000 08:01 29492857                   /opt/jdk/jdk1.8.0_211/jre/lib/amd64/libverify.so
7f2e30972000-7f2e30973000 rw-p 0000e000 08:01 29492857                   /opt/jdk/jdk1.8.0_211/jre/lib/amd64/libverify.so
7f2e30973000-7f2e3097a000 r-xp 00000000 08:01 19268301                   /lib/x86_64-linux-gnu/librt-2.27.so
7f2e3097a000-7f2e30b79000 ---p 00007000 08:01 19268301                   /lib/x86_64-linux-gnu/librt-2.27.so
7f2e30b79000-7f2e30b7a000 r--p 00006000 08:01 19268301                   /lib/x86_64-linux-gnu/librt-2.27.so
7f2e30b7a000-7f2e30b7b000 rw-p 00007000 08:01 19268301                   /lib/x86_64-linux-gnu/librt-2.27.so
7f2e30b7b000-7f2e30d18000 r-xp 00000000 08:01 19268288                   /lib/x86_64-linux-gnu/libm-2.27.so
7f2e30d18000-7f2e30f17000 ---p 0019d000 08:01 19268288                   /lib/x86_64-linux-gnu/libm-2.27.so
7f2e30f17000-7f2e30f18000 r--p 0019c000 08:01 19268288                   /lib/x86_64-linux-gnu/libm-2.27.so
7f2e30f18000-7f2e30f19000 rw-p 0019d000 08:01 19268288                   /lib/x86_64-linux-gnu/libm-2.27.so
7f2e30f19000-7f2e31c01000 r-xp 00000000 08:01 29492873                   /opt/jdk/jdk1.8.0_211/jre/lib/amd64/server/libjvm.so
7f2e31c01000-7f2e31e00000 ---p 00ce8000 08:01 29492873                   /opt/jdk/jdk1.8.0_211/jre/lib/amd64/server/libjvm.so
7f2e31e00000-7f2e31e96000 r--p 00ce7000 08:01 29492873                   /opt/jdk/jdk1.8.0_211/jre/lib/amd64/server/libjvm.so
7f2e31e96000-7f2e31ec7000 rw-p 00d7d000 08:01 29492873                   /opt/jdk/jdk1.8.0_211/jre/lib/amd64/server/libjvm.so
7f2e31ec7000-7f2e31f02000 rw-p 00000000 00:00 0 
7f2e31f02000-7f2e320e9000 r-xp 00000000 08:01 19268284                   /lib/x86_64-linux-gnu/libc-2.27.so
7f2e320e9000-7f2e322e9000 ---p 001e7000 08:01 19268284                   /lib/x86_64-linux-gnu/libc-2.27.so
7f2e322e9000-7f2e322ed000 r--p 001e7000 08:01 19268284                   /lib/x86_64-linux-gnu/libc-2.27.so
7f2e322ed000-7f2e322ef000 rw-p 001eb000 08:01 19268284                   /lib/x86_64-linux-gnu/libc-2.27.so
7f2e322ef000-7f2e322f3000 rw-p 00000000 00:00 0 
7f2e322f3000-7f2e322f6000 r-xp 00000000 08:01 19268287                   /lib/x86_64-linux-gnu/libdl-2.27.so
7f2e322f6000-7f2e324f5000 ---p 00003000 08:01 19268287                   /lib/x86_64-linux-gnu/libdl-2.27.so
7f2e324f5000-7f2e324f6000 r--p 00002000 08:01 19268287                   /lib/x86_64-linux-gnu/libdl-2.27.so
7f2e324f6000-7f2e324f7000 rw-p 00003000 08:01 19268287                   /lib/x86_64-linux-gnu/libdl-2.27.so
7f2e324f7000-7f2e3250e000 r-xp 00000000 08:01 29491852                   /opt/jdk/jdk1.8.0_211/lib/amd64/jli/libjli.so
7f2e3250e000-7f2e3270d000 ---p 00017000 08:01 29491852                   /opt/jdk/jdk1.8.0_211/lib/amd64/jli/libjli.so
7f2e3270d000-7f2e3270e000 r--p 00016000 08:01 29491852                   /opt/jdk/jdk1.8.0_211/lib/amd64/jli/libjli.so
7f2e3270e000-7f2e3270f000 rw-p 00017000 08:01 29491852                   /opt/jdk/jdk1.8.0_211/lib/amd64/jli/libjli.so
7f2e3270f000-7f2e32729000 r-xp 00000000 08:01 19268299                   /lib/x86_64-linux-gnu/libpthread-2.27.so
7f2e32729000-7f2e32928000 ---p 0001a000 08:01 19268299                   /lib/x86_64-linux-gnu/libpthread-2.27.so
7f2e32928000-7f2e32929000 r--p 00019000 08:01 19268299                   /lib/x86_64-linux-gnu/libpthread-2.27.so
7f2e32929000-7f2e3292a000 rw-p 0001a000 08:01 19268299                   /lib/x86_64-linux-gnu/libpthread-2.27.so
7f2e3292a000-7f2e3292e000 rw-p 00000000 00:00 0 
7f2e3292e000-7f2e32957000 r-xp 00000000 08:01 19268280                   /lib/x86_64-linux-gnu/ld-2.27.so
7f2e32957000-7f2e32958000 r--s 00005000 08:01 23858252                   /home/chinmay/eclipse-workspace/MexicoDataProcess/jars/json-simple-1.1.1.jar
7f2e32958000-7f2e3295d000 r--s 00084000 08:01 29492788                   /opt/jdk/jdk1.8.0_211/jre/lib/jfr.jar
7f2e3295d000-7f2e32962000 r--s 002f9000 08:01 29492600                   /opt/jdk/jdk1.8.0_211/jre/lib/charsets.jar
7f2e32962000-7f2e32a2d000 rw-p 00000000 00:00 0 
7f2e32a2d000-7f2e32a2e000 ---p 00000000 00:00 0 
7f2e32a2e000-7f2e32a31000 ---p 00000000 00:00 0 
7f2e32a31000-7f2e32b32000 rw-p 00000000 00:00 0 
7f2e32b32000-7f2e32b35000 r--s 0001a000 08:01 29492691                   /opt/jdk/jdk1.8.0_211/jre/lib/jce.jar
7f2e32b35000-7f2e32b3a000 r--s 000a3000 08:01 29492810                   /opt/jdk/jdk1.8.0_211/jre/lib/jsse.jar
7f2e32b3a000-7f2e32b4d000 r--s 00345000 08:01 29492723                   /opt/jdk/jdk1.8.0_211/jre/lib/resources.jar
7f2e32b4d000-7f2e32b55000 rw-s 00000000 08:01 19922991                   /tmp/hsperfdata_chinmay/7596
7f2e32b55000-7f2e32b56000 rw-p 00000000 00:00 0 
7f2e32b56000-7f2e32b57000 ---p 00000000 00:00 0 
7f2e32b57000-7f2e32b58000 r--p 00029000 08:01 19268280                   /lib/x86_64-linux-gnu/ld-2.27.so
7f2e32b58000-7f2e32b59000 rw-p 0002a000 08:01 19268280                   /lib/x86_64-linux-gnu/ld-2.27.so
7f2e32b59000-7f2e32b5a000 rw-p 00000000 00:00 0 
7fffcb83a000-7fffcb85c000 rw-p 00000000 00:00 0                          [stack]
7fffcb9ac000-7fffcb9af000 r--p 00000000 00:00 0                          [vvar]
7fffcb9af000-7fffcb9b0000 r-xp 00000000 00:00 0                          [vdso]
ffffffffff600000-ffffffffff601000 --xp 00000000 00:00 0                  [vsyscall]

VM Arguments:
jvm_args: -Dfile.encoding=UTF-8 
java_command: com.chinmay.test.CompareAddNumbersToAdd
java_class_path (initial): /opt/jdk/jdk1.8.0_211/jre/lib/resources.jar:/opt/jdk/jdk1.8.0_211/jre/lib/rt.jar:/opt/jdk/jdk1.8.0_211/jre/lib/jsse.jar:/opt/jdk/jdk1.8.0_211/jre/lib/jce.jar:/opt/jdk/jdk1.8.0_211/jre/lib/charsets.jar:/opt/jdk/jdk1.8.0_211/jre/lib/jfr.jar:/opt/jdk/jdk1.8.0_211/jre/lib/ext/nashorn.jar:/opt/jdk/jdk1.8.0_211/jre/lib/ext/zipfs.jar:/opt/jdk/jdk1.8.0_211/jre/lib/ext/sunpkcs11.jar:/opt/jdk/jdk1.8.0_211/jre/lib/ext/localedata.jar:/opt/jdk/jdk1.8.0_211/jre/lib/ext/jfxrt.jar:/opt/jdk/jdk1.8.0_211/jre/lib/ext/cldrdata.jar:/opt/jdk/jdk1.8.0_211/jre/lib/ext/sunjce_provider.jar:/opt/jdk/jdk1.8.0_211/jre/lib/ext/dnsns.jar:/opt/jdk/jdk1.8.0_211/jre/lib/ext/sunec.jar:/opt/jdk/jdk1.8.0_211/jre/lib/ext/jaccess.jar:/home/chinmay/eclipse-workspace/MexicoDataProcess/bin:/home/chinmay/eclipse-workspace/MexicoDataProcess/jars/commons-codec-1.11.jar:/home/chinmay/eclipse-workspace/MexicoDataProcess/jars/commons-collections-3.2.1.jar:/home/chinmay/eclipse-workspace/MexicoDataProcess/jars/commons-io-2.5.jar:/home/chinmay/eclipse-workspace/MexicoDataProcess/jars/commons-lang3-3.7.jar:/home/chinmay/eclipse-workspace/MexicoDataProcess/jars/commons-logging-1.2.jar:/home/chinmay/eclipse-workspace/MexicoDataProcess/jars/gson-2.2.2.jar:/home/chinmay/eclipse-workspace/MexicoDataProcess/jars/javax.mail-1.6.1.jar:/home/chinmay/eclipse-workspace/MexicoDataProcess/jars/json-simple-1.1.1.jar:/home/chinmay/eclipse-workspace/MexicoDataProcess/jars/opencsv-4.0.jar:/home/chinmay/eclipse-workspace/MexicoDataProcess/jars/sqlite-jdbc-3.21.0.jar:/home/chinmay/eclipse-workspace/MexicoDataProcess/jars/SuperCSV-1.52.jar:/home/chinmay/eclipse-workspace/MexicoDataProcess/jars/validator/commons-validator-1.6.jar:/home/chinmay/eclipse-workspace/MexicoDataProcess/jars/fuzzywuzzy/fuzzywuzzy-1.1.9.jar:/home/chinmay/eclipse-workspace/MexicoDataProcess/jars/httpclient-4.5.3.jar:/home/chinmay/eclipse-workspace/MexicoDataProcess/jars/httpcore-4.4.6.jar:/home/chinmay/eclipse-workspace/MexicoDataProc
Launcher Type: SUN_STANDARD

Environment Variables:
PATH=/home/chinmay/bin:/usr/local/sbin:/usr/local/bin:/usr/sbin:/usr/bin:/sbin:/bin:/usr/games:/usr/local/games:/snap/bin
USERNAME=chinmay
SHELL=/bin/bash
DISPLAY=:0

Signal Handlers:
SIGSEGV: [libjvm.so+0xad3d90], sa_mask[0]=11111111011111111101111111111110, sa_flags=SA_RESTART|SA_SIGINFO
SIGBUS: [libjvm.so+0xad3d90], sa_mask[0]=11111111011111111101111111111110, sa_flags=SA_RESTART|SA_SIGINFO
SIGFPE: [libjvm.so+0x90b8b0], sa_mask[0]=11111111011111111101111111111110, sa_flags=SA_RESTART|SA_SIGINFO
SIGPIPE: [libjvm.so+0x90b8b0], sa_mask[0]=11111111011111111101111111111110, sa_flags=SA_RESTART|SA_SIGINFO
SIGXFSZ: [libjvm.so+0x90b8b0], sa_mask[0]=11111111011111111101111111111110, sa_flags=SA_RESTART|SA_SIGINFO
SIGILL: [libjvm.so+0x90b8b0], sa_mask[0]=11111111011111111101111111111110, sa_flags=SA_RESTART|SA_SIGINFO
SIGUSR1: SIG_DFL, sa_mask[0]=00000000000000000000000000000000, sa_flags=none
SIGUSR2: [libjvm.so+0x90b780], sa_mask[0]=00100000000000000000000000000000, sa_flags=SA_RESTART|SA_SIGINFO
SIGHUP: [libjvm.so+0x90bda0], sa_mask[0]=11111111011111111101111111111110, sa_flags=SA_RESTART|SA_SIGINFO
SIGINT: [libjvm.so+0x90bda0], sa_mask[0]=11111111011111111101111111111110, sa_flags=SA_RESTART|SA_SIGINFO
SIGTERM: [libjvm.so+0x90bda0], sa_mask[0]=11111111011111111101111111111110, sa_flags=SA_RESTART|SA_SIGINFO
SIGQUIT: [libjvm.so+0x90bda0], sa_mask[0]=11111111011111111101111111111110, sa_flags=SA_RESTART|SA_SIGINFO


---------------  S Y S T E M  ---------------

OS:DISTRIB_ID=Ubuntu
DISTRIB_RELEASE=18.04
DISTRIB_CODENAME=bionic
DISTRIB_DESCRIPTION="Ubuntu 18.04.5 LTS"

uname:Linux 5.4.0-77-generic #86~18.04.1-Ubuntu SMP Fri Jun 18 01:23:22 UTC 2021 x86_64
libc:glibc 2.27 NPTL 2.27 
rlimit: STACK 8192k, CORE 0k, NPROC 31048, NOFILE 1048576, AS infinity
load average:4.32 3.61 2.28

/proc/meminfo:
MemTotal:        8022240 kB
MemFree:          133588 kB
MemAvailable:    1248884 kB
Buffers:          125804 kB
Cached:          2218780 kB
SwapCached:          588 kB
Active:          5940364 kB
Inactive:        1460016 kB
Active(anon):    5152500 kB
Inactive(anon):   959080 kB
Active(file):     787864 kB
Inactive(file):   500936 kB
Unevictable:      101924 kB
Mlocked:             304 kB
SwapTotal:       2097148 kB
SwapFree:        2087164 kB
Dirty:               900 kB
Writeback:             0 kB
AnonPages:       5157328 kB
Mapped:          1168416 kB
Shmem:           1057944 kB
KReclaimable:      91512 kB
Slab:             229924 kB
SReclaimable:      91512 kB
SUnreclaim:       138412 kB
KernelStack:       18544 kB
PageTables:        84248 kB
NFS_Unstable:          0 kB
Bounce:                0 kB
WritebackTmp:          0 kB
CommitLimit:     6108268 kB
Committed_AS:   15617296 kB
VmallocTotal:   34359738367 kB
VmallocUsed:       32460 kB
VmallocChunk:          0 kB
Percpu:             3248 kB
HardwareCorrupted:     0 kB
AnonHugePages:         0 kB
ShmemHugePages:        0 kB
ShmemPmdMapped:        0 kB
FileHugePages:         0 kB
FilePmdMapped:         0 kB
CmaTotal:              0 kB
CmaFree:               0 kB
HugePages_Total:       0
HugePages_Free:        0
HugePages_Rsvd:        0
HugePages_Surp:        0
Hugepagesize:       2048 kB
Hugetlb:               0 kB
DirectMap4k:      354732 kB
DirectMap2M:     7903232 kB
DirectMap1G:     1048576 kB

container (cgroup) information:
container_type: cgroupv1
cpu_cpuset_cpus: 0-3
cpu_memory_nodes: 0
active_processor_count: 4
cpu_quota: -1
cpu_period: 100000
cpu_shares: -1
memory_limit_in_bytes: -1
memory_and_swap_limit_in_bytes: -2
memory_soft_limit_in_bytes: -1
memory_usage_in_bytes: 6918250496
memory_max_usage_in_bytes: 6960148480


CPU:total 4 (initial active 4) (2 cores per cpu, 2 threads per core) family 6 model 60 stepping 3, cmov, cx8, fxsr, mmx, sse, sse2, sse3, ssse3, sse4.1, sse4.2, popcnt, avx, avx2, aes, clmul, erms, lzcnt, ht, tsc, tscinvbit, bmi1, bmi2

/proc/cpuinfo:
processor	: 0
vendor_id	: GenuineIntel
cpu family	: 6
model		: 60
model name	: Intel(R) Core(TM) i3-4160 CPU @ 3.60GHz
stepping	: 3
microcode	: 0x28
cpu MHz		: 3591.927
cache size	: 3072 KB
physical id	: 0
siblings	: 4
core id		: 0
cpu cores	: 2
apicid		: 0
initial apicid	: 0
fpu		: yes
fpu_exception	: yes
cpuid level	: 13
wp		: yes
flags		: fpu vme de pse tsc msr pae mce cx8 apic sep mtrr pge mca cmov pat pse36 clflush dts acpi mmx fxsr sse sse2 ss ht tm pbe syscall nx pdpe1gb rdtscp lm constant_tsc arch_perfmon pebs bts rep_good nopl xtopology nonstop_tsc cpuid aperfmperf pni pclmulqdq dtes64 monitor ds_cpl vmx est tm2 ssse3 sdbg fma cx16 xtpr pdcm pcid sse4_1 sse4_2 movbe popcnt tsc_deadline_timer aes xsave avx f16c rdrand lahf_lm abm cpuid_fault epb invpcid_single pti ssbd ibrs ibpb stibp tpr_shadow vnmi flexpriority ept vpid ept_ad fsgsbase tsc_adjust bmi1 avx2 smep bmi2 erms invpcid xsaveopt dtherm arat pln pts md_clear flush_l1d
bugs		: cpu_meltdown spectre_v1 spectre_v2 spec_store_bypass l1tf mds swapgs itlb_multihit srbds
bogomips	: 7183.85
clflush size	: 64
cache_alignment	: 64
address sizes	: 39 bits physical, 48 bits virtual
power management:

processor	: 1
vendor_id	: GenuineIntel
cpu family	: 6
model		: 60
model name	: Intel(R) Core(TM) i3-4160 CPU @ 3.60GHz
stepping	: 3
microcode	: 0x28
cpu MHz		: 3591.928
cache size	: 3072 KB
physical id	: 0
siblings	: 4
core id		: 1
cpu cores	: 2
apicid		: 2
initial apicid	: 2
fpu		: yes
fpu_exception	: yes
cpuid level	: 13
wp		: yes
flags		: fpu vme de pse tsc msr pae mce cx8 apic sep mtrr pge mca cmov pat pse36 clflush dts acpi mmx fxsr sse sse2 ss ht tm pbe syscall nx pdpe1gb rdtscp lm constant_tsc arch_perfmon pebs bts rep_good nopl xtopology nonstop_tsc cpuid aperfmperf pni pclmulqdq dtes64 monitor ds_cpl vmx est tm2 ssse3 sdbg fma cx16 xtpr pdcm pcid sse4_1 sse4_2 movbe popcnt tsc_deadline_timer aes xsave avx f16c rdrand lahf_lm abm cpuid_fault epb invpcid_single pti ssbd ibrs ibpb stibp tpr_shadow vnmi flexpriority ept vpid ept_ad fsgsbase tsc_adjust bmi1 avx2 smep bmi2 erms invpcid xsaveopt dtherm arat pln pts md_clear flush_l1d
bugs		: cpu_meltdown spectre_v1 spectre_v2 spec_store_bypass l1tf mds swapgs itlb_multihit srbds
bogomips	: 7183.85
clflush size	: 64
cache_alignment	: 64
address sizes	: 39 bits physical, 48 bits virtual
power management:

processor	: 2
vendor_id	: GenuineIntel
cpu family	: 6
model		: 60
model name	: Intel(R) Core(TM) i3-4160 CPU @ 3.60GHz
stepping	: 3
microcode	: 0x28
cpu MHz		: 3591.926
cache size	: 3072 KB
physical id	: 0
siblings	: 4
core id		: 0
cpu cores	: 2
apicid		: 1
initial apicid	: 1
fpu		: yes
fpu_exception	: yes
cpuid level	: 13
wp		: yes
flags		: fpu vme de pse tsc msr pae mce cx8 apic sep mtrr pge mca cmov pat pse36 clflush dts acpi mmx fxsr sse sse2 ss ht tm pbe syscall nx pdpe1gb rdtscp lm constant_tsc arch_perfmon pebs bts rep_good nopl xtopology nonstop_tsc cpuid aperfmperf pni pclmulqdq dtes64 monitor ds_cpl vmx est tm2 ssse3 sdbg fma cx16 xtpr pdcm pcid sse4_1 sse4_2 movbe popcnt tsc_deadline_timer aes xsave avx f16c rdrand lahf_lm abm cpuid_fault epb invpcid_single pti ssbd ibrs ibpb stibp tpr_shadow vnmi flexpriority ept vpid ept_ad fsgsbase tsc_adjust bmi1 avx2 smep bmi2 erms invpcid xsaveopt dtherm arat pln pts md_clear flush_l1d
bugs		: cpu_meltdown spectre_v1 spectre_v2 spec_store_bypass l1tf mds swapgs itlb_multihit srbds
bogomips	: 7183.85
clflush size	: 64
cache_alignment	: 64
address sizes	: 39 bits physical, 48 bits virtual
power management:

processor	: 3
vendor_id	: GenuineIntel
cpu family	: 6
model		: 60
model name	: Intel(R) Core(TM) i3-4160 CPU @ 3.60GHz
stepping	: 3
microcode	: 0x28
cpu MHz		: 3591.926
cache size	: 3072 KB
physical id	: 0
siblings	: 4
core id		: 1
cpu cores	: 2
apicid		: 3
initial apicid	: 3
fpu		: yes
fpu_exception	: yes
cpuid level	: 13
wp		: yes
flags		: fpu vme de pse tsc msr pae mce cx8 apic sep mtrr pge mca cmov pat pse36 clflush dts acpi mmx fxsr sse sse2 ss ht tm pbe syscall nx pdpe1gb rdtscp lm constant_tsc arch_perfmon pebs bts rep_good nopl xtopology nonstop_tsc cpuid aperfmperf pni pclmulqdq dtes64 monitor ds_cpl vmx est tm2 ssse3 sdbg fma cx16 xtpr pdcm pcid sse4_1 sse4_2 movbe popcnt tsc_deadline_timer aes xsave avx f16c rdrand lahf_lm abm cpuid_fault epb invpcid_single pti ssbd ibrs ibpb stibp tpr_shadow vnmi flexpriority ept vpid ept_ad fsgsbase tsc_adjust bmi1 avx2 smep bmi2 erms invpcid xsaveopt dtherm arat pln pts md_clear flush_l1d
bugs		: cpu_meltdown spectre_v1 spectre_v2 spec_store_bypass l1tf mds swapgs itlb_multihit srbds
bogomips	: 7183.85
clflush size	: 64
cache_alignment	: 64
address sizes	: 39 bits physical, 48 bits virtual
power management:



Memory: 4k page, physical 8022240k(133588k free), swap 2097148k(2087164k free)

vm_info: Java HotSpot(TM) 64-Bit Server VM (25.211-b12) for linux-amd64 JRE (1.8.0_211-b12), built on Apr  1 2019 20:39:34 by "java_re" with gcc 7.3.0

time: Sat Jun 26 16:44:52 2021
timezone: IST
elapsed time: 658 seconds (0d 0h 10m 58s)

