#
# A fatal error has been detected by the Java Runtime Environment:
#
#  SIGSEGV (0xb) at pc=0x00007f540a8a7241, pid=7124, tid=0x00007f54082f8700
#
# JRE version: Java(TM) SE Runtime Environment (8.0_211-b12) (build 1.8.0_211-b12)
# Java VM: Java HotSpot(TM) 64-Bit Server VM (25.211-b12 mixed mode linux-amd64 compressed oops)
# Problematic frame:
# V  [libjvm.so+0x648241]  oopDesc::size_given_klass(Klass*)+0x1
#
# Failed to write core dump. Core dumps have been disabled. To enable core dumping, try "ulimit -c unlimited" before starting Java again
#
# If you would like to submit a bug report, please visit:
#   http://bugreport.java.com/bugreport/crash.jsp
#

---------------  T H R E A D  ---------------

Current thread (0x00007f5404024000):  GCTaskThread [stack: 0x00007f54081f9000,0x00007f54082f9000] [id=7132]

siginfo: si_signo: 11 (SIGSEGV), si_code: 1 (SEGV_MAPERR), si_addr: 0x0000000001900198

Registers:
RAX=0x00007f540b1f7da0, RBX=0x00007f5404077700, RCX=0x0000000000000003, RDX=0x0000000000267b88
RSP=0x00007f54082f7c10, RBP=0x00007f54082f7ca0, RSI=0x0000000001900190, RDI=0x00000000d27710e8
R8 =0x00007f540b22ad80, R9 =0x00000000d2771bfc, R10=0x0000000000000001, R11=0x0000000000000029
R12=0x0000000000000003, R13=0x00000000d2771b48, R14=0x00000000d27710e8, R15=0x00000000d2771b74
RIP=0x00007f540a8a7241, EFLAGS=0x0000000000010206, CSGSFS=0x002b000000000033, ERR=0x0000000000000004
  TRAPNO=0x000000000000000e

Top of Stack: (sp=0x00007f54082f7c10)
0x00007f54082f7c10:   00007f54082f7ca0 00007f540ab511fe
0x00007f54082f7c20:   00000000d3bd4540 0000000000000001
0x00007f54082f7c30:   00007f540b22ad80 0000000000000029
0x00007f54082f7c40:   00000000d2771bfc 0000000000000029
0x00007f54082f7c50:   00000000d276e500 0000000100001940
0x00007f54082f7c60:   00007f540b22ad80 0000000000000004
0x00007f54082f7c70:   0000000000000000 00007f5404077700
0x00007f54082f7c80:   0000000000000000 0000000000000002
0x00007f54082f7c90:   0000000000000001 00007f54082f7d14
0x00007f54082f7ca0:   00007f54082f7da0 00007f540abb6ef2
0x00007f54082f7cb0:   00007f54082f7da0 0000000000000017
0x00007f54082f7cc0:   00007f54082f7d14 0000000000000001
0x00007f54082f7cd0:   0000000000067200 0000000000067200
0x00007f54082f7ce0:   00007f54082f7d20 00007f54082f7d40
0x00007f54082f7cf0:   00000000d3bd4540 00007f540402a1a0
0x00007f54082f7d00:   0000000000000000 00007f5404077700
0x00007f54082f7d10:   2cf550b80b152978 00000000d2771b48
0x00007f54082f7d20:   00000000d3bd4540 00007f5400067000
0x00007f54082f7d30:   000ee5480000d246 00007f5400067200
0x00007f54082f7d40:   000ee5480000d247 00007f540ab2bfeb
0x00007f54082f7d50:   00007f5404021cc0 00007f5404021cc0
0x00007f54082f7d60:   00007f54082f7da0 00007f540a820ad6
0x00007f54082f7d70:   00007f54082f7da0 0000000000000001
0x00007f54082f7d80:   00007f540402a1a0 00007f5404024000
0x00007f54082f7d90:   0000000000000000 00007f540b21c188
0x00007f54082f7da0:   00007f54082f7eb0 00007f540a822816
0x00007f54082f7db0:   00000000000003d8 00007f5404024650
0x00007f54082f7dc0:   00007f5404024a78 00007f54040246a0
0x00007f54082f7dd0:   00007f54082f7e40 00007f5404024690
0x00007f54082f7de0:   00007f54082f7df8 00007f540adc5e4e
0x00007f54082f7df0:   0000000000000000 0000000000000000
0x00007f54082f7e00:   00007f5404024000 00007f5404024a80 

Instructions: (pc=0x00007f540a8a7241)
0x00007f540a8a7221:   5d c3 0f 1f 44 00 00 48 8d 35 91 f7 4c 00 bf 03
0x00007f540a8a7231:   00 00 00 e8 f7 b6 12 00 eb 9d 0f 1f 44 00 00 55
0x00007f540a8a7241:   8b 46 08 48 89 f2 48 89 e5 83 f8 00 7e 11 a8 01
0x00007f540a8a7251:   75 0f c1 f8 03 5d c3 0f 1f 84 00 00 00 00 00 75 

Register to memory mapping:

RAX=0x00007f540b1f7da0: <offset 0xf98da0> in /opt/jdk/jdk1.8.0_211/jre/lib/amd64/server/libjvm.so at 0x00007f540a25f000
RBX=0x00007f5404077700 is an unknown value
RCX=0x0000000000000003 is an unknown value
RDX=0x0000000000267b88 is an unknown value
RSP=0x00007f54082f7c10 is an unknown value
RBP=0x00007f54082f7ca0 is an unknown value
RSI=0x0000000001900190 is an unknown value
RDI=0x00000000d27710e8 is pointing into object: 0x00000000d27710e0
[C 
 - klass: {type array char}
 - length: 2
R8 =0x00007f540b22ad80: <offset 0xfcbd80> in /opt/jdk/jdk1.8.0_211/jre/lib/amd64/server/libjvm.so at 0x00007f540a25f000
R9 =0x00000000d2771bfc is pointing into object: 0x00000000d2771b48
[Ljava.lang.String; 
 - klass: 'java/lang/String'[]
 - length: 41
R10=0x0000000000000001 is an unknown value
R11=0x0000000000000029 is an unknown value
R12=0x0000000000000003 is an unknown value
R13=0x00000000d2771b48 is an oop
[Ljava.lang.String; 
 - klass: 'java/lang/String'[]
 - length: 41
R14=0x00000000d27710e8 is pointing into object: 0x00000000d27710e0
[C 
 - klass: {type array char}
 - length: 2
R15=0x00000000d2771b74 is pointing into object: 0x00000000d2771b48
[Ljava.lang.String; 
 - klass: 'java/lang/String'[]
 - length: 41


Stack: [0x00007f54081f9000,0x00007f54082f9000],  sp=0x00007f54082f7c10,  free space=1019k
Native frames: (J=compiled Java code, j=interpreted, Vv=VM code, C=native code)
V  [libjvm.so+0x648241]  oopDesc::size_given_klass(Klass*)+0x1
V  [libjvm.so+0x957ef2]  StealMarkingTask::do_it(GCTaskManager*, unsigned int)+0x422
V  [libjvm.so+0x5c3816]  GCTaskThread::run()+0x1b6
V  [libjvm.so+0x90d952]  java_start(Thread*)+0x102


---------------  P R O C E S S  ---------------

Java Threads: ( => current thread )
  0x00007f54040c3000 JavaThread "Service Thread" daemon [_thread_blocked, id=7142, stack(0x00007f53e29ac000,0x00007f53e2aad000)]
  0x00007f54040c0000 JavaThread "C1 CompilerThread2" daemon [_thread_blocked, id=7141, stack(0x00007f53e2aae000,0x00007f53e2bae000)]
  0x00007f54040be000 JavaThread "C2 CompilerThread1" daemon [_thread_blocked, id=7140, stack(0x00007f53e2baf000,0x00007f53e2caf000)]
  0x00007f54040bb000 JavaThread "C2 CompilerThread0" daemon [_thread_blocked, id=7139, stack(0x00007f53e2cb0000,0x00007f53e2db0000)]
  0x00007f54040b9800 JavaThread "Signal Dispatcher" daemon [_thread_blocked, id=7138, stack(0x00007f53e2db0000,0x00007f53e2eb1000)]
  0x00007f5404087000 JavaThread "Finalizer" daemon [_thread_blocked, id=7137, stack(0x00007f53e318f000,0x00007f53e3290000)]
  0x00007f5404084800 JavaThread "Reference Handler" daemon [_thread_blocked, id=7136, stack(0x00007f53e3290000,0x00007f53e3391000)]
  0x00007f540400c800 JavaThread "main" [_thread_blocked, id=7126, stack(0x00007f540bd74000,0x00007f540be74000)]

Other Threads:
  0x00007f540407a800 VMThread [stack: 0x00007f53e3392000,0x00007f53e3492000] [id=7135]
  0x00007f54040c5800 WatcherThread [stack: 0x00007f53e28ac000,0x00007f53e29ac000] [id=7143]

=>0x00007f5404024000 (exited) GCTaskThread [stack: 0x00007f54081f9000,0x00007f54082f9000] [id=7132]

VM state:at safepoint (normal execution)

VM Mutex/Monitor currently owned by a thread:  ([mutex/lock_event])
[0x00007f5404009000] Threads_lock - owner thread: 0x00007f540407a800
[0x00007f5404009500] Heap_lock - owner thread: 0x00007f540400c800

heap address: 0x0000000085800000, size: 1960 MB, Compressed Oops mode: 32-bit
Narrow klass base: 0x0000000000000000, Narrow klass shift: 3
Compressed class space size: 1073741824 Address: 0x0000000100000000

Heap:
 PSYoungGen      total 414720K, used 192000K [0x00000000d7300000, 0x00000000fff80000, 0x0000000100000000)
  eden space 192000K, 100% used [0x00000000d7300000,0x00000000e2e80000,0x00000000e2e80000)
  from space 222720K, 0% used [0x00000000e2e80000,0x00000000e2e80000,0x00000000f0800000)
  to   space 222720K, 0% used [0x00000000f2600000,0x00000000f2600000,0x00000000fff80000)
 ParOldGen       total 1338368K, used 1333421K [0x0000000085800000, 0x00000000d7300000, 0x00000000d7300000)
  object space 1338368K, 99% used [0x0000000085800000,0x00000000d6e2b470,0x00000000d7300000)
 Metaspace       used 8463K, capacity 8662K, committed 8704K, reserved 1056768K
  class space    used 898K, capacity 1007K, committed 1024K, reserved 1048576K

Card table byte_map: [0x00007f5408688000,0x00007f5408a5d000] byte_map_base: 0x00007f540825c000

Marking Bits: (ParMarkBitMap*) 0x00007f540b22ad80
 Begin Bits: [0x00007f53f11bf000, 0x00007f53f305f000)
 End Bits:   [0x00007f53f305f000, 0x00007f53f4eff000)

Polling page: 0x00007f540be9c000

CodeCache: size=245760Kb used=5075Kb max_used=5088Kb free=240684Kb
 bounds [0x00007f53f5000000, 0x00007f53f5500000, 0x00007f5404000000]
 total_blobs=1571 nmethods=1229 adapters=256
 compilation: enabled

Compilation events (10 events):
Event: 20.312 Thread 0x00007f54040c0000 nmethod 1226 0x00007f53f54e4d50 code [0x00007f53f54e4ea0, 0x00007f53f54e4fb0]
Event: 20.354 Thread 0x00007f54040bb000 1227       4       java.lang.AbstractStringBuilder::append (144 bytes)
Event: 20.368 Thread 0x00007f54040bb000 nmethod 1227 0x00007f53f54f8650 code [0x00007f53f54f87e0, 0x00007f53f54f8e38]
Event: 20.368 Thread 0x00007f54040bb000 1228       4       java.util.regex.Pattern$BranchConn::match (11 bytes)
Event: 20.370 Thread 0x00007f54040bb000 nmethod 1228 0x00007f53f54d00d0 code [0x00007f53f54d0220, 0x00007f53f54d0298]
Event: 20.379 Thread 0x00007f54040be000 nmethod 1224 0x00007f53f54fc850 code [0x00007f53f54fcae0, 0x00007f53f54fe970]
Event: 20.381 Thread 0x00007f54040bb000 1229       4       java.util.regex.Pattern$Branch::match (66 bytes)
Event: 20.383 Thread 0x00007f54040bb000 nmethod 1229 0x00007f53f54ec1d0 code [0x00007f53f54ec340, 0x00007f53f54ec578]
Event: 20.390 Thread 0x00007f54040c0000 1230       3       java.util.regex.Pattern$Ques::match (192 bytes)
Event: 20.391 Thread 0x00007f54040c0000 nmethod 1230 0x00007f53f54ece50 code [0x00007f53f54ed080, 0x00007f53f54edd18]

GC Heap History (10 events):
Event: 13.801 GC heap after
Heap after GC invocations=27 (full 6):
 PSYoungGen      total 388608K, used 112137K [0x00000000d7300000, 0x00000000fe680000, 0x0000000100000000)
  eden space 165888K, 0% used [0x00000000d7300000,0x00000000d7300000,0x00000000e1500000)
  from space 222720K, 50% used [0x00000000e1500000,0x00000000e82826f0,0x00000000eee80000)
  to   space 222720K, 0% used [0x00000000f0d00000,0x00000000f0d00000,0x00000000fe680000)
 ParOldGen       total 1234944K, used 841068K [0x0000000085800000, 0x00000000d0e00000, 0x00000000d7300000)
  object space 1234944K, 68% used [0x0000000085800000,0x00000000b8d5b100,0x00000000d0e00000)
 Metaspace       used 8140K, capacity 8374K, committed 8448K, reserved 1056768K
  class space    used 871K, capacity 975K, committed 1024K, reserved 1048576K
}
Event: 14.178 GC heap before
{Heap before GC invocations=28 (full 6):
 PSYoungGen      total 388608K, used 278025K [0x00000000d7300000, 0x00000000fe680000, 0x0000000100000000)
  eden space 165888K, 100% used [0x00000000d7300000,0x00000000e1500000,0x00000000e1500000)
  from space 222720K, 50% used [0x00000000e1500000,0x00000000e82826f0,0x00000000eee80000)
  to   space 222720K, 0% used [0x00000000f0d00000,0x00000000f0d00000,0x00000000fe680000)
 ParOldGen       total 1234944K, used 841068K [0x0000000085800000, 0x00000000d0e00000, 0x00000000d7300000)
  object space 1234944K, 68% used [0x0000000085800000,0x00000000b8d5b100,0x00000000d0e00000)
 Metaspace       used 8140K, capacity 8374K, committed 8448K, reserved 1056768K
  class space    used 871K, capacity 975K, committed 1024K, reserved 1048576K
Event: 14.462 GC heap after
Heap after GC invocations=28 (full 6):
 PSYoungGen      total 409600K, used 115104K [0x00000000d7300000, 0x00000000fe180000, 0x0000000100000000)
  eden space 192000K, 0% used [0x00000000d7300000,0x00000000d7300000,0x00000000e2e80000)
  from space 217600K, 52% used [0x00000000f0d00000,0x00000000f7d68000,0x00000000fe180000)
  to   space 222720K, 0% used [0x00000000e2e80000,0x00000000e2e80000,0x00000000f0800000)
 ParOldGen       total 1234944K, used 953748K [0x0000000085800000, 0x00000000d0e00000, 0x00000000d7300000)
  object space 1234944K, 77% used [0x0000000085800000,0x00000000bfb65100,0x00000000d0e00000)
 Metaspace       used 8140K, capacity 8374K, committed 8448K, reserved 1056768K
  class space    used 871K, capacity 975K, committed 1024K, reserved 1048576K
}
Event: 14.769 GC heap before
{Heap before GC invocations=29 (full 6):
 PSYoungGen      total 409600K, used 307104K [0x00000000d7300000, 0x00000000fe180000, 0x0000000100000000)
  eden space 192000K, 100% used [0x00000000d7300000,0x00000000e2e80000,0x00000000e2e80000)
  from space 217600K, 52% used [0x00000000f0d00000,0x00000000f7d68000,0x00000000fe180000)
  to   space 222720K, 0% used [0x00000000e2e80000,0x00000000e2e80000,0x00000000f0800000)
 ParOldGen       total 1234944K, used 953748K [0x0000000085800000, 0x00000000d0e00000, 0x00000000d7300000)
  object space 1234944K, 77% used [0x0000000085800000,0x00000000bfb65100,0x00000000d0e00000)
 Metaspace       used 8140K, capacity 8374K, committed 8448K, reserved 1056768K
  class space    used 871K, capacity 975K, committed 1024K, reserved 1048576K
Event: 14.956 GC heap after
Heap after GC invocations=29 (full 6):
 PSYoungGen      total 414720K, used 133504K [0x00000000d7300000, 0x00000000fff80000, 0x0000000100000000)
  eden space 192000K, 0% used [0x00000000d7300000,0x00000000d7300000,0x00000000e2e80000)
  from space 222720K, 59% used [0x00000000e2e80000,0x00000000eb0e0000,0x00000000f0800000)
  to   space 222720K, 0% used [0x00000000f2600000,0x00000000f2600000,0x00000000fff80000)
 ParOldGen       total 1234944K, used 1069228K [0x0000000085800000, 0x00000000d0e00000, 0x00000000d7300000)
  object space 1234944K, 86% used [0x0000000085800000,0x00000000c6c2b100,0x00000000d0e00000)
 Metaspace       used 8140K, capacity 8374K, committed 8448K, reserved 1056768K
  class space    used 871K, capacity 975K, committed 1024K, reserved 1048576K
}
Event: 14.956 GC heap before
{Heap before GC invocations=30 (full 7):
 PSYoungGen      total 414720K, used 133504K [0x00000000d7300000, 0x00000000fff80000, 0x0000000100000000)
  eden space 192000K, 0% used [0x00000000d7300000,0x00000000d7300000,0x00000000e2e80000)
  from space 222720K, 59% used [0x00000000e2e80000,0x00000000eb0e0000,0x00000000f0800000)
  to   space 222720K, 0% used [0x00000000f2600000,0x00000000f2600000,0x00000000fff80000)
 ParOldGen       total 1234944K, used 1069228K [0x0000000085800000, 0x00000000d0e00000, 0x00000000d7300000)
  object space 1234944K, 86% used [0x0000000085800000,0x00000000c6c2b100,0x00000000d0e00000)
 Metaspace       used 8140K, capacity 8374K, committed 8448K, reserved 1056768K
  class space    used 871K, capacity 975K, committed 1024K, reserved 1048576K
Event: 17.373 GC heap after
Heap after GC invocations=30 (full 7):
 PSYoungGen      total 414720K, used 0K [0x00000000d7300000, 0x00000000fff80000, 0x0000000100000000)
  eden space 192000K, 0% used [0x00000000d7300000,0x00000000d7300000,0x00000000e2e80000)
  from space 222720K, 0% used [0x00000000e2e80000,0x00000000e2e80000,0x00000000f0800000)
  to   space 222720K, 0% used [0x00000000f2600000,0x00000000f2600000,0x00000000fff80000)
 ParOldGen       total 1338368K, used 1201440K [0x0000000085800000, 0x00000000d7300000, 0x00000000d7300000)
  object space 1338368K, 89% used [0x0000000085800000,0x00000000ced48280,0x00000000d7300000)
 Metaspace       used 8140K, capacity 8374K, committed 8448K, reserved 1056768K
  class space    used 871K, capacity 975K, committed 1024K, reserved 1048576K
}
Event: 17.811 GC heap before
{Heap before GC invocations=31 (full 8):
 PSYoungGen      total 414720K, used 192000K [0x00000000d7300000, 0x00000000fff80000, 0x0000000100000000)
  eden space 192000K, 100% used [0x00000000d7300000,0x00000000e2e80000,0x00000000e2e80000)
  from space 222720K, 0% used [0x00000000e2e80000,0x00000000e2e80000,0x00000000f0800000)
  to   space 222720K, 0% used [0x00000000f2600000,0x00000000f2600000,0x00000000fff80000)
 ParOldGen       total 1338368K, used 1201440K [0x0000000085800000, 0x00000000d7300000, 0x00000000d7300000)
  object space 1338368K, 89% used [0x0000000085800000,0x00000000ced48280,0x00000000d7300000)
 Metaspace       used 8140K, capacity 8374K, committed 8448K, reserved 1056768K
  class space    used 871K, capacity 975K, committed 1024K, reserved 1048576K
Event: 19.719 GC heap after
Heap after GC invocations=31 (full 8):
 PSYoungGen      total 414720K, used 0K [0x00000000d7300000, 0x00000000fff80000, 0x0000000100000000)
  eden space 192000K, 0% used [0x00000000d7300000,0x00000000d7300000,0x00000000e2e80000)
  from space 222720K, 0% used [0x00000000e2e80000,0x00000000e2e80000,0x00000000f0800000)
  to   space 222720K, 0% used [0x00000000f2600000,0x00000000f2600000,0x00000000fff80000)
 ParOldGen       total 1338368K, used 1333421K [0x0000000085800000, 0x00000000d7300000, 0x00000000d7300000)
  object space 1338368K, 99% used [0x0000000085800000,0x00000000d6e2b470,0x00000000d7300000)
 Metaspace       used 8140K, capacity 8374K, committed 8448K, reserved 1056768K
  class space    used 871K, capacity 975K, committed 1024K, reserved 1048576K
}
Event: 20.393 GC heap before
{Heap before GC invocations=32 (full 9):
 PSYoungGen      total 414720K, used 192000K [0x00000000d7300000, 0x00000000fff80000, 0x0000000100000000)
  eden space 192000K, 100% used [0x00000000d7300000,0x00000000e2e80000,0x00000000e2e80000)
  from space 222720K, 0% used [0x00000000e2e80000,0x00000000e2e80000,0x00000000f0800000)
  to   space 222720K, 0% used [0x00000000f2600000,0x00000000f2600000,0x00000000fff80000)
 ParOldGen       total 1338368K, used 1333421K [0x0000000085800000, 0x00000000d7300000, 0x00000000d7300000)
  object space 1338368K, 99% used [0x0000000085800000,0x00000000d6e2b470,0x00000000d7300000)
 Metaspace       used 8463K, capacity 8662K, committed 8704K, reserved 1056768K
  class space    used 898K, capacity 1007K, committed 1024K, reserved 1048576K

Deoptimization events (10 events):
Event: 20.079 Thread 0x00007f540400c800 Uncommon trap: reason=bimorphic action=maybe_recompile pc=0x00007f53f548db38 method=java.util.regex.Matcher.search(I)Z @ 86
Event: 20.133 Thread 0x00007f540400c800 Uncommon trap: reason=class_check action=maybe_recompile pc=0x00007f53f5493094 method=java.util.regex.Pattern$GroupHead.match(Ljava/util/regex/Matcher;ILjava/lang/CharSequence;)Z @ 28
Event: 20.133 Thread 0x00007f540400c800 Uncommon trap: reason=unstable_if action=reinterpret pc=0x00007f53f547a770 method=java.util.regex.Pattern$Branch.match(Ljava/util/regex/Matcher;ILjava/lang/CharSequence;)Z @ 19
Event: 20.140 Thread 0x00007f540400c800 Uncommon trap: reason=class_check action=maybe_recompile pc=0x00007f53f5493094 method=java.util.regex.Pattern$GroupHead.match(Ljava/util/regex/Matcher;ILjava/lang/CharSequence;)Z @ 28
Event: 20.145 Thread 0x00007f540400c800 Uncommon trap: reason=class_check action=maybe_recompile pc=0x00007f53f5493094 method=java.util.regex.Pattern$GroupHead.match(Ljava/util/regex/Matcher;ILjava/lang/CharSequence;)Z @ 28
Event: 20.146 Thread 0x00007f540400c800 Uncommon trap: reason=class_check action=maybe_recompile pc=0x00007f53f5493094 method=java.util.regex.Pattern$GroupHead.match(Ljava/util/regex/Matcher;ILjava/lang/CharSequence;)Z @ 28
Event: 20.379 Thread 0x00007f540400c800 Uncommon trap: reason=class_check action=maybe_recompile pc=0x00007f53f549f514 method=java.util.regex.Pattern$Branch.match(Ljava/util/regex/Matcher;ILjava/lang/CharSequence;)Z @ 32
Event: 20.380 Thread 0x00007f540400c800 Uncommon trap: reason=class_check action=maybe_recompile pc=0x00007f53f549f514 method=java.util.regex.Pattern$Branch.match(Ljava/util/regex/Matcher;ILjava/lang/CharSequence;)Z @ 32
Event: 20.380 Thread 0x00007f540400c800 Uncommon trap: reason=class_check action=maybe_recompile pc=0x00007f53f549f514 method=java.util.regex.Pattern$Branch.match(Ljava/util/regex/Matcher;ILjava/lang/CharSequence;)Z @ 32
Event: 20.381 Thread 0x00007f540400c800 Uncommon trap: reason=class_check action=maybe_recompile pc=0x00007f53f549f514 method=java.util.regex.Pattern$Branch.match(Ljava/util/regex/Matcher;ILjava/lang/CharSequence;)Z @ 32

Classes redefined (0 events):
No events

Internal exceptions (8 events):
Event: 0.135 Thread 0x00007f540400c800 Exception <a 'java/lang/NoSuchMethodError': Method sun.misc.Unsafe.defineClass(Ljava/lang/String;[BII)Ljava/lang/Class; name or signature does not match> (0x00000000d7307cb0) thrown at [/HUDSON/workspace/8-2-build-linux-amd64/jdk8u211/12973/hotspot/src/sh
Event: 0.136 Thread 0x00007f540400c800 Exception <a 'java/lang/NoSuchMethodError': Method sun.misc.Unsafe.prefetchRead(Ljava/lang/Object;J)V name or signature does not match> (0x00000000d7307f98) thrown at [/HUDSON/workspace/8-2-build-linux-amd64/jdk8u211/12973/hotspot/src/share/vm/prims/jni.c
Event: 0.450 Thread 0x00007f540400c800 Exception <a 'java/lang/NoSuchFieldError': method resolution failed> (0x00000000d75e42a8) thrown at [/HUDSON/workspace/8-2-build-linux-amd64/jdk8u211/12973/hotspot/src/share/vm/prims/methodHandles.cpp, line 1167]
Event: 0.452 Thread 0x00007f540400c800 Exception <a 'java/lang/NoSuchFieldError': method resolution failed> (0x00000000d75f16a8) thrown at [/HUDSON/workspace/8-2-build-linux-amd64/jdk8u211/12973/hotspot/src/share/vm/prims/methodHandles.cpp, line 1167]
Event: 0.637 Thread 0x00007f540400c800 Exception <a 'java/security/PrivilegedActionException'> (0x00000000d78e0c38) thrown at [/HUDSON/workspace/8-2-build-linux-amd64/jdk8u211/12973/hotspot/src/share/vm/prims/jvm.cpp, line 1502]
Event: 0.637 Thread 0x00007f540400c800 Exception <a 'java/security/PrivilegedActionException'> (0x00000000d78e1030) thrown at [/HUDSON/workspace/8-2-build-linux-amd64/jdk8u211/12973/hotspot/src/share/vm/prims/jvm.cpp, line 1502]
Event: 0.637 Thread 0x00007f540400c800 Exception <a 'java/security/PrivilegedActionException'> (0x00000000d78e3668) thrown at [/HUDSON/workspace/8-2-build-linux-amd64/jdk8u211/12973/hotspot/src/share/vm/prims/jvm.cpp, line 1502]
Event: 0.637 Thread 0x00007f540400c800 Exception <a 'java/security/PrivilegedActionException'> (0x00000000d78e3a60) thrown at [/HUDSON/workspace/8-2-build-linux-amd64/jdk8u211/12973/hotspot/src/share/vm/prims/jvm.cpp, line 1502]

Events (10 events):
Event: 20.380 Thread 0x00007f540400c800 Uncommon trap: trap_request=0xffffffde fr.pc=0x00007f53f549f514
Event: 20.380 Thread 0x00007f540400c800 DEOPT PACKING pc=0x00007f53f549f514 sp=0x00007f540be724f0
Event: 20.380 Thread 0x00007f540400c800 DEOPT UNPACKING pc=0x00007f53f504573a sp=0x00007f540be724a8 mode 2
Event: 20.380 Thread 0x00007f540400c800 Uncommon trap: trap_request=0xffffffde fr.pc=0x00007f53f549f514
Event: 20.380 Thread 0x00007f540400c800 DEOPT PACKING pc=0x00007f53f549f514 sp=0x00007f540be724f0
Event: 20.380 Thread 0x00007f540400c800 DEOPT UNPACKING pc=0x00007f53f504573a sp=0x00007f540be724a8 mode 2
Event: 20.381 Thread 0x00007f540400c800 Uncommon trap: trap_request=0xffffffde fr.pc=0x00007f53f549f514
Event: 20.381 Thread 0x00007f540400c800 DEOPT PACKING pc=0x00007f53f549f514 sp=0x00007f540be724f0
Event: 20.381 Thread 0x00007f540400c800 DEOPT UNPACKING pc=0x00007f53f504573a sp=0x00007f540be724a8 mode 2
Event: 20.393 Executing VM operation: ParallelGCFailedAllocation


Dynamic libraries:
00400000-00401000 r-xp 00000000 08:01 29492542                           /opt/jdk/jdk1.8.0_211/bin/java
00600000-00601000 r--p 00000000 08:01 29492542                           /opt/jdk/jdk1.8.0_211/bin/java
00601000-00602000 rw-p 00001000 08:01 29492542                           /opt/jdk/jdk1.8.0_211/bin/java
023ff000-02420000 rw-p 00000000 00:00 0                                  [heap]
85800000-d7300000 rw-p 00000000 00:00 0 
d7300000-fff80000 rw-p 00000000 00:00 0 
fff80000-100000000 ---p 00000000 00:00 0 
100000000-100100000 rw-p 00000000 00:00 0 
100100000-140000000 ---p 00000000 00:00 0 
7f53b4000000-7f53b4021000 rw-p 00000000 00:00 0 
7f53b4021000-7f53b8000000 ---p 00000000 00:00 0 
7f53b8fff000-7f53bc000000 rw-p 00000000 00:00 0 
7f53bc000000-7f53bc3b5000 rw-p 00000000 00:00 0 
7f53bc3b5000-7f53c0000000 ---p 00000000 00:00 0 
7f53c0000000-7f53c0021000 rw-p 00000000 00:00 0 
7f53c0021000-7f53c4000000 ---p 00000000 00:00 0 
7f53c4000000-7f53c42fa000 rw-p 00000000 00:00 0 
7f53c42fa000-7f53c8000000 ---p 00000000 00:00 0 
7f53c8000000-7f53c835e000 rw-p 00000000 00:00 0 
7f53c835e000-7f53cc000000 ---p 00000000 00:00 0 
7f53cc000000-7f53cc021000 rw-p 00000000 00:00 0 
7f53cc021000-7f53d0000000 ---p 00000000 00:00 0 
7f53d0000000-7f53d0021000 rw-p 00000000 00:00 0 
7f53d0021000-7f53d4000000 ---p 00000000 00:00 0 
7f53d4000000-7f53d4021000 rw-p 00000000 00:00 0 
7f53d4021000-7f53d8000000 ---p 00000000 00:00 0 
7f53d8000000-7f53d8021000 rw-p 00000000 00:00 0 
7f53d8021000-7f53dc000000 ---p 00000000 00:00 0 
7f53dc000000-7f53dc021000 rw-p 00000000 00:00 0 
7f53dc021000-7f53e0000000 ---p 00000000 00:00 0 
7f53e1e3d000-7f53e1e54000 r-xp 00000000 08:01 19270809                   /lib/x86_64-linux-gnu/libgcc_s.so.1
7f53e1e54000-7f53e2053000 ---p 00017000 08:01 19270809                   /lib/x86_64-linux-gnu/libgcc_s.so.1
7f53e2053000-7f53e2054000 r--p 00016000 08:01 19270809                   /lib/x86_64-linux-gnu/libgcc_s.so.1
7f53e2054000-7f53e2055000 rw-p 00017000 08:01 19270809                   /lib/x86_64-linux-gnu/libgcc_s.so.1
7f53e207a000-7f53e20b2000 r-xp 00000000 08:01 29492859                   /opt/jdk/jdk1.8.0_211/jre/lib/amd64/libsunec.so
7f53e20b2000-7f53e22b1000 ---p 00038000 08:01 29492859                   /opt/jdk/jdk1.8.0_211/jre/lib/amd64/libsunec.so
7f53e22b1000-7f53e22b6000 r--p 00037000 08:01 29492859                   /opt/jdk/jdk1.8.0_211/jre/lib/amd64/libsunec.so
7f53e22b6000-7f53e22b8000 rw-p 0003c000 08:01 29492859                   /opt/jdk/jdk1.8.0_211/jre/lib/amd64/libsunec.so
7f53e22b8000-7f53e22ce000 r-xp 00000000 08:01 29492852                   /opt/jdk/jdk1.8.0_211/jre/lib/amd64/libnet.so
7f53e22ce000-7f53e24cd000 ---p 00016000 08:01 29492852                   /opt/jdk/jdk1.8.0_211/jre/lib/amd64/libnet.so
7f53e24cd000-7f53e24ce000 r--p 00015000 08:01 29492852                   /opt/jdk/jdk1.8.0_211/jre/lib/amd64/libnet.so
7f53e24ce000-7f53e24cf000 rw-p 00016000 08:01 29492852                   /opt/jdk/jdk1.8.0_211/jre/lib/amd64/libnet.so
7f53e24cf000-7f53e24e0000 r-xp 00000000 08:01 29492912                   /opt/jdk/jdk1.8.0_211/jre/lib/amd64/libnio.so
7f53e24e0000-7f53e26df000 ---p 00011000 08:01 29492912                   /opt/jdk/jdk1.8.0_211/jre/lib/amd64/libnio.so
7f53e26df000-7f53e26e0000 r--p 00010000 08:01 29492912                   /opt/jdk/jdk1.8.0_211/jre/lib/amd64/libnio.so
7f53e26e0000-7f53e26e1000 rw-p 00011000 08:01 29492912                   /opt/jdk/jdk1.8.0_211/jre/lib/amd64/libnio.so
7f53e26e1000-7f53e26e3000 r--s 00009000 08:01 29492797                   /opt/jdk/jdk1.8.0_211/jre/lib/ext/sunec.jar
7f53e26e3000-7f53e26e7000 r--s 0003b000 08:01 29492805                   /opt/jdk/jdk1.8.0_211/jre/lib/ext/sunpkcs11.jar
7f53e26e7000-7f53e26ea000 r--s 0001a000 08:01 29492691                   /opt/jdk/jdk1.8.0_211/jre/lib/jce.jar
7f53e26ea000-7f53e26ef000 r--s 000a3000 08:01 29492810                   /opt/jdk/jdk1.8.0_211/jre/lib/jsse.jar
7f53e26ef000-7f53e2724000 rw-p 00000000 00:00 0 
7f53e2724000-7f53e286a000 r--s 01421000 08:01 23858243                   /home/chinmay/eclipse-workspace/MexicoDataProcess/jars/selenium-server-standalone-3.5.3.jar
7f53e286a000-7f53e2873000 r--s 0006f000 08:01 23858256                   /home/chinmay/eclipse-workspace/MexicoDataProcess/jars/log4j-1.2.17.jar
7f53e2873000-7f53e287b000 r--s 00048000 08:01 23858228                   /home/chinmay/eclipse-workspace/MexicoDataProcess/jars/httpcore-4.4.6.jar
7f53e287b000-7f53e2888000 r--s 000aa000 08:01 23858253                   /home/chinmay/eclipse-workspace/MexicoDataProcess/jars/httpclient-4.5.3.jar
7f53e2888000-7f53e288a000 r--s 00007000 08:01 23858237                   /home/chinmay/eclipse-workspace/MexicoDataProcess/jars/fuzzywuzzy/fuzzywuzzy-1.1.9.jar
7f53e288a000-7f53e288e000 r--s 0002a000 08:01 24248414                   /home/chinmay/eclipse-workspace/MexicoDataProcess/jars/validator/commons-validator-1.6.jar
7f53e288e000-7f53e2890000 r--s 0000d000 08:01 23858250                   /home/chinmay/eclipse-workspace/MexicoDataProcess/jars/SuperCSV-1.52.jar
7f53e2890000-7f53e2895000 r--s 00659000 08:01 23858245                   /home/chinmay/eclipse-workspace/MexicoDataProcess/jars/sqlite-jdbc-3.21.0.jar
7f53e2895000-7f53e289d000 r--s 00098000 08:01 23858226                   /home/chinmay/eclipse-workspace/MexicoDataProcess/jars/javax.mail-1.6.1.jar
7f53e289d000-7f53e28ab000 r--s 0007f000 08:01 23858255                   /home/chinmay/eclipse-workspace/MexicoDataProcess/jars/commons-collections-3.2.1.jar
7f53e28ab000-7f53e28ac000 ---p 00000000 00:00 0 
7f53e28ac000-7f53e29ac000 rw-p 00000000 00:00 0 
7f53e29ac000-7f53e29af000 ---p 00000000 00:00 0 
7f53e29af000-7f53e2aad000 rw-p 00000000 00:00 0 
7f53e2aad000-7f53e2aae000 ---p 00000000 00:00 0 
7f53e2aae000-7f53e2ab1000 ---p 00000000 00:00 0 
7f53e2ab1000-7f53e2bae000 rw-p 00000000 00:00 0 
7f53e2bae000-7f53e2baf000 ---p 00000000 00:00 0 
7f53e2baf000-7f53e2bb2000 ---p 00000000 00:00 0 
7f53e2bb2000-7f53e2caf000 rw-p 00000000 00:00 0 
7f53e2caf000-7f53e2cb0000 ---p 00000000 00:00 0 
7f53e2cb0000-7f53e2cb3000 ---p 00000000 00:00 0 
7f53e2cb3000-7f53e2db0000 rw-p 00000000 00:00 0 
7f53e2db0000-7f53e2db3000 ---p 00000000 00:00 0 
7f53e2db3000-7f53e2eb1000 rw-p 00000000 00:00 0 
7f53e2eb1000-7f53e318f000 r--p 00000000 08:01 15335669                   /usr/lib/locale/locale-archive
7f53e318f000-7f53e3192000 ---p 00000000 00:00 0 
7f53e3192000-7f53e3290000 rw-p 00000000 00:00 0 
7f53e3290000-7f53e3293000 ---p 00000000 00:00 0 
7f53e3293000-7f53e3391000 rw-p 00000000 00:00 0 
7f53e3391000-7f53e3392000 ---p 00000000 00:00 0 
7f53e3392000-7f53e4000000 rw-p 00000000 00:00 0 
7f53e4000000-7f53e42a0000 rw-p 00000000 00:00 0 
7f53e42a0000-7f53e8000000 ---p 00000000 00:00 0 
7f53e8000000-7f53e8021000 rw-p 00000000 00:00 0 
7f53e8021000-7f53ec000000 ---p 00000000 00:00 0 
7f53ec000000-7f53ec021000 rw-p 00000000 00:00 0 
7f53ec021000-7f53f0000000 ---p 00000000 00:00 0 
7f53f0000000-7f53f0005000 r--s 0002a000 08:01 23858225                   /home/chinmay/eclipse-workspace/MexicoDataProcess/jars/gson-2.2.2.jar
7f53f0005000-7f53f000d000 r--s 00072000 08:01 23858244                   /home/chinmay/eclipse-workspace/MexicoDataProcess/jars/commons-lang3-3.7.jar
7f53f000d000-7f53f0411000 rw-p 00000000 00:00 0 
7f53f0411000-7f53f05eb000 r--s 03d6d000 08:01 29492601                   /opt/jdk/jdk1.8.0_211/jre/lib/rt.jar
7f53f05eb000-7f53f0d6b000 rw-p 00000000 00:00 0 
7f53f0d6b000-7f53f0deb000 ---p 00000000 00:00 0 
7f53f0deb000-7f53f4eff000 rw-p 00000000 00:00 0 
7f53f4eff000-7f53f4f00000 ---p 00000000 00:00 0 
7f53f4f00000-7f53f5000000 rw-p 00000000 00:00 0 
7f53f5000000-7f53f5500000 rwxp 00000000 00:00 0 
7f53f5500000-7f5404000000 ---p 00000000 00:00 0 
7f5404000000-7f5404490000 rw-p 00000000 00:00 0 
7f5404490000-7f5408000000 ---p 00000000 00:00 0 
7f5408001000-7f5408004000 r--s 00017000 08:01 23858254                   /home/chinmay/eclipse-workspace/MexicoDataProcess/jars/opencsv-4.0.jar
7f5408004000-7f5408006000 r--s 0000e000 08:01 23858249                   /home/chinmay/eclipse-workspace/MexicoDataProcess/jars/commons-logging-1.2.jar
7f5408006000-7f540800a000 r--s 0002f000 08:01 23858239                   /home/chinmay/eclipse-workspace/MexicoDataProcess/jars/commons-io-2.5.jar
7f540800a000-7f5408011000 r--s 0004b000 08:01 23858248                   /home/chinmay/eclipse-workspace/MexicoDataProcess/jars/commons-codec-1.11.jar
7f5408011000-7f54080f7000 rw-p 00000000 00:00 0 
7f54080f7000-7f54080f8000 ---p 00000000 00:00 0 
7f54080f8000-7f54081f8000 rw-p 00000000 00:00 0 
7f54081f8000-7f54081f9000 ---p 00000000 00:00 0 
7f54081f9000-7f54082f9000 rw-p 00000000 00:00 0 
7f54082f9000-7f54082fa000 ---p 00000000 00:00 0 
7f54082fa000-7f5408688000 rw-p 00000000 00:00 0 
7f5408688000-7f5408915000 rw-p 00000000 00:00 0 
7f5408915000-7f5408a5c000 rw-p 00000000 00:00 0 
7f5408a5c000-7f5408a71000 rw-p 00000000 00:00 0 
7f5408a71000-7f5408e1d000 ---p 00000000 00:00 0 
7f5408e1d000-7f5408e38000 r-xp 00000000 08:01 29492875                   /opt/jdk/jdk1.8.0_211/jre/lib/amd64/libzip.so
7f5408e38000-7f5409037000 ---p 0001b000 08:01 29492875                   /opt/jdk/jdk1.8.0_211/jre/lib/amd64/libzip.so
7f5409037000-7f5409038000 r--p 0001a000 08:01 29492875                   /opt/jdk/jdk1.8.0_211/jre/lib/amd64/libzip.so
7f5409038000-7f5409039000 rw-p 0001b000 08:01 29492875                   /opt/jdk/jdk1.8.0_211/jre/lib/amd64/libzip.so
7f5409039000-7f5409044000 r-xp 00000000 08:01 19268294                   /lib/x86_64-linux-gnu/libnss_files-2.27.so
7f5409044000-7f5409243000 ---p 0000b000 08:01 19268294                   /lib/x86_64-linux-gnu/libnss_files-2.27.so
7f5409243000-7f5409244000 r--p 0000a000 08:01 19268294                   /lib/x86_64-linux-gnu/libnss_files-2.27.so
7f5409244000-7f5409245000 rw-p 0000b000 08:01 19268294                   /lib/x86_64-linux-gnu/libnss_files-2.27.so
7f5409245000-7f540924b000 rw-p 00000000 00:00 0 
7f540924b000-7f5409262000 r-xp 00000000 08:01 19268291                   /lib/x86_64-linux-gnu/libnsl-2.27.so
7f5409262000-7f5409461000 ---p 00017000 08:01 19268291                   /lib/x86_64-linux-gnu/libnsl-2.27.so
7f5409461000-7f5409462000 r--p 00016000 08:01 19268291                   /lib/x86_64-linux-gnu/libnsl-2.27.so
7f5409462000-7f5409463000 rw-p 00017000 08:01 19268291                   /lib/x86_64-linux-gnu/libnsl-2.27.so
7f5409463000-7f5409465000 rw-p 00000000 00:00 0 
7f5409465000-7f5409470000 r-xp 00000000 08:01 19268296                   /lib/x86_64-linux-gnu/libnss_nis-2.27.so
7f5409470000-7f540966f000 ---p 0000b000 08:01 19268296                   /lib/x86_64-linux-gnu/libnss_nis-2.27.so
7f540966f000-7f5409670000 r--p 0000a000 08:01 19268296                   /lib/x86_64-linux-gnu/libnss_nis-2.27.so
7f5409670000-7f5409671000 rw-p 0000b000 08:01 19268296                   /lib/x86_64-linux-gnu/libnss_nis-2.27.so
7f5409671000-7f5409679000 r-xp 00000000 08:01 19268292                   /lib/x86_64-linux-gnu/libnss_compat-2.27.so
7f5409679000-7f5409879000 ---p 00008000 08:01 19268292                   /lib/x86_64-linux-gnu/libnss_compat-2.27.so
7f5409879000-7f540987a000 r--p 00008000 08:01 19268292                   /lib/x86_64-linux-gnu/libnss_compat-2.27.so
7f540987a000-7f540987b000 rw-p 00009000 08:01 19268292                   /lib/x86_64-linux-gnu/libnss_compat-2.27.so
7f540987b000-7f54098a7000 r-xp 00000000 08:01 29492866                   /opt/jdk/jdk1.8.0_211/jre/lib/amd64/libjava.so
7f54098a7000-7f5409aa7000 ---p 0002c000 08:01 29492866                   /opt/jdk/jdk1.8.0_211/jre/lib/amd64/libjava.so
7f5409aa7000-7f5409aa8000 r--p 0002c000 08:01 29492866                   /opt/jdk/jdk1.8.0_211/jre/lib/amd64/libjava.so
7f5409aa8000-7f5409aaa000 rw-p 0002d000 08:01 29492866                   /opt/jdk/jdk1.8.0_211/jre/lib/amd64/libjava.so
7f5409aaa000-7f5409ab7000 r-xp 00000000 08:01 29492857                   /opt/jdk/jdk1.8.0_211/jre/lib/amd64/libverify.so
7f5409ab7000-7f5409cb6000 ---p 0000d000 08:01 29492857                   /opt/jdk/jdk1.8.0_211/jre/lib/amd64/libverify.so
7f5409cb6000-7f5409cb8000 r--p 0000c000 08:01 29492857                   /opt/jdk/jdk1.8.0_211/jre/lib/amd64/libverify.so
7f5409cb8000-7f5409cb9000 rw-p 0000e000 08:01 29492857                   /opt/jdk/jdk1.8.0_211/jre/lib/amd64/libverify.so
7f5409cb9000-7f5409cc0000 r-xp 00000000 08:01 19268301                   /lib/x86_64-linux-gnu/librt-2.27.so
7f5409cc0000-7f5409ebf000 ---p 00007000 08:01 19268301                   /lib/x86_64-linux-gnu/librt-2.27.so
7f5409ebf000-7f5409ec0000 r--p 00006000 08:01 19268301                   /lib/x86_64-linux-gnu/librt-2.27.so
7f5409ec0000-7f5409ec1000 rw-p 00007000 08:01 19268301                   /lib/x86_64-linux-gnu/librt-2.27.so
7f5409ec1000-7f540a05e000 r-xp 00000000 08:01 19268288                   /lib/x86_64-linux-gnu/libm-2.27.so
7f540a05e000-7f540a25d000 ---p 0019d000 08:01 19268288                   /lib/x86_64-linux-gnu/libm-2.27.so
7f540a25d000-7f540a25e000 r--p 0019c000 08:01 19268288                   /lib/x86_64-linux-gnu/libm-2.27.so
7f540a25e000-7f540a25f000 rw-p 0019d000 08:01 19268288                   /lib/x86_64-linux-gnu/libm-2.27.so
7f540a25f000-7f540af47000 r-xp 00000000 08:01 29492873                   /opt/jdk/jdk1.8.0_211/jre/lib/amd64/server/libjvm.so
7f540af47000-7f540b146000 ---p 00ce8000 08:01 29492873                   /opt/jdk/jdk1.8.0_211/jre/lib/amd64/server/libjvm.so
7f540b146000-7f540b1dc000 r--p 00ce7000 08:01 29492873                   /opt/jdk/jdk1.8.0_211/jre/lib/amd64/server/libjvm.so
7f540b1dc000-7f540b20d000 rw-p 00d7d000 08:01 29492873                   /opt/jdk/jdk1.8.0_211/jre/lib/amd64/server/libjvm.so
7f540b20d000-7f540b248000 rw-p 00000000 00:00 0 
7f540b248000-7f540b42f000 r-xp 00000000 08:01 19268284                   /lib/x86_64-linux-gnu/libc-2.27.so
7f540b42f000-7f540b62f000 ---p 001e7000 08:01 19268284                   /lib/x86_64-linux-gnu/libc-2.27.so
7f540b62f000-7f540b633000 r--p 001e7000 08:01 19268284                   /lib/x86_64-linux-gnu/libc-2.27.so
7f540b633000-7f540b635000 rw-p 001eb000 08:01 19268284                   /lib/x86_64-linux-gnu/libc-2.27.so
7f540b635000-7f540b639000 rw-p 00000000 00:00 0 
7f540b639000-7f540b63c000 r-xp 00000000 08:01 19268287                   /lib/x86_64-linux-gnu/libdl-2.27.so
7f540b63c000-7f540b83b000 ---p 00003000 08:01 19268287                   /lib/x86_64-linux-gnu/libdl-2.27.so
7f540b83b000-7f540b83c000 r--p 00002000 08:01 19268287                   /lib/x86_64-linux-gnu/libdl-2.27.so
7f540b83c000-7f540b83d000 rw-p 00003000 08:01 19268287                   /lib/x86_64-linux-gnu/libdl-2.27.so
7f540b83d000-7f540b854000 r-xp 00000000 08:01 29491852                   /opt/jdk/jdk1.8.0_211/lib/amd64/jli/libjli.so
7f540b854000-7f540ba53000 ---p 00017000 08:01 29491852                   /opt/jdk/jdk1.8.0_211/lib/amd64/jli/libjli.so
7f540ba53000-7f540ba54000 r--p 00016000 08:01 29491852                   /opt/jdk/jdk1.8.0_211/lib/amd64/jli/libjli.so
7f540ba54000-7f540ba55000 rw-p 00017000 08:01 29491852                   /opt/jdk/jdk1.8.0_211/lib/amd64/jli/libjli.so
7f540ba55000-7f540ba6f000 r-xp 00000000 08:01 19268299                   /lib/x86_64-linux-gnu/libpthread-2.27.so
7f540ba6f000-7f540bc6e000 ---p 0001a000 08:01 19268299                   /lib/x86_64-linux-gnu/libpthread-2.27.so
7f540bc6e000-7f540bc6f000 r--p 00019000 08:01 19268299                   /lib/x86_64-linux-gnu/libpthread-2.27.so
7f540bc6f000-7f540bc70000 rw-p 0001a000 08:01 19268299                   /lib/x86_64-linux-gnu/libpthread-2.27.so
7f540bc70000-7f540bc74000 rw-p 00000000 00:00 0 
7f540bc74000-7f540bc9d000 r-xp 00000000 08:01 19268280                   /lib/x86_64-linux-gnu/ld-2.27.so
7f540bc9d000-7f540bc9e000 r--s 00005000 08:01 23858252                   /home/chinmay/eclipse-workspace/MexicoDataProcess/jars/json-simple-1.1.1.jar
7f540bc9e000-7f540bca3000 r--s 00084000 08:01 29492788                   /opt/jdk/jdk1.8.0_211/jre/lib/jfr.jar
7f540bca3000-7f540bca8000 r--s 002f9000 08:01 29492600                   /opt/jdk/jdk1.8.0_211/jre/lib/charsets.jar
7f540bca8000-7f540bd73000 rw-p 00000000 00:00 0 
7f540bd73000-7f540bd74000 ---p 00000000 00:00 0 
7f540bd74000-7f540bd77000 ---p 00000000 00:00 0 
7f540bd77000-7f540be78000 rw-p 00000000 00:00 0 
7f540be78000-7f540be7b000 r--s 0001a000 08:01 29492691                   /opt/jdk/jdk1.8.0_211/jre/lib/jce.jar
7f540be7b000-7f540be80000 r--s 000a3000 08:01 29492810                   /opt/jdk/jdk1.8.0_211/jre/lib/jsse.jar
7f540be80000-7f540be93000 r--s 00345000 08:01 29492723                   /opt/jdk/jdk1.8.0_211/jre/lib/resources.jar
7f540be93000-7f540be9b000 rw-s 00000000 08:01 19923003                   /tmp/hsperfdata_chinmay/7124
7f540be9b000-7f540be9c000 rw-p 00000000 00:00 0 
7f540be9c000-7f540be9d000 ---p 00000000 00:00 0 
7f540be9d000-7f540be9e000 r--p 00029000 08:01 19268280                   /lib/x86_64-linux-gnu/ld-2.27.so
7f540be9e000-7f540be9f000 rw-p 0002a000 08:01 19268280                   /lib/x86_64-linux-gnu/ld-2.27.so
7f540be9f000-7f540bea0000 rw-p 00000000 00:00 0 
7ffc31199000-7ffc311bb000 rw-p 00000000 00:00 0                          [stack]
7ffc311f0000-7ffc311f3000 r--p 00000000 00:00 0                          [vvar]
7ffc311f3000-7ffc311f4000 r-xp 00000000 00:00 0                          [vdso]
ffffffffff600000-ffffffffff601000 --xp 00000000 00:00 0                  [vsyscall]

VM Arguments:
jvm_args: -Dfile.encoding=UTF-8 
java_command: com.chinmay.test.CompareAddNumbersToAdd
java_class_path (initial): /opt/jdk/jdk1.8.0_211/jre/lib/resources.jar:/opt/jdk/jdk1.8.0_211/jre/lib/rt.jar:/opt/jdk/jdk1.8.0_211/jre/lib/jsse.jar:/opt/jdk/jdk1.8.0_211/jre/lib/jce.jar:/opt/jdk/jdk1.8.0_211/jre/lib/charsets.jar:/opt/jdk/jdk1.8.0_211/jre/lib/jfr.jar:/opt/jdk/jdk1.8.0_211/jre/lib/ext/nashorn.jar:/opt/jdk/jdk1.8.0_211/jre/lib/ext/zipfs.jar:/opt/jdk/jdk1.8.0_211/jre/lib/ext/sunpkcs11.jar:/opt/jdk/jdk1.8.0_211/jre/lib/ext/localedata.jar:/opt/jdk/jdk1.8.0_211/jre/lib/ext/jfxrt.jar:/opt/jdk/jdk1.8.0_211/jre/lib/ext/cldrdata.jar:/opt/jdk/jdk1.8.0_211/jre/lib/ext/sunjce_provider.jar:/opt/jdk/jdk1.8.0_211/jre/lib/ext/dnsns.jar:/opt/jdk/jdk1.8.0_211/jre/lib/ext/sunec.jar:/opt/jdk/jdk1.8.0_211/jre/lib/ext/jaccess.jar:/home/chinmay/eclipse-workspace/MexicoDataProcess/bin:/home/chinmay/eclipse-workspace/MexicoDataProcess/jars/commons-codec-1.11.jar:/home/chinmay/eclipse-workspace/MexicoDataProcess/jars/commons-collections-3.2.1.jar:/home/chinmay/eclipse-workspace/MexicoDataProcess/jars/commons-io-2.5.jar:/home/chinmay/eclipse-workspace/MexicoDataProcess/jars/commons-lang3-3.7.jar:/home/chinmay/eclipse-workspace/MexicoDataProcess/jars/commons-logging-1.2.jar:/home/chinmay/eclipse-workspace/MexicoDataProcess/jars/gson-2.2.2.jar:/home/chinmay/eclipse-workspace/MexicoDataProcess/jars/javax.mail-1.6.1.jar:/home/chinmay/eclipse-workspace/MexicoDataProcess/jars/json-simple-1.1.1.jar:/home/chinmay/eclipse-workspace/MexicoDataProcess/jars/opencsv-4.0.jar:/home/chinmay/eclipse-workspace/MexicoDataProcess/jars/sqlite-jdbc-3.21.0.jar:/home/chinmay/eclipse-workspace/MexicoDataProcess/jars/SuperCSV-1.52.jar:/home/chinmay/eclipse-workspace/MexicoDataProcess/jars/validator/commons-validator-1.6.jar:/home/chinmay/eclipse-workspace/MexicoDataProcess/jars/fuzzywuzzy/fuzzywuzzy-1.1.9.jar:/home/chinmay/eclipse-workspace/MexicoDataProcess/jars/httpclient-4.5.3.jar:/home/chinmay/eclipse-workspace/MexicoDataProcess/jars/httpcore-4.4.6.jar:/home/chinmay/eclipse-workspace/MexicoDataProc
Launcher Type: SUN_STANDARD

Environment Variables:
PATH=/home/chinmay/bin:/usr/local/sbin:/usr/local/bin:/usr/sbin:/usr/bin:/sbin:/bin:/usr/games:/usr/local/games:/snap/bin
USERNAME=chinmay
SHELL=/bin/bash
DISPLAY=:0

Signal Handlers:
SIGSEGV: [libjvm.so+0xad3d90], sa_mask[0]=11111111011111111101111111111110, sa_flags=SA_RESTART|SA_SIGINFO
SIGBUS: [libjvm.so+0xad3d90], sa_mask[0]=11111111011111111101111111111110, sa_flags=SA_RESTART|SA_SIGINFO
SIGFPE: [libjvm.so+0x90b8b0], sa_mask[0]=11111111011111111101111111111110, sa_flags=SA_RESTART|SA_SIGINFO
SIGPIPE: [libjvm.so+0x90b8b0], sa_mask[0]=11111111011111111101111111111110, sa_flags=SA_RESTART|SA_SIGINFO
SIGXFSZ: [libjvm.so+0x90b8b0], sa_mask[0]=11111111011111111101111111111110, sa_flags=SA_RESTART|SA_SIGINFO
SIGILL: [libjvm.so+0x90b8b0], sa_mask[0]=11111111011111111101111111111110, sa_flags=SA_RESTART|SA_SIGINFO
SIGUSR1: SIG_DFL, sa_mask[0]=00000000000000000000000000000000, sa_flags=none
SIGUSR2: [libjvm.so+0x90b780], sa_mask[0]=00100000000000000000000000000000, sa_flags=SA_RESTART|SA_SIGINFO
SIGHUP: [libjvm.so+0x90bda0], sa_mask[0]=11111111011111111101111111111110, sa_flags=SA_RESTART|SA_SIGINFO
SIGINT: [libjvm.so+0x90bda0], sa_mask[0]=11111111011111111101111111111110, sa_flags=SA_RESTART|SA_SIGINFO
SIGTERM: [libjvm.so+0x90bda0], sa_mask[0]=11111111011111111101111111111110, sa_flags=SA_RESTART|SA_SIGINFO
SIGQUIT: [libjvm.so+0x90bda0], sa_mask[0]=11111111011111111101111111111110, sa_flags=SA_RESTART|SA_SIGINFO


---------------  S Y S T E M  ---------------

OS:DISTRIB_ID=Ubuntu
DISTRIB_RELEASE=18.04
DISTRIB_CODENAME=bionic
DISTRIB_DESCRIPTION="Ubuntu 18.04.5 LTS"

uname:Linux 5.4.0-77-generic #86~18.04.1-Ubuntu SMP Fri Jun 18 01:23:22 UTC 2021 x86_64
libc:glibc 2.27 NPTL 2.27 
rlimit: STACK 8192k, CORE 0k, NPROC 31048, NOFILE 1048576, AS infinity
load average:2.49 1.15 1.31

/proc/meminfo:
MemTotal:        8022240 kB
MemFree:          129252 kB
MemAvailable:    1036944 kB
Buffers:          114368 kB
Cached:          2031720 kB
SwapCached:          288 kB
Active:          5942760 kB
Inactive:        1544828 kB
Active(anon):    5396708 kB
Inactive(anon):  1010312 kB
Active(file):     546052 kB
Inactive(file):   534516 kB
Unevictable:       16788 kB
Mlocked:             304 kB
SwapTotal:       2097148 kB
SwapFree:        2085360 kB
Dirty:               400 kB
Writeback:             0 kB
AnonPages:       5357928 kB
Mapped:          1211232 kB
Shmem:           1067872 kB
KReclaimable:      92764 kB
Slab:             230040 kB
SReclaimable:      92764 kB
SUnreclaim:       137276 kB
KernelStack:       18976 kB
PageTables:        85004 kB
NFS_Unstable:          0 kB
Bounce:                0 kB
WritebackTmp:          0 kB
CommitLimit:     6108268 kB
Committed_AS:   15912708 kB
VmallocTotal:   34359738367 kB
VmallocUsed:       32844 kB
VmallocChunk:          0 kB
Percpu:             3248 kB
HardwareCorrupted:     0 kB
AnonHugePages:         0 kB
ShmemHugePages:        0 kB
ShmemPmdMapped:        0 kB
FileHugePages:         0 kB
FilePmdMapped:         0 kB
CmaTotal:              0 kB
CmaFree:               0 kB
HugePages_Total:       0
HugePages_Free:        0
HugePages_Rsvd:        0
HugePages_Surp:        0
Hugepagesize:       2048 kB
Hugetlb:               0 kB
DirectMap4k:      354732 kB
DirectMap2M:     7903232 kB
DirectMap1G:     1048576 kB

container (cgroup) information:
container_type: cgroupv1
cpu_cpuset_cpus: 0-3
cpu_memory_nodes: 0
active_processor_count: 4
cpu_quota: -1
cpu_period: 100000
cpu_shares: -1
memory_limit_in_bytes: -1
memory_and_swap_limit_in_bytes: -2
memory_soft_limit_in_bytes: -1
memory_usage_in_bytes: 6948929536
memory_max_usage_in_bytes: 6960148480


CPU:total 4 (initial active 4) (2 cores per cpu, 2 threads per core) family 6 model 60 stepping 3, cmov, cx8, fxsr, mmx, sse, sse2, sse3, ssse3, sse4.1, sse4.2, popcnt, avx, avx2, aes, clmul, erms, lzcnt, ht, tsc, tscinvbit, bmi1, bmi2

/proc/cpuinfo:
processor	: 0
vendor_id	: GenuineIntel
cpu family	: 6
model		: 60
model name	: Intel(R) Core(TM) i3-4160 CPU @ 3.60GHz
stepping	: 3
microcode	: 0x28
cpu MHz		: 3591.925
cache size	: 3072 KB
physical id	: 0
siblings	: 4
core id		: 0
cpu cores	: 2
apicid		: 0
initial apicid	: 0
fpu		: yes
fpu_exception	: yes
cpuid level	: 13
wp		: yes
flags		: fpu vme de pse tsc msr pae mce cx8 apic sep mtrr pge mca cmov pat pse36 clflush dts acpi mmx fxsr sse sse2 ss ht tm pbe syscall nx pdpe1gb rdtscp lm constant_tsc arch_perfmon pebs bts rep_good nopl xtopology nonstop_tsc cpuid aperfmperf pni pclmulqdq dtes64 monitor ds_cpl vmx est tm2 ssse3 sdbg fma cx16 xtpr pdcm pcid sse4_1 sse4_2 movbe popcnt tsc_deadline_timer aes xsave avx f16c rdrand lahf_lm abm cpuid_fault epb invpcid_single pti ssbd ibrs ibpb stibp tpr_shadow vnmi flexpriority ept vpid ept_ad fsgsbase tsc_adjust bmi1 avx2 smep bmi2 erms invpcid xsaveopt dtherm arat pln pts md_clear flush_l1d
bugs		: cpu_meltdown spectre_v1 spectre_v2 spec_store_bypass l1tf mds swapgs itlb_multihit srbds
bogomips	: 7183.85
clflush size	: 64
cache_alignment	: 64
address sizes	: 39 bits physical, 48 bits virtual
power management:

processor	: 1
vendor_id	: GenuineIntel
cpu family	: 6
model		: 60
model name	: Intel(R) Core(TM) i3-4160 CPU @ 3.60GHz
stepping	: 3
microcode	: 0x28
cpu MHz		: 3591.927
cache size	: 3072 KB
physical id	: 0
siblings	: 4
core id		: 1
cpu cores	: 2
apicid		: 2
initial apicid	: 2
fpu		: yes
fpu_exception	: yes
cpuid level	: 13
wp		: yes
flags		: fpu vme de pse tsc msr pae mce cx8 apic sep mtrr pge mca cmov pat pse36 clflush dts acpi mmx fxsr sse sse2 ss ht tm pbe syscall nx pdpe1gb rdtscp lm constant_tsc arch_perfmon pebs bts rep_good nopl xtopology nonstop_tsc cpuid aperfmperf pni pclmulqdq dtes64 monitor ds_cpl vmx est tm2 ssse3 sdbg fma cx16 xtpr pdcm pcid sse4_1 sse4_2 movbe popcnt tsc_deadline_timer aes xsave avx f16c rdrand lahf_lm abm cpuid_fault epb invpcid_single pti ssbd ibrs ibpb stibp tpr_shadow vnmi flexpriority ept vpid ept_ad fsgsbase tsc_adjust bmi1 avx2 smep bmi2 erms invpcid xsaveopt dtherm arat pln pts md_clear flush_l1d
bugs		: cpu_meltdown spectre_v1 spectre_v2 spec_store_bypass l1tf mds swapgs itlb_multihit srbds
bogomips	: 7183.85
clflush size	: 64
cache_alignment	: 64
address sizes	: 39 bits physical, 48 bits virtual
power management:

processor	: 2
vendor_id	: GenuineIntel
cpu family	: 6
model		: 60
model name	: Intel(R) Core(TM) i3-4160 CPU @ 3.60GHz
stepping	: 3
microcode	: 0x28
cpu MHz		: 3591.927
cache size	: 3072 KB
physical id	: 0
siblings	: 4
core id		: 0
cpu cores	: 2
apicid		: 1
initial apicid	: 1
fpu		: yes
fpu_exception	: yes
cpuid level	: 13
wp		: yes
flags		: fpu vme de pse tsc msr pae mce cx8 apic sep mtrr pge mca cmov pat pse36 clflush dts acpi mmx fxsr sse sse2 ss ht tm pbe syscall nx pdpe1gb rdtscp lm constant_tsc arch_perfmon pebs bts rep_good nopl xtopology nonstop_tsc cpuid aperfmperf pni pclmulqdq dtes64 monitor ds_cpl vmx est tm2 ssse3 sdbg fma cx16 xtpr pdcm pcid sse4_1 sse4_2 movbe popcnt tsc_deadline_timer aes xsave avx f16c rdrand lahf_lm abm cpuid_fault epb invpcid_single pti ssbd ibrs ibpb stibp tpr_shadow vnmi flexpriority ept vpid ept_ad fsgsbase tsc_adjust bmi1 avx2 smep bmi2 erms invpcid xsaveopt dtherm arat pln pts md_clear flush_l1d
bugs		: cpu_meltdown spectre_v1 spectre_v2 spec_store_bypass l1tf mds swapgs itlb_multihit srbds
bogomips	: 7183.85
clflush size	: 64
cache_alignment	: 64
address sizes	: 39 bits physical, 48 bits virtual
power management:

processor	: 3
vendor_id	: GenuineIntel
cpu family	: 6
model		: 60
model name	: Intel(R) Core(TM) i3-4160 CPU @ 3.60GHz
stepping	: 3
microcode	: 0x28
cpu MHz		: 3591.928
cache size	: 3072 KB
physical id	: 0
siblings	: 4
core id		: 1
cpu cores	: 2
apicid		: 3
initial apicid	: 3
fpu		: yes
fpu_exception	: yes
cpuid level	: 13
wp		: yes
flags		: fpu vme de pse tsc msr pae mce cx8 apic sep mtrr pge mca cmov pat pse36 clflush dts acpi mmx fxsr sse sse2 ss ht tm pbe syscall nx pdpe1gb rdtscp lm constant_tsc arch_perfmon pebs bts rep_good nopl xtopology nonstop_tsc cpuid aperfmperf pni pclmulqdq dtes64 monitor ds_cpl vmx est tm2 ssse3 sdbg fma cx16 xtpr pdcm pcid sse4_1 sse4_2 movbe popcnt tsc_deadline_timer aes xsave avx f16c rdrand lahf_lm abm cpuid_fault epb invpcid_single pti ssbd ibrs ibpb stibp tpr_shadow vnmi flexpriority ept vpid ept_ad fsgsbase tsc_adjust bmi1 avx2 smep bmi2 erms invpcid xsaveopt dtherm arat pln pts md_clear flush_l1d
bugs		: cpu_meltdown spectre_v1 spectre_v2 spec_store_bypass l1tf mds swapgs itlb_multihit srbds
bogomips	: 7183.85
clflush size	: 64
cache_alignment	: 64
address sizes	: 39 bits physical, 48 bits virtual
power management:



Memory: 4k page, physical 8022240k(126228k free), swap 2097148k(2085360k free)

vm_info: Java HotSpot(TM) 64-Bit Server VM (25.211-b12) for linux-amd64 JRE (1.8.0_211-b12), built on Apr  1 2019 20:39:34 by "java_re" with gcc 7.3.0

time: Sat Jun 26 16:07:11 2021
timezone: IST
elapsed time: 21 seconds (0d 0h 0m 21s)

