#
# A fatal error has been detected by the Java Runtime Environment:
#
#  SIGSEGV (0xb) at pc=0x00007f263612c702, pid=2510, tid=0x00007f2620769700
#
# JRE version: Java(TM) SE Runtime Environment (8.0_211-b12) (build 1.8.0_211-b12)
# Java VM: Java HotSpot(TM) 64-Bit Server VM (25.211-b12 mixed mode linux-amd64 compressed oops)
# Problematic frame:
# V  [libjvm.so+0x987702]  oopDesc* PSPromotionManager::copy_to_survivor_space<false>(oopDesc*)+0x3b2
#
# Failed to write core dump. Core dumps have been disabled. To enable core dumping, try "ulimit -c unlimited" before starting Java again
#
# If you would like to submit a bug report, please visit:
#   http://bugreport.java.com/bugreport/crash.jsp
#

---------------  T H R E A D  ---------------

Current thread (0x00007f2630024000):  GCTaskThread [stack: 0x00007f262066a000,0x00007f262076a000] [id=2517]

siginfo: si_signo: 11 (SIGSEGV), si_code: 1 (SEGV_MAPERR), si_addr: 0x000000076396e0a0

Registers:
RAX=0x000000076396e098, RBX=0x00000000f47cdbe8, RCX=0x0000000000000003, RDX=0x0000000000000001
RSP=0x00007f2620768c40, RBP=0x00007f2620768cd0, RSI=0x00000000f47cdbe8, RDI=0x00007f2630077d80
R8 =0x0000000000000000, R9 =0x00000000ec72dfbd, R10=0x00007f263673dda0, R11=0x00000000ec72db60
R12=0x00007f2630077d80, R13=0x0000000000000001, R14=0x00007f2630077de8, R15=0x00007f263673ddb0
RIP=0x00007f263612c702, EFLAGS=0x0000000000010202, CSGSFS=0x002b000000000033, ERR=0x0000000000000004
  TRAPNO=0x000000000000000e

Top of Stack: (sp=0x00007f2620768c40)
0x00007f2620768c40:   00007f2620768cd0 00007f263612b371
0x00007f2620768c50:   00007f2630077de8 0000000000000058
0x00007f2620768c60:   00007f260000000b 0000000000000009
0x00007f2620768c70:   00000000ec7275a8 0000000000001000
0x00007f2620768c80:   0000000000000000 00007f26367623e9
0x00007f2620768c90:   00007f2620768d20 00007f263612b371
0x00007f2620768ca0:   00007f26209c1e01 00007f2630077d80
0x00007f2620768cb0:   00000000ec72db8c 0000000000000001
0x00007f2620768cc0:   00007f2630077de8 00007f263673ddb0
0x00007f2620768cd0:   00007f2620768d20 00007f263612bf98
0x00007f2620768ce0:   000a0ed700009039 000a0ed800009039
0x00007f2620768cf0:   00000000b09f0028 00007f26300784b0
0x00007f2620768d00:   0000000000000001 00007f2620768d5c
0x00007f2620768d10:   0000000000000000 0000000000000000
0x00007f2620768d20:   00007f2620768da0 00007f263613057e
0x00007f2620768d30:   00007f26209c1ded 00007f25eccb5580
0x00007f2620768d40:   00007f2630077d80 0000000000000000
0x00007f2620768d50:   00007f2630021ce0 29285d9230021ce0
0x00007f2620768d60:   0014b53c0001a86b 0014b53c0001a86c
0x00007f2620768d70:   00007f2620768da0 0000000000000001
0x00007f2620768d80:   00007f25eccb5580 00007f2630024000
0x00007f2620768d90:   0000000000000000 00007f2636762188
0x00007f2620768da0:   00007f2620768eb0 00007f2635d68816
0x00007f2620768db0:   00000000000003d8 00007f2630024670
0x00007f2620768dc0:   00007f2630024a98 00007f26300246c0
0x00007f2620768dd0:   00007f2620768e40 00007f26300246b0
0x00007f2620768de0:   00007f2620768df8 00007f263630df63
0x00007f2620768df0:   0000000000000000 0000000000000000
0x00007f2620768e00:   00007f2630024000 00007f2630024aa0
0x00007f2620768e10:   00007f2630024ae0 00007f2630024af0
0x00007f2620768e20:   00007f2630024bc8 00000000000000d8
0x00007f2620768e30:   00007f2630024d00 0000000000000001 

Instructions: (pc=0x00007f263612c702)
0x00007f263612c6e2:   ff ff 0f 1f 40 00 4c 8d 15 b1 16 61 00 8b 46 08
0x00007f263612c6f2:   48 89 f3 49 89 fc 41 8b 4a 08 48 d3 e0 49 03 02
0x00007f263612c702:   8b 48 08 83 f9 00 0f 8f 92 fd ff ff 0f 84 0c fe
0x00007f263612c712:   ff ff 80 fa 01 48 8d 15 ce 95 5f 00 48 19 c0 83 

Register to memory mapping:

RAX=0x000000076396e098 is an unknown value
RBX=0x00000000f47cdbe8 is an unknown value
RCX=0x0000000000000003 is an unknown value
RDX=0x0000000000000001 is an unknown value
RSP=0x00007f2620768c40 is an unknown value
RBP=0x00007f2620768cd0 is an unknown value
RSI=0x00000000f47cdbe8 is an unknown value
RDI=0x00007f2630077d80 is an unknown value
R8 =0x0000000000000000 is an unknown value
R9 =0x00000000ec72dfbd is an unknown value
R10=0x00007f263673dda0: <offset 0xf98da0> in /opt/jdk/jdk1.8.0_211/jre/lib/amd64/server/libjvm.so at 0x00007f26357a5000
R11=0x00000000ec72db60 is an oop
[Ljava.lang.String; 
 - klass: 'java/lang/String'[]
 - length: 40
R12=0x00007f2630077d80 is an unknown value
R13=0x0000000000000001 is an unknown value
R14=0x00007f2630077de8 is an unknown value
R15=0x00007f263673ddb0: <offset 0xf98db0> in /opt/jdk/jdk1.8.0_211/jre/lib/amd64/server/libjvm.so at 0x00007f26357a5000


Stack: [0x00007f262066a000,0x00007f262076a000],  sp=0x00007f2620768c40,  free space=1019k
Native frames: (J=compiled Java code, j=interpreted, Vv=VM code, C=native code)
V  [libjvm.so+0x987702]  oopDesc* PSPromotionManager::copy_to_survivor_space<false>(oopDesc*)+0x3b2
V  [libjvm.so+0x986f98]  PSPromotionManager::drain_stacks_depth(bool)+0x788
V  [libjvm.so+0x98b57e]  StealTask::do_it(GCTaskManager*, unsigned int)+0x4ce
V  [libjvm.so+0x5c3816]  GCTaskThread::run()+0x1b6
V  [libjvm.so+0x90d952]  java_start(Thread*)+0x102


---------------  P R O C E S S  ---------------

Java Threads: ( => current thread )
  0x00007f26300cb000 JavaThread "Service Thread" daemon [_thread_blocked, id=2527, stack(0x00007f2619c31000,0x00007f2619d32000)]
  0x00007f26300c0000 JavaThread "C1 CompilerThread2" daemon [_thread_blocked, id=2526, stack(0x00007f2619d33000,0x00007f2619e33000)]
  0x00007f26300be000 JavaThread "C2 CompilerThread1" daemon [_thread_blocked, id=2525, stack(0x00007f2619e34000,0x00007f2619f34000)]
  0x00007f26300bb000 JavaThread "C2 CompilerThread0" daemon [_thread_blocked, id=2524, stack(0x00007f2619f35000,0x00007f261a035000)]
  0x00007f26300b9800 JavaThread "Signal Dispatcher" daemon [_thread_blocked, id=2523, stack(0x00007f261a035000,0x00007f261a136000)]
  0x00007f2630087000 JavaThread "Finalizer" daemon [_thread_blocked, id=2522, stack(0x00007f261a414000,0x00007f261a515000)]
  0x00007f2630084800 JavaThread "Reference Handler" daemon [_thread_blocked, id=2521, stack(0x00007f261a515000,0x00007f261a616000)]
  0x00007f263000c800 JavaThread "main" [_thread_blocked, id=2515, stack(0x00007f26372ba000,0x00007f26373ba000)]

Other Threads:
  0x00007f263007a800 VMThread [stack: 0x00007f261a617000,0x00007f261a717000] [id=2520]
  0x00007f26300cd800 WatcherThread [stack: 0x00007f2619b31000,0x00007f2619c31000] [id=2528]

=>0x00007f2630024000 (exited) GCTaskThread [stack: 0x00007f262066a000,0x00007f262076a000] [id=2517]

VM state:at safepoint (normal execution)

VM Mutex/Monitor currently owned by a thread:  ([mutex/lock_event])
[0x00007f2630009020] Threads_lock - owner thread: 0x00007f263007a800
[0x00007f2630009520] Heap_lock - owner thread: 0x00007f263000c800

heap address: 0x0000000085800000, size: 1960 MB, Compressed Oops mode: 32-bit
Narrow klass base: 0x0000000000000000, Narrow klass shift: 3
Compressed class space size: 1073741824 Address: 0x0000000100000000

Heap:
 PSYoungGen      total 439808K, used 343200K [0x00000000d7300000, 0x00000000fdc00000, 0x0000000100000000)
  eden space 257024K, 100% used [0x00000000d7300000,0x00000000e6e00000,0x00000000e6e00000)
  from space 182784K, 47% used [0x00000000f2980000,0x00000000f7da8318,0x00000000fdc00000)
  to   space 187392K, 51% used [0x00000000e6e00000,0x00000000ecb875a8,0x00000000f2500000)
 ParOldGen       total 830464K, used 706634K [0x0000000085800000, 0x00000000b8300000, 0x00000000d7300000)
  object space 830464K, 85% used [0x0000000085800000,0x00000000b0a12ad8,0x00000000b8300000)
 Metaspace       used 10289K, capacity 10546K, committed 10752K, reserved 1058816K
  class space    used 1061K, capacity 1189K, committed 1280K, reserved 1048576K

Card table byte_map: [0x00007f262086b000,0x00007f2620c40000] byte_map_base: 0x00007f262043f000

Marking Bits: (ParMarkBitMap*) 0x00007f2636770d80
 Begin Bits: [0x00007f26082c0000, 0x00007f260a160000)
 End Bits:   [0x00007f260a160000, 0x00007f260c000000)

Polling page: 0x00007f26373e2000

CodeCache: size=245760Kb used=6740Kb max_used=6956Kb free=239019Kb
 bounds [0x00007f2621000000, 0x00007f26216f0000, 0x00007f2630000000]
 total_blobs=1884 nmethods=1531 adapters=266
 compilation: enabled

Compilation events (10 events):
Event: 87.346 Thread 0x00007f26300be000 1705 % !   4       com.tequila.database.corrector.CorrectNonUniqueFields::updateGeoDistance @ 50 (382 bytes)
Event: 87.387 Thread 0x00007f26300be000 nmethod 1705% 0x00007f262136e750 code [0x00007f262136eb20, 0x00007f2621370eb8]
Event: 88.280 Thread 0x00007f26300bb000 1706   !   4       com.tequila.database.corrector.CorrectNonUniqueFields::updateGeoDistance (382 bytes)
Event: 88.316 Thread 0x00007f26300bb000 nmethod 1706 0x00007f262111e890 code [0x00007f262111ece0, 0x00007f2621121100]
Event: 89.776 Thread 0x00007f26300be000 1707       4       java.util.AbstractCollection::toArray (70 bytes)
Event: 89.790 Thread 0x00007f26300bb000 1708       4       java.lang.String::getBytes (27 bytes)
Event: 89.791 Thread 0x00007f26300bb000 nmethod 1708 0x00007f2621347d50 code [0x00007f2621347ea0, 0x00007f2621347f68]
Event: 89.791 Thread 0x00007f26300be000 nmethod 1707 0x00007f26211d6d10 code [0x00007f26211d6ec0, 0x00007f26211d7558]
Event: 93.665 Thread 0x00007f26300bb000 1709       4       java.lang.Character::isSurrogate (18 bytes)
Event: 93.666 Thread 0x00007f26300bb000 nmethod 1709 0x00007f262136e510 code [0x00007f262136e660, 0x00007f262136e6b8]

GC Heap History (10 events):
Event: 81.380 GC heap after
Heap after GC invocations=35 (full 5):
 PSYoungGen      total 454144K, used 36681K [0x00000000d7300000, 0x0000000100000000, 0x0000000100000000)
  eden space 232960K, 0% used [0x00000000d7300000,0x00000000d7300000,0x00000000e5680000)
  from space 221184K, 16% used [0x00000000f2800000,0x00000000f4bd27e8,0x0000000100000000)
  to   space 214528K, 0% used [0x00000000e5680000,0x00000000e5680000,0x00000000f2800000)
 ParOldGen       total 830464K, used 706618K [0x0000000085800000, 0x00000000b8300000, 0x00000000d7300000)
  object space 830464K, 85% used [0x0000000085800000,0x00000000b0a0ead8,0x00000000b8300000)
 Metaspace       used 10281K, capacity 10546K, committed 10752K, reserved 1058816K
  class space    used 1061K, capacity 1189K, committed 1280K, reserved 1048576K
}
Event: 81.634 GC heap before
{Heap before GC invocations=36 (full 5):
 PSYoungGen      total 454144K, used 269641K [0x00000000d7300000, 0x0000000100000000, 0x0000000100000000)
  eden space 232960K, 100% used [0x00000000d7300000,0x00000000e5680000,0x00000000e5680000)
  from space 221184K, 16% used [0x00000000f2800000,0x00000000f4bd27e8,0x0000000100000000)
  to   space 214528K, 0% used [0x00000000e5680000,0x00000000e5680000,0x00000000f2800000)
 ParOldGen       total 830464K, used 706618K [0x0000000085800000, 0x00000000b8300000, 0x00000000d7300000)
  object space 830464K, 85% used [0x0000000085800000,0x00000000b0a0ead8,0x00000000b8300000)
 Metaspace       used 10281K, capacity 10546K, committed 10752K, reserved 1058816K
  class space    used 1061K, capacity 1189K, committed 1280K, reserved 1048576K
Event: 81.650 GC heap after
Heap after GC invocations=36 (full 5):
 PSYoungGen      total 250880K, used 17545K [0x00000000d7300000, 0x00000000ff280000, 0x0000000100000000)
  eden space 232960K, 0% used [0x00000000d7300000,0x00000000d7300000,0x00000000e5680000)
  from space 17920K, 97% used [0x00000000e5680000,0x00000000e67a27e8,0x00000000e6800000)
  to   space 210944K, 0% used [0x00000000f2480000,0x00000000f2480000,0x00000000ff280000)
 ParOldGen       total 830464K, used 706618K [0x0000000085800000, 0x00000000b8300000, 0x00000000d7300000)
  object space 830464K, 85% used [0x0000000085800000,0x00000000b0a0ead8,0x00000000b8300000)
 Metaspace       used 10281K, capacity 10546K, committed 10752K, reserved 1058816K
  class space    used 1061K, capacity 1189K, committed 1280K, reserved 1048576K
}
Event: 83.915 GC heap before
{Heap before GC invocations=37 (full 5):
 PSYoungGen      total 250880K, used 250505K [0x00000000d7300000, 0x00000000ff280000, 0x0000000100000000)
  eden space 232960K, 100% used [0x00000000d7300000,0x00000000e5680000,0x00000000e5680000)
  from space 17920K, 97% used [0x00000000e5680000,0x00000000e67a27e8,0x00000000e6800000)
  to   space 210944K, 0% used [0x00000000f2480000,0x00000000f2480000,0x00000000ff280000)
 ParOldGen       total 830464K, used 706618K [0x0000000085800000, 0x00000000b8300000, 0x00000000d7300000)
  object space 830464K, 85% used [0x0000000085800000,0x00000000b0a0ead8,0x00000000b8300000)
 Metaspace       used 10285K, capacity 10546K, committed 10752K, reserved 1058816K
  class space    used 1061K, capacity 1189K, committed 1280K, reserved 1048576K
Event: 83.978 GC heap after
Heap after GC invocations=37 (full 5):
 PSYoungGen      total 450560K, used 81440K [0x00000000d7300000, 0x00000000fef00000, 0x0000000100000000)
  eden space 243200K, 0% used [0x00000000d7300000,0x00000000d7300000,0x00000000e6080000)
  from space 207360K, 39% used [0x00000000f2480000,0x00000000f7408368,0x00000000fef00000)
  to   space 200704K, 0% used [0x00000000e6080000,0x00000000e6080000,0x00000000f2480000)
 ParOldGen       total 830464K, used 706626K [0x0000000085800000, 0x00000000b8300000, 0x00000000d7300000)
  object space 830464K, 85% used [0x0000000085800000,0x00000000b0a10ad8,0x00000000b8300000)
 Metaspace       used 10285K, capacity 10546K, committed 10752K, reserved 1058816K
  class space    used 1061K, capacity 1189K, committed 1280K, reserved 1048576K
}
Event: 90.714 GC heap before
{Heap before GC invocations=38 (full 5):
 PSYoungGen      total 450560K, used 324640K [0x00000000d7300000, 0x00000000fef00000, 0x0000000100000000)
  eden space 243200K, 100% used [0x00000000d7300000,0x00000000e6080000,0x00000000e6080000)
  from space 207360K, 39% used [0x00000000f2480000,0x00000000f7408368,0x00000000fef00000)
  to   space 200704K, 0% used [0x00000000e6080000,0x00000000e6080000,0x00000000f2480000)
 ParOldGen       total 830464K, used 706626K [0x0000000085800000, 0x00000000b8300000, 0x00000000d7300000)
  object space 830464K, 85% used [0x0000000085800000,0x00000000b0a10ad8,0x00000000b8300000)
 Metaspace       used 10289K, capacity 10546K, committed 10752K, reserved 1058816K
  class space    used 1061K, capacity 1189K, committed 1280K, reserved 1048576K
Event: 90.750 GC heap after
Heap after GC invocations=38 (full 5):
 PSYoungGen      total 443904K, used 38969K [0x00000000d7300000, 0x00000000fe680000, 0x0000000100000000)
  eden space 243200K, 0% used [0x00000000d7300000,0x00000000d7300000,0x00000000e6080000)
  from space 200704K, 19% used [0x00000000e6080000,0x00000000e868e768,0x00000000f2480000)
  to   space 193536K, 0% used [0x00000000f2980000,0x00000000f2980000,0x00000000fe680000)
 ParOldGen       total 830464K, used 706634K [0x0000000085800000, 0x00000000b8300000, 0x00000000d7300000)
  object space 830464K, 85% used [0x0000000085800000,0x00000000b0a12ad8,0x00000000b8300000)
 Metaspace       used 10289K, capacity 10546K, committed 10752K, reserved 1058816K
  class space    used 1061K, capacity 1189K, committed 1280K, reserved 1048576K
}
Event: 92.277 GC heap before
{Heap before GC invocations=39 (full 5):
 PSYoungGen      total 443904K, used 282169K [0x00000000d7300000, 0x00000000fe680000, 0x0000000100000000)
  eden space 243200K, 100% used [0x00000000d7300000,0x00000000e6080000,0x00000000e6080000)
  from space 200704K, 19% used [0x00000000e6080000,0x00000000e868e768,0x00000000f2480000)
  to   space 193536K, 0% used [0x00000000f2980000,0x00000000f2980000,0x00000000fe680000)
 ParOldGen       total 830464K, used 706634K [0x0000000085800000, 0x00000000b8300000, 0x00000000d7300000)
  object space 830464K, 85% used [0x0000000085800000,0x00000000b0a12ad8,0x00000000b8300000)
 Metaspace       used 10289K, capacity 10546K, committed 10752K, reserved 1058816K
  class space    used 1061K, capacity 1189K, committed 1280K, reserved 1048576K
Event: 92.361 GC heap after
Heap after GC invocations=39 (full 5):
 PSYoungGen      total 439808K, used 86176K [0x00000000d7300000, 0x00000000fdc00000, 0x0000000100000000)
  eden space 257024K, 0% used [0x00000000d7300000,0x00000000d7300000,0x00000000e6e00000)
  from space 182784K, 47% used [0x00000000f2980000,0x00000000f7da8318,0x00000000fdc00000)
  to   space 187392K, 0% used [0x00000000e6e00000,0x00000000e6e00000,0x00000000f2500000)
 ParOldGen       total 830464K, used 706634K [0x0000000085800000, 0x00000000b8300000, 0x00000000d7300000)
  object space 830464K, 85% used [0x0000000085800000,0x00000000b0a12ad8,0x00000000b8300000)
 Metaspace       used 10289K, capacity 10546K, committed 10752K, reserved 1058816K
  class space    used 1061K, capacity 1189K, committed 1280K, reserved 1048576K
}
Event: 94.236 GC heap before
{Heap before GC invocations=40 (full 5):
 PSYoungGen      total 439808K, used 343200K [0x00000000d7300000, 0x00000000fdc00000, 0x0000000100000000)
  eden space 257024K, 100% used [0x00000000d7300000,0x00000000e6e00000,0x00000000e6e00000)
  from space 182784K, 47% used [0x00000000f2980000,0x00000000f7da8318,0x00000000fdc00000)
  to   space 187392K, 0% used [0x00000000e6e00000,0x00000000e6e00000,0x00000000f2500000)
 ParOldGen       total 830464K, used 706634K [0x0000000085800000, 0x00000000b8300000, 0x00000000d7300000)
  object space 830464K, 85% used [0x0000000085800000,0x00000000b0a12ad8,0x00000000b8300000)
 Metaspace       used 10289K, capacity 10546K, committed 10752K, reserved 1058816K
  class space    used 1061K, capacity 1189K, committed 1280K, reserved 1048576K

Deoptimization events (10 events):
Event: 27.779 Thread 0x00007f263000c800 Uncommon trap: reason=unstable_if action=reinterpret pc=0x00007f26215586b8 method=org.sqlite.jdbc3.JDBC3ResultSet.next()Z @ 4
Event: 27.779 Thread 0x00007f263000c800 Uncommon trap: reason=unstable_if action=reinterpret pc=0x00007f2621555158 method=java.util.ArrayList.addAll(Ljava/util/Collection;)Z @ 45
Event: 27.817 Thread 0x00007f263000c800 Uncommon trap: reason=unstable_if action=reinterpret pc=0x00007f26214e2fe8 method=org.sqlite.core.CorePreparedStatement.batch(ILjava/lang/Object;)V @ 8
Event: 27.887 Thread 0x00007f263000c800 Uncommon trap: reason=unstable_if action=reinterpret pc=0x00007f26214e8fe0 method=org.sqlite.core.DB.sqlbind(JILjava/lang/Object;)I @ 5
Event: 27.912 Thread 0x00007f263000c800 Uncommon trap: reason=unstable_if action=reinterpret pc=0x00007f26214da4dc method=sun.nio.cs.UTF_8$Encoder.encode([CII[B)I @ 95
Event: 30.010 Thread 0x00007f263000c800 Uncommon trap: reason=unstable_if action=reinterpret pc=0x00007f26215852f4 method=com.tequila.database.corrector.UpdateReportAtTable.insertDataInDB(Ljava/util/List;)V @ 198
Event: 30.642 Thread 0x00007f263000c800 Uncommon trap: reason=unstable_if action=reinterpret pc=0x00007f26214daa38 method=org.sqlite.core.CorePreparedStatement.batch(ILjava/lang/Object;)V @ 8
Event: 56.699 Thread 0x00007f2630087000 Uncommon trap: reason=null_check action=make_not_entrant pc=0x00007f262155056c method=java.lang.StringCoding.deref(Ljava/lang/ThreadLocal;)Ljava/lang/Object; @ 4
Event: 65.519 Thread 0x00007f263000c800 Uncommon trap: reason=unstable_if action=reinterpret pc=0x00007f26216a116c method=com.tequila.database.corrector.CorrectNonUniqueFields.updateQualityScore(Ljava/util/Map;)V @ 195
Event: 89.127 Thread 0x00007f263000c800 Uncommon trap: reason=unstable_if action=reinterpret pc=0x00007f262137012c method=com.tequila.database.corrector.CorrectNonUniqueFields.updateGeoDistance(Ljava/util/Map;)V @ 195

Classes redefined (0 events):
No events

Internal exceptions (10 events):
Event: 0.573 Thread 0x00007f263000c800 Exception <a 'java/security/PrivilegedActionException'> (0x00000000d91c8088) thrown at [/HUDSON/workspace/8-2-build-linux-amd64/jdk8u211/12973/hotspot/src/share/vm/prims/jvm.cpp, line 1502]
Event: 0.573 Thread 0x00007f263000c800 Exception <a 'java/security/PrivilegedActionException'> (0x00000000d91c8480) thrown at [/HUDSON/workspace/8-2-build-linux-amd64/jdk8u211/12973/hotspot/src/share/vm/prims/jvm.cpp, line 1502]
Event: 0.573 Thread 0x00007f263000c800 Exception <a 'java/security/PrivilegedActionException'> (0x00000000d91c9308) thrown at [/HUDSON/workspace/8-2-build-linux-amd64/jdk8u211/12973/hotspot/src/share/vm/prims/jvm.cpp, line 1502]
Event: 0.573 Thread 0x00007f263000c800 Exception <a 'java/security/PrivilegedActionException'> (0x00000000d91c9700) thrown at [/HUDSON/workspace/8-2-build-linux-amd64/jdk8u211/12973/hotspot/src/share/vm/prims/jvm.cpp, line 1502]
Event: 0.573 Thread 0x00007f263000c800 Exception <a 'java/security/PrivilegedActionException'> (0x00000000d91ca5b0) thrown at [/HUDSON/workspace/8-2-build-linux-amd64/jdk8u211/12973/hotspot/src/share/vm/prims/jvm.cpp, line 1502]
Event: 0.573 Thread 0x00007f263000c800 Exception <a 'java/security/PrivilegedActionException'> (0x00000000d91ca9a8) thrown at [/HUDSON/workspace/8-2-build-linux-amd64/jdk8u211/12973/hotspot/src/share/vm/prims/jvm.cpp, line 1502]
Event: 27.817 Thread 0x00007f263000c800 Implicit null exception at 0x00007f26214e2f1d to 0x00007f26214e2fcd
Event: 27.887 Thread 0x00007f263000c800 Implicit null exception at 0x00007f26214e8324 to 0x00007f26214e8fbd
Event: 30.642 Thread 0x00007f263000c800 Implicit null exception at 0x00007f26214da94a to 0x00007f26214daa0d
Event: 56.699 Thread 0x00007f2630087000 Implicit null exception at 0x00007f262154fde0 to 0x00007f2621550551

Events (10 events):
Event: 89.776 Thread 0x00007f263000c800 DEOPT UNPACKING pc=0x00007f2621047784 sp=0x00007f26373b83f8 mode 0
Event: 90.714 Executing VM operation: ParallelGCFailedAllocation
Event: 90.750 Executing VM operation: ParallelGCFailedAllocation done
Event: 90.750 Executing VM operation: RevokeBias
Event: 90.750 Executing VM operation: RevokeBias done
Event: 90.750 Executing VM operation: RevokeBias
Event: 90.750 Executing VM operation: RevokeBias done
Event: 92.277 Executing VM operation: ParallelGCFailedAllocation
Event: 92.361 Executing VM operation: ParallelGCFailedAllocation done
Event: 94.236 Executing VM operation: ParallelGCFailedAllocation


Dynamic libraries:
00400000-00401000 r-xp 00000000 08:01 29492542                           /opt/jdk/jdk1.8.0_211/bin/java
00600000-00601000 r--p 00000000 08:01 29492542                           /opt/jdk/jdk1.8.0_211/bin/java
00601000-00602000 rw-p 00001000 08:01 29492542                           /opt/jdk/jdk1.8.0_211/bin/java
00907000-00928000 rw-p 00000000 00:00 0                                  [heap]
85800000-b8300000 rw-p 00000000 00:00 0 
b8300000-d7300000 ---p 00000000 00:00 0 
d7300000-fdc00000 rw-p 00000000 00:00 0 
fdc00000-100000000 ---p 00000000 00:00 0 
100000000-100140000 rw-p 00000000 00:00 0 
100140000-140000000 ---p 00000000 00:00 0 
7f255c000000-7f255dc56000 rw-p 00000000 00:00 0 
7f255dc56000-7f2560000000 ---p 00000000 00:00 0 
7f2564000000-7f256c000000 rw-p 00000000 00:00 0 
7f256c000000-7f2574000000 rw-p 00000000 00:00 0 
7f2574000000-7f257bffe000 rw-p 00000000 00:00 0 
7f257bffe000-7f257c000000 ---p 00000000 00:00 0 
7f257c000000-7f2584000000 rw-p 00000000 00:00 0 
7f2584000000-7f2587ffe000 rw-p 00000000 00:00 0 
7f2587ffe000-7f2588000000 ---p 00000000 00:00 0 
7f2588000000-7f258bfff000 rw-p 00000000 00:00 0 
7f258bfff000-7f258c000000 ---p 00000000 00:00 0 
7f258c000000-7f258ffff000 rw-p 00000000 00:00 0 
7f258ffff000-7f2590000000 ---p 00000000 00:00 0 
7f2590000000-7f2593fff000 rw-p 00000000 00:00 0 
7f2593fff000-7f2594000000 ---p 00000000 00:00 0 
7f2594000000-7f2597ffe000 rw-p 00000000 00:00 0 
7f2597ffe000-7f2598000000 ---p 00000000 00:00 0 
7f2598000000-7f259c000000 rw-p 00000000 00:00 0 
7f259c000000-7f259fffe000 rw-p 00000000 00:00 0 
7f259fffe000-7f25a0000000 ---p 00000000 00:00 0 
7f25a0000000-7f25a4000000 rw-p 00000000 00:00 0 
7f25a4000000-7f25ac000000 rw-p 00000000 00:00 0 
7f25ac000000-7f25b4000000 rw-p 00000000 00:00 0 
7f25b4000000-7f25bc000000 rw-p 00000000 00:00 0 
7f25bc000000-7f25c4000000 rw-p 00000000 00:00 0 
7f25c4000000-7f25cbfff000 rw-p 00000000 00:00 0 
7f25cbfff000-7f25cc000000 ---p 00000000 00:00 0 
7f25cc000000-7f25cfffe000 rw-p 00000000 00:00 0 
7f25cfffe000-7f25d0000000 ---p 00000000 00:00 0 
7f25d0000000-7f25d3ffe000 rw-p 00000000 00:00 0 
7f25d3ffe000-7f25d4000000 ---p 00000000 00:00 0 
7f25d4000000-7f25d7fff000 rw-p 00000000 00:00 0 
7f25d7fff000-7f25d8000000 ---p 00000000 00:00 0 
7f25d8000000-7f25dbfff000 rw-p 00000000 00:00 0 
7f25dbfff000-7f25dc000000 ---p 00000000 00:00 0 
7f25dc000000-7f25e0000000 rw-p 00000000 00:00 0 
7f25e0fff000-7f25e4000000 rw-p 00000000 00:00 0 
7f25e4000000-7f25e4021000 rw-p 00000000 00:00 0 
7f25e4021000-7f25e8000000 ---p 00000000 00:00 0 
7f25e8000000-7f25e8021000 rw-p 00000000 00:00 0 
7f25e8021000-7f25ec000000 ---p 00000000 00:00 0 
7f25ec000000-7f25edb72000 rw-p 00000000 00:00 0 
7f25edb72000-7f25f0000000 ---p 00000000 00:00 0 
7f25f0000000-7f25f0350000 rw-p 00000000 00:00 0 
7f25f0350000-7f25f4000000 ---p 00000000 00:00 0 
7f25f4000000-7f25f4021000 rw-p 00000000 00:00 0 
7f25f4021000-7f25f8000000 ---p 00000000 00:00 0 
7f25f8000000-7f25f9237000 rw-p 00000000 00:00 0 
7f25f9237000-7f25fc000000 ---p 00000000 00:00 0 
7f25fc000000-7f25fc021000 rw-p 00000000 00:00 0 
7f25fc021000-7f2600000000 ---p 00000000 00:00 0 
7f2600000000-7f2600021000 rw-p 00000000 00:00 0 
7f2600021000-7f2604000000 ---p 00000000 00:00 0 
7f2604000000-7f26046b8000 rw-p 00000000 00:00 0 
7f26046b8000-7f2608000000 ---p 00000000 00:00 0 
7f26082c0000-7f260c000000 rw-p 00000000 00:00 0 
7f260c000000-7f260c1f8000 rw-p 00000000 00:00 0 
7f260c1f8000-7f2610000000 ---p 00000000 00:00 0 
7f2610000000-7f2610021000 rw-p 00000000 00:00 0 
7f2610021000-7f2614000000 ---p 00000000 00:00 0 
7f2614000000-7f261472f000 rw-p 00000000 00:00 0 
7f261472f000-7f2618000000 ---p 00000000 00:00 0 
7f2618b8e000-7f2618baa000 r--s 00393000 08:01 29492804                   /opt/jdk/jdk1.8.0_211/jre/lib/ext/cldrdata.jar
7f2618baa000-7f2618bb4000 r--s 00116000 08:01 29492796                   /opt/jdk/jdk1.8.0_211/jre/lib/ext/localedata.jar
7f2618bb4000-7f2618cf4000 rw-p 00000000 00:00 0 
7f2618cf4000-7f2618db4000 ---p 00000000 00:00 0 
7f2618db4000-7f2618e99000 r-xp 00000000 08:01 19923105                   /tmp/sqlite-3.21.0-f93afff1-e54c-4590-a490-aaed295fcb35-libsqlitejdbc.so
7f2618e99000-7f2619098000 ---p 000e5000 08:01 19923105                   /tmp/sqlite-3.21.0-f93afff1-e54c-4590-a490-aaed295fcb35-libsqlitejdbc.so
7f2619098000-7f261909d000 rw-p 000e4000 08:01 19923105                   /tmp/sqlite-3.21.0-f93afff1-e54c-4590-a490-aaed295fcb35-libsqlitejdbc.so
7f261909d000-7f261909e000 rw-p 00000000 00:00 0 
7f261909e000-7f26190a1000 r--s 00024000 08:01 23858238                   /home/chinmay/eclipse-workspace/MexicoDataProcess/jars/fuzzywuzzy/fuzzywuzzy-1.1.9-javadoc.jar
7f26190a1000-7f26190a6000 r--s 0002c000 08:01 23858242                   /home/chinmay/eclipse-workspace/MexicoDataProcess/jars/commons-text-1.6.jar
7f26190a6000-7f26190ac000 r--s 0003f000 08:01 23858246                   /home/chinmay/eclipse-workspace/MexicoDataProcess/jars/jsoup-1.6.0.jar
7f26190ac000-7f26190b0000 r--s 0002f000 08:01 23858247                   /home/chinmay/eclipse-workspace/MexicoDataProcess/jars/com.fasterxml.jackson.core.jar
7f26190b0000-7f26190c3000 r--s 000fc000 08:01 23858229                   /home/chinmay/eclipse-workspace/MexicoDataProcess/jars/jackson-all-1.9.0.jar
7f26190c3000-7f26190da000 r-xp 00000000 08:01 19270809                   /lib/x86_64-linux-gnu/libgcc_s.so.1
7f26190da000-7f26192d9000 ---p 00017000 08:01 19270809                   /lib/x86_64-linux-gnu/libgcc_s.so.1
7f26192d9000-7f26192da000 r--p 00016000 08:01 19270809                   /lib/x86_64-linux-gnu/libgcc_s.so.1
7f26192da000-7f26192db000 rw-p 00017000 08:01 19270809                   /lib/x86_64-linux-gnu/libgcc_s.so.1
7f26192db000-7f26192dd000 r--s 00003000 08:01 23858231                   /home/chinmay/eclipse-workspace/MexicoDataProcess/jars/fuzzywuzzy/fuzzywuzzy-1.1.9-sources.jar
7f26192dd000-7f26192e2000 r--s 00048000 08:01 23858227                   /home/chinmay/eclipse-workspace/MexicoDataProcess/jars/dnsjava-2.1.8.jar
7f26192e2000-7f26192f7000 r--s 0024a000 08:01 24248427                   /home/chinmay/eclipse-workspace/MexicoDataProcess/jars/pdfBox/pdfbox-2.0.8.jar
7f26192f7000-7f26192fd000 r--s 00165000 08:01 24248426                   /home/chinmay/eclipse-workspace/MexicoDataProcess/jars/pdfBox/fontbox-2.0.8.jar
7f26192fd000-7f2619300000 r--s 00009000 08:01 23858241                   /home/chinmay/eclipse-workspace/MexicoDataProcess/jars/signpost-core-1.2.1.2.jar
7f2619300000-7f2619338000 r-xp 00000000 08:01 29492859                   /opt/jdk/jdk1.8.0_211/jre/lib/amd64/libsunec.so
7f2619338000-7f2619537000 ---p 00038000 08:01 29492859                   /opt/jdk/jdk1.8.0_211/jre/lib/amd64/libsunec.so
7f2619537000-7f261953c000 r--p 00037000 08:01 29492859                   /opt/jdk/jdk1.8.0_211/jre/lib/amd64/libsunec.so
7f261953c000-7f261953e000 rw-p 0003c000 08:01 29492859                   /opt/jdk/jdk1.8.0_211/jre/lib/amd64/libsunec.so
7f261953e000-7f2619554000 r-xp 00000000 08:01 29492852                   /opt/jdk/jdk1.8.0_211/jre/lib/amd64/libnet.so
7f2619554000-7f2619753000 ---p 00016000 08:01 29492852                   /opt/jdk/jdk1.8.0_211/jre/lib/amd64/libnet.so
7f2619753000-7f2619754000 r--p 00015000 08:01 29492852                   /opt/jdk/jdk1.8.0_211/jre/lib/amd64/libnet.so
7f2619754000-7f2619755000 rw-p 00016000 08:01 29492852                   /opt/jdk/jdk1.8.0_211/jre/lib/amd64/libnet.so
7f2619755000-7f2619766000 r-xp 00000000 08:01 29492912                   /opt/jdk/jdk1.8.0_211/jre/lib/amd64/libnio.so
7f2619766000-7f2619965000 ---p 00011000 08:01 29492912                   /opt/jdk/jdk1.8.0_211/jre/lib/amd64/libnio.so
7f2619965000-7f2619966000 r--p 00010000 08:01 29492912                   /opt/jdk/jdk1.8.0_211/jre/lib/amd64/libnio.so
7f2619966000-7f2619967000 rw-p 00011000 08:01 29492912                   /opt/jdk/jdk1.8.0_211/jre/lib/amd64/libnio.so
7f2619967000-7f2619969000 r--s 00009000 08:01 29492797                   /opt/jdk/jdk1.8.0_211/jre/lib/ext/sunec.jar
7f2619969000-7f261996d000 r--s 0003b000 08:01 29492805                   /opt/jdk/jdk1.8.0_211/jre/lib/ext/sunpkcs11.jar
7f261996d000-7f2619970000 r--s 0001a000 08:01 29492691                   /opt/jdk/jdk1.8.0_211/jre/lib/jce.jar
7f2619970000-7f2619975000 r--s 000a3000 08:01 29492810                   /opt/jdk/jdk1.8.0_211/jre/lib/jsse.jar
7f2619975000-7f26199aa000 rw-p 00000000 00:00 0 
7f26199aa000-7f2619af0000 r--s 01421000 08:01 23858243                   /home/chinmay/eclipse-workspace/MexicoDataProcess/jars/selenium-server-standalone-3.5.3.jar
7f2619af0000-7f2619af9000 r--s 0006f000 08:01 23858256                   /home/chinmay/eclipse-workspace/MexicoDataProcess/jars/log4j-1.2.17.jar
7f2619af9000-7f2619b01000 r--s 00048000 08:01 23858228                   /home/chinmay/eclipse-workspace/MexicoDataProcess/jars/httpcore-4.4.6.jar
7f2619b01000-7f2619b0e000 r--s 000aa000 08:01 23858253                   /home/chinmay/eclipse-workspace/MexicoDataProcess/jars/httpclient-4.5.3.jar
7f2619b0e000-7f2619b10000 r--s 00007000 08:01 23858237                   /home/chinmay/eclipse-workspace/MexicoDataProcess/jars/fuzzywuzzy/fuzzywuzzy-1.1.9.jar
7f2619b10000-7f2619b14000 r--s 0002a000 08:01 24248414                   /home/chinmay/eclipse-workspace/MexicoDataProcess/jars/validator/commons-validator-1.6.jar
7f2619b14000-7f2619b16000 r--s 0000d000 08:01 23858250                   /home/chinmay/eclipse-workspace/MexicoDataProcess/jars/SuperCSV-1.52.jar
7f2619b16000-7f2619b1b000 r--s 00659000 08:01 23858245                   /home/chinmay/eclipse-workspace/MexicoDataProcess/jars/sqlite-jdbc-3.21.0.jar
7f2619b1b000-7f2619b23000 r--s 00098000 08:01 23858226                   /home/chinmay/eclipse-workspace/MexicoDataProcess/jars/javax.mail-1.6.1.jar
7f2619b23000-7f2619b28000 r--s 0002a000 08:01 23858225                   /home/chinmay/eclipse-workspace/MexicoDataProcess/jars/gson-2.2.2.jar
7f2619b28000-7f2619b30000 r--s 00072000 08:01 23858244                   /home/chinmay/eclipse-workspace/MexicoDataProcess/jars/commons-lang3-3.7.jar
7f2619b30000-7f2619b31000 ---p 00000000 00:00 0 
7f2619b31000-7f2619c31000 rw-p 00000000 00:00 0 
7f2619c31000-7f2619c34000 ---p 00000000 00:00 0 
7f2619c34000-7f2619d32000 rw-p 00000000 00:00 0 
7f2619d32000-7f2619d33000 ---p 00000000 00:00 0 
7f2619d33000-7f2619d36000 ---p 00000000 00:00 0 
7f2619d36000-7f2619e33000 rw-p 00000000 00:00 0 
7f2619e33000-7f2619e34000 ---p 00000000 00:00 0 
7f2619e34000-7f2619e37000 ---p 00000000 00:00 0 
7f2619e37000-7f2619f34000 rw-p 00000000 00:00 0 
7f2619f34000-7f2619f35000 ---p 00000000 00:00 0 
7f2619f35000-7f2619f38000 ---p 00000000 00:00 0 
7f2619f38000-7f261a035000 rw-p 00000000 00:00 0 
7f261a035000-7f261a038000 ---p 00000000 00:00 0 
7f261a038000-7f261a136000 rw-p 00000000 00:00 0 
7f261a136000-7f261a414000 r--p 00000000 08:01 15335669                   /usr/lib/locale/locale-archive
7f261a414000-7f261a417000 ---p 00000000 00:00 0 
7f261a417000-7f261a515000 rw-p 00000000 00:00 0 
7f261a515000-7f261a518000 ---p 00000000 00:00 0 
7f261a518000-7f261a616000 rw-p 00000000 00:00 0 
7f261a616000-7f261a617000 ---p 00000000 00:00 0 
7f261a617000-7f261b626000 rw-p 00000000 00:00 0 
7f261b626000-7f261b800000 r--s 03d6d000 08:01 29492601                   /opt/jdk/jdk1.8.0_211/jre/lib/rt.jar
7f261b800000-7f261c000000 rw-p 00000000 00:00 0 
7f261c000000-7f261c4b5000 rw-p 00000000 00:00 0 
7f261c4b5000-7f2620000000 ---p 00000000 00:00 0 
7f2620001000-7f262000f000 r--s 0007f000 08:01 23858255                   /home/chinmay/eclipse-workspace/MexicoDataProcess/jars/commons-collections-3.2.1.jar
7f262000f000-7f2620467000 rw-p 00000000 00:00 0 
7f2620467000-7f2620468000 ---p 00000000 00:00 0 
7f2620468000-7f2620568000 rw-p 00000000 00:00 0 
7f2620568000-7f2620569000 ---p 00000000 00:00 0 
7f2620569000-7f2620669000 rw-p 00000000 00:00 0 
7f2620669000-7f262066a000 ---p 00000000 00:00 0 
7f262066a000-7f262076a000 rw-p 00000000 00:00 0 
7f262076a000-7f262076b000 ---p 00000000 00:00 0 
7f262076b000-7f2620a01000 rw-p 00000000 00:00 0 
7f2620a01000-7f2620af8000 ---p 00000000 00:00 0 
7f2620af8000-7f2620c2d000 rw-p 00000000 00:00 0 
7f2620c2d000-7f2620c3f000 ---p 00000000 00:00 0 
7f2620c3f000-7f2620c5c000 rw-p 00000000 00:00 0 
7f2620c5c000-7f2621000000 ---p 00000000 00:00 0 
7f2621000000-7f26216f0000 rwxp 00000000 00:00 0 
7f26216f0000-7f2630000000 ---p 00000000 00:00 0 
7f2630000000-7f2634000000 rw-p 00000000 00:00 0 
7f2634000000-7f2634003000 r--s 00017000 08:01 23858254                   /home/chinmay/eclipse-workspace/MexicoDataProcess/jars/opencsv-4.0.jar
7f2634003000-7f2634005000 r--s 0000e000 08:01 23858249                   /home/chinmay/eclipse-workspace/MexicoDataProcess/jars/commons-logging-1.2.jar
7f2634005000-7f2634009000 r--s 0002f000 08:01 23858239                   /home/chinmay/eclipse-workspace/MexicoDataProcess/jars/commons-io-2.5.jar
7f2634009000-7f2634010000 r--s 0004b000 08:01 23858248                   /home/chinmay/eclipse-workspace/MexicoDataProcess/jars/commons-codec-1.11.jar
7f2634010000-7f263426b000 rw-p 00000000 00:00 0 
7f263426b000-7f2634363000 ---p 00000000 00:00 0 
7f2634363000-7f263437e000 r-xp 00000000 08:01 29492875                   /opt/jdk/jdk1.8.0_211/jre/lib/amd64/libzip.so
7f263437e000-7f263457d000 ---p 0001b000 08:01 29492875                   /opt/jdk/jdk1.8.0_211/jre/lib/amd64/libzip.so
7f263457d000-7f263457e000 r--p 0001a000 08:01 29492875                   /opt/jdk/jdk1.8.0_211/jre/lib/amd64/libzip.so
7f263457e000-7f263457f000 rw-p 0001b000 08:01 29492875                   /opt/jdk/jdk1.8.0_211/jre/lib/amd64/libzip.so
7f263457f000-7f263458a000 r-xp 00000000 08:01 19268294                   /lib/x86_64-linux-gnu/libnss_files-2.27.so
7f263458a000-7f2634789000 ---p 0000b000 08:01 19268294                   /lib/x86_64-linux-gnu/libnss_files-2.27.so
7f2634789000-7f263478a000 r--p 0000a000 08:01 19268294                   /lib/x86_64-linux-gnu/libnss_files-2.27.so
7f263478a000-7f263478b000 rw-p 0000b000 08:01 19268294                   /lib/x86_64-linux-gnu/libnss_files-2.27.so
7f263478b000-7f2634791000 rw-p 00000000 00:00 0 
7f2634791000-7f26347a8000 r-xp 00000000 08:01 19268291                   /lib/x86_64-linux-gnu/libnsl-2.27.so
7f26347a8000-7f26349a7000 ---p 00017000 08:01 19268291                   /lib/x86_64-linux-gnu/libnsl-2.27.so
7f26349a7000-7f26349a8000 r--p 00016000 08:01 19268291                   /lib/x86_64-linux-gnu/libnsl-2.27.so
7f26349a8000-7f26349a9000 rw-p 00017000 08:01 19268291                   /lib/x86_64-linux-gnu/libnsl-2.27.so
7f26349a9000-7f26349ab000 rw-p 00000000 00:00 0 
7f26349ab000-7f26349b6000 r-xp 00000000 08:01 19268296                   /lib/x86_64-linux-gnu/libnss_nis-2.27.so
7f26349b6000-7f2634bb5000 ---p 0000b000 08:01 19268296                   /lib/x86_64-linux-gnu/libnss_nis-2.27.so
7f2634bb5000-7f2634bb6000 r--p 0000a000 08:01 19268296                   /lib/x86_64-linux-gnu/libnss_nis-2.27.so
7f2634bb6000-7f2634bb7000 rw-p 0000b000 08:01 19268296                   /lib/x86_64-linux-gnu/libnss_nis-2.27.so
7f2634bb7000-7f2634bbf000 r-xp 00000000 08:01 19268292                   /lib/x86_64-linux-gnu/libnss_compat-2.27.so
7f2634bbf000-7f2634dbf000 ---p 00008000 08:01 19268292                   /lib/x86_64-linux-gnu/libnss_compat-2.27.so
7f2634dbf000-7f2634dc0000 r--p 00008000 08:01 19268292                   /lib/x86_64-linux-gnu/libnss_compat-2.27.so
7f2634dc0000-7f2634dc1000 rw-p 00009000 08:01 19268292                   /lib/x86_64-linux-gnu/libnss_compat-2.27.so
7f2634dc1000-7f2634ded000 r-xp 00000000 08:01 29492866                   /opt/jdk/jdk1.8.0_211/jre/lib/amd64/libjava.so
7f2634ded000-7f2634fed000 ---p 0002c000 08:01 29492866                   /opt/jdk/jdk1.8.0_211/jre/lib/amd64/libjava.so
7f2634fed000-7f2634fee000 r--p 0002c000 08:01 29492866                   /opt/jdk/jdk1.8.0_211/jre/lib/amd64/libjava.so
7f2634fee000-7f2634ff0000 rw-p 0002d000 08:01 29492866                   /opt/jdk/jdk1.8.0_211/jre/lib/amd64/libjava.so
7f2634ff0000-7f2634ffd000 r-xp 00000000 08:01 29492857                   /opt/jdk/jdk1.8.0_211/jre/lib/amd64/libverify.so
7f2634ffd000-7f26351fc000 ---p 0000d000 08:01 29492857                   /opt/jdk/jdk1.8.0_211/jre/lib/amd64/libverify.so
7f26351fc000-7f26351fe000 r--p 0000c000 08:01 29492857                   /opt/jdk/jdk1.8.0_211/jre/lib/amd64/libverify.so
7f26351fe000-7f26351ff000 rw-p 0000e000 08:01 29492857                   /opt/jdk/jdk1.8.0_211/jre/lib/amd64/libverify.so
7f26351ff000-7f2635206000 r-xp 00000000 08:01 19268301                   /lib/x86_64-linux-gnu/librt-2.27.so
7f2635206000-7f2635405000 ---p 00007000 08:01 19268301                   /lib/x86_64-linux-gnu/librt-2.27.so
7f2635405000-7f2635406000 r--p 00006000 08:01 19268301                   /lib/x86_64-linux-gnu/librt-2.27.so
7f2635406000-7f2635407000 rw-p 00007000 08:01 19268301                   /lib/x86_64-linux-gnu/librt-2.27.so
7f2635407000-7f26355a4000 r-xp 00000000 08:01 19268288                   /lib/x86_64-linux-gnu/libm-2.27.so
7f26355a4000-7f26357a3000 ---p 0019d000 08:01 19268288                   /lib/x86_64-linux-gnu/libm-2.27.so
7f26357a3000-7f26357a4000 r--p 0019c000 08:01 19268288                   /lib/x86_64-linux-gnu/libm-2.27.so
7f26357a4000-7f26357a5000 rw-p 0019d000 08:01 19268288                   /lib/x86_64-linux-gnu/libm-2.27.so
7f26357a5000-7f263648d000 r-xp 00000000 08:01 29492873                   /opt/jdk/jdk1.8.0_211/jre/lib/amd64/server/libjvm.so
7f263648d000-7f263668c000 ---p 00ce8000 08:01 29492873                   /opt/jdk/jdk1.8.0_211/jre/lib/amd64/server/libjvm.so
7f263668c000-7f2636722000 r--p 00ce7000 08:01 29492873                   /opt/jdk/jdk1.8.0_211/jre/lib/amd64/server/libjvm.so
7f2636722000-7f2636753000 rw-p 00d7d000 08:01 29492873                   /opt/jdk/jdk1.8.0_211/jre/lib/amd64/server/libjvm.so
7f2636753000-7f263678e000 rw-p 00000000 00:00 0 
7f263678e000-7f2636975000 r-xp 00000000 08:01 19268284                   /lib/x86_64-linux-gnu/libc-2.27.so
7f2636975000-7f2636b75000 ---p 001e7000 08:01 19268284                   /lib/x86_64-linux-gnu/libc-2.27.so
7f2636b75000-7f2636b79000 r--p 001e7000 08:01 19268284                   /lib/x86_64-linux-gnu/libc-2.27.so
7f2636b79000-7f2636b7b000 rw-p 001eb000 08:01 19268284                   /lib/x86_64-linux-gnu/libc-2.27.so
7f2636b7b000-7f2636b7f000 rw-p 00000000 00:00 0 
7f2636b7f000-7f2636b82000 r-xp 00000000 08:01 19268287                   /lib/x86_64-linux-gnu/libdl-2.27.so
7f2636b82000-7f2636d81000 ---p 00003000 08:01 19268287                   /lib/x86_64-linux-gnu/libdl-2.27.so
7f2636d81000-7f2636d82000 r--p 00002000 08:01 19268287                   /lib/x86_64-linux-gnu/libdl-2.27.so
7f2636d82000-7f2636d83000 rw-p 00003000 08:01 19268287                   /lib/x86_64-linux-gnu/libdl-2.27.so
7f2636d83000-7f2636d9a000 r-xp 00000000 08:01 29491852                   /opt/jdk/jdk1.8.0_211/lib/amd64/jli/libjli.so
7f2636d9a000-7f2636f99000 ---p 00017000 08:01 29491852                   /opt/jdk/jdk1.8.0_211/lib/amd64/jli/libjli.so
7f2636f99000-7f2636f9a000 r--p 00016000 08:01 29491852                   /opt/jdk/jdk1.8.0_211/lib/amd64/jli/libjli.so
7f2636f9a000-7f2636f9b000 rw-p 00017000 08:01 29491852                   /opt/jdk/jdk1.8.0_211/lib/amd64/jli/libjli.so
7f2636f9b000-7f2636fb5000 r-xp 00000000 08:01 19268299                   /lib/x86_64-linux-gnu/libpthread-2.27.so
7f2636fb5000-7f26371b4000 ---p 0001a000 08:01 19268299                   /lib/x86_64-linux-gnu/libpthread-2.27.so
7f26371b4000-7f26371b5000 r--p 00019000 08:01 19268299                   /lib/x86_64-linux-gnu/libpthread-2.27.so
7f26371b5000-7f26371b6000 rw-p 0001a000 08:01 19268299                   /lib/x86_64-linux-gnu/libpthread-2.27.so
7f26371b6000-7f26371ba000 rw-p 00000000 00:00 0 
7f26371ba000-7f26371e3000 r-xp 00000000 08:01 19268280                   /lib/x86_64-linux-gnu/ld-2.27.so
7f26371e3000-7f26371e4000 r--s 00005000 08:01 23858252                   /home/chinmay/eclipse-workspace/MexicoDataProcess/jars/json-simple-1.1.1.jar
7f26371e4000-7f26371e9000 r--s 00084000 08:01 29492788                   /opt/jdk/jdk1.8.0_211/jre/lib/jfr.jar
7f26371e9000-7f26371ee000 r--s 002f9000 08:01 29492600                   /opt/jdk/jdk1.8.0_211/jre/lib/charsets.jar
7f26371ee000-7f26372b9000 rw-p 00000000 00:00 0 
7f26372b9000-7f26372ba000 ---p 00000000 00:00 0 
7f26372ba000-7f26372bd000 ---p 00000000 00:00 0 
7f26372bd000-7f26373be000 rw-p 00000000 00:00 0 
7f26373be000-7f26373c1000 r--s 0001a000 08:01 29492691                   /opt/jdk/jdk1.8.0_211/jre/lib/jce.jar
7f26373c1000-7f26373c6000 r--s 000a3000 08:01 29492810                   /opt/jdk/jdk1.8.0_211/jre/lib/jsse.jar
7f26373c6000-7f26373d9000 r--s 00345000 08:01 29492723                   /opt/jdk/jdk1.8.0_211/jre/lib/resources.jar
7f26373d9000-7f26373e1000 rw-s 00000000 08:01 19922992                   /tmp/hsperfdata_chinmay/2510
7f26373e1000-7f26373e2000 rw-p 00000000 00:00 0 
7f26373e2000-7f26373e3000 ---p 00000000 00:00 0 
7f26373e3000-7f26373e4000 r--p 00029000 08:01 19268280                   /lib/x86_64-linux-gnu/ld-2.27.so
7f26373e4000-7f26373e5000 rw-p 0002a000 08:01 19268280                   /lib/x86_64-linux-gnu/ld-2.27.so
7f26373e5000-7f26373e6000 rw-p 00000000 00:00 0 
7fff2a222000-7fff2a244000 rw-p 00000000 00:00 0                          [stack]
7fff2a354000-7fff2a357000 r--p 00000000 00:00 0                          [vvar]
7fff2a357000-7fff2a358000 r-xp 00000000 00:00 0                          [vdso]
ffffffffff600000-ffffffffff601000 --xp 00000000 00:00 0                  [vsyscall]

VM Arguments:
jvm_args: -Dfile.encoding=UTF-8 
java_command: com.tequila.database.corrector.CorrectorAllFields
java_class_path (initial): /opt/jdk/jdk1.8.0_211/jre/lib/resources.jar:/opt/jdk/jdk1.8.0_211/jre/lib/rt.jar:/opt/jdk/jdk1.8.0_211/jre/lib/jsse.jar:/opt/jdk/jdk1.8.0_211/jre/lib/jce.jar:/opt/jdk/jdk1.8.0_211/jre/lib/charsets.jar:/opt/jdk/jdk1.8.0_211/jre/lib/jfr.jar:/opt/jdk/jdk1.8.0_211/jre/lib/ext/nashorn.jar:/opt/jdk/jdk1.8.0_211/jre/lib/ext/zipfs.jar:/opt/jdk/jdk1.8.0_211/jre/lib/ext/sunpkcs11.jar:/opt/jdk/jdk1.8.0_211/jre/lib/ext/localedata.jar:/opt/jdk/jdk1.8.0_211/jre/lib/ext/jfxrt.jar:/opt/jdk/jdk1.8.0_211/jre/lib/ext/cldrdata.jar:/opt/jdk/jdk1.8.0_211/jre/lib/ext/sunjce_provider.jar:/opt/jdk/jdk1.8.0_211/jre/lib/ext/dnsns.jar:/opt/jdk/jdk1.8.0_211/jre/lib/ext/sunec.jar:/opt/jdk/jdk1.8.0_211/jre/lib/ext/jaccess.jar:/home/chinmay/eclipse-workspace/MexicoDataProcess/bin:/home/chinmay/eclipse-workspace/MexicoDataProcess/jars/commons-codec-1.11.jar:/home/chinmay/eclipse-workspace/MexicoDataProcess/jars/commons-collections-3.2.1.jar:/home/chinmay/eclipse-workspace/MexicoDataProcess/jars/commons-io-2.5.jar:/home/chinmay/eclipse-workspace/MexicoDataProcess/jars/commons-lang3-3.7.jar:/home/chinmay/eclipse-workspace/MexicoDataProcess/jars/commons-logging-1.2.jar:/home/chinmay/eclipse-workspace/MexicoDataProcess/jars/gson-2.2.2.jar:/home/chinmay/eclipse-workspace/MexicoDataProcess/jars/javax.mail-1.6.1.jar:/home/chinmay/eclipse-workspace/MexicoDataProcess/jars/json-simple-1.1.1.jar:/home/chinmay/eclipse-workspace/MexicoDataProcess/jars/opencsv-4.0.jar:/home/chinmay/eclipse-workspace/MexicoDataProcess/jars/sqlite-jdbc-3.21.0.jar:/home/chinmay/eclipse-workspace/MexicoDataProcess/jars/SuperCSV-1.52.jar:/home/chinmay/eclipse-workspace/MexicoDataProcess/jars/validator/commons-validator-1.6.jar:/home/chinmay/eclipse-workspace/MexicoDataProcess/jars/fuzzywuzzy/fuzzywuzzy-1.1.9.jar:/home/chinmay/eclipse-workspace/MexicoDataProcess/jars/httpclient-4.5.3.jar:/home/chinmay/eclipse-workspace/MexicoDataProcess/jars/httpcore-4.4.6.jar:/home/chinmay/eclipse-workspace/MexicoDataProc
Launcher Type: SUN_STANDARD

Environment Variables:
PATH=/home/chinmay/bin:/usr/local/sbin:/usr/local/bin:/usr/sbin:/usr/bin:/sbin:/bin:/usr/games:/usr/local/games:/snap/bin
USERNAME=chinmay
SHELL=/bin/bash
DISPLAY=:0

Signal Handlers:
SIGSEGV: [libjvm.so+0xad3d90], sa_mask[0]=11111111011111111101111111111110, sa_flags=SA_RESTART|SA_SIGINFO
SIGBUS: [libjvm.so+0xad3d90], sa_mask[0]=11111111011111111101111111111110, sa_flags=SA_RESTART|SA_SIGINFO
SIGFPE: [libjvm.so+0x90b8b0], sa_mask[0]=11111111011111111101111111111110, sa_flags=SA_RESTART|SA_SIGINFO
SIGPIPE: [libjvm.so+0x90b8b0], sa_mask[0]=11111111011111111101111111111110, sa_flags=SA_RESTART|SA_SIGINFO
SIGXFSZ: [libjvm.so+0x90b8b0], sa_mask[0]=11111111011111111101111111111110, sa_flags=SA_RESTART|SA_SIGINFO
SIGILL: [libjvm.so+0x90b8b0], sa_mask[0]=11111111011111111101111111111110, sa_flags=SA_RESTART|SA_SIGINFO
SIGUSR1: SIG_DFL, sa_mask[0]=00000000000000000000000000000000, sa_flags=none
SIGUSR2: [libjvm.so+0x90b780], sa_mask[0]=00100000000000000000000000000000, sa_flags=SA_RESTART|SA_SIGINFO
SIGHUP: [libjvm.so+0x90bda0], sa_mask[0]=11111111011111111101111111111110, sa_flags=SA_RESTART|SA_SIGINFO
SIGINT: [libjvm.so+0x90bda0], sa_mask[0]=11111111011111111101111111111110, sa_flags=SA_RESTART|SA_SIGINFO
SIGTERM: [libjvm.so+0x90bda0], sa_mask[0]=11111111011111111101111111111110, sa_flags=SA_RESTART|SA_SIGINFO
SIGQUIT: [libjvm.so+0x90bda0], sa_mask[0]=11111111011111111101111111111110, sa_flags=SA_RESTART|SA_SIGINFO


---------------  S Y S T E M  ---------------

OS:DISTRIB_ID=Ubuntu
DISTRIB_RELEASE=18.04
DISTRIB_CODENAME=bionic
DISTRIB_DESCRIPTION="Ubuntu 18.04.5 LTS"

uname:Linux 5.4.0-81-generic #91~18.04.1-Ubuntu SMP Fri Jul 23 13:36:29 UTC 2021 x86_64
libc:glibc 2.27 NPTL 2.27 
rlimit: STACK 8192k, CORE 0k, NPROC 31048, NOFILE 1048576, AS infinity
load average:2.17 2.50 2.85

/proc/meminfo:
MemTotal:        8022228 kB
MemFree:          130604 kB
MemAvailable:     938152 kB
Buffers:           77716 kB
Cached:          1110884 kB
SwapCached:        21824 kB
Active:          6122340 kB
Inactive:        1318560 kB
Active(anon):    5611332 kB
Inactive(anon):   854828 kB
Active(file):     511008 kB
Inactive(file):   463732 kB
Unevictable:       12404 kB
Mlocked:             528 kB
SwapTotal:       2097148 kB
SwapFree:         153132 kB
Dirty:               632 kB
Writeback:             0 kB
AnonPages:       6244312 kB
Mapped:           339096 kB
Shmem:            214108 kB
KReclaimable:     104388 kB
Slab:             259248 kB
SReclaimable:     104388 kB
SUnreclaim:       154860 kB
KernelStack:       24528 kB
PageTables:       102972 kB
NFS_Unstable:          0 kB
Bounce:                0 kB
WritebackTmp:          0 kB
CommitLimit:     6108260 kB
Committed_AS:   18081512 kB
VmallocTotal:   34359738367 kB
VmallocUsed:       39996 kB
VmallocChunk:          0 kB
Percpu:             3504 kB
HardwareCorrupted:     0 kB
AnonHugePages:         0 kB
ShmemHugePages:        0 kB
ShmemPmdMapped:        0 kB
FileHugePages:         0 kB
FilePmdMapped:         0 kB
CmaTotal:              0 kB
CmaFree:               0 kB
HugePages_Total:       0
HugePages_Free:        0
HugePages_Rsvd:        0
HugePages_Surp:        0
Hugepagesize:       2048 kB
Hugetlb:               0 kB
DirectMap4k:      450988 kB
DirectMap2M:     7806976 kB
DirectMap1G:     1048576 kB

container (cgroup) information:
container_type: cgroupv1
cpu_cpuset_cpus: 0-3
cpu_memory_nodes: 0
active_processor_count: 4
cpu_quota: -1
cpu_period: 100000
cpu_shares: -1
memory_limit_in_bytes: -1
memory_and_swap_limit_in_bytes: -2
memory_soft_limit_in_bytes: -1
memory_usage_in_bytes: 7615283200
memory_max_usage_in_bytes: 7723442176


CPU:total 4 (initial active 4) (2 cores per cpu, 2 threads per core) family 6 model 60 stepping 3, cmov, cx8, fxsr, mmx, sse, sse2, sse3, ssse3, sse4.1, sse4.2, popcnt, avx, avx2, aes, clmul, erms, lzcnt, ht, tsc, tscinvbit, bmi1, bmi2

/proc/cpuinfo:
processor	: 0
vendor_id	: GenuineIntel
cpu family	: 6
model		: 60
model name	: Intel(R) Core(TM) i3-4160 CPU @ 3.60GHz
stepping	: 3
microcode	: 0x28
cpu MHz		: 3591.578
cache size	: 3072 KB
physical id	: 0
siblings	: 4
core id		: 0
cpu cores	: 2
apicid		: 0
initial apicid	: 0
fpu		: yes
fpu_exception	: yes
cpuid level	: 13
wp		: yes
flags		: fpu vme de pse tsc msr pae mce cx8 apic sep mtrr pge mca cmov pat pse36 clflush dts acpi mmx fxsr sse sse2 ss ht tm pbe syscall nx pdpe1gb rdtscp lm constant_tsc arch_perfmon pebs bts rep_good nopl xtopology nonstop_tsc cpuid aperfmperf pni pclmulqdq dtes64 monitor ds_cpl vmx est tm2 ssse3 sdbg fma cx16 xtpr pdcm pcid sse4_1 sse4_2 movbe popcnt tsc_deadline_timer aes xsave avx f16c rdrand lahf_lm abm cpuid_fault epb invpcid_single pti ssbd ibrs ibpb stibp tpr_shadow vnmi flexpriority ept vpid ept_ad fsgsbase tsc_adjust bmi1 avx2 smep bmi2 erms invpcid xsaveopt dtherm arat pln pts md_clear flush_l1d
bugs		: cpu_meltdown spectre_v1 spectre_v2 spec_store_bypass l1tf mds swapgs itlb_multihit srbds
bogomips	: 7183.15
clflush size	: 64
cache_alignment	: 64
address sizes	: 39 bits physical, 48 bits virtual
power management:

processor	: 1
vendor_id	: GenuineIntel
cpu family	: 6
model		: 60
model name	: Intel(R) Core(TM) i3-4160 CPU @ 3.60GHz
stepping	: 3
microcode	: 0x28
cpu MHz		: 3591.573
cache size	: 3072 KB
physical id	: 0
siblings	: 4
core id		: 1
cpu cores	: 2
apicid		: 2
initial apicid	: 2
fpu		: yes
fpu_exception	: yes
cpuid level	: 13
wp		: yes
flags		: fpu vme de pse tsc msr pae mce cx8 apic sep mtrr pge mca cmov pat pse36 clflush dts acpi mmx fxsr sse sse2 ss ht tm pbe syscall nx pdpe1gb rdtscp lm constant_tsc arch_perfmon pebs bts rep_good nopl xtopology nonstop_tsc cpuid aperfmperf pni pclmulqdq dtes64 monitor ds_cpl vmx est tm2 ssse3 sdbg fma cx16 xtpr pdcm pcid sse4_1 sse4_2 movbe popcnt tsc_deadline_timer aes xsave avx f16c rdrand lahf_lm abm cpuid_fault epb invpcid_single pti ssbd ibrs ibpb stibp tpr_shadow vnmi flexpriority ept vpid ept_ad fsgsbase tsc_adjust bmi1 avx2 smep bmi2 erms invpcid xsaveopt dtherm arat pln pts md_clear flush_l1d
bugs		: cpu_meltdown spectre_v1 spectre_v2 spec_store_bypass l1tf mds swapgs itlb_multihit srbds
bogomips	: 7183.15
clflush size	: 64
cache_alignment	: 64
address sizes	: 39 bits physical, 48 bits virtual
power management:

processor	: 2
vendor_id	: GenuineIntel
cpu family	: 6
model		: 60
model name	: Intel(R) Core(TM) i3-4160 CPU @ 3.60GHz
stepping	: 3
microcode	: 0x28
cpu MHz		: 3591.576
cache size	: 3072 KB
physical id	: 0
siblings	: 4
core id		: 0
cpu cores	: 2
apicid		: 1
initial apicid	: 1
fpu		: yes
fpu_exception	: yes
cpuid level	: 13
wp		: yes
flags		: fpu vme de pse tsc msr pae mce cx8 apic sep mtrr pge mca cmov pat pse36 clflush dts acpi mmx fxsr sse sse2 ss ht tm pbe syscall nx pdpe1gb rdtscp lm constant_tsc arch_perfmon pebs bts rep_good nopl xtopology nonstop_tsc cpuid aperfmperf pni pclmulqdq dtes64 monitor ds_cpl vmx est tm2 ssse3 sdbg fma cx16 xtpr pdcm pcid sse4_1 sse4_2 movbe popcnt tsc_deadline_timer aes xsave avx f16c rdrand lahf_lm abm cpuid_fault epb invpcid_single pti ssbd ibrs ibpb stibp tpr_shadow vnmi flexpriority ept vpid ept_ad fsgsbase tsc_adjust bmi1 avx2 smep bmi2 erms invpcid xsaveopt dtherm arat pln pts md_clear flush_l1d
bugs		: cpu_meltdown spectre_v1 spectre_v2 spec_store_bypass l1tf mds swapgs itlb_multihit srbds
bogomips	: 7183.15
clflush size	: 64
cache_alignment	: 64
address sizes	: 39 bits physical, 48 bits virtual
power management:

processor	: 3
vendor_id	: GenuineIntel
cpu family	: 6
model		: 60
model name	: Intel(R) Core(TM) i3-4160 CPU @ 3.60GHz
stepping	: 3
microcode	: 0x28
cpu MHz		: 3591.578
cache size	: 3072 KB
physical id	: 0
siblings	: 4
core id		: 1
cpu cores	: 2
apicid		: 3
initial apicid	: 3
fpu		: yes
fpu_exception	: yes
cpuid level	: 13
wp		: yes
flags		: fpu vme de pse tsc msr pae mce cx8 apic sep mtrr pge mca cmov pat pse36 clflush dts acpi mmx fxsr sse sse2 ss ht tm pbe syscall nx pdpe1gb rdtscp lm constant_tsc arch_perfmon pebs bts rep_good nopl xtopology nonstop_tsc cpuid aperfmperf pni pclmulqdq dtes64 monitor ds_cpl vmx est tm2 ssse3 sdbg fma cx16 xtpr pdcm pcid sse4_1 sse4_2 movbe popcnt tsc_deadline_timer aes xsave avx f16c rdrand lahf_lm abm cpuid_fault epb invpcid_single pti ssbd ibrs ibpb stibp tpr_shadow vnmi flexpriority ept vpid ept_ad fsgsbase tsc_adjust bmi1 avx2 smep bmi2 erms invpcid xsaveopt dtherm arat pln pts md_clear flush_l1d
bugs		: cpu_meltdown spectre_v1 spectre_v2 spec_store_bypass l1tf mds swapgs itlb_multihit srbds
bogomips	: 7183.15
clflush size	: 64
cache_alignment	: 64
address sizes	: 39 bits physical, 48 bits virtual
power management:



Memory: 4k page, physical 8022228k(130604k free), swap 2097148k(153132k free)

vm_info: Java HotSpot(TM) 64-Bit Server VM (25.211-b12) for linux-amd64 JRE (1.8.0_211-b12), built on Apr  1 2019 20:39:34 by "java_re" with gcc 7.3.0

time: Fri Sep  3 02:29:33 2021
timezone: IST
elapsed time: 94 seconds (0d 0h 1m 34s)

