#
# A fatal error has been detected by the Java Runtime Environment:
#
#  SIGSEGV (0xb) at pc=0x00007ffa709e4e52, pid=5556, tid=0x00007ffa8ed05700
#
# JRE version: Java(TM) SE Runtime Environment (8.0_211-b12) (build 1.8.0_211-b12)
# Java VM: Java HotSpot(TM) 64-Bit Server VM (25.211-b12 mixed mode linux-amd64 compressed oops)
# Problematic frame:
# C  [sqlite-3.21.0-4e3c740a-5ee0-413f-b542-9517decbb17e-libsqlitejdbc.so+0x24e52]
#
# Failed to write core dump. Core dumps have been disabled. To enable core dumping, try "ulimit -c unlimited" before starting Java again
#
# If you would like to submit a bug report, please visit:
#   http://bugreport.java.com/bugreport/crash.jsp
# The crash happened outside the Java Virtual Machine in native code.
# See problematic frame for where to report the bug.
#

---------------  T H R E A D  ---------------

Current thread (0x00007ffa8800c800):  JavaThread "main" [_thread_in_native, id=5562, stack(0x00007ffa8ec06000,0x00007ffa8ed06000)]

siginfo: si_signo: 11 (SIGSEGV), si_code: 1 (SEGV_MAPERR), si_addr: 0x00007bf9af81baf0

Registers:
RAX=0x000000000000002a, RBX=0x00007bf9af81bac8, RCX=0x0000000000000001, RDX=0x00000000000015ba
RSP=0x00007ffa8ed044a0, RBP=0x00007ff9e9e5f238, RSI=0x000000000000002a, RDI=0x00007bf9af81bac8
R8 =0x00007ffa17fd4b38, R9 =0x00000000b167a0b8, R10=0x0000000000000000, R11=0x00007ffa709ece20
R12=0x0000000000000000, R13=0x00007ffa8ed045d0, R14=0x00007ff9af814af8, R15=0x00007ff9e9e5f238
RIP=0x00007ffa709e4e52, EFLAGS=0x0000000000010202, CSGSFS=0x002b000000000033, ERR=0x0000000000000004
  TRAPNO=0x000000000000000e

Top of Stack: (sp=0x00007ffa8ed044a0)
0x00007ffa8ed044a0:   00007ff9af814af8 00007ff9e9e5f238
0x00007ffa8ed044b0:   0000000000000000 00007ffa70a3b6d4
0x00007ffa8ed044c0:   00007ff9b42d92b8 7adc0bc4724d5d00
0x00007ffa8ed044d0:   00007ff9b42d51a8 00007ff9b42d51a8
0x00007ffa8ed044e0:   0000000000000000 00007ff9e9e5f238
0x00007ffa8ed044f0:   00007ff9b42d51a8 7adc0bc4724d5d00
0x00007ffa8ed04500:   00007ffa8800c800 00007ff9af814af8
0x00007ffa8ed04510:   00007ff9e9e5f238 0000000000000000
0x00007ffa8ed04520:   00007ffa8ed045d0 00007ffa8ed045a0
0x00007ffa8ed04530:   00007ffa8800c800 00007ffa70a3bfe1
0x00007ffa8ed04540:   00007ffa8ed045d0 00007ff9af814af8
0x00007ffa8ed04550:   00007ff9e9e5f238 00007ffa70a3c148
0x00007ffa8ed04560:   00007ff9e9e5f238 00007ff9af814af8
0x00007ffa8ed04570:   00007ff9e9e5f238 00007ffa70a3c310
0x00007ffa8ed04580:   00000000a63e0e50 00007ffa8ed045e0
0x00007ffa8ed04590:   0000000000000000 00007ffa7913a696
0x00007ffa8ed045a0:   00000000a63e0e50 00007ffa8ed045e8
0x00007ffa8ed045b0:   00007ffa737e4810 0000000000000000
0x00007ffa8ed045c0:   00007ffa737e4418 0000000000000000
0x00007ffa8ed045d0:   0000000000000000 00000000a63e0e50
0x00007ffa8ed045e0:   00000000b167a0d0 00007ffa7928fe9c
0x00007ffa8ed045f0:   0000000000000007 00000000e045ba30
0x00007ffa8ed04600:   00000000a6b4a920 aabf6f9800000001
0x00007ffa8ed04610:   00000000a63e0e50 00000000e045ba30
0x00007ffa8ed04620:   b42d9a7ca6b4a920 aabf6f78b0299a60
0x00007ffa8ed04630:   00007ffa00019a7c 00000000aabf6f98
0x00007ffa8ed04640:   000186a0a6b4a920 00000000b0300460
0x00007ffa8ed04650:   00000000a6b4a920 00000000aabf6f78
0x00007ffa8ed04660:   00000000aabf6f78 00000000ab4bb750
0x00007ffa8ed04670:   00000000ab4bb750 00007ffa7928da10
0x00007ffa8ed04680:   0000000000000021 00000000ab4bb720
0x00007ffa8ed04690:   00000001000016d0 00000000ab4bb730 

Instructions: (pc=0x00007ffa709e4e52)
0x00007ffa709e4e32:   5c 24 e8 48 89 6c 24 f0 48 89 fb 4c 89 64 24 f8
0x00007ffa709e4e42:   48 83 ec 18 48 85 ff 74 55 85 f6 74 51 48 63 c6
0x00007ffa709e4e52:   4c 8b 67 28 48 8d 14 c5 00 00 00 00 48 c1 e0 06
0x00007ffa709e4e62:   48 29 d0 49 83 bc 24 a0 02 00 00 00 48 8d 2c 38 

Register to memory mapping:

RAX=0x000000000000002a is an unknown value
RBX=0x00007bf9af81bac8 is an unknown value
RCX=0x0000000000000001 is an unknown value
RDX=0x00000000000015ba is an unknown value
RSP=0x00007ffa8ed044a0 is pointing into the stack for thread: 0x00007ffa8800c800
RBP=0x00007ff9e9e5f238 is an unknown value
RSI=0x000000000000002a is an unknown value
RDI=0x00007bf9af81bac8 is an unknown value
R8 =0x00007ffa17fd4b38 is an unknown value
R9 =0x00000000b167a0b8 is an oop
java.lang.Long 
 - klass: 'java/lang/Long'
R10=0x0000000000000000 is an unknown value
R11=0x00007ffa709ece20: <offset 0x2ce20> in /tmp/sqlite-3.21.0-4e3c740a-5ee0-413f-b542-9517decbb17e-libsqlitejdbc.so at 0x00007ffa709c0000
R12=0x0000000000000000 is an unknown value
R13=0x00007ffa8ed045d0 is pointing into the stack for thread: 0x00007ffa8800c800
R14=0x00007ff9af814af8 is an unknown value
R15=0x00007ff9e9e5f238 is an unknown value


Stack: [0x00007ffa8ec06000,0x00007ffa8ed06000],  sp=0x00007ffa8ed044a0,  free space=1017k
Native frames: (J=compiled Java code, j=interpreted, Vv=VM code, C=native code)
C  [sqlite-3.21.0-4e3c740a-5ee0-413f-b542-9517decbb17e-libsqlitejdbc.so+0x24e52]

Java frames: (J=compiled Java code, j=interpreted, Vv=VM code)
J 1427  org.sqlite.core.NativeDB.finalize(J)I (0 bytes) @ 0x00007ffa7913a558 [0x00007ffa7913a520+0x38]
J 1700 C2 org.sqlite.core.DB.close()V (156 bytes) @ 0x00007ffa7928fe9c [0x00007ffa7928fbc0+0x2dc]
j  org.sqlite.core.CoreConnection.close()V+26
j  com.tequila.database.corrector.UpdateReportAtTable.disconnect()V+23
j  com.tequila.database.corrector.CorrectNonUniqueFields.updateGeoAccuracyCode(Ljava/util/Map;)V+373
J 1715% C1 com.tequila.database.corrector.CorrectNonUniqueFields.startUpdateGeoAccuracyCode(IILjava/lang/String;)V (179 bytes) @ 0x00007ffa78f0815c [0x00007ffa78f05ec0+0x229c]
j  com.tequila.database.corrector.CorrectorAllFields.main([Ljava/lang/String;)V+130
v  ~StubRoutines::call_stub

---------------  P R O C E S S  ---------------

Java Threads: ( => current thread )
  0x00007ffa880c3000 JavaThread "Service Thread" daemon [_thread_blocked, id=5575, stack(0x00007ffa71844000,0x00007ffa71945000)]
  0x00007ffa880c0000 JavaThread "C1 CompilerThread2" daemon [_thread_blocked, id=5574, stack(0x00007ffa71946000,0x00007ffa71a46000)]
  0x00007ffa880be000 JavaThread "C2 CompilerThread1" daemon [_thread_blocked, id=5573, stack(0x00007ffa71a47000,0x00007ffa71b47000)]
  0x00007ffa880bb000 JavaThread "C2 CompilerThread0" daemon [_thread_blocked, id=5572, stack(0x00007ffa71b48000,0x00007ffa71c48000)]
  0x00007ffa880b9800 JavaThread "Signal Dispatcher" daemon [_thread_blocked, id=5571, stack(0x00007ffa71c48000,0x00007ffa71d49000)]
  0x00007ffa88087000 JavaThread "Finalizer" daemon [_thread_blocked, id=5570, stack(0x00007ffa72027000,0x00007ffa72128000)]
  0x00007ffa88084800 JavaThread "Reference Handler" daemon [_thread_blocked, id=5569, stack(0x00007ffa72128000,0x00007ffa72229000)]
=>0x00007ffa8800c800 JavaThread "main" [_thread_in_native, id=5562, stack(0x00007ffa8ec06000,0x00007ffa8ed06000)]

Other Threads:
  0x00007ffa8807a800 VMThread [stack: 0x00007ffa7222a000,0x00007ffa7232a000] [id=5568]
  0x00007ffa880c5800 WatcherThread [stack: 0x00007ffa71744000,0x00007ffa71844000] [id=5576]

VM state:not at safepoint (normal execution)

VM Mutex/Monitor currently owned by a thread: None

heap address: 0x0000000085800000, size: 1960 MB, Compressed Oops mode: 32-bit
Narrow klass base: 0x0000000000000000, Narrow klass shift: 3
Compressed class space size: 1073741824 Address: 0x0000000100000000

Heap:
 PSYoungGen      total 441856K, used 151296K [0x00000000d7300000, 0x00000000ffc00000, 0x0000000100000000)
  eden space 223232K, 67% used [0x00000000d7300000,0x00000000e06c0128,0x00000000e4d00000)
  from space 218624K, 0% used [0x00000000f2680000,0x00000000f2680000,0x00000000ffc00000)
  to   space 220672K, 0% used [0x00000000e4d00000,0x00000000e4d00000,0x00000000f2480000)
 ParOldGen       total 1042432K, used 761389K [0x0000000085800000, 0x00000000c5200000, 0x00000000d7300000)
  object space 1042432K, 73% used [0x0000000085800000,0x00000000b3f8b470,0x00000000c5200000)
 Metaspace       used 10273K, capacity 10546K, committed 10752K, reserved 1058816K
  class space    used 1061K, capacity 1189K, committed 1280K, reserved 1048576K

Card table byte_map: [0x00007ffa7843d000,0x00007ffa78812000] byte_map_base: 0x00007ffa78011000

Marking Bits: (ParMarkBitMap*) 0x00007ffa8e0bcd80
 Begin Bits: [0x00007ffa7406b000, 0x00007ffa75f0b000)
 End Bits:   [0x00007ffa75f0b000, 0x00007ffa77dab000)

Polling page: 0x00007ffa8ed2e000

CodeCache: size=245760Kb used=6727Kb max_used=6875Kb free=239032Kb
 bounds [0x00007ffa78bd2000, 0x00007ffa792c2000, 0x00007ffa87bd2000]
 total_blobs=1876 nmethods=1523 adapters=266
 compilation: enabled

Compilation events (10 events):
Event: 317.430 Thread 0x00007ffa880c0000 1715 %     3       com.tequila.database.corrector.CorrectNonUniqueFields::startUpdateGeoAccuracyCode @ 52 (179 bytes)
Event: 317.432 Thread 0x00007ffa880c0000 nmethod 1715% 0x00007ffa78f05a50 code [0x00007ffa78f05ec0, 0x00007ffa78f089c8]
Event: 317.433 Thread 0x00007ffa880c0000 1716       3       com.tequila.database.corrector.CorrectNonUniqueFields::startUpdateGeoAccuracyCode (179 bytes)
Event: 317.435 Thread 0x00007ffa880c0000 nmethod 1716 0x00007ffa792abe50 code [0x00007ffa792ac2c0, 0x00007ffa792aee48]
Event: 324.164 Thread 0x00007ffa880be000 1717 % !   4       com.tequila.database.corrector.CorrectNonUniqueFields::updateGeoAccuracyCode @ 50 (382 bytes)
Event: 324.209 Thread 0x00007ffa880be000 nmethod 1717% 0x00007ffa792b0a50 code [0x00007ffa792b0e40, 0x00007ffa792b3738]
Event: 324.971 Thread 0x00007ffa880bb000 1718   !   4       com.tequila.database.corrector.CorrectNonUniqueFields::updateGeoAccuracyCode (382 bytes)
Event: 325.031 Thread 0x00007ffa880bb000 nmethod 1718 0x00007ffa792b51d0 code [0x00007ffa792b5640, 0x00007ffa792b7fa0]
Event: 341.934 Thread 0x00007ffa880c0000 1719       1       java.io.OutputStream::flush (1 bytes)
Event: 341.934 Thread 0x00007ffa880c0000 nmethod 1719 0x00007ffa78dd8190 code [0x00007ffa78dd82e0, 0x00007ffa78dd83f0]

GC Heap History (10 events):
Event: 337.176 GC heap before
{Heap before GC invocations=53 (full 6):
 PSYoungGen      total 427520K, used 297279K [0x00000000d7300000, 0x00000000fee00000, 0x0000000100000000)
  eden space 223232K, 100% used [0x00000000d7300000,0x00000000e4d00000,0x00000000e4d00000)
  from space 204288K, 36% used [0x00000000f2680000,0x00000000f6ecffd0,0x00000000fee00000)
  to   space 213504K, 0% used [0x00000000e4d00000,0x00000000e4d00000,0x00000000f1d80000)
 ParOldGen       total 828928K, used 619245K [0x0000000085800000, 0x00000000b8180000, 0x00000000d7300000)
  object space 828928K, 74% used [0x0000000085800000,0x00000000ab4bb6e8,0x00000000b8180000)
 Metaspace       used 10273K, capacity 10546K, committed 10752K, reserved 1058816K
  class space    used 1061K, capacity 1189K, committed 1280K, reserved 1048576K
Event: 337.258 GC heap after
Heap after GC invocations=53 (full 6):
 PSYoungGen      total 436736K, used 117084K [0x00000000d7300000, 0x00000000ffa00000, 0x0000000100000000)
  eden space 223232K, 0% used [0x00000000d7300000,0x00000000d7300000,0x00000000e4d00000)
  from space 213504K, 54% used [0x00000000e4d00000,0x00000000ebf57250,0x00000000f1d80000)
  to   space 212480K, 0% used [0x00000000f2a80000,0x00000000f2a80000,0x00000000ffa00000)
 ParOldGen       total 828928K, used 619245K [0x0000000085800000, 0x00000000b8180000, 0x00000000d7300000)
  object space 828928K, 74% used [0x0000000085800000,0x00000000ab4bb6e8,0x00000000b8180000)
 Metaspace       used 10273K, capacity 10546K, committed 10752K, reserved 1058816K
  class space    used 1061K, capacity 1189K, committed 1280K, reserved 1048576K
}
Event: 338.640 GC heap before
{Heap before GC invocations=54 (full 6):
 PSYoungGen      total 436736K, used 340316K [0x00000000d7300000, 0x00000000ffa00000, 0x0000000100000000)
  eden space 223232K, 100% used [0x00000000d7300000,0x00000000e4d00000,0x00000000e4d00000)
  from space 213504K, 54% used [0x00000000e4d00000,0x00000000ebf57250,0x00000000f1d80000)
  to   space 212480K, 0% used [0x00000000f2a80000,0x00000000f2a80000,0x00000000ffa00000)
 ParOldGen       total 828928K, used 619245K [0x0000000085800000, 0x00000000b8180000, 0x00000000d7300000)
  object space 828928K, 74% used [0x0000000085800000,0x00000000ab4bb6e8,0x00000000b8180000)
 Metaspace       used 10273K, capacity 10546K, committed 10752K, reserved 1058816K
  class space    used 1061K, capacity 1189K, committed 1280K, reserved 1048576K
Event: 338.743 GC heap after
Heap after GC invocations=54 (full 6):
 PSYoungGen      total 435712K, used 161127K [0x00000000d7300000, 0x0000000100000000, 0x0000000100000000)
  eden space 223232K, 0% used [0x00000000d7300000,0x00000000d7300000,0x00000000e4d00000)
  from space 212480K, 75% used [0x00000000f2a80000,0x00000000fc7d9e18,0x00000000ffa00000)
  to   space 222720K, 0% used [0x00000000e4d00000,0x00000000e4d00000,0x00000000f2680000)
 ParOldGen       total 828928K, used 619245K [0x0000000085800000, 0x00000000b8180000, 0x00000000d7300000)
  object space 828928K, 74% used [0x0000000085800000,0x00000000ab4bb6e8,0x00000000b8180000)
 Metaspace       used 10273K, capacity 10546K, committed 10752K, reserved 1058816K
  class space    used 1061K, capacity 1189K, committed 1280K, reserved 1048576K
}
Event: 340.060 GC heap before
{Heap before GC invocations=55 (full 6):
 PSYoungGen      total 435712K, used 384359K [0x00000000d7300000, 0x0000000100000000, 0x0000000100000000)
  eden space 223232K, 100% used [0x00000000d7300000,0x00000000e4d00000,0x00000000e4d00000)
  from space 212480K, 75% used [0x00000000f2a80000,0x00000000fc7d9e18,0x00000000ffa00000)
  to   space 222720K, 0% used [0x00000000e4d00000,0x00000000e4d00000,0x00000000f2680000)
 ParOldGen       total 828928K, used 619245K [0x0000000085800000, 0x00000000b8180000, 0x00000000d7300000)
  object space 828928K, 74% used [0x0000000085800000,0x00000000ab4bb6e8,0x00000000b8180000)
 Metaspace       used 10273K, capacity 10546K, committed 10752K, reserved 1058816K
  class space    used 1061K, capacity 1189K, committed 1280K, reserved 1048576K
Event: 340.193 GC heap after
Heap after GC invocations=55 (full 6):
 PSYoungGen      total 445952K, used 132224K [0x00000000d7300000, 0x0000000100000000, 0x0000000100000000)
  eden space 223232K, 0% used [0x00000000d7300000,0x00000000d7300000,0x00000000e4d00000)
  from space 222720K, 59% used [0x00000000e4d00000,0x00000000ece20378,0x00000000f2680000)
  to   space 222720K, 0% used [0x00000000f2680000,0x00000000f2680000,0x0000000100000000)
 ParOldGen       total 828928K, used 693132K [0x0000000085800000, 0x00000000b8180000, 0x00000000d7300000)
  object space 828928K, 83% used [0x0000000085800000,0x00000000afce3188,0x00000000b8180000)
 Metaspace       used 10273K, capacity 10546K, committed 10752K, reserved 1058816K
  class space    used 1061K, capacity 1189K, committed 1280K, reserved 1048576K
}
Event: 350.624 GC heap before
{Heap before GC invocations=56 (full 6):
 PSYoungGen      total 445952K, used 355456K [0x00000000d7300000, 0x0000000100000000, 0x0000000100000000)
  eden space 223232K, 100% used [0x00000000d7300000,0x00000000e4d00000,0x00000000e4d00000)
  from space 222720K, 59% used [0x00000000e4d00000,0x00000000ece20378,0x00000000f2680000)
  to   space 222720K, 0% used [0x00000000f2680000,0x00000000f2680000,0x0000000100000000)
 ParOldGen       total 828928K, used 693132K [0x0000000085800000, 0x00000000b8180000, 0x00000000d7300000)
  object space 828928K, 83% used [0x0000000085800000,0x00000000afce3188,0x00000000b8180000)
 Metaspace       used 10273K, capacity 10546K, committed 10752K, reserved 1058816K
  class space    used 1061K, capacity 1189K, committed 1280K, reserved 1048576K
Event: 351.012 GC heap after
Heap after GC invocations=56 (full 6):
 PSYoungGen      total 441856K, used 64768K [0x00000000d7300000, 0x00000000ffc00000, 0x0000000100000000)
  eden space 223232K, 0% used [0x00000000d7300000,0x00000000d7300000,0x00000000e4d00000)
  from space 218624K, 29% used [0x00000000f2680000,0x00000000f65c0020,0x00000000ffc00000)
  to   space 220672K, 0% used [0x00000000e4d00000,0x00000000e4d00000,0x00000000f2480000)
 ParOldGen       total 828928K, used 780485K [0x0000000085800000, 0x00000000b8180000, 0x00000000d7300000)
  object space 828928K, 94% used [0x0000000085800000,0x00000000b52314f0,0x00000000b8180000)
 Metaspace       used 10273K, capacity 10546K, committed 10752K, reserved 1058816K
  class space    used 1061K, capacity 1189K, committed 1280K, reserved 1048576K
}
Event: 351.012 GC heap before
{Heap before GC invocations=57 (full 7):
 PSYoungGen      total 441856K, used 64768K [0x00000000d7300000, 0x00000000ffc00000, 0x0000000100000000)
  eden space 223232K, 0% used [0x00000000d7300000,0x00000000d7300000,0x00000000e4d00000)
  from space 218624K, 29% used [0x00000000f2680000,0x00000000f65c0020,0x00000000ffc00000)
  to   space 220672K, 0% used [0x00000000e4d00000,0x00000000e4d00000,0x00000000f2480000)
 ParOldGen       total 828928K, used 780485K [0x0000000085800000, 0x00000000b8180000, 0x00000000d7300000)
  object space 828928K, 94% used [0x0000000085800000,0x00000000b52314f0,0x00000000b8180000)
 Metaspace       used 10273K, capacity 10546K, committed 10752K, reserved 1058816K
  class space    used 1061K, capacity 1189K, committed 1280K, reserved 1048576K
Event: 352.063 GC heap after
Heap after GC invocations=57 (full 7):
 PSYoungGen      total 441856K, used 0K [0x00000000d7300000, 0x00000000ffc00000, 0x0000000100000000)
  eden space 223232K, 0% used [0x00000000d7300000,0x00000000d7300000,0x00000000e4d00000)
  from space 218624K, 0% used [0x00000000f2680000,0x00000000f2680000,0x00000000ffc00000)
  to   space 220672K, 0% used [0x00000000e4d00000,0x00000000e4d00000,0x00000000f2480000)
 ParOldGen       total 1042432K, used 761389K [0x0000000085800000, 0x00000000c5200000, 0x00000000d7300000)
  object space 1042432K, 73% used [0x0000000085800000,0x00000000b3f8b470,0x00000000c5200000)
 Metaspace       used 10273K, capacity 10546K, committed 10752K, reserved 1058816K
  class space    used 1061K, capacity 1189K, committed 1280K, reserved 1048576K
}

Deoptimization events (10 events):
Event: 26.415 Thread 0x00007ffa88087000 Uncommon trap: reason=unstable_if action=reinterpret pc=0x00007ffa79122fb0 method=org.sqlite.core.CoreResultSet.close()V @ 76
Event: 28.494 Thread 0x00007ffa8800c800 Uncommon trap: reason=unstable_if action=reinterpret pc=0x00007ffa790a4768 method=org.sqlite.core.CorePreparedStatement.batch(ILjava/lang/Object;)V @ 8
Event: 28.504 Thread 0x00007ffa8800c800 Uncommon trap: reason=unstable_if action=reinterpret pc=0x00007ffa790b4bdc method=org.sqlite.core.DB.sqlbind(JILjava/lang/Object;)I @ 5
Event: 30.515 Thread 0x00007ffa8800c800 Uncommon trap: reason=unstable_if action=reinterpret pc=0x00007ffa79157d34 method=com.tequila.database.corrector.UpdateReportAtTable.insertDataInDB(Ljava/util/List;)V @ 198
Event: 31.347 Thread 0x00007ffa8800c800 Uncommon trap: reason=unstable_if action=reinterpret pc=0x00007ffa790a3e38 method=org.sqlite.core.CorePreparedStatement.batch(ILjava/lang/Object;)V @ 8
Event: 37.835 Thread 0x00007ffa88087000 Uncommon trap: reason=null_check action=make_not_entrant pc=0x00007ffa7910c92c method=java.lang.StringCoding.deref(Ljava/lang/ThreadLocal;)Ljava/lang/Object; @ 4
Event: 68.202 Thread 0x00007ffa8800c800 Uncommon trap: reason=unstable_if action=reinterpret pc=0x00007ffa79281f20 method=com.tequila.database.corrector.CorrectNonUniqueFields.updateQualityScore(Ljava/util/Map;)V @ 195
Event: 138.321 Thread 0x00007ffa8800c800 Uncommon trap: reason=unstable_if action=reinterpret pc=0x00007ffa790a1958 method=sun.nio.cs.UTF_8$Encoder.encode([CII[B)I @ 95
Event: 297.468 Thread 0x00007ffa8800c800 Uncommon trap: reason=unstable_if action=reinterpret pc=0x00007ffa78dd4448 method=com.tequila.database.corrector.CorrectNonUniqueFields.updateGeoDistance(Ljava/util/Map;)V @ 195
Event: 333.766 Thread 0x00007ffa8800c800 Uncommon trap: reason=unstable_if action=reinterpret pc=0x00007ffa792b25c8 method=com.tequila.database.corrector.CorrectNonUniqueFields.updateGeoAccuracyCode(Ljava/util/Map;)V @ 195

Classes redefined (0 events):
No events

Internal exceptions (10 events):
Event: 2.136 Thread 0x00007ffa8800c800 Exception <a 'java/security/PrivilegedActionException'> (0x00000000d91c2bb0) thrown at [/HUDSON/workspace/8-2-build-linux-amd64/jdk8u211/12973/hotspot/src/share/vm/prims/jvm.cpp, line 1502]
Event: 2.136 Thread 0x00007ffa8800c800 Exception <a 'java/security/PrivilegedActionException'> (0x00000000d91c2fa8) thrown at [/HUDSON/workspace/8-2-build-linux-amd64/jdk8u211/12973/hotspot/src/share/vm/prims/jvm.cpp, line 1502]
Event: 2.136 Thread 0x00007ffa8800c800 Exception <a 'java/security/PrivilegedActionException'> (0x00000000d91c3e58) thrown at [/HUDSON/workspace/8-2-build-linux-amd64/jdk8u211/12973/hotspot/src/share/vm/prims/jvm.cpp, line 1502]
Event: 2.136 Thread 0x00007ffa8800c800 Exception <a 'java/security/PrivilegedActionException'> (0x00000000d91c4250) thrown at [/HUDSON/workspace/8-2-build-linux-amd64/jdk8u211/12973/hotspot/src/share/vm/prims/jvm.cpp, line 1502]
Event: 2.386 Thread 0x00007ffa8800c800 Implicit null exception at 0x00007ffa78db83fb to 0x00007ffa78db84ed
Event: 2.386 Thread 0x00007ffa8800c800 Implicit null exception at 0x00007ffa78de02ef to 0x00007ffa78de03a9
Event: 28.494 Thread 0x00007ffa8800c800 Implicit null exception at 0x00007ffa790a469d to 0x00007ffa790a474d
Event: 28.504 Thread 0x00007ffa8800c800 Implicit null exception at 0x00007ffa790b3f24 to 0x00007ffa790b4bb9
Event: 31.347 Thread 0x00007ffa8800c800 Implicit null exception at 0x00007ffa790a3d4a to 0x00007ffa790a3e0d
Event: 37.835 Thread 0x00007ffa88087000 Implicit null exception at 0x00007ffa7910c1a0 to 0x00007ffa7910c911

Events (10 events):
Event: 337.176 Executing VM operation: ParallelGCFailedAllocation
Event: 337.258 Executing VM operation: ParallelGCFailedAllocation done
Event: 338.640 Executing VM operation: ParallelGCFailedAllocation
Event: 338.743 Executing VM operation: ParallelGCFailedAllocation done
Event: 340.060 Executing VM operation: ParallelGCFailedAllocation
Event: 340.193 Executing VM operation: ParallelGCFailedAllocation done
Event: 350.624 Executing VM operation: ParallelGCFailedAllocation
Event: 352.063 Executing VM operation: ParallelGCFailedAllocation done
Event: 352.072 Executing VM operation: RevokeBias
Event: 352.072 Executing VM operation: RevokeBias done


Dynamic libraries:
00400000-00401000 r-xp 00000000 08:01 29492542                           /opt/jdk/jdk1.8.0_211/bin/java
00600000-00601000 r--p 00000000 08:01 29492542                           /opt/jdk/jdk1.8.0_211/bin/java
00601000-00602000 rw-p 00001000 08:01 29492542                           /opt/jdk/jdk1.8.0_211/bin/java
015c8000-015e9000 rw-p 00000000 00:00 0                                  [heap]
85800000-c5200000 rw-p 00000000 00:00 0 
c5200000-d7300000 ---p 00000000 00:00 0 
d7300000-ffc00000 rw-p 00000000 00:00 0 
ffc00000-100000000 ---p 00000000 00:00 0 
100000000-100140000 rw-p 00000000 00:00 0 
100140000-140000000 ---p 00000000 00:00 0 
7ff99c000000-7ff99d784000 rw-p 00000000 00:00 0 
7ff99d784000-7ff9a0000000 ---p 00000000 00:00 0 
7ff9a4000000-7ff9ac000000 rw-p 00000000 00:00 0 
7ff9ac000000-7ff9b4000000 rw-p 00000000 00:00 0 
7ff9b4000000-7ff9bc000000 rw-p 00000000 00:00 0 
7ff9bc000000-7ff9c4000000 rw-p 00000000 00:00 0 
7ff9c4000000-7ff9cc000000 rw-p 00000000 00:00 0 
7ff9cc000000-7ff9cfffe000 rw-p 00000000 00:00 0 
7ff9cfffe000-7ff9d0000000 ---p 00000000 00:00 0 
7ff9d0000000-7ff9d4000000 rw-p 00000000 00:00 0 
7ff9d4000000-7ff9dc000000 rw-p 00000000 00:00 0 
7ff9dc000000-7ff9e4000000 rw-p 00000000 00:00 0 
7ff9e4000000-7ff9ec000000 rw-p 00000000 00:00 0 
7ff9ec000000-7ff9f3fff000 rw-p 00000000 00:00 0 
7ff9f3fff000-7ff9f4000000 ---p 00000000 00:00 0 
7ff9f4000000-7ff9fc000000 rw-p 00000000 00:00 0 
7ff9fc000000-7ffa04000000 rw-p 00000000 00:00 0 
7ffa04000000-7ffa0bfff000 rw-p 00000000 00:00 0 
7ffa0bfff000-7ffa0c000000 ---p 00000000 00:00 0 
7ffa0c000000-7ffa14000000 rw-p 00000000 00:00 0 
7ffa14000000-7ffa1c000000 rw-p 00000000 00:00 0 
7ffa1c000000-7ffa1fffe000 rw-p 00000000 00:00 0 
7ffa1fffe000-7ffa20000000 ---p 00000000 00:00 0 
7ffa20000000-7ffa24000000 rw-p 00000000 00:00 0 
7ffa24000000-7ffa2c000000 rw-p 00000000 00:00 0 
7ffa2c000000-7ffa2ffff000 rw-p 00000000 00:00 0 
7ffa2ffff000-7ffa30000000 ---p 00000000 00:00 0 
7ffa30000000-7ffa34000000 rw-p 00000000 00:00 0 
7ffa34000000-7ffa37fff000 rw-p 00000000 00:00 0 
7ffa37fff000-7ffa38000000 ---p 00000000 00:00 0 
7ffa38fff000-7ffa3c000000 rw-p 00000000 00:00 0 
7ffa3c000000-7ffa3c021000 rw-p 00000000 00:00 0 
7ffa3c021000-7ffa40000000 ---p 00000000 00:00 0 
7ffa40000000-7ffa40021000 rw-p 00000000 00:00 0 
7ffa40021000-7ffa44000000 ---p 00000000 00:00 0 
7ffa44000000-7ffa45ad5000 rw-p 00000000 00:00 0 
7ffa45ad5000-7ffa48000000 ---p 00000000 00:00 0 
7ffa48000000-7ffa4842b000 rw-p 00000000 00:00 0 
7ffa4842b000-7ffa4c000000 ---p 00000000 00:00 0 
7ffa4c000000-7ffa4c021000 rw-p 00000000 00:00 0 
7ffa4c021000-7ffa50000000 ---p 00000000 00:00 0 
7ffa50000000-7ffa510b8000 rw-p 00000000 00:00 0 
7ffa510b8000-7ffa54000000 ---p 00000000 00:00 0 
7ffa54000000-7ffa54021000 rw-p 00000000 00:00 0 
7ffa54021000-7ffa58000000 ---p 00000000 00:00 0 
7ffa58000000-7ffa58021000 rw-p 00000000 00:00 0 
7ffa58021000-7ffa5c000000 ---p 00000000 00:00 0 
7ffa5c000000-7ffa5c405000 rw-p 00000000 00:00 0 
7ffa5c405000-7ffa60000000 ---p 00000000 00:00 0 
7ffa60000000-7ffa60021000 rw-p 00000000 00:00 0 
7ffa60021000-7ffa64000000 ---p 00000000 00:00 0 
7ffa64000000-7ffa64133000 rw-p 00000000 00:00 0 
7ffa64133000-7ffa68000000 ---p 00000000 00:00 0 
7ffa68000000-7ffa682a6000 rw-p 00000000 00:00 0 
7ffa682a6000-7ffa6c000000 ---p 00000000 00:00 0 
7ffa6c000000-7ffa6c33a000 rw-p 00000000 00:00 0 
7ffa6c33a000-7ffa70000000 ---p 00000000 00:00 0 
7ffa7079a000-7ffa707b6000 r--s 00393000 08:01 29492804                   /opt/jdk/jdk1.8.0_211/jre/lib/ext/cldrdata.jar
7ffa707b6000-7ffa707c0000 r--s 00116000 08:01 29492796                   /opt/jdk/jdk1.8.0_211/jre/lib/ext/localedata.jar
7ffa707c0000-7ffa70900000 rw-p 00000000 00:00 0 
7ffa70900000-7ffa709c0000 ---p 00000000 00:00 0 
7ffa709c0000-7ffa70aa5000 r-xp 00000000 08:01 19922994                   /tmp/sqlite-3.21.0-4e3c740a-5ee0-413f-b542-9517decbb17e-libsqlitejdbc.so
7ffa70aa5000-7ffa70ca4000 ---p 000e5000 08:01 19922994                   /tmp/sqlite-3.21.0-4e3c740a-5ee0-413f-b542-9517decbb17e-libsqlitejdbc.so
7ffa70ca4000-7ffa70ca9000 rw-p 000e4000 08:01 19922994                   /tmp/sqlite-3.21.0-4e3c740a-5ee0-413f-b542-9517decbb17e-libsqlitejdbc.so
7ffa70ca9000-7ffa70caa000 rw-p 00000000 00:00 0 
7ffa70caa000-7ffa70cad000 r--s 00024000 08:01 23858238                   /home/chinmay/eclipse-workspace/MexicoDataProcess/jars/fuzzywuzzy/fuzzywuzzy-1.1.9-javadoc.jar
7ffa70cad000-7ffa70cb2000 r--s 0002c000 08:01 23858242                   /home/chinmay/eclipse-workspace/MexicoDataProcess/jars/commons-text-1.6.jar
7ffa70cb2000-7ffa70cb8000 r--s 0003f000 08:01 23858246                   /home/chinmay/eclipse-workspace/MexicoDataProcess/jars/jsoup-1.6.0.jar
7ffa70cb8000-7ffa70cbc000 r--s 0002f000 08:01 23858247                   /home/chinmay/eclipse-workspace/MexicoDataProcess/jars/com.fasterxml.jackson.core.jar
7ffa70cbc000-7ffa70ccf000 r--s 000fc000 08:01 23858229                   /home/chinmay/eclipse-workspace/MexicoDataProcess/jars/jackson-all-1.9.0.jar
7ffa70ccf000-7ffa70ce6000 r-xp 00000000 08:01 19270809                   /lib/x86_64-linux-gnu/libgcc_s.so.1
7ffa70ce6000-7ffa70ee5000 ---p 00017000 08:01 19270809                   /lib/x86_64-linux-gnu/libgcc_s.so.1
7ffa70ee5000-7ffa70ee6000 r--p 00016000 08:01 19270809                   /lib/x86_64-linux-gnu/libgcc_s.so.1
7ffa70ee6000-7ffa70ee7000 rw-p 00017000 08:01 19270809                   /lib/x86_64-linux-gnu/libgcc_s.so.1
7ffa70ee7000-7ffa70ee9000 r--s 00003000 08:01 23858231                   /home/chinmay/eclipse-workspace/MexicoDataProcess/jars/fuzzywuzzy/fuzzywuzzy-1.1.9-sources.jar
7ffa70ee9000-7ffa70eee000 r--s 00048000 08:01 23858227                   /home/chinmay/eclipse-workspace/MexicoDataProcess/jars/dnsjava-2.1.8.jar
7ffa70eee000-7ffa70f03000 r--s 0024a000 08:01 24248427                   /home/chinmay/eclipse-workspace/MexicoDataProcess/jars/pdfBox/pdfbox-2.0.8.jar
7ffa70f03000-7ffa70f09000 r--s 00165000 08:01 24248426                   /home/chinmay/eclipse-workspace/MexicoDataProcess/jars/pdfBox/fontbox-2.0.8.jar
7ffa70f09000-7ffa70f0c000 r--s 00009000 08:01 23858241                   /home/chinmay/eclipse-workspace/MexicoDataProcess/jars/signpost-core-1.2.1.2.jar
7ffa70f0c000-7ffa70f44000 r-xp 00000000 08:01 29492859                   /opt/jdk/jdk1.8.0_211/jre/lib/amd64/libsunec.so
7ffa70f44000-7ffa71143000 ---p 00038000 08:01 29492859                   /opt/jdk/jdk1.8.0_211/jre/lib/amd64/libsunec.so
7ffa71143000-7ffa71148000 r--p 00037000 08:01 29492859                   /opt/jdk/jdk1.8.0_211/jre/lib/amd64/libsunec.so
7ffa71148000-7ffa7114a000 rw-p 0003c000 08:01 29492859                   /opt/jdk/jdk1.8.0_211/jre/lib/amd64/libsunec.so
7ffa7114a000-7ffa71160000 r-xp 00000000 08:01 29492852                   /opt/jdk/jdk1.8.0_211/jre/lib/amd64/libnet.so
7ffa71160000-7ffa7135f000 ---p 00016000 08:01 29492852                   /opt/jdk/jdk1.8.0_211/jre/lib/amd64/libnet.so
7ffa7135f000-7ffa71360000 r--p 00015000 08:01 29492852                   /opt/jdk/jdk1.8.0_211/jre/lib/amd64/libnet.so
7ffa71360000-7ffa71361000 rw-p 00016000 08:01 29492852                   /opt/jdk/jdk1.8.0_211/jre/lib/amd64/libnet.so
7ffa71361000-7ffa71372000 r-xp 00000000 08:01 29492912                   /opt/jdk/jdk1.8.0_211/jre/lib/amd64/libnio.so
7ffa71372000-7ffa71571000 ---p 00011000 08:01 29492912                   /opt/jdk/jdk1.8.0_211/jre/lib/amd64/libnio.so
7ffa71571000-7ffa71572000 r--p 00010000 08:01 29492912                   /opt/jdk/jdk1.8.0_211/jre/lib/amd64/libnio.so
7ffa71572000-7ffa71573000 rw-p 00011000 08:01 29492912                   /opt/jdk/jdk1.8.0_211/jre/lib/amd64/libnio.so
7ffa71573000-7ffa71575000 r--s 00009000 08:01 29492797                   /opt/jdk/jdk1.8.0_211/jre/lib/ext/sunec.jar
7ffa71575000-7ffa71579000 r--s 0003b000 08:01 29492805                   /opt/jdk/jdk1.8.0_211/jre/lib/ext/sunpkcs11.jar
7ffa71579000-7ffa7157c000 r--s 0001a000 08:01 29492691                   /opt/jdk/jdk1.8.0_211/jre/lib/jce.jar
7ffa7157c000-7ffa71581000 r--s 000a3000 08:01 29492810                   /opt/jdk/jdk1.8.0_211/jre/lib/jsse.jar
7ffa71581000-7ffa715b6000 rw-p 00000000 00:00 0 
7ffa715b6000-7ffa716fc000 r--s 01421000 08:01 23858243                   /home/chinmay/eclipse-workspace/MexicoDataProcess/jars/selenium-server-standalone-3.5.3.jar
7ffa716fc000-7ffa71705000 r--s 0006f000 08:01 23858256                   /home/chinmay/eclipse-workspace/MexicoDataProcess/jars/log4j-1.2.17.jar
7ffa71705000-7ffa7170d000 r--s 00048000 08:01 23858228                   /home/chinmay/eclipse-workspace/MexicoDataProcess/jars/httpcore-4.4.6.jar
7ffa7170d000-7ffa7171a000 r--s 000aa000 08:01 23858253                   /home/chinmay/eclipse-workspace/MexicoDataProcess/jars/httpclient-4.5.3.jar
7ffa7171a000-7ffa7171c000 r--s 00007000 08:01 23858237                   /home/chinmay/eclipse-workspace/MexicoDataProcess/jars/fuzzywuzzy/fuzzywuzzy-1.1.9.jar
7ffa7171c000-7ffa71720000 r--s 0002a000 08:01 24248414                   /home/chinmay/eclipse-workspace/MexicoDataProcess/jars/validator/commons-validator-1.6.jar
7ffa71720000-7ffa71722000 r--s 0000d000 08:01 23858250                   /home/chinmay/eclipse-workspace/MexicoDataProcess/jars/SuperCSV-1.52.jar
7ffa71722000-7ffa71727000 r--s 00659000 08:01 23858245                   /home/chinmay/eclipse-workspace/MexicoDataProcess/jars/sqlite-jdbc-3.21.0.jar
7ffa71727000-7ffa7172a000 r--s 00017000 08:01 23858254                   /home/chinmay/eclipse-workspace/MexicoDataProcess/jars/opencsv-4.0.jar
7ffa7172a000-7ffa71732000 r--s 00098000 08:01 23858226                   /home/chinmay/eclipse-workspace/MexicoDataProcess/jars/javax.mail-1.6.1.jar
7ffa71732000-7ffa71737000 r--s 0002a000 08:01 23858225                   /home/chinmay/eclipse-workspace/MexicoDataProcess/jars/gson-2.2.2.jar
7ffa71737000-7ffa7173f000 r--s 00072000 08:01 23858244                   /home/chinmay/eclipse-workspace/MexicoDataProcess/jars/commons-lang3-3.7.jar
7ffa7173f000-7ffa71743000 r--s 0002f000 08:01 23858239                   /home/chinmay/eclipse-workspace/MexicoDataProcess/jars/commons-io-2.5.jar
7ffa71743000-7ffa71744000 ---p 00000000 00:00 0 
7ffa71744000-7ffa71844000 rw-p 00000000 00:00 0 
7ffa71844000-7ffa71847000 ---p 00000000 00:00 0 
7ffa71847000-7ffa71945000 rw-p 00000000 00:00 0 
7ffa71945000-7ffa71946000 ---p 00000000 00:00 0 
7ffa71946000-7ffa71949000 ---p 00000000 00:00 0 
7ffa71949000-7ffa71a46000 rw-p 00000000 00:00 0 
7ffa71a46000-7ffa71a47000 ---p 00000000 00:00 0 
7ffa71a47000-7ffa71a4a000 ---p 00000000 00:00 0 
7ffa71a4a000-7ffa71b47000 rw-p 00000000 00:00 0 
7ffa71b47000-7ffa71b48000 ---p 00000000 00:00 0 
7ffa71b48000-7ffa71b4b000 ---p 00000000 00:00 0 
7ffa71b4b000-7ffa71c48000 rw-p 00000000 00:00 0 
7ffa71c48000-7ffa71c4b000 ---p 00000000 00:00 0 
7ffa71c4b000-7ffa71d49000 rw-p 00000000 00:00 0 
7ffa71d49000-7ffa72027000 r--p 00000000 08:01 15335669                   /usr/lib/locale/locale-archive
7ffa72027000-7ffa7202a000 ---p 00000000 00:00 0 
7ffa7202a000-7ffa72128000 rw-p 00000000 00:00 0 
7ffa72128000-7ffa7212b000 ---p 00000000 00:00 0 
7ffa7212b000-7ffa72229000 rw-p 00000000 00:00 0 
7ffa72229000-7ffa7222a000 ---p 00000000 00:00 0 
7ffa7222a000-7ffa732bd000 rw-p 00000000 00:00 0 
7ffa732bd000-7ffa73497000 r--s 03d6d000 08:01 29492601                   /opt/jdk/jdk1.8.0_211/jre/lib/rt.jar
7ffa73497000-7ffa77dab000 rw-p 00000000 00:00 0 
7ffa77dab000-7ffa77dac000 ---p 00000000 00:00 0 
7ffa77dac000-7ffa77eac000 rw-p 00000000 00:00 0 
7ffa77eac000-7ffa77ead000 ---p 00000000 00:00 0 
7ffa77ead000-7ffa77fad000 rw-p 00000000 00:00 0 
7ffa77fad000-7ffa77fae000 ---p 00000000 00:00 0 
7ffa77fae000-7ffa780ae000 rw-p 00000000 00:00 0 
7ffa780ae000-7ffa780af000 ---p 00000000 00:00 0 
7ffa780af000-7ffa783ac000 rw-p 00000000 00:00 0 
7ffa783ac000-7ffa7843d000 ---p 00000000 00:00 0 
7ffa7843d000-7ffa7863a000 rw-p 00000000 00:00 0 
7ffa7863a000-7ffa786ca000 ---p 00000000 00:00 0 
7ffa786ca000-7ffa7880f000 rw-p 00000000 00:00 0 
7ffa7880f000-7ffa78811000 ---p 00000000 00:00 0 
7ffa78811000-7ffa7882e000 rw-p 00000000 00:00 0 
7ffa7882e000-7ffa78bd2000 ---p 00000000 00:00 0 
7ffa78bd2000-7ffa792c2000 rwxp 00000000 00:00 0 
7ffa792c2000-7ffa87bd2000 ---p 00000000 00:00 0 
7ffa87bd2000-7ffa87bed000 r-xp 00000000 08:01 29492875                   /opt/jdk/jdk1.8.0_211/jre/lib/amd64/libzip.so
7ffa87bed000-7ffa87dec000 ---p 0001b000 08:01 29492875                   /opt/jdk/jdk1.8.0_211/jre/lib/amd64/libzip.so
7ffa87dec000-7ffa87ded000 r--p 0001a000 08:01 29492875                   /opt/jdk/jdk1.8.0_211/jre/lib/amd64/libzip.so
7ffa87ded000-7ffa87dee000 rw-p 0001b000 08:01 29492875                   /opt/jdk/jdk1.8.0_211/jre/lib/amd64/libzip.so
7ffa87dee000-7ffa87df9000 r-xp 00000000 08:01 19268294                   /lib/x86_64-linux-gnu/libnss_files-2.27.so
7ffa87df9000-7ffa87ff8000 ---p 0000b000 08:01 19268294                   /lib/x86_64-linux-gnu/libnss_files-2.27.so
7ffa87ff8000-7ffa87ff9000 r--p 0000a000 08:01 19268294                   /lib/x86_64-linux-gnu/libnss_files-2.27.so
7ffa87ff9000-7ffa87ffa000 rw-p 0000b000 08:01 19268294                   /lib/x86_64-linux-gnu/libnss_files-2.27.so
7ffa87ffa000-7ffa88000000 rw-p 00000000 00:00 0 
7ffa88000000-7ffa8c000000 rw-p 00000000 00:00 0 
7ffa8c001000-7ffa8c003000 r--s 0000e000 08:01 23858249                   /home/chinmay/eclipse-workspace/MexicoDataProcess/jars/commons-logging-1.2.jar
7ffa8c003000-7ffa8c011000 r--s 0007f000 08:01 23858255                   /home/chinmay/eclipse-workspace/MexicoDataProcess/jars/commons-collections-3.2.1.jar
7ffa8c011000-7ffa8c018000 r--s 0004b000 08:01 23858248                   /home/chinmay/eclipse-workspace/MexicoDataProcess/jars/commons-codec-1.11.jar
7ffa8c018000-7ffa8c0dd000 rw-p 00000000 00:00 0 
7ffa8c0dd000-7ffa8c0f4000 r-xp 00000000 08:01 19268291                   /lib/x86_64-linux-gnu/libnsl-2.27.so
7ffa8c0f4000-7ffa8c2f3000 ---p 00017000 08:01 19268291                   /lib/x86_64-linux-gnu/libnsl-2.27.so
7ffa8c2f3000-7ffa8c2f4000 r--p 00016000 08:01 19268291                   /lib/x86_64-linux-gnu/libnsl-2.27.so
7ffa8c2f4000-7ffa8c2f5000 rw-p 00017000 08:01 19268291                   /lib/x86_64-linux-gnu/libnsl-2.27.so
7ffa8c2f5000-7ffa8c2f7000 rw-p 00000000 00:00 0 
7ffa8c2f7000-7ffa8c302000 r-xp 00000000 08:01 19268296                   /lib/x86_64-linux-gnu/libnss_nis-2.27.so
7ffa8c302000-7ffa8c501000 ---p 0000b000 08:01 19268296                   /lib/x86_64-linux-gnu/libnss_nis-2.27.so
7ffa8c501000-7ffa8c502000 r--p 0000a000 08:01 19268296                   /lib/x86_64-linux-gnu/libnss_nis-2.27.so
7ffa8c502000-7ffa8c503000 rw-p 0000b000 08:01 19268296                   /lib/x86_64-linux-gnu/libnss_nis-2.27.so
7ffa8c503000-7ffa8c50b000 r-xp 00000000 08:01 19268292                   /lib/x86_64-linux-gnu/libnss_compat-2.27.so
7ffa8c50b000-7ffa8c70b000 ---p 00008000 08:01 19268292                   /lib/x86_64-linux-gnu/libnss_compat-2.27.so
7ffa8c70b000-7ffa8c70c000 r--p 00008000 08:01 19268292                   /lib/x86_64-linux-gnu/libnss_compat-2.27.so
7ffa8c70c000-7ffa8c70d000 rw-p 00009000 08:01 19268292                   /lib/x86_64-linux-gnu/libnss_compat-2.27.so
7ffa8c70d000-7ffa8c739000 r-xp 00000000 08:01 29492866                   /opt/jdk/jdk1.8.0_211/jre/lib/amd64/libjava.so
7ffa8c739000-7ffa8c939000 ---p 0002c000 08:01 29492866                   /opt/jdk/jdk1.8.0_211/jre/lib/amd64/libjava.so
7ffa8c939000-7ffa8c93a000 r--p 0002c000 08:01 29492866                   /opt/jdk/jdk1.8.0_211/jre/lib/amd64/libjava.so
7ffa8c93a000-7ffa8c93c000 rw-p 0002d000 08:01 29492866                   /opt/jdk/jdk1.8.0_211/jre/lib/amd64/libjava.so
7ffa8c93c000-7ffa8c949000 r-xp 00000000 08:01 29492857                   /opt/jdk/jdk1.8.0_211/jre/lib/amd64/libverify.so
7ffa8c949000-7ffa8cb48000 ---p 0000d000 08:01 29492857                   /opt/jdk/jdk1.8.0_211/jre/lib/amd64/libverify.so
7ffa8cb48000-7ffa8cb4a000 r--p 0000c000 08:01 29492857                   /opt/jdk/jdk1.8.0_211/jre/lib/amd64/libverify.so
7ffa8cb4a000-7ffa8cb4b000 rw-p 0000e000 08:01 29492857                   /opt/jdk/jdk1.8.0_211/jre/lib/amd64/libverify.so
7ffa8cb4b000-7ffa8cb52000 r-xp 00000000 08:01 19268301                   /lib/x86_64-linux-gnu/librt-2.27.so
7ffa8cb52000-7ffa8cd51000 ---p 00007000 08:01 19268301                   /lib/x86_64-linux-gnu/librt-2.27.so
7ffa8cd51000-7ffa8cd52000 r--p 00006000 08:01 19268301                   /lib/x86_64-linux-gnu/librt-2.27.so
7ffa8cd52000-7ffa8cd53000 rw-p 00007000 08:01 19268301                   /lib/x86_64-linux-gnu/librt-2.27.so
7ffa8cd53000-7ffa8cef0000 r-xp 00000000 08:01 19268288                   /lib/x86_64-linux-gnu/libm-2.27.so
7ffa8cef0000-7ffa8d0ef000 ---p 0019d000 08:01 19268288                   /lib/x86_64-linux-gnu/libm-2.27.so
7ffa8d0ef000-7ffa8d0f0000 r--p 0019c000 08:01 19268288                   /lib/x86_64-linux-gnu/libm-2.27.so
7ffa8d0f0000-7ffa8d0f1000 rw-p 0019d000 08:01 19268288                   /lib/x86_64-linux-gnu/libm-2.27.so
7ffa8d0f1000-7ffa8ddd9000 r-xp 00000000 08:01 29492873                   /opt/jdk/jdk1.8.0_211/jre/lib/amd64/server/libjvm.so
7ffa8ddd9000-7ffa8dfd8000 ---p 00ce8000 08:01 29492873                   /opt/jdk/jdk1.8.0_211/jre/lib/amd64/server/libjvm.so
7ffa8dfd8000-7ffa8e06e000 r--p 00ce7000 08:01 29492873                   /opt/jdk/jdk1.8.0_211/jre/lib/amd64/server/libjvm.so
7ffa8e06e000-7ffa8e09f000 rw-p 00d7d000 08:01 29492873                   /opt/jdk/jdk1.8.0_211/jre/lib/amd64/server/libjvm.so
7ffa8e09f000-7ffa8e0da000 rw-p 00000000 00:00 0 
7ffa8e0da000-7ffa8e2c1000 r-xp 00000000 08:01 19268284                   /lib/x86_64-linux-gnu/libc-2.27.so
7ffa8e2c1000-7ffa8e4c1000 ---p 001e7000 08:01 19268284                   /lib/x86_64-linux-gnu/libc-2.27.so
7ffa8e4c1000-7ffa8e4c5000 r--p 001e7000 08:01 19268284                   /lib/x86_64-linux-gnu/libc-2.27.so
7ffa8e4c5000-7ffa8e4c7000 rw-p 001eb000 08:01 19268284                   /lib/x86_64-linux-gnu/libc-2.27.so
7ffa8e4c7000-7ffa8e4cb000 rw-p 00000000 00:00 0 
7ffa8e4cb000-7ffa8e4ce000 r-xp 00000000 08:01 19268287                   /lib/x86_64-linux-gnu/libdl-2.27.so
7ffa8e4ce000-7ffa8e6cd000 ---p 00003000 08:01 19268287                   /lib/x86_64-linux-gnu/libdl-2.27.so
7ffa8e6cd000-7ffa8e6ce000 r--p 00002000 08:01 19268287                   /lib/x86_64-linux-gnu/libdl-2.27.so
7ffa8e6ce000-7ffa8e6cf000 rw-p 00003000 08:01 19268287                   /lib/x86_64-linux-gnu/libdl-2.27.so
7ffa8e6cf000-7ffa8e6e6000 r-xp 00000000 08:01 29491852                   /opt/jdk/jdk1.8.0_211/lib/amd64/jli/libjli.so
7ffa8e6e6000-7ffa8e8e5000 ---p 00017000 08:01 29491852                   /opt/jdk/jdk1.8.0_211/lib/amd64/jli/libjli.so
7ffa8e8e5000-7ffa8e8e6000 r--p 00016000 08:01 29491852                   /opt/jdk/jdk1.8.0_211/lib/amd64/jli/libjli.so
7ffa8e8e6000-7ffa8e8e7000 rw-p 00017000 08:01 29491852                   /opt/jdk/jdk1.8.0_211/lib/amd64/jli/libjli.so
7ffa8e8e7000-7ffa8e901000 r-xp 00000000 08:01 19268299                   /lib/x86_64-linux-gnu/libpthread-2.27.so
7ffa8e901000-7ffa8eb00000 ---p 0001a000 08:01 19268299                   /lib/x86_64-linux-gnu/libpthread-2.27.so
7ffa8eb00000-7ffa8eb01000 r--p 00019000 08:01 19268299                   /lib/x86_64-linux-gnu/libpthread-2.27.so
7ffa8eb01000-7ffa8eb02000 rw-p 0001a000 08:01 19268299                   /lib/x86_64-linux-gnu/libpthread-2.27.so
7ffa8eb02000-7ffa8eb06000 rw-p 00000000 00:00 0 
7ffa8eb06000-7ffa8eb2f000 r-xp 00000000 08:01 19268280                   /lib/x86_64-linux-gnu/ld-2.27.so
7ffa8eb2f000-7ffa8eb30000 r--s 00005000 08:01 23858252                   /home/chinmay/eclipse-workspace/MexicoDataProcess/jars/json-simple-1.1.1.jar
7ffa8eb30000-7ffa8eb35000 r--s 00084000 08:01 29492788                   /opt/jdk/jdk1.8.0_211/jre/lib/jfr.jar
7ffa8eb35000-7ffa8eb3a000 r--s 002f9000 08:01 29492600                   /opt/jdk/jdk1.8.0_211/jre/lib/charsets.jar
7ffa8eb3a000-7ffa8ec05000 rw-p 00000000 00:00 0 
7ffa8ec05000-7ffa8ec06000 ---p 00000000 00:00 0 
7ffa8ec06000-7ffa8ec09000 ---p 00000000 00:00 0 
7ffa8ec09000-7ffa8ed0a000 rw-p 00000000 00:00 0 
7ffa8ed0a000-7ffa8ed0d000 r--s 0001a000 08:01 29492691                   /opt/jdk/jdk1.8.0_211/jre/lib/jce.jar
7ffa8ed0d000-7ffa8ed12000 r--s 000a3000 08:01 29492810                   /opt/jdk/jdk1.8.0_211/jre/lib/jsse.jar
7ffa8ed12000-7ffa8ed25000 r--s 00345000 08:01 29492723                   /opt/jdk/jdk1.8.0_211/jre/lib/resources.jar
7ffa8ed25000-7ffa8ed2d000 rw-s 00000000 08:01 19922991                   /tmp/hsperfdata_chinmay/5556
7ffa8ed2d000-7ffa8ed2e000 rw-p 00000000 00:00 0 
7ffa8ed2e000-7ffa8ed2f000 r--p 00000000 00:00 0 
7ffa8ed2f000-7ffa8ed30000 r--p 00029000 08:01 19268280                   /lib/x86_64-linux-gnu/ld-2.27.so
7ffa8ed30000-7ffa8ed31000 rw-p 0002a000 08:01 19268280                   /lib/x86_64-linux-gnu/ld-2.27.so
7ffa8ed31000-7ffa8ed32000 rw-p 00000000 00:00 0 
7ffdb439d000-7ffdb43bf000 rw-p 00000000 00:00 0                          [stack]
7ffdb43c1000-7ffdb43c4000 r--p 00000000 00:00 0                          [vvar]
7ffdb43c4000-7ffdb43c5000 r-xp 00000000 00:00 0                          [vdso]
ffffffffff600000-ffffffffff601000 --xp 00000000 00:00 0                  [vsyscall]

VM Arguments:
jvm_args: -Dfile.encoding=UTF-8 
java_command: com.tequila.database.corrector.CorrectorAllFields
java_class_path (initial): /opt/jdk/jdk1.8.0_211/jre/lib/resources.jar:/opt/jdk/jdk1.8.0_211/jre/lib/rt.jar:/opt/jdk/jdk1.8.0_211/jre/lib/jsse.jar:/opt/jdk/jdk1.8.0_211/jre/lib/jce.jar:/opt/jdk/jdk1.8.0_211/jre/lib/charsets.jar:/opt/jdk/jdk1.8.0_211/jre/lib/jfr.jar:/opt/jdk/jdk1.8.0_211/jre/lib/ext/nashorn.jar:/opt/jdk/jdk1.8.0_211/jre/lib/ext/zipfs.jar:/opt/jdk/jdk1.8.0_211/jre/lib/ext/sunpkcs11.jar:/opt/jdk/jdk1.8.0_211/jre/lib/ext/localedata.jar:/opt/jdk/jdk1.8.0_211/jre/lib/ext/jfxrt.jar:/opt/jdk/jdk1.8.0_211/jre/lib/ext/cldrdata.jar:/opt/jdk/jdk1.8.0_211/jre/lib/ext/sunjce_provider.jar:/opt/jdk/jdk1.8.0_211/jre/lib/ext/dnsns.jar:/opt/jdk/jdk1.8.0_211/jre/lib/ext/sunec.jar:/opt/jdk/jdk1.8.0_211/jre/lib/ext/jaccess.jar:/home/chinmay/eclipse-workspace/MexicoDataProcess/bin:/home/chinmay/eclipse-workspace/MexicoDataProcess/jars/commons-codec-1.11.jar:/home/chinmay/eclipse-workspace/MexicoDataProcess/jars/commons-collections-3.2.1.jar:/home/chinmay/eclipse-workspace/MexicoDataProcess/jars/commons-io-2.5.jar:/home/chinmay/eclipse-workspace/MexicoDataProcess/jars/commons-lang3-3.7.jar:/home/chinmay/eclipse-workspace/MexicoDataProcess/jars/commons-logging-1.2.jar:/home/chinmay/eclipse-workspace/MexicoDataProcess/jars/gson-2.2.2.jar:/home/chinmay/eclipse-workspace/MexicoDataProcess/jars/javax.mail-1.6.1.jar:/home/chinmay/eclipse-workspace/MexicoDataProcess/jars/json-simple-1.1.1.jar:/home/chinmay/eclipse-workspace/MexicoDataProcess/jars/opencsv-4.0.jar:/home/chinmay/eclipse-workspace/MexicoDataProcess/jars/sqlite-jdbc-3.21.0.jar:/home/chinmay/eclipse-workspace/MexicoDataProcess/jars/SuperCSV-1.52.jar:/home/chinmay/eclipse-workspace/MexicoDataProcess/jars/validator/commons-validator-1.6.jar:/home/chinmay/eclipse-workspace/MexicoDataProcess/jars/fuzzywuzzy/fuzzywuzzy-1.1.9.jar:/home/chinmay/eclipse-workspace/MexicoDataProcess/jars/httpclient-4.5.3.jar:/home/chinmay/eclipse-workspace/MexicoDataProcess/jars/httpcore-4.4.6.jar:/home/chinmay/eclipse-workspace/MexicoDataProc
Launcher Type: SUN_STANDARD

Environment Variables:
PATH=/home/chinmay/bin:/usr/local/sbin:/usr/local/bin:/usr/sbin:/usr/bin:/sbin:/bin:/usr/games:/usr/local/games:/snap/bin
USERNAME=chinmay
SHELL=/bin/bash
DISPLAY=:0

Signal Handlers:
SIGSEGV: [libjvm.so+0xad3d90], sa_mask[0]=11111111011111111101111111111110, sa_flags=SA_RESTART|SA_SIGINFO
SIGBUS: [libjvm.so+0xad3d90], sa_mask[0]=11111111011111111101111111111110, sa_flags=SA_RESTART|SA_SIGINFO
SIGFPE: [libjvm.so+0x90b8b0], sa_mask[0]=11111111011111111101111111111110, sa_flags=SA_RESTART|SA_SIGINFO
SIGPIPE: [libjvm.so+0x90b8b0], sa_mask[0]=11111111011111111101111111111110, sa_flags=SA_RESTART|SA_SIGINFO
SIGXFSZ: [libjvm.so+0x90b8b0], sa_mask[0]=11111111011111111101111111111110, sa_flags=SA_RESTART|SA_SIGINFO
SIGILL: [libjvm.so+0x90b8b0], sa_mask[0]=11111111011111111101111111111110, sa_flags=SA_RESTART|SA_SIGINFO
SIGUSR1: SIG_DFL, sa_mask[0]=00000000000000000000000000000000, sa_flags=none
SIGUSR2: [libjvm.so+0x90b780], sa_mask[0]=00100000000000000000000000000000, sa_flags=SA_RESTART|SA_SIGINFO
SIGHUP: [libjvm.so+0x90bda0], sa_mask[0]=11111111011111111101111111111110, sa_flags=SA_RESTART|SA_SIGINFO
SIGINT: [libjvm.so+0x90bda0], sa_mask[0]=11111111011111111101111111111110, sa_flags=SA_RESTART|SA_SIGINFO
SIGTERM: [libjvm.so+0x90bda0], sa_mask[0]=11111111011111111101111111111110, sa_flags=SA_RESTART|SA_SIGINFO
SIGQUIT: [libjvm.so+0x90bda0], sa_mask[0]=11111111011111111101111111111110, sa_flags=SA_RESTART|SA_SIGINFO


---------------  S Y S T E M  ---------------

OS:DISTRIB_ID=Ubuntu
DISTRIB_RELEASE=18.04
DISTRIB_CODENAME=bionic
DISTRIB_DESCRIPTION="Ubuntu 18.04.5 LTS"

uname:Linux 5.4.0-81-generic #91~18.04.1-Ubuntu SMP Fri Jul 23 13:36:29 UTC 2021 x86_64
libc:glibc 2.27 NPTL 2.27 
rlimit: STACK 8192k, CORE 0k, NPROC 31048, NOFILE 1048576, AS infinity
load average:6.77 6.68 4.19

/proc/meminfo:
MemTotal:        8022228 kB
MemFree:          127628 kB
MemAvailable:     229900 kB
Buffers:           26044 kB
Cached:           461308 kB
SwapCached:        44384 kB
Active:          6425184 kB
Inactive:        1126436 kB
Active(anon):    6294520 kB
Inactive(anon):   972464 kB
Active(file):     130664 kB
Inactive(file):   153972 kB
Unevictable:        3500 kB
Mlocked:             160 kB
SwapTotal:       2097148 kB
SwapFree:         338684 kB
Dirty:               324 kB
Writeback:             0 kB
AnonPages:       7024828 kB
Mapped:           280884 kB
Shmem:            202708 kB
KReclaimable:      74048 kB
Slab:             201464 kB
SReclaimable:      74048 kB
SUnreclaim:       127416 kB
KernelStack:       16128 kB
PageTables:        75232 kB
NFS_Unstable:          0 kB
Bounce:                0 kB
WritebackTmp:          0 kB
CommitLimit:     6108260 kB
Committed_AS:   13862108 kB
VmallocTotal:   34359738367 kB
VmallocUsed:       31384 kB
VmallocChunk:          0 kB
Percpu:             3248 kB
HardwareCorrupted:     0 kB
AnonHugePages:         0 kB
ShmemHugePages:        0 kB
ShmemPmdMapped:        0 kB
FileHugePages:         0 kB
FilePmdMapped:         0 kB
CmaTotal:              0 kB
CmaFree:               0 kB
HugePages_Total:       0
HugePages_Free:        0
HugePages_Rsvd:        0
HugePages_Surp:        0
Hugepagesize:       2048 kB
Hugetlb:               0 kB
DirectMap4k:      291244 kB
DirectMap2M:     6918144 kB
DirectMap1G:     2097152 kB

container (cgroup) information:
container_type: cgroupv1
cpu_cpuset_cpus: 0-3
cpu_memory_nodes: 0
active_processor_count: 4
cpu_quota: -1
cpu_period: 100000
cpu_shares: -1
memory_limit_in_bytes: -1
memory_and_swap_limit_in_bytes: -2
memory_soft_limit_in_bytes: -1
memory_usage_in_bytes: 7652462592
memory_max_usage_in_bytes: 7698538496


CPU:total 4 (initial active 4) (2 cores per cpu, 2 threads per core) family 6 model 60 stepping 3, cmov, cx8, fxsr, mmx, sse, sse2, sse3, ssse3, sse4.1, sse4.2, popcnt, avx, avx2, aes, clmul, erms, lzcnt, ht, tsc, tscinvbit, bmi1, bmi2

/proc/cpuinfo:
processor	: 0
vendor_id	: GenuineIntel
cpu family	: 6
model		: 60
model name	: Intel(R) Core(TM) i3-4160 CPU @ 3.60GHz
stepping	: 3
microcode	: 0x28
cpu MHz		: 3369.502
cache size	: 3072 KB
physical id	: 0
siblings	: 4
core id		: 0
cpu cores	: 2
apicid		: 0
initial apicid	: 0
fpu		: yes
fpu_exception	: yes
cpuid level	: 13
wp		: yes
flags		: fpu vme de pse tsc msr pae mce cx8 apic sep mtrr pge mca cmov pat pse36 clflush dts acpi mmx fxsr sse sse2 ss ht tm pbe syscall nx pdpe1gb rdtscp lm constant_tsc arch_perfmon pebs bts rep_good nopl xtopology nonstop_tsc cpuid aperfmperf pni pclmulqdq dtes64 monitor ds_cpl vmx est tm2 ssse3 sdbg fma cx16 xtpr pdcm pcid sse4_1 sse4_2 movbe popcnt tsc_deadline_timer aes xsave avx f16c rdrand lahf_lm abm cpuid_fault epb invpcid_single pti ssbd ibrs ibpb stibp tpr_shadow vnmi flexpriority ept vpid ept_ad fsgsbase tsc_adjust bmi1 avx2 smep bmi2 erms invpcid xsaveopt dtherm arat pln pts md_clear flush_l1d
bugs		: cpu_meltdown spectre_v1 spectre_v2 spec_store_bypass l1tf mds swapgs itlb_multihit srbds
bogomips	: 7183.06
clflush size	: 64
cache_alignment	: 64
address sizes	: 39 bits physical, 48 bits virtual
power management:

processor	: 1
vendor_id	: GenuineIntel
cpu family	: 6
model		: 60
model name	: Intel(R) Core(TM) i3-4160 CPU @ 3.60GHz
stepping	: 3
microcode	: 0x28
cpu MHz		: 3108.605
cache size	: 3072 KB
physical id	: 0
siblings	: 4
core id		: 1
cpu cores	: 2
apicid		: 2
initial apicid	: 2
fpu		: yes
fpu_exception	: yes
cpuid level	: 13
wp		: yes
flags		: fpu vme de pse tsc msr pae mce cx8 apic sep mtrr pge mca cmov pat pse36 clflush dts acpi mmx fxsr sse sse2 ss ht tm pbe syscall nx pdpe1gb rdtscp lm constant_tsc arch_perfmon pebs bts rep_good nopl xtopology nonstop_tsc cpuid aperfmperf pni pclmulqdq dtes64 monitor ds_cpl vmx est tm2 ssse3 sdbg fma cx16 xtpr pdcm pcid sse4_1 sse4_2 movbe popcnt tsc_deadline_timer aes xsave avx f16c rdrand lahf_lm abm cpuid_fault epb invpcid_single pti ssbd ibrs ibpb stibp tpr_shadow vnmi flexpriority ept vpid ept_ad fsgsbase tsc_adjust bmi1 avx2 smep bmi2 erms invpcid xsaveopt dtherm arat pln pts md_clear flush_l1d
bugs		: cpu_meltdown spectre_v1 spectre_v2 spec_store_bypass l1tf mds swapgs itlb_multihit srbds
bogomips	: 7183.06
clflush size	: 64
cache_alignment	: 64
address sizes	: 39 bits physical, 48 bits virtual
power management:

processor	: 2
vendor_id	: GenuineIntel
cpu family	: 6
model		: 60
model name	: Intel(R) Core(TM) i3-4160 CPU @ 3.60GHz
stepping	: 3
microcode	: 0x28
cpu MHz		: 2928.484
cache size	: 3072 KB
physical id	: 0
siblings	: 4
core id		: 0
cpu cores	: 2
apicid		: 1
initial apicid	: 1
fpu		: yes
fpu_exception	: yes
cpuid level	: 13
wp		: yes
flags		: fpu vme de pse tsc msr pae mce cx8 apic sep mtrr pge mca cmov pat pse36 clflush dts acpi mmx fxsr sse sse2 ss ht tm pbe syscall nx pdpe1gb rdtscp lm constant_tsc arch_perfmon pebs bts rep_good nopl xtopology nonstop_tsc cpuid aperfmperf pni pclmulqdq dtes64 monitor ds_cpl vmx est tm2 ssse3 sdbg fma cx16 xtpr pdcm pcid sse4_1 sse4_2 movbe popcnt tsc_deadline_timer aes xsave avx f16c rdrand lahf_lm abm cpuid_fault epb invpcid_single pti ssbd ibrs ibpb stibp tpr_shadow vnmi flexpriority ept vpid ept_ad fsgsbase tsc_adjust bmi1 avx2 smep bmi2 erms invpcid xsaveopt dtherm arat pln pts md_clear flush_l1d
bugs		: cpu_meltdown spectre_v1 spectre_v2 spec_store_bypass l1tf mds swapgs itlb_multihit srbds
bogomips	: 7183.06
clflush size	: 64
cache_alignment	: 64
address sizes	: 39 bits physical, 48 bits virtual
power management:

processor	: 3
vendor_id	: GenuineIntel
cpu family	: 6
model		: 60
model name	: Intel(R) Core(TM) i3-4160 CPU @ 3.60GHz
stepping	: 3
microcode	: 0x28
cpu MHz		: 2438.569
cache size	: 3072 KB
physical id	: 0
siblings	: 4
core id		: 1
cpu cores	: 2
apicid		: 3
initial apicid	: 3
fpu		: yes
fpu_exception	: yes
cpuid level	: 13
wp		: yes
flags		: fpu vme de pse tsc msr pae mce cx8 apic sep mtrr pge mca cmov pat pse36 clflush dts acpi mmx fxsr sse sse2 ss ht tm pbe syscall nx pdpe1gb rdtscp lm constant_tsc arch_perfmon pebs bts rep_good nopl xtopology nonstop_tsc cpuid aperfmperf pni pclmulqdq dtes64 monitor ds_cpl vmx est tm2 ssse3 sdbg fma cx16 xtpr pdcm pcid sse4_1 sse4_2 movbe popcnt tsc_deadline_timer aes xsave avx f16c rdrand lahf_lm abm cpuid_fault epb invpcid_single pti ssbd ibrs ibpb stibp tpr_shadow vnmi flexpriority ept vpid ept_ad fsgsbase tsc_adjust bmi1 avx2 smep bmi2 erms invpcid xsaveopt dtherm arat pln pts md_clear flush_l1d
bugs		: cpu_meltdown spectre_v1 spectre_v2 spec_store_bypass l1tf mds swapgs itlb_multihit srbds
bogomips	: 7183.06
clflush size	: 64
cache_alignment	: 64
address sizes	: 39 bits physical, 48 bits virtual
power management:



Memory: 4k page, physical 8022228k(127628k free), swap 2097148k(338684k free)

vm_info: Java HotSpot(TM) 64-Bit Server VM (25.211-b12) for linux-amd64 JRE (1.8.0_211-b12), built on Apr  1 2019 20:39:34 by "java_re" with gcc 7.3.0

time: Fri Sep  3 12:19:44 2021
timezone: IST
elapsed time: 369 seconds (0d 0h 6m 9s)

