#
# A fatal error has been detected by the Java Runtime Environment:
#
#  SIGSEGV (0xb) at pc=0x00007f4c24f58e52, pid=10405, tid=0x00007f4c53278700
#
# JRE version: Java(TM) SE Runtime Environment (8.0_211-b12) (build 1.8.0_211-b12)
# Java VM: Java HotSpot(TM) 64-Bit Server VM (25.211-b12 mixed mode linux-amd64 compressed oops)
# Problematic frame:
# C  [sqlite-3.21.0-b3f8188a-fef7-4bf0-b3ae-1fed9a981f15-libsqlitejdbc.so+0x24e52]
#
# Failed to write core dump. Core dumps have been disabled. To enable core dumping, try "ulimit -c unlimited" before starting Java again
#
# If you would like to submit a bug report, please visit:
#   http://bugreport.java.com/bugreport/crash.jsp
# The crash happened outside the Java Virtual Machine in native code.
# See problematic frame for where to report the bug.
#

---------------  T H R E A D  ---------------

Current thread (0x00007f4c4c00c800):  JavaThread "main" [_thread_in_native, id=10411, stack(0x00007f4c53179000,0x00007f4c53279000)]

siginfo: si_signo: 11 (SIGSEGV), si_code: 1 (SEGV_MAPERR), si_addr: 0x00007b4b865ccb40

Registers:
RAX=0x000000000000002a, RBX=0x00007b4b865ccb18, RCX=0x0000000000000002, RDX=0x00000000000028ab
RSP=0x00007f4c532774b0, RBP=0x00007f4b8b54cf48, RSI=0x000000000000002a, RDI=0x00007b4b865ccb18
R8 =0x00007f4c4c30dc48, R9 =0x0000000020003862, R10=0x0000000000000002, R11=0x00007f4c24f60e20
R12=0x0000000000000000, R13=0x00007f4c532775e0, R14=0x00007f4b865c5af8, R15=0x00007f4b8b54cf48
RIP=0x00007f4c24f58e52, EFLAGS=0x0000000000010202, CSGSFS=0x002b000000000033, ERR=0x0000000000000004
  TRAPNO=0x000000000000000e

Top of Stack: (sp=0x00007f4c532774b0)
0x00007f4c532774b0:   00007f4b865c5af8 00007f4b8b54cf48
0x00007f4c532774c0:   0000000000000000 00007f4c24faf6d4
0x00007f4c532774d0:   00007f4b6c18f1c8 f196c6751202b900
0x00007f4c532774e0:   00007f4b6c18b0b8 00007f4c52631850
0x00007f4c532774f0:   0000000000000000 00007f4c4c00d4a0
0x00007f4c53277500:   00007f4c4c00c800 00007f4c532775e0
0x00007f4c53277510:   00007f4c5262bf8c 00007f4b865c5af8
0x00007f4c53277520:   00007f4b8b54cf48 0000000000000000
0x00007f4c53277530:   00007f4c532775e0 00007f4c532775b0
0x00007f4c53277540:   00007f4c4c00c800 00007f4c24faffe1
0x00007f4c53277550:   00007f4c53277590 00007f4b865c5af8
0x00007f4c53277560:   00007f4b8b54cf48 00007f4c24fb0148
0x00007f4c53277570:   00000000b39302d8 00007f4b865c5af8
0x00007f4c53277580:   00007f4b8b54cf48 00007f4c24fb0310
0x00007f4c53277590:   00000000b39302d8 00007f4c532775f0
0x00007f4c532775a0:   0000000000000000 00007f4c3d5823d6
0x00007f4c532775b0:   00000000b39302d8 f196c6751202b900
0x00007f4c532775c0:   0000000000000000 00000000e34fb6b8
0x00007f4c532775d0:   00000000b422c528 0000000000000000
0x00007f4c532775e0:   0000000000000003 0000000000000000
0x00007f4c532775f0:   00000000b923c5d0 00007f4c3d67f32c
0x00007f4c53277600:   00000000e34fb6b8 00000000b422c528
0x00007f4c53277610:   0000000000000007 00000000b39302d8
0x00007f4c53277620:   00000000b422c528 00000000b39302d8
0x00007f4c53277630:   b422c52800000001 00000000e34fb6b8
0x00007f4c53277640:   e55703786c18a3eb 00000000e5599334
0x00007f4c53277650:   b872ad480000a3eb 00000000b872ad68
0x00007f4c53277660:   00000000b422c528 00000000b872ad48
0x00007f4c53277670:   00000000b872ad48 00007f4c53277708
0x00007f4c53277680:   0000000000000003 0000000000000021
0x00007f4c53277690:   00000000b87a27e0 00000000b87a27a8
0x00007f4c532776a0:   00007f4c53277708 00007f4c3d0082bd 

Instructions: (pc=0x00007f4c24f58e52)
0x00007f4c24f58e32:   5c 24 e8 48 89 6c 24 f0 48 89 fb 4c 89 64 24 f8
0x00007f4c24f58e42:   48 83 ec 18 48 85 ff 74 55 85 f6 74 51 48 63 c6
0x00007f4c24f58e52:   4c 8b 67 28 48 8d 14 c5 00 00 00 00 48 c1 e0 06
0x00007f4c24f58e62:   48 29 d0 49 83 bc 24 a0 02 00 00 00 48 8d 2c 38 

Register to memory mapping:

RAX=0x000000000000002a is an unknown value
RBX=0x00007b4b865ccb18 is an unknown value
RCX=0x0000000000000002 is an unknown value
RDX=0x00000000000028ab is an unknown value
RSP=0x00007f4c532774b0 is pointing into the stack for thread: 0x00007f4c4c00c800
RBP=0x00007f4b8b54cf48 is an unknown value
RSI=0x000000000000002a is an unknown value
RDI=0x00007b4b865ccb18 is an unknown value
R8 =0x00007f4c4c30dc48 is an unknown value
R9 =0x0000000020003862 is an unknown value
R10=0x0000000000000002 is an unknown value
R11=0x00007f4c24f60e20: <offset 0x2ce20> in /tmp/sqlite-3.21.0-b3f8188a-fef7-4bf0-b3ae-1fed9a981f15-libsqlitejdbc.so at 0x00007f4c24f34000
R12=0x0000000000000000 is an unknown value
R13=0x00007f4c532775e0 is pointing into the stack for thread: 0x00007f4c4c00c800
R14=0x00007f4b865c5af8 is an unknown value
R15=0x00007f4b8b54cf48 is an unknown value


Stack: [0x00007f4c53179000,0x00007f4c53279000],  sp=0x00007f4c532774b0,  free space=1017k
Native frames: (J=compiled Java code, j=interpreted, Vv=VM code, C=native code)
C  [sqlite-3.21.0-b3f8188a-fef7-4bf0-b3ae-1fed9a981f15-libsqlitejdbc.so+0x24e52]

Java frames: (J=compiled Java code, j=interpreted, Vv=VM code)
J 1474  org.sqlite.core.NativeDB.finalize(J)I (0 bytes) @ 0x00007f4c3d582298 [0x00007f4c3d582260+0x38]
J 1673% C2 org.sqlite.core.DB.close()V (156 bytes) @ 0x00007f4c3d67f32c [0x00007f4c3d67f0a0+0x28c]
j  org.sqlite.core.CoreConnection.close()V+26
j  com.tequila.database.corrector.UpdateReportAtTable.disconnect()V+23
j  com.tequila.database.corrector.CorrectNonUniqueFields.updateGeoAccuracyCode(Ljava/util/Map;)V+373
J 1759% C1 com.tequila.database.corrector.CorrectNonUniqueFields.startUpdateGeoAccuracyCode(IILjava/lang/String;)V (179 bytes) @ 0x00007f4c3d34741c [0x00007f4c3d345180+0x229c]
j  com.tequila.database.corrector.CorrectorAllFields.main([Ljava/lang/String;)V+130
v  ~StubRoutines::call_stub

---------------  P R O C E S S  ---------------

Java Threads: ( => current thread )
  0x00007f4c4c0d3000 JavaThread "Service Thread" daemon [_thread_blocked, id=10423, stack(0x00007f4c25da8000,0x00007f4c25ea9000)]
  0x00007f4c4c0c0000 JavaThread "C1 CompilerThread2" daemon [_thread_blocked, id=10422, stack(0x00007f4c25eaa000,0x00007f4c25faa000)]
  0x00007f4c4c0be000 JavaThread "C2 CompilerThread1" daemon [_thread_blocked, id=10421, stack(0x00007f4c25fab000,0x00007f4c260ab000)]
  0x00007f4c4c0bb000 JavaThread "C2 CompilerThread0" daemon [_thread_blocked, id=10420, stack(0x00007f4c260ac000,0x00007f4c261ac000)]
  0x00007f4c4c0b9800 JavaThread "Signal Dispatcher" daemon [_thread_blocked, id=10419, stack(0x00007f4c261ac000,0x00007f4c262ad000)]
  0x00007f4c4c087000 JavaThread "Finalizer" daemon [_thread_blocked, id=10418, stack(0x00007f4c2658b000,0x00007f4c2668c000)]
  0x00007f4c4c084800 JavaThread "Reference Handler" daemon [_thread_blocked, id=10417, stack(0x00007f4c2668c000,0x00007f4c2678d000)]
=>0x00007f4c4c00c800 JavaThread "main" [_thread_in_native, id=10411, stack(0x00007f4c53179000,0x00007f4c53279000)]

Other Threads:
  0x00007f4c4c07a800 VMThread [stack: 0x00007f4c2678e000,0x00007f4c2688e000] [id=10416]
  0x00007f4c4c0d5800 WatcherThread [stack: 0x00007f4c25ca8000,0x00007f4c25da8000] [id=10424]

VM state:not at safepoint (normal execution)

VM Mutex/Monitor currently owned by a thread: None

heap address: 0x0000000085800000, size: 1960 MB, Compressed Oops mode: 32-bit
Narrow klass base: 0x0000000000000000, Narrow klass shift: 3
Compressed class space size: 1073741824 Address: 0x0000000100000000

Heap:
 PSYoungGen      total 445952K, used 280995K [0x00000000d7300000, 0x0000000100000000, 0x0000000100000000)
  eden space 223232K, 90% used [0x00000000d7300000,0x00000000e3850ab8,0x00000000e4d00000)
  from space 222720K, 35% used [0x00000000e4d00000,0x00000000e9a18388,0x00000000f2680000)
  to   space 222720K, 0% used [0x00000000f2680000,0x00000000f2680000,0x0000000100000000)
 ParOldGen       total 1054720K, used 927279K [0x0000000085800000, 0x00000000c5e00000, 0x00000000d7300000)
  object space 1054720K, 87% used [0x0000000085800000,0x00000000be18bd78,0x00000000c5e00000)
 Metaspace       used 10312K, capacity 10546K, committed 10752K, reserved 1058816K
  class space    used 1063K, capacity 1189K, committed 1280K, reserved 1048576K

Card table byte_map: [0x00007f4c3c86b000,0x00007f4c3cc40000] byte_map_base: 0x00007f4c3c43f000

Marking Bits: (ParMarkBitMap*) 0x00007f4c5262fd80
 Begin Bits: [0x00007f4c342c0000, 0x00007f4c36160000)
 End Bits:   [0x00007f4c36160000, 0x00007f4c38000000)

Polling page: 0x00007f4c532a1000

CodeCache: size=245760Kb used=6941Kb max_used=7113Kb free=238819Kb
 bounds [0x00007f4c3d000000, 0x00007f4c3d730000, 0x00007f4c4c000000]
 total_blobs=1935 nmethods=1582 adapters=266
 compilation: enabled

Compilation events (10 events):
Event: 127.921 Thread 0x00007f4c4c0be000 1762 % !   4       com.tequila.database.corrector.CorrectNonUniqueFields::updateGeoAccuracyCode @ 50 (382 bytes)
Event: 127.974 Thread 0x00007f4c4c0be000 nmethod 1762% 0x00007f4c3d71a550 code [0x00007f4c3d71a940, 0x00007f4c3d71d238]
Event: 128.301 Thread 0x00007f4c4c0bb000 1763       4       java.nio.CharBuffer::arrayOffset (35 bytes)
Event: 128.301 Thread 0x00007f4c4c0be000 1764   !   4       com.tequila.database.corrector.CorrectNonUniqueFields::updateGeoAccuracyCode (382 bytes)
Event: 128.302 Thread 0x00007f4c4c0bb000 nmethod 1763 0x00007f4c3d6d8b90 code [0x00007f4c3d6d8ce0, 0x00007f4c3d6d8d78]
Event: 128.355 Thread 0x00007f4c4c0be000 nmethod 1764 0x00007f4c3d71ecd0 code [0x00007f4c3d71f140, 0x00007f4c3d721ae0]
Event: 131.892 Thread 0x00007f4c4c0c0000 1765       1       java.io.OutputStream::flush (1 bytes)
Event: 131.892 Thread 0x00007f4c4c0c0000 nmethod 1765 0x00007f4c3d1aa110 code [0x00007f4c3d1aa260, 0x00007f4c3d1aa370]
Event: 145.177 Thread 0x00007f4c4c0c0000 1766   !   3       java.io.PrintStream::println (24 bytes)
Event: 145.178 Thread 0x00007f4c4c0c0000 nmethod 1766 0x00007f4c3d221810 code [0x00007f4c3d2219a0, 0x00007f4c3d221d98]

GC Heap History (10 events):
Event: 134.796 GC heap before
{Heap before GC invocations=54 (full 7):
 PSYoungGen      total 438784K, used 250795K [0x00000000d7300000, 0x00000000ff900000, 0x0000000100000000)
  eden space 223232K, 100% used [0x00000000d7300000,0x00000000e4d00000,0x00000000e4d00000)
  from space 215552K, 12% used [0x00000000f2680000,0x00000000f416ad28,0x00000000ff900000)
  to   space 219136K, 0% used [0x00000000e4d00000,0x00000000e4d00000,0x00000000f2300000)
 ParOldGen       total 1054720K, used 754880K [0x0000000085800000, 0x00000000c5e00000, 0x00000000d7300000)
  object space 1054720K, 71% used [0x0000000085800000,0x00000000b39302d8,0x00000000c5e00000)
 Metaspace       used 10312K, capacity 10546K, committed 10752K, reserved 1058816K
  class space    used 1063K, capacity 1189K, committed 1280K, reserved 1048576K
Event: 134.848 GC heap after
Heap after GC invocations=54 (full 7):
 PSYoungGen      total 301056K, used 77698K [0x00000000d7300000, 0x00000000fe880000, 0x0000000100000000)
  eden space 223232K, 0% used [0x00000000d7300000,0x00000000d7300000,0x00000000e4d00000)
  from space 77824K, 99% used [0x00000000e4d00000,0x00000000e98e08c8,0x00000000e9900000)
  to   space 206848K, 0% used [0x00000000f1e80000,0x00000000f1e80000,0x00000000fe880000)
 ParOldGen       total 1054720K, used 754880K [0x0000000085800000, 0x00000000c5e00000, 0x00000000d7300000)
  object space 1054720K, 71% used [0x0000000085800000,0x00000000b39302d8,0x00000000c5e00000)
 Metaspace       used 10312K, capacity 10546K, committed 10752K, reserved 1058816K
  class space    used 1063K, capacity 1189K, committed 1280K, reserved 1048576K
}
Event: 136.192 GC heap before
{Heap before GC invocations=55 (full 7):
 PSYoungGen      total 301056K, used 300930K [0x00000000d7300000, 0x00000000fe880000, 0x0000000100000000)
  eden space 223232K, 100% used [0x00000000d7300000,0x00000000e4d00000,0x00000000e4d00000)
  from space 77824K, 99% used [0x00000000e4d00000,0x00000000e98e08c8,0x00000000e9900000)
  to   space 206848K, 0% used [0x00000000f1e80000,0x00000000f1e80000,0x00000000fe880000)
 ParOldGen       total 1054720K, used 754880K [0x0000000085800000, 0x00000000c5e00000, 0x00000000d7300000)
  object space 1054720K, 71% used [0x0000000085800000,0x00000000b39302d8,0x00000000c5e00000)
 Metaspace       used 10312K, capacity 10546K, committed 10752K, reserved 1058816K
  class space    used 1063K, capacity 1189K, committed 1280K, reserved 1048576K
Event: 136.294 GC heap after
Heap after GC invocations=55 (full 7):
 PSYoungGen      total 430080K, used 127327K [0x00000000d7300000, 0x00000000ffa00000, 0x0000000100000000)
  eden space 223232K, 0% used [0x00000000d7300000,0x00000000d7300000,0x00000000e4d00000)
  from space 206848K, 61% used [0x00000000f1e80000,0x00000000f9ad7fd0,0x00000000fe880000)
  to   space 214528K, 0% used [0x00000000e4d00000,0x00000000e4d00000,0x00000000f1e80000)
 ParOldGen       total 1054720K, used 754880K [0x0000000085800000, 0x00000000c5e00000, 0x00000000d7300000)
  object space 1054720K, 71% used [0x0000000085800000,0x00000000b39302d8,0x00000000c5e00000)
 Metaspace       used 10312K, capacity 10546K, committed 10752K, reserved 1058816K
  class space    used 1063K, capacity 1189K, committed 1280K, reserved 1048576K
}
Event: 137.677 GC heap before
{Heap before GC invocations=56 (full 7):
 PSYoungGen      total 430080K, used 350559K [0x00000000d7300000, 0x00000000ffa00000, 0x0000000100000000)
  eden space 223232K, 100% used [0x00000000d7300000,0x00000000e4d00000,0x00000000e4d00000)
  from space 206848K, 61% used [0x00000000f1e80000,0x00000000f9ad7fd0,0x00000000fe880000)
  to   space 214528K, 0% used [0x00000000e4d00000,0x00000000e4d00000,0x00000000f1e80000)
 ParOldGen       total 1054720K, used 754880K [0x0000000085800000, 0x00000000c5e00000, 0x00000000d7300000)
  object space 1054720K, 71% used [0x0000000085800000,0x00000000b39302d8,0x00000000c5e00000)
 Metaspace       used 10312K, capacity 10546K, committed 10752K, reserved 1058816K
  class space    used 1063K, capacity 1189K, committed 1280K, reserved 1048576K
Event: 137.789 GC heap after
Heap after GC invocations=56 (full 7):
 PSYoungGen      total 437760K, used 172444K [0x00000000d7300000, 0x0000000100000000, 0x0000000100000000)
  eden space 223232K, 0% used [0x00000000d7300000,0x00000000d7300000,0x00000000e4d00000)
  from space 214528K, 80% used [0x00000000e4d00000,0x00000000ef567250,0x00000000f1e80000)
  to   space 222720K, 0% used [0x00000000f2680000,0x00000000f2680000,0x0000000100000000)
 ParOldGen       total 1054720K, used 754880K [0x0000000085800000, 0x00000000c5e00000, 0x00000000d7300000)
  object space 1054720K, 71% used [0x0000000085800000,0x00000000b39302d8,0x00000000c5e00000)
 Metaspace       used 10312K, capacity 10546K, committed 10752K, reserved 1058816K
  class space    used 1063K, capacity 1189K, committed 1280K, reserved 1048576K
}
Event: 139.190 GC heap before
{Heap before GC invocations=57 (full 7):
 PSYoungGen      total 437760K, used 395676K [0x00000000d7300000, 0x0000000100000000, 0x0000000100000000)
  eden space 223232K, 100% used [0x00000000d7300000,0x00000000e4d00000,0x00000000e4d00000)
  from space 214528K, 80% used [0x00000000e4d00000,0x00000000ef567250,0x00000000f1e80000)
  to   space 222720K, 0% used [0x00000000f2680000,0x00000000f2680000,0x0000000100000000)
 ParOldGen       total 1054720K, used 754880K [0x0000000085800000, 0x00000000c5e00000, 0x00000000d7300000)
  object space 1054720K, 71% used [0x0000000085800000,0x00000000b39302d8,0x00000000c5e00000)
 Metaspace       used 10312K, capacity 10546K, committed 10752K, reserved 1058816K
  class space    used 1063K, capacity 1189K, committed 1280K, reserved 1048576K
Event: 139.324 GC heap after
Heap after GC invocations=57 (full 7):
 PSYoungGen      total 445952K, used 139360K [0x00000000d7300000, 0x0000000100000000, 0x0000000100000000)
  eden space 223232K, 0% used [0x00000000d7300000,0x00000000d7300000,0x00000000e4d00000)
  from space 222720K, 62% used [0x00000000f2680000,0x00000000fae98378,0x0000000100000000)
  to   space 222720K, 0% used [0x00000000e4d00000,0x00000000e4d00000,0x00000000f2680000)
 ParOldGen       total 1054720K, used 832511K [0x0000000085800000, 0x00000000c5e00000, 0x00000000d7300000)
  object space 1054720K, 78% used [0x0000000085800000,0x00000000b84ffd78,0x00000000c5e00000)
 Metaspace       used 10312K, capacity 10546K, committed 10752K, reserved 1058816K
  class space    used 1063K, capacity 1189K, committed 1280K, reserved 1048576K
}
Event: 141.873 GC heap before
{Heap before GC invocations=58 (full 7):
 PSYoungGen      total 445952K, used 362592K [0x00000000d7300000, 0x0000000100000000, 0x0000000100000000)
  eden space 223232K, 100% used [0x00000000d7300000,0x00000000e4d00000,0x00000000e4d00000)
  from space 222720K, 62% used [0x00000000f2680000,0x00000000fae98378,0x0000000100000000)
  to   space 222720K, 0% used [0x00000000e4d00000,0x00000000e4d00000,0x00000000f2680000)
 ParOldGen       total 1054720K, used 832511K [0x0000000085800000, 0x00000000c5e00000, 0x00000000d7300000)
  object space 1054720K, 78% used [0x0000000085800000,0x00000000b84ffd78,0x00000000c5e00000)
 Metaspace       used 10312K, capacity 10546K, committed 10752K, reserved 1058816K
  class space    used 1063K, capacity 1189K, committed 1280K, reserved 1048576K
Event: 141.983 GC heap after
Heap after GC invocations=58 (full 7):
 PSYoungGen      total 445952K, used 78944K [0x00000000d7300000, 0x0000000100000000, 0x0000000100000000)
  eden space 223232K, 0% used [0x00000000d7300000,0x00000000d7300000,0x00000000e4d00000)
  from space 222720K, 35% used [0x00000000e4d00000,0x00000000e9a18388,0x00000000f2680000)
  to   space 222720K, 0% used [0x00000000f2680000,0x00000000f2680000,0x0000000100000000)
 ParOldGen       total 1054720K, used 927279K [0x0000000085800000, 0x00000000c5e00000, 0x00000000d7300000)
  object space 1054720K, 87% used [0x0000000085800000,0x00000000be18bd78,0x00000000c5e00000)
 Metaspace       used 10312K, capacity 10546K, committed 10752K, reserved 1058816K
  class space    used 1063K, capacity 1189K, committed 1280K, reserved 1048576K
}

Deoptimization events (10 events):
Event: 77.967 Thread 0x00007f4c4c00c800 Uncommon trap: reason=unstable_if action=reinterpret pc=0x00007f4c3d6e648c method=com.tequila.database.corrector.CorrectNonUniqueFields.updateQualityScore(Ljava/util/Map;)V @ 195
Event: 85.777 Thread 0x00007f4c4c00c800 Uncommon trap: reason=unstable_if action=reinterpret pc=0x00007f4c3d4a8f8c method=java.util.HashMap.resize()[Ljava/util/HashMap$Node; @ 206
Event: 90.856 Thread 0x00007f4c4c00c800 Uncommon trap: reason=unloaded action=reinterpret pc=0x00007f4c3d592008 method=sun.nio.cs.UTF_8$Encoder.encode([CII[B)I @ 153
Event: 90.856 Thread 0x00007f4c4c00c800 Uncommon trap: reason=unstable_if action=reinterpret pc=0x00007f4c3d4ac6d0 method=java.lang.Character.isHighSurrogate(C)Z @ 3
Event: 94.988 Thread 0x00007f4c4c00c800 Uncommon trap: reason=class_check action=maybe_recompile pc=0x00007f4c3d67d978 method=org.sqlite.core.DB.close()V @ 37
Event: 95.061 Thread 0x00007f4c4c00c800 Uncommon trap: reason=unstable_if action=reinterpret pc=0x00007f4c3d5ba6fc method=java.util.HashMap.removeNode(ILjava/lang/Object;Ljava/lang/Object;ZZ)Ljava/util/HashMap$Node; @ 211
Event: 95.062 Thread 0x00007f4c4c00c800 Uncommon trap: reason=unstable_if action=reinterpret pc=0x00007f4c3d5bb4c0 method=java.util.HashMap.removeNode(ILjava/lang/Object;Ljava/lang/Object;ZZ)Ljava/util/HashMap$Node; @ 211
Event: 108.005 Thread 0x00007f4c4c00c800 Uncommon trap: reason=unstable_if action=reinterpret pc=0x00007f4c3d706fc4 method=com.tequila.database.corrector.CorrectNonUniqueFields.updateGeoDistance(Ljava/util/Map;)V @ 195
Event: 132.996 Thread 0x00007f4c4c00c800 Uncommon trap: reason=unstable_if action=reinterpret pc=0x00007f4c3d71c0c4 method=com.tequila.database.corrector.CorrectNonUniqueFields.updateGeoAccuracyCode(Ljava/util/Map;)V @ 195
Event: 148.374 Thread 0x00007f4c4c00c800 Uncommon trap: reason=class_check action=maybe_recompile pc=0x00007f4c3d67d978 method=org.sqlite.core.DB.close()V @ 37

Classes redefined (0 events):
No events

Internal exceptions (10 events):
Event: 1.040 Thread 0x00007f4c4c00c800 Exception <a 'java/security/PrivilegedActionException'> (0x00000000d91c1120) thrown at [/HUDSON/workspace/8-2-build-linux-amd64/jdk8u211/12973/hotspot/src/share/vm/prims/jvm.cpp, line 1502]
Event: 1.040 Thread 0x00007f4c4c00c800 Exception <a 'java/security/PrivilegedActionException'> (0x00000000d91c1518) thrown at [/HUDSON/workspace/8-2-build-linux-amd64/jdk8u211/12973/hotspot/src/share/vm/prims/jvm.cpp, line 1502]
Event: 1.040 Thread 0x00007f4c4c00c800 Exception <a 'java/security/PrivilegedActionException'> (0x00000000d91c23a0) thrown at [/HUDSON/workspace/8-2-build-linux-amd64/jdk8u211/12973/hotspot/src/share/vm/prims/jvm.cpp, line 1502]
Event: 1.041 Thread 0x00007f4c4c00c800 Exception <a 'java/security/PrivilegedActionException'> (0x00000000d91c2798) thrown at [/HUDSON/workspace/8-2-build-linux-amd64/jdk8u211/12973/hotspot/src/share/vm/prims/jvm.cpp, line 1502]
Event: 1.041 Thread 0x00007f4c4c00c800 Exception <a 'java/security/PrivilegedActionException'> (0x00000000d91c3648) thrown at [/HUDSON/workspace/8-2-build-linux-amd64/jdk8u211/12973/hotspot/src/share/vm/prims/jvm.cpp, line 1502]
Event: 1.041 Thread 0x00007f4c4c00c800 Exception <a 'java/security/PrivilegedActionException'> (0x00000000d91c3a40) thrown at [/HUDSON/workspace/8-2-build-linux-amd64/jdk8u211/12973/hotspot/src/share/vm/prims/jvm.cpp, line 1502]
Event: 28.599 Thread 0x00007f4c4c00c800 Implicit null exception at 0x00007f4c3d50ed1d to 0x00007f4c3d50edcd
Event: 28.606 Thread 0x00007f4c4c00c800 Implicit null exception at 0x00007f4c3d50f2a4 to 0x00007f4c3d50ff3d
Event: 33.015 Thread 0x00007f4c4c00c800 Implicit null exception at 0x00007f4c3d51950a to 0x00007f4c3d5195cd
Event: 34.626 Thread 0x00007f4c4c087000 Implicit null exception at 0x00007f4c3d5b6120 to 0x00007f4c3d5b6879

Events (10 events):
Event: 137.789 Executing VM operation: ParallelGCFailedAllocation done
Event: 139.190 Executing VM operation: ParallelGCFailedAllocation
Event: 139.325 Executing VM operation: ParallelGCFailedAllocation done
Event: 141.873 Executing VM operation: ParallelGCFailedAllocation
Event: 141.983 Executing VM operation: ParallelGCFailedAllocation done
Event: 148.374 Thread 0x00007f4c4c00c800 Uncommon trap: trap_request=0xffffffde fr.pc=0x00007f4c3d67d978
Event: 148.374 Executing VM operation: RevokeBias
Event: 148.374 Executing VM operation: RevokeBias done
Event: 148.374 Thread 0x00007f4c4c00c800 DEOPT PACKING pc=0x00007f4c3d67d978 sp=0x00007f4c532775f0
Event: 148.427 Thread 0x00007f4c4c00c800 DEOPT UNPACKING pc=0x00007f4c3d04573a sp=0x00007f4c53277600 mode 2


Dynamic libraries:
00400000-00401000 r-xp 00000000 08:01 29492542                           /opt/jdk/jdk1.8.0_211/bin/java
00600000-00601000 r--p 00000000 08:01 29492542                           /opt/jdk/jdk1.8.0_211/bin/java
00601000-00602000 rw-p 00001000 08:01 29492542                           /opt/jdk/jdk1.8.0_211/bin/java
02594000-025b5000 rw-p 00000000 00:00 0                                  [heap]
85800000-c5e00000 rw-p 00000000 00:00 0 
c5e00000-d7300000 ---p 00000000 00:00 0 
d7300000-100000000 rw-p 00000000 00:00 0 
100000000-100140000 rw-p 00000000 00:00 0 
100140000-140000000 ---p 00000000 00:00 0 
7f4b60000000-7f4b617c9000 rw-p 00000000 00:00 0 
7f4b617c9000-7f4b64000000 ---p 00000000 00:00 0 
7f4b68000000-7f4b6ffff000 rw-p 00000000 00:00 0 
7f4b6ffff000-7f4b70000000 ---p 00000000 00:00 0 
7f4b70000000-7f4b78000000 rw-p 00000000 00:00 0 
7f4b78000000-7f4b80000000 rw-p 00000000 00:00 0 
7f4b80000000-7f4b88000000 rw-p 00000000 00:00 0 
7f4b88000000-7f4b8bfff000 rw-p 00000000 00:00 0 
7f4b8bfff000-7f4b8c000000 ---p 00000000 00:00 0 
7f4b8c000000-7f4b90000000 rw-p 00000000 00:00 0 
7f4b90000000-7f4b98000000 rw-p 00000000 00:00 0 
7f4b98000000-7f4b9bffe000 rw-p 00000000 00:00 0 
7f4b9bffe000-7f4b9c000000 ---p 00000000 00:00 0 
7f4b9c000000-7f4b9fffe000 rw-p 00000000 00:00 0 
7f4b9fffe000-7f4ba0000000 ---p 00000000 00:00 0 
7f4ba0000000-7f4ba8000000 rw-p 00000000 00:00 0 
7f4ba8000000-7f4babffe000 rw-p 00000000 00:00 0 
7f4babffe000-7f4bac000000 ---p 00000000 00:00 0 
7f4bac000000-7f4bafffe000 rw-p 00000000 00:00 0 
7f4bafffe000-7f4bb0000000 ---p 00000000 00:00 0 
7f4bb0000000-7f4bb8000000 rw-p 00000000 00:00 0 
7f4bb8000000-7f4bc0000000 rw-p 00000000 00:00 0 
7f4bc0000000-7f4bc7ffe000 rw-p 00000000 00:00 0 
7f4bc7ffe000-7f4bc8000000 ---p 00000000 00:00 0 
7f4bc8000000-7f4bcbffe000 rw-p 00000000 00:00 0 
7f4bcbffe000-7f4bcc000000 ---p 00000000 00:00 0 
7f4bcc000000-7f4bd0000000 rw-p 00000000 00:00 0 
7f4bd0000000-7f4bd7ffe000 rw-p 00000000 00:00 0 
7f4bd7ffe000-7f4bd8000000 ---p 00000000 00:00 0 
7f4bd8000000-7f4bdbfff000 rw-p 00000000 00:00 0 
7f4bdbfff000-7f4bdc000000 ---p 00000000 00:00 0 
7f4bdc000000-7f4be0000000 rw-p 00000000 00:00 0 
7f4be0000000-7f4be7ffe000 rw-p 00000000 00:00 0 
7f4be7ffe000-7f4be8000000 ---p 00000000 00:00 0 
7f4be8000000-7f4bebfff000 rw-p 00000000 00:00 0 
7f4bebfff000-7f4bec000000 ---p 00000000 00:00 0 
7f4bec000000-7f4bf0000000 rw-p 00000000 00:00 0 
7f4bf0000000-7f4bf8000000 rw-p 00000000 00:00 0 
7f4bf8000000-7f4bfc000000 rw-p 00000000 00:00 0 
7f4bfcfff000-7f4c00000000 rw-p 00000000 00:00 0 
7f4c00000000-7f4c00021000 rw-p 00000000 00:00 0 
7f4c00021000-7f4c04000000 ---p 00000000 00:00 0 
7f4c04000000-7f4c04021000 rw-p 00000000 00:00 0 
7f4c04021000-7f4c08000000 ---p 00000000 00:00 0 
7f4c08000000-7f4c09843000 rw-p 00000000 00:00 0 
7f4c09843000-7f4c0c000000 ---p 00000000 00:00 0 
7f4c0c000000-7f4c0c583000 rw-p 00000000 00:00 0 
7f4c0c583000-7f4c10000000 ---p 00000000 00:00 0 
7f4c10000000-7f4c10021000 rw-p 00000000 00:00 0 
7f4c10021000-7f4c14000000 ---p 00000000 00:00 0 
7f4c14000000-7f4c14f5d000 rw-p 00000000 00:00 0 
7f4c14f5d000-7f4c18000000 ---p 00000000 00:00 0 
7f4c18000000-7f4c18021000 rw-p 00000000 00:00 0 
7f4c18021000-7f4c1c000000 ---p 00000000 00:00 0 
7f4c1c000000-7f4c1c021000 rw-p 00000000 00:00 0 
7f4c1c021000-7f4c20000000 ---p 00000000 00:00 0 
7f4c20000000-7f4c20021000 rw-p 00000000 00:00 0 
7f4c20021000-7f4c24000000 ---p 00000000 00:00 0 
7f4c24d0e000-7f4c24d2a000 r--s 00393000 08:01 29492804                   /opt/jdk/jdk1.8.0_211/jre/lib/ext/cldrdata.jar
7f4c24d2a000-7f4c24d34000 r--s 00116000 08:01 29492796                   /opt/jdk/jdk1.8.0_211/jre/lib/ext/localedata.jar
7f4c24d34000-7f4c24e74000 rw-p 00000000 00:00 0 
7f4c24e74000-7f4c24f34000 ---p 00000000 00:00 0 
7f4c24f34000-7f4c25019000 r-xp 00000000 08:01 19923083                   /tmp/sqlite-3.21.0-b3f8188a-fef7-4bf0-b3ae-1fed9a981f15-libsqlitejdbc.so
7f4c25019000-7f4c25218000 ---p 000e5000 08:01 19923083                   /tmp/sqlite-3.21.0-b3f8188a-fef7-4bf0-b3ae-1fed9a981f15-libsqlitejdbc.so
7f4c25218000-7f4c2521d000 rw-p 000e4000 08:01 19923083                   /tmp/sqlite-3.21.0-b3f8188a-fef7-4bf0-b3ae-1fed9a981f15-libsqlitejdbc.so
7f4c2521d000-7f4c2521e000 rw-p 00000000 00:00 0 
7f4c2521e000-7f4c25221000 r--s 00024000 08:01 23858238                   /home/chinmay/eclipse-workspace/MexicoDataProcess/jars/fuzzywuzzy/fuzzywuzzy-1.1.9-javadoc.jar
7f4c25221000-7f4c25226000 r--s 0002c000 08:01 23858242                   /home/chinmay/eclipse-workspace/MexicoDataProcess/jars/commons-text-1.6.jar
7f4c25226000-7f4c2522c000 r--s 0003f000 08:01 23858246                   /home/chinmay/eclipse-workspace/MexicoDataProcess/jars/jsoup-1.6.0.jar
7f4c2522c000-7f4c25230000 r--s 0002f000 08:01 23858247                   /home/chinmay/eclipse-workspace/MexicoDataProcess/jars/com.fasterxml.jackson.core.jar
7f4c25230000-7f4c25243000 r--s 000fc000 08:01 23858229                   /home/chinmay/eclipse-workspace/MexicoDataProcess/jars/jackson-all-1.9.0.jar
7f4c25243000-7f4c2525a000 r-xp 00000000 08:01 19270809                   /lib/x86_64-linux-gnu/libgcc_s.so.1
7f4c2525a000-7f4c25459000 ---p 00017000 08:01 19270809                   /lib/x86_64-linux-gnu/libgcc_s.so.1
7f4c25459000-7f4c2545a000 r--p 00016000 08:01 19270809                   /lib/x86_64-linux-gnu/libgcc_s.so.1
7f4c2545a000-7f4c2545b000 rw-p 00017000 08:01 19270809                   /lib/x86_64-linux-gnu/libgcc_s.so.1
7f4c2545b000-7f4c2545d000 r--s 00003000 08:01 23858231                   /home/chinmay/eclipse-workspace/MexicoDataProcess/jars/fuzzywuzzy/fuzzywuzzy-1.1.9-sources.jar
7f4c2545d000-7f4c25462000 r--s 00048000 08:01 23858227                   /home/chinmay/eclipse-workspace/MexicoDataProcess/jars/dnsjava-2.1.8.jar
7f4c25462000-7f4c25477000 r--s 0024a000 08:01 24248427                   /home/chinmay/eclipse-workspace/MexicoDataProcess/jars/pdfBox/pdfbox-2.0.8.jar
7f4c25477000-7f4c2547d000 r--s 00165000 08:01 24248426                   /home/chinmay/eclipse-workspace/MexicoDataProcess/jars/pdfBox/fontbox-2.0.8.jar
7f4c2547d000-7f4c25480000 r--s 00009000 08:01 23858241                   /home/chinmay/eclipse-workspace/MexicoDataProcess/jars/signpost-core-1.2.1.2.jar
7f4c25480000-7f4c254b8000 r-xp 00000000 08:01 29492859                   /opt/jdk/jdk1.8.0_211/jre/lib/amd64/libsunec.so
7f4c254b8000-7f4c256b7000 ---p 00038000 08:01 29492859                   /opt/jdk/jdk1.8.0_211/jre/lib/amd64/libsunec.so
7f4c256b7000-7f4c256bc000 r--p 00037000 08:01 29492859                   /opt/jdk/jdk1.8.0_211/jre/lib/amd64/libsunec.so
7f4c256bc000-7f4c256be000 rw-p 0003c000 08:01 29492859                   /opt/jdk/jdk1.8.0_211/jre/lib/amd64/libsunec.so
7f4c256be000-7f4c256d4000 r-xp 00000000 08:01 29492852                   /opt/jdk/jdk1.8.0_211/jre/lib/amd64/libnet.so
7f4c256d4000-7f4c258d3000 ---p 00016000 08:01 29492852                   /opt/jdk/jdk1.8.0_211/jre/lib/amd64/libnet.so
7f4c258d3000-7f4c258d4000 r--p 00015000 08:01 29492852                   /opt/jdk/jdk1.8.0_211/jre/lib/amd64/libnet.so
7f4c258d4000-7f4c258d5000 rw-p 00016000 08:01 29492852                   /opt/jdk/jdk1.8.0_211/jre/lib/amd64/libnet.so
7f4c258d5000-7f4c258e6000 r-xp 00000000 08:01 29492912                   /opt/jdk/jdk1.8.0_211/jre/lib/amd64/libnio.so
7f4c258e6000-7f4c25ae5000 ---p 00011000 08:01 29492912                   /opt/jdk/jdk1.8.0_211/jre/lib/amd64/libnio.so
7f4c25ae5000-7f4c25ae6000 r--p 00010000 08:01 29492912                   /opt/jdk/jdk1.8.0_211/jre/lib/amd64/libnio.so
7f4c25ae6000-7f4c25ae7000 rw-p 00011000 08:01 29492912                   /opt/jdk/jdk1.8.0_211/jre/lib/amd64/libnio.so
7f4c25ae7000-7f4c25ae9000 r--s 00009000 08:01 29492797                   /opt/jdk/jdk1.8.0_211/jre/lib/ext/sunec.jar
7f4c25ae9000-7f4c25aed000 r--s 0003b000 08:01 29492805                   /opt/jdk/jdk1.8.0_211/jre/lib/ext/sunpkcs11.jar
7f4c25aed000-7f4c25af0000 r--s 0001a000 08:01 29492691                   /opt/jdk/jdk1.8.0_211/jre/lib/jce.jar
7f4c25af0000-7f4c25af5000 r--s 000a3000 08:01 29492810                   /opt/jdk/jdk1.8.0_211/jre/lib/jsse.jar
7f4c25af5000-7f4c25b2a000 rw-p 00000000 00:00 0 
7f4c25b2a000-7f4c25c70000 r--s 01421000 08:01 23858243                   /home/chinmay/eclipse-workspace/MexicoDataProcess/jars/selenium-server-standalone-3.5.3.jar
7f4c25c70000-7f4c25c79000 r--s 0006f000 08:01 23858256                   /home/chinmay/eclipse-workspace/MexicoDataProcess/jars/log4j-1.2.17.jar
7f4c25c79000-7f4c25c81000 r--s 00048000 08:01 23858228                   /home/chinmay/eclipse-workspace/MexicoDataProcess/jars/httpcore-4.4.6.jar
7f4c25c81000-7f4c25c8e000 r--s 000aa000 08:01 23858253                   /home/chinmay/eclipse-workspace/MexicoDataProcess/jars/httpclient-4.5.3.jar
7f4c25c8e000-7f4c25c92000 r--s 0002a000 08:01 24248414                   /home/chinmay/eclipse-workspace/MexicoDataProcess/jars/validator/commons-validator-1.6.jar
7f4c25c92000-7f4c25c97000 r--s 00659000 08:01 23858245                   /home/chinmay/eclipse-workspace/MexicoDataProcess/jars/sqlite-jdbc-3.21.0.jar
7f4c25c97000-7f4c25c9f000 r--s 00098000 08:01 23858226                   /home/chinmay/eclipse-workspace/MexicoDataProcess/jars/javax.mail-1.6.1.jar
7f4c25c9f000-7f4c25ca7000 r--s 00072000 08:01 23858244                   /home/chinmay/eclipse-workspace/MexicoDataProcess/jars/commons-lang3-3.7.jar
7f4c25ca7000-7f4c25ca8000 ---p 00000000 00:00 0 
7f4c25ca8000-7f4c25da8000 rw-p 00000000 00:00 0 
7f4c25da8000-7f4c25dab000 ---p 00000000 00:00 0 
7f4c25dab000-7f4c25ea9000 rw-p 00000000 00:00 0 
7f4c25ea9000-7f4c25eaa000 ---p 00000000 00:00 0 
7f4c25eaa000-7f4c25ead000 ---p 00000000 00:00 0 
7f4c25ead000-7f4c25faa000 rw-p 00000000 00:00 0 
7f4c25faa000-7f4c25fab000 ---p 00000000 00:00 0 
7f4c25fab000-7f4c25fae000 ---p 00000000 00:00 0 
7f4c25fae000-7f4c260ab000 rw-p 00000000 00:00 0 
7f4c260ab000-7f4c260ac000 ---p 00000000 00:00 0 
7f4c260ac000-7f4c260af000 ---p 00000000 00:00 0 
7f4c260af000-7f4c261ac000 rw-p 00000000 00:00 0 
7f4c261ac000-7f4c261af000 ---p 00000000 00:00 0 
7f4c261af000-7f4c262ad000 rw-p 00000000 00:00 0 
7f4c262ad000-7f4c2658b000 r--p 00000000 08:01 15335669                   /usr/lib/locale/locale-archive
7f4c2658b000-7f4c2658e000 ---p 00000000 00:00 0 
7f4c2658e000-7f4c2668c000 rw-p 00000000 00:00 0 
7f4c2668c000-7f4c2668f000 ---p 00000000 00:00 0 
7f4c2668f000-7f4c2678d000 rw-p 00000000 00:00 0 
7f4c2678d000-7f4c2678e000 ---p 00000000 00:00 0 
7f4c2678e000-7f4c28000000 rw-p 00000000 00:00 0 
7f4c28000000-7f4c283b1000 rw-p 00000000 00:00 0 
7f4c283b1000-7f4c2c000000 ---p 00000000 00:00 0 
7f4c2c000000-7f4c2c3ab000 rw-p 00000000 00:00 0 
7f4c2c3ab000-7f4c30000000 ---p 00000000 00:00 0 
7f4c30000000-7f4c30793000 rw-p 00000000 00:00 0 
7f4c30793000-7f4c34000000 ---p 00000000 00:00 0 
7f4c34000000-7f4c34070000 rw-p 00000000 00:00 0 
7f4c34070000-7f4c3424a000 r--s 03d6d000 08:01 29492601                   /opt/jdk/jdk1.8.0_211/jre/lib/rt.jar
7f4c3424a000-7f4c38000000 rw-p 00000000 00:00 0 
7f4c38000000-7f4c38823000 rw-p 00000000 00:00 0 
7f4c38823000-7f4c3c000000 ---p 00000000 00:00 0 
7f4c3c000000-7f4c3c002000 r--s 00007000 08:01 23858237                   /home/chinmay/eclipse-workspace/MexicoDataProcess/jars/fuzzywuzzy/fuzzywuzzy-1.1.9.jar
7f4c3c002000-7f4c3c004000 r--s 0000d000 08:01 23858250                   /home/chinmay/eclipse-workspace/MexicoDataProcess/jars/SuperCSV-1.52.jar
7f4c3c004000-7f4c3c007000 r--s 00017000 08:01 23858254                   /home/chinmay/eclipse-workspace/MexicoDataProcess/jars/opencsv-4.0.jar
7f4c3c007000-7f4c3c3db000 rw-p 00000000 00:00 0 
7f4c3c3db000-7f4c3c3dc000 ---p 00000000 00:00 0 
7f4c3c3dc000-7f4c3c4dc000 rw-p 00000000 00:00 0 
7f4c3c4dc000-7f4c3c4dd000 ---p 00000000 00:00 0 
7f4c3c4dd000-7f4c3c7e0000 rw-p 00000000 00:00 0 
7f4c3c7e0000-7f4c3c86b000 ---p 00000000 00:00 0 
7f4c3c86b000-7f4c3ca6e000 rw-p 00000000 00:00 0 
7f4c3ca6e000-7f4c3caf8000 ---p 00000000 00:00 0 
7f4c3caf8000-7f4c3cc3f000 rw-p 00000000 00:00 0 
7f4c3cc3f000-7f4c3cc5d000 rw-p 00000000 00:00 0 
7f4c3cc5d000-7f4c3d000000 ---p 00000000 00:00 0 
7f4c3d000000-7f4c3d730000 rwxp 00000000 00:00 0 
7f4c3d730000-7f4c4c000000 ---p 00000000 00:00 0 
7f4c4c000000-7f4c4fffe000 rw-p 00000000 00:00 0 
7f4c4fffe000-7f4c50000000 ---p 00000000 00:00 0 
7f4c50000000-7f4c50005000 r--s 0002a000 08:01 23858225                   /home/chinmay/eclipse-workspace/MexicoDataProcess/jars/gson-2.2.2.jar
7f4c50005000-7f4c50007000 r--s 0000e000 08:01 23858249                   /home/chinmay/eclipse-workspace/MexicoDataProcess/jars/commons-logging-1.2.jar
7f4c50007000-7f4c5000b000 r--s 0002f000 08:01 23858239                   /home/chinmay/eclipse-workspace/MexicoDataProcess/jars/commons-io-2.5.jar
7f4c5000b000-7f4c50019000 r--s 0007f000 08:01 23858255                   /home/chinmay/eclipse-workspace/MexicoDataProcess/jars/commons-collections-3.2.1.jar
7f4c50019000-7f4c50020000 r--s 0004b000 08:01 23858248                   /home/chinmay/eclipse-workspace/MexicoDataProcess/jars/commons-codec-1.11.jar
7f4c50020000-7f4c50021000 ---p 00000000 00:00 0 
7f4c50021000-7f4c50121000 rw-p 00000000 00:00 0 
7f4c50121000-7f4c50122000 ---p 00000000 00:00 0 
7f4c50122000-7f4c50222000 rw-p 00000000 00:00 0 
7f4c50222000-7f4c5023d000 r-xp 00000000 08:01 29492875                   /opt/jdk/jdk1.8.0_211/jre/lib/amd64/libzip.so
7f4c5023d000-7f4c5043c000 ---p 0001b000 08:01 29492875                   /opt/jdk/jdk1.8.0_211/jre/lib/amd64/libzip.so
7f4c5043c000-7f4c5043d000 r--p 0001a000 08:01 29492875                   /opt/jdk/jdk1.8.0_211/jre/lib/amd64/libzip.so
7f4c5043d000-7f4c5043e000 rw-p 0001b000 08:01 29492875                   /opt/jdk/jdk1.8.0_211/jre/lib/amd64/libzip.so
7f4c5043e000-7f4c50449000 r-xp 00000000 08:01 19268294                   /lib/x86_64-linux-gnu/libnss_files-2.27.so
7f4c50449000-7f4c50648000 ---p 0000b000 08:01 19268294                   /lib/x86_64-linux-gnu/libnss_files-2.27.so
7f4c50648000-7f4c50649000 r--p 0000a000 08:01 19268294                   /lib/x86_64-linux-gnu/libnss_files-2.27.so
7f4c50649000-7f4c5064a000 rw-p 0000b000 08:01 19268294                   /lib/x86_64-linux-gnu/libnss_files-2.27.so
7f4c5064a000-7f4c50650000 rw-p 00000000 00:00 0 
7f4c50650000-7f4c50667000 r-xp 00000000 08:01 19268291                   /lib/x86_64-linux-gnu/libnsl-2.27.so
7f4c50667000-7f4c50866000 ---p 00017000 08:01 19268291                   /lib/x86_64-linux-gnu/libnsl-2.27.so
7f4c50866000-7f4c50867000 r--p 00016000 08:01 19268291                   /lib/x86_64-linux-gnu/libnsl-2.27.so
7f4c50867000-7f4c50868000 rw-p 00017000 08:01 19268291                   /lib/x86_64-linux-gnu/libnsl-2.27.so
7f4c50868000-7f4c5086a000 rw-p 00000000 00:00 0 
7f4c5086a000-7f4c50875000 r-xp 00000000 08:01 19268296                   /lib/x86_64-linux-gnu/libnss_nis-2.27.so
7f4c50875000-7f4c50a74000 ---p 0000b000 08:01 19268296                   /lib/x86_64-linux-gnu/libnss_nis-2.27.so
7f4c50a74000-7f4c50a75000 r--p 0000a000 08:01 19268296                   /lib/x86_64-linux-gnu/libnss_nis-2.27.so
7f4c50a75000-7f4c50a76000 rw-p 0000b000 08:01 19268296                   /lib/x86_64-linux-gnu/libnss_nis-2.27.so
7f4c50a76000-7f4c50a7e000 r-xp 00000000 08:01 19268292                   /lib/x86_64-linux-gnu/libnss_compat-2.27.so
7f4c50a7e000-7f4c50c7e000 ---p 00008000 08:01 19268292                   /lib/x86_64-linux-gnu/libnss_compat-2.27.so
7f4c50c7e000-7f4c50c7f000 r--p 00008000 08:01 19268292                   /lib/x86_64-linux-gnu/libnss_compat-2.27.so
7f4c50c7f000-7f4c50c80000 rw-p 00009000 08:01 19268292                   /lib/x86_64-linux-gnu/libnss_compat-2.27.so
7f4c50c80000-7f4c50cac000 r-xp 00000000 08:01 29492866                   /opt/jdk/jdk1.8.0_211/jre/lib/amd64/libjava.so
7f4c50cac000-7f4c50eac000 ---p 0002c000 08:01 29492866                   /opt/jdk/jdk1.8.0_211/jre/lib/amd64/libjava.so
7f4c50eac000-7f4c50ead000 r--p 0002c000 08:01 29492866                   /opt/jdk/jdk1.8.0_211/jre/lib/amd64/libjava.so
7f4c50ead000-7f4c50eaf000 rw-p 0002d000 08:01 29492866                   /opt/jdk/jdk1.8.0_211/jre/lib/amd64/libjava.so
7f4c50eaf000-7f4c50ebc000 r-xp 00000000 08:01 29492857                   /opt/jdk/jdk1.8.0_211/jre/lib/amd64/libverify.so
7f4c50ebc000-7f4c510bb000 ---p 0000d000 08:01 29492857                   /opt/jdk/jdk1.8.0_211/jre/lib/amd64/libverify.so
7f4c510bb000-7f4c510bd000 r--p 0000c000 08:01 29492857                   /opt/jdk/jdk1.8.0_211/jre/lib/amd64/libverify.so
7f4c510bd000-7f4c510be000 rw-p 0000e000 08:01 29492857                   /opt/jdk/jdk1.8.0_211/jre/lib/amd64/libverify.so
7f4c510be000-7f4c510c5000 r-xp 00000000 08:01 19268301                   /lib/x86_64-linux-gnu/librt-2.27.so
7f4c510c5000-7f4c512c4000 ---p 00007000 08:01 19268301                   /lib/x86_64-linux-gnu/librt-2.27.so
7f4c512c4000-7f4c512c5000 r--p 00006000 08:01 19268301                   /lib/x86_64-linux-gnu/librt-2.27.so
7f4c512c5000-7f4c512c6000 rw-p 00007000 08:01 19268301                   /lib/x86_64-linux-gnu/librt-2.27.so
7f4c512c6000-7f4c51463000 r-xp 00000000 08:01 19268288                   /lib/x86_64-linux-gnu/libm-2.27.so
7f4c51463000-7f4c51662000 ---p 0019d000 08:01 19268288                   /lib/x86_64-linux-gnu/libm-2.27.so
7f4c51662000-7f4c51663000 r--p 0019c000 08:01 19268288                   /lib/x86_64-linux-gnu/libm-2.27.so
7f4c51663000-7f4c51664000 rw-p 0019d000 08:01 19268288                   /lib/x86_64-linux-gnu/libm-2.27.so
7f4c51664000-7f4c5234c000 r-xp 00000000 08:01 29492873                   /opt/jdk/jdk1.8.0_211/jre/lib/amd64/server/libjvm.so
7f4c5234c000-7f4c5254b000 ---p 00ce8000 08:01 29492873                   /opt/jdk/jdk1.8.0_211/jre/lib/amd64/server/libjvm.so
7f4c5254b000-7f4c525e1000 r--p 00ce7000 08:01 29492873                   /opt/jdk/jdk1.8.0_211/jre/lib/amd64/server/libjvm.so
7f4c525e1000-7f4c52612000 rw-p 00d7d000 08:01 29492873                   /opt/jdk/jdk1.8.0_211/jre/lib/amd64/server/libjvm.so
7f4c52612000-7f4c5264d000 rw-p 00000000 00:00 0 
7f4c5264d000-7f4c52834000 r-xp 00000000 08:01 19268284                   /lib/x86_64-linux-gnu/libc-2.27.so
7f4c52834000-7f4c52a34000 ---p 001e7000 08:01 19268284                   /lib/x86_64-linux-gnu/libc-2.27.so
7f4c52a34000-7f4c52a38000 r--p 001e7000 08:01 19268284                   /lib/x86_64-linux-gnu/libc-2.27.so
7f4c52a38000-7f4c52a3a000 rw-p 001eb000 08:01 19268284                   /lib/x86_64-linux-gnu/libc-2.27.so
7f4c52a3a000-7f4c52a3e000 rw-p 00000000 00:00 0 
7f4c52a3e000-7f4c52a41000 r-xp 00000000 08:01 19268287                   /lib/x86_64-linux-gnu/libdl-2.27.so
7f4c52a41000-7f4c52c40000 ---p 00003000 08:01 19268287                   /lib/x86_64-linux-gnu/libdl-2.27.so
7f4c52c40000-7f4c52c41000 r--p 00002000 08:01 19268287                   /lib/x86_64-linux-gnu/libdl-2.27.so
7f4c52c41000-7f4c52c42000 rw-p 00003000 08:01 19268287                   /lib/x86_64-linux-gnu/libdl-2.27.so
7f4c52c42000-7f4c52c59000 r-xp 00000000 08:01 29491852                   /opt/jdk/jdk1.8.0_211/lib/amd64/jli/libjli.so
7f4c52c59000-7f4c52e58000 ---p 00017000 08:01 29491852                   /opt/jdk/jdk1.8.0_211/lib/amd64/jli/libjli.so
7f4c52e58000-7f4c52e59000 r--p 00016000 08:01 29491852                   /opt/jdk/jdk1.8.0_211/lib/amd64/jli/libjli.so
7f4c52e59000-7f4c52e5a000 rw-p 00017000 08:01 29491852                   /opt/jdk/jdk1.8.0_211/lib/amd64/jli/libjli.so
7f4c52e5a000-7f4c52e74000 r-xp 00000000 08:01 19268299                   /lib/x86_64-linux-gnu/libpthread-2.27.so
7f4c52e74000-7f4c53073000 ---p 0001a000 08:01 19268299                   /lib/x86_64-linux-gnu/libpthread-2.27.so
7f4c53073000-7f4c53074000 r--p 00019000 08:01 19268299                   /lib/x86_64-linux-gnu/libpthread-2.27.so
7f4c53074000-7f4c53075000 rw-p 0001a000 08:01 19268299                   /lib/x86_64-linux-gnu/libpthread-2.27.so
7f4c53075000-7f4c53079000 rw-p 00000000 00:00 0 
7f4c53079000-7f4c530a2000 r-xp 00000000 08:01 19268280                   /lib/x86_64-linux-gnu/ld-2.27.so
7f4c530a2000-7f4c530a3000 r--s 00005000 08:01 23858252                   /home/chinmay/eclipse-workspace/MexicoDataProcess/jars/json-simple-1.1.1.jar
7f4c530a3000-7f4c530a8000 r--s 00084000 08:01 29492788                   /opt/jdk/jdk1.8.0_211/jre/lib/jfr.jar
7f4c530a8000-7f4c530ad000 r--s 002f9000 08:01 29492600                   /opt/jdk/jdk1.8.0_211/jre/lib/charsets.jar
7f4c530ad000-7f4c53178000 rw-p 00000000 00:00 0 
7f4c53178000-7f4c53179000 ---p 00000000 00:00 0 
7f4c53179000-7f4c5317c000 ---p 00000000 00:00 0 
7f4c5317c000-7f4c5327d000 rw-p 00000000 00:00 0 
7f4c5327d000-7f4c53280000 r--s 0001a000 08:01 29492691                   /opt/jdk/jdk1.8.0_211/jre/lib/jce.jar
7f4c53280000-7f4c53285000 r--s 000a3000 08:01 29492810                   /opt/jdk/jdk1.8.0_211/jre/lib/jsse.jar
7f4c53285000-7f4c53298000 r--s 00345000 08:01 29492723                   /opt/jdk/jdk1.8.0_211/jre/lib/resources.jar
7f4c53298000-7f4c532a0000 rw-s 00000000 08:01 19922986                   /tmp/hsperfdata_chinmay/10405
7f4c532a0000-7f4c532a1000 rw-p 00000000 00:00 0 
7f4c532a1000-7f4c532a2000 r--p 00000000 00:00 0 
7f4c532a2000-7f4c532a3000 r--p 00029000 08:01 19268280                   /lib/x86_64-linux-gnu/ld-2.27.so
7f4c532a3000-7f4c532a4000 rw-p 0002a000 08:01 19268280                   /lib/x86_64-linux-gnu/ld-2.27.so
7f4c532a4000-7f4c532a5000 rw-p 00000000 00:00 0 
7ffd8bb25000-7ffd8bb47000 rw-p 00000000 00:00 0                          [stack]
7ffd8bb6d000-7ffd8bb70000 r--p 00000000 00:00 0                          [vvar]
7ffd8bb70000-7ffd8bb71000 r-xp 00000000 00:00 0                          [vdso]
ffffffffff600000-ffffffffff601000 --xp 00000000 00:00 0                  [vsyscall]

VM Arguments:
jvm_args: -Dfile.encoding=UTF-8 
java_command: com.tequila.database.corrector.CorrectorAllFields
java_class_path (initial): /opt/jdk/jdk1.8.0_211/jre/lib/resources.jar:/opt/jdk/jdk1.8.0_211/jre/lib/rt.jar:/opt/jdk/jdk1.8.0_211/jre/lib/jsse.jar:/opt/jdk/jdk1.8.0_211/jre/lib/jce.jar:/opt/jdk/jdk1.8.0_211/jre/lib/charsets.jar:/opt/jdk/jdk1.8.0_211/jre/lib/jfr.jar:/opt/jdk/jdk1.8.0_211/jre/lib/ext/nashorn.jar:/opt/jdk/jdk1.8.0_211/jre/lib/ext/zipfs.jar:/opt/jdk/jdk1.8.0_211/jre/lib/ext/sunpkcs11.jar:/opt/jdk/jdk1.8.0_211/jre/lib/ext/localedata.jar:/opt/jdk/jdk1.8.0_211/jre/lib/ext/jfxrt.jar:/opt/jdk/jdk1.8.0_211/jre/lib/ext/cldrdata.jar:/opt/jdk/jdk1.8.0_211/jre/lib/ext/sunjce_provider.jar:/opt/jdk/jdk1.8.0_211/jre/lib/ext/dnsns.jar:/opt/jdk/jdk1.8.0_211/jre/lib/ext/sunec.jar:/opt/jdk/jdk1.8.0_211/jre/lib/ext/jaccess.jar:/home/chinmay/eclipse-workspace/MexicoDataProcess/bin:/home/chinmay/eclipse-workspace/MexicoDataProcess/jars/commons-codec-1.11.jar:/home/chinmay/eclipse-workspace/MexicoDataProcess/jars/commons-collections-3.2.1.jar:/home/chinmay/eclipse-workspace/MexicoDataProcess/jars/commons-io-2.5.jar:/home/chinmay/eclipse-workspace/MexicoDataProcess/jars/commons-lang3-3.7.jar:/home/chinmay/eclipse-workspace/MexicoDataProcess/jars/commons-logging-1.2.jar:/home/chinmay/eclipse-workspace/MexicoDataProcess/jars/gson-2.2.2.jar:/home/chinmay/eclipse-workspace/MexicoDataProcess/jars/javax.mail-1.6.1.jar:/home/chinmay/eclipse-workspace/MexicoDataProcess/jars/json-simple-1.1.1.jar:/home/chinmay/eclipse-workspace/MexicoDataProcess/jars/opencsv-4.0.jar:/home/chinmay/eclipse-workspace/MexicoDataProcess/jars/sqlite-jdbc-3.21.0.jar:/home/chinmay/eclipse-workspace/MexicoDataProcess/jars/SuperCSV-1.52.jar:/home/chinmay/eclipse-workspace/MexicoDataProcess/jars/validator/commons-validator-1.6.jar:/home/chinmay/eclipse-workspace/MexicoDataProcess/jars/fuzzywuzzy/fuzzywuzzy-1.1.9.jar:/home/chinmay/eclipse-workspace/MexicoDataProcess/jars/httpclient-4.5.3.jar:/home/chinmay/eclipse-workspace/MexicoDataProcess/jars/httpcore-4.4.6.jar:/home/chinmay/eclipse-workspace/MexicoDataProc
Launcher Type: SUN_STANDARD

Environment Variables:
PATH=/home/chinmay/bin:/usr/local/sbin:/usr/local/bin:/usr/sbin:/usr/bin:/sbin:/bin:/usr/games:/usr/local/games:/snap/bin
USERNAME=chinmay
SHELL=/bin/bash
DISPLAY=:0

Signal Handlers:
SIGSEGV: [libjvm.so+0xad3d90], sa_mask[0]=11111111011111111101111111111110, sa_flags=SA_RESTART|SA_SIGINFO
SIGBUS: [libjvm.so+0xad3d90], sa_mask[0]=11111111011111111101111111111110, sa_flags=SA_RESTART|SA_SIGINFO
SIGFPE: [libjvm.so+0x90b8b0], sa_mask[0]=11111111011111111101111111111110, sa_flags=SA_RESTART|SA_SIGINFO
SIGPIPE: [libjvm.so+0x90b8b0], sa_mask[0]=11111111011111111101111111111110, sa_flags=SA_RESTART|SA_SIGINFO
SIGXFSZ: [libjvm.so+0x90b8b0], sa_mask[0]=11111111011111111101111111111110, sa_flags=SA_RESTART|SA_SIGINFO
SIGILL: [libjvm.so+0x90b8b0], sa_mask[0]=11111111011111111101111111111110, sa_flags=SA_RESTART|SA_SIGINFO
SIGUSR1: SIG_DFL, sa_mask[0]=00000000000000000000000000000000, sa_flags=none
SIGUSR2: [libjvm.so+0x90b780], sa_mask[0]=00100000000000000000000000000000, sa_flags=SA_RESTART|SA_SIGINFO
SIGHUP: [libjvm.so+0x90bda0], sa_mask[0]=11111111011111111101111111111110, sa_flags=SA_RESTART|SA_SIGINFO
SIGINT: [libjvm.so+0x90bda0], sa_mask[0]=11111111011111111101111111111110, sa_flags=SA_RESTART|SA_SIGINFO
SIGTERM: [libjvm.so+0x90bda0], sa_mask[0]=11111111011111111101111111111110, sa_flags=SA_RESTART|SA_SIGINFO
SIGQUIT: [libjvm.so+0x90bda0], sa_mask[0]=11111111011111111101111111111110, sa_flags=SA_RESTART|SA_SIGINFO


---------------  S Y S T E M  ---------------

OS:DISTRIB_ID=Ubuntu
DISTRIB_RELEASE=18.04
DISTRIB_CODENAME=bionic
DISTRIB_DESCRIPTION="Ubuntu 18.04.5 LTS"

uname:Linux 5.4.0-81-generic #91~18.04.1-Ubuntu SMP Fri Jul 23 13:36:29 UTC 2021 x86_64
libc:glibc 2.27 NPTL 2.27 
rlimit: STACK 8192k, CORE 0k, NPROC 31048, NOFILE 1048576, AS infinity
load average:2.01 1.37 2.04

/proc/meminfo:
MemTotal:        8022236 kB
MemFree:          137560 kB
MemAvailable:     472192 kB
Buffers:           20596 kB
Cached:           931740 kB
SwapCached:        72140 kB
Active:          6319640 kB
Inactive:        1157720 kB
Active(anon):    6052740 kB
Inactive(anon):   911860 kB
Active(file):     266900 kB
Inactive(file):   245860 kB
Unevictable:       30852 kB
Mlocked:            2448 kB
SwapTotal:       2097148 kB
SwapFree:         192444 kB
Dirty:               624 kB
Writeback:             0 kB
AnonPages:       6486992 kB
Mapped:           520116 kB
Shmem:            439548 kB
KReclaimable:      82260 kB
Slab:             218596 kB
SReclaimable:      82260 kB
SUnreclaim:       136336 kB
KernelStack:       18320 kB
PageTables:        89112 kB
NFS_Unstable:          0 kB
Bounce:                0 kB
WritebackTmp:          0 kB
CommitLimit:     6108264 kB
Committed_AS:   14635404 kB
VmallocTotal:   34359738367 kB
VmallocUsed:       33572 kB
VmallocChunk:          0 kB
Percpu:             3248 kB
HardwareCorrupted:     0 kB
AnonHugePages:         0 kB
ShmemHugePages:        0 kB
ShmemPmdMapped:        0 kB
FileHugePages:         0 kB
FilePmdMapped:         0 kB
CmaTotal:              0 kB
CmaFree:               0 kB
HugePages_Total:       0
HugePages_Free:        0
HugePages_Rsvd:        0
HugePages_Surp:        0
Hugepagesize:       2048 kB
Hugetlb:               0 kB
DirectMap4k:      362924 kB
DirectMap2M:     7895040 kB
DirectMap1G:     1048576 kB

container (cgroup) information:
container_type: cgroupv1
cpu_cpuset_cpus: 0-3
cpu_memory_nodes: 0
active_processor_count: 4
cpu_quota: -1
cpu_period: 100000
cpu_shares: -1
memory_limit_in_bytes: -1
memory_and_swap_limit_in_bytes: -2
memory_soft_limit_in_bytes: -1
memory_usage_in_bytes: 7720374272
memory_max_usage_in_bytes: 7822643200


CPU:total 4 (initial active 4) (2 cores per cpu, 2 threads per core) family 6 model 60 stepping 3, cmov, cx8, fxsr, mmx, sse, sse2, sse3, ssse3, sse4.1, sse4.2, popcnt, avx, avx2, aes, clmul, erms, lzcnt, ht, tsc, tscinvbit, bmi1, bmi2

/proc/cpuinfo:
processor	: 0
vendor_id	: GenuineIntel
cpu family	: 6
model		: 60
model name	: Intel(R) Core(TM) i3-4160 CPU @ 3.60GHz
stepping	: 3
microcode	: 0x28
cpu MHz		: 2060.845
cache size	: 3072 KB
physical id	: 0
siblings	: 4
core id		: 0
cpu cores	: 2
apicid		: 0
initial apicid	: 0
fpu		: yes
fpu_exception	: yes
cpuid level	: 13
wp		: yes
flags		: fpu vme de pse tsc msr pae mce cx8 apic sep mtrr pge mca cmov pat pse36 clflush dts acpi mmx fxsr sse sse2 ss ht tm pbe syscall nx pdpe1gb rdtscp lm constant_tsc arch_perfmon pebs bts rep_good nopl xtopology nonstop_tsc cpuid aperfmperf pni pclmulqdq dtes64 monitor ds_cpl vmx est tm2 ssse3 sdbg fma cx16 xtpr pdcm pcid sse4_1 sse4_2 movbe popcnt tsc_deadline_timer aes xsave avx f16c rdrand lahf_lm abm cpuid_fault epb invpcid_single pti ssbd ibrs ibpb stibp tpr_shadow vnmi flexpriority ept vpid ept_ad fsgsbase tsc_adjust bmi1 avx2 smep bmi2 erms invpcid xsaveopt dtherm arat pln pts md_clear flush_l1d
bugs		: cpu_meltdown spectre_v1 spectre_v2 spec_store_bypass l1tf mds swapgs itlb_multihit srbds
bogomips	: 7183.09
clflush size	: 64
cache_alignment	: 64
address sizes	: 39 bits physical, 48 bits virtual
power management:

processor	: 1
vendor_id	: GenuineIntel
cpu family	: 6
model		: 60
model name	: Intel(R) Core(TM) i3-4160 CPU @ 3.60GHz
stepping	: 3
microcode	: 0x28
cpu MHz		: 1702.805
cache size	: 3072 KB
physical id	: 0
siblings	: 4
core id		: 1
cpu cores	: 2
apicid		: 2
initial apicid	: 2
fpu		: yes
fpu_exception	: yes
cpuid level	: 13
wp		: yes
flags		: fpu vme de pse tsc msr pae mce cx8 apic sep mtrr pge mca cmov pat pse36 clflush dts acpi mmx fxsr sse sse2 ss ht tm pbe syscall nx pdpe1gb rdtscp lm constant_tsc arch_perfmon pebs bts rep_good nopl xtopology nonstop_tsc cpuid aperfmperf pni pclmulqdq dtes64 monitor ds_cpl vmx est tm2 ssse3 sdbg fma cx16 xtpr pdcm pcid sse4_1 sse4_2 movbe popcnt tsc_deadline_timer aes xsave avx f16c rdrand lahf_lm abm cpuid_fault epb invpcid_single pti ssbd ibrs ibpb stibp tpr_shadow vnmi flexpriority ept vpid ept_ad fsgsbase tsc_adjust bmi1 avx2 smep bmi2 erms invpcid xsaveopt dtherm arat pln pts md_clear flush_l1d
bugs		: cpu_meltdown spectre_v1 spectre_v2 spec_store_bypass l1tf mds swapgs itlb_multihit srbds
bogomips	: 7183.09
clflush size	: 64
cache_alignment	: 64
address sizes	: 39 bits physical, 48 bits virtual
power management:

processor	: 2
vendor_id	: GenuineIntel
cpu family	: 6
model		: 60
model name	: Intel(R) Core(TM) i3-4160 CPU @ 3.60GHz
stepping	: 3
microcode	: 0x28
cpu MHz		: 1985.066
cache size	: 3072 KB
physical id	: 0
siblings	: 4
core id		: 0
cpu cores	: 2
apicid		: 1
initial apicid	: 1
fpu		: yes
fpu_exception	: yes
cpuid level	: 13
wp		: yes
flags		: fpu vme de pse tsc msr pae mce cx8 apic sep mtrr pge mca cmov pat pse36 clflush dts acpi mmx fxsr sse sse2 ss ht tm pbe syscall nx pdpe1gb rdtscp lm constant_tsc arch_perfmon pebs bts rep_good nopl xtopology nonstop_tsc cpuid aperfmperf pni pclmulqdq dtes64 monitor ds_cpl vmx est tm2 ssse3 sdbg fma cx16 xtpr pdcm pcid sse4_1 sse4_2 movbe popcnt tsc_deadline_timer aes xsave avx f16c rdrand lahf_lm abm cpuid_fault epb invpcid_single pti ssbd ibrs ibpb stibp tpr_shadow vnmi flexpriority ept vpid ept_ad fsgsbase tsc_adjust bmi1 avx2 smep bmi2 erms invpcid xsaveopt dtherm arat pln pts md_clear flush_l1d
bugs		: cpu_meltdown spectre_v1 spectre_v2 spec_store_bypass l1tf mds swapgs itlb_multihit srbds
bogomips	: 7183.09
clflush size	: 64
cache_alignment	: 64
address sizes	: 39 bits physical, 48 bits virtual
power management:

processor	: 3
vendor_id	: GenuineIntel
cpu family	: 6
model		: 60
model name	: Intel(R) Core(TM) i3-4160 CPU @ 3.60GHz
stepping	: 3
microcode	: 0x28
cpu MHz		: 2062.671
cache size	: 3072 KB
physical id	: 0
siblings	: 4
core id		: 1
cpu cores	: 2
apicid		: 3
initial apicid	: 3
fpu		: yes
fpu_exception	: yes
cpuid level	: 13
wp		: yes
flags		: fpu vme de pse tsc msr pae mce cx8 apic sep mtrr pge mca cmov pat pse36 clflush dts acpi mmx fxsr sse sse2 ss ht tm pbe syscall nx pdpe1gb rdtscp lm constant_tsc arch_perfmon pebs bts rep_good nopl xtopology nonstop_tsc cpuid aperfmperf pni pclmulqdq dtes64 monitor ds_cpl vmx est tm2 ssse3 sdbg fma cx16 xtpr pdcm pcid sse4_1 sse4_2 movbe popcnt tsc_deadline_timer aes xsave avx f16c rdrand lahf_lm abm cpuid_fault epb invpcid_single pti ssbd ibrs ibpb stibp tpr_shadow vnmi flexpriority ept vpid ept_ad fsgsbase tsc_adjust bmi1 avx2 smep bmi2 erms invpcid xsaveopt dtherm arat pln pts md_clear flush_l1d
bugs		: cpu_meltdown spectre_v1 spectre_v2 spec_store_bypass l1tf mds swapgs itlb_multihit srbds
bogomips	: 7183.09
clflush size	: 64
cache_alignment	: 64
address sizes	: 39 bits physical, 48 bits virtual
power management:



Memory: 4k page, physical 8022236k(137560k free), swap 2097148k(192444k free)

vm_info: Java HotSpot(TM) 64-Bit Server VM (25.211-b12) for linux-amd64 JRE (1.8.0_211-b12), built on Apr  1 2019 20:39:34 by "java_re" with gcc 7.3.0

time: Mon Sep  6 15:03:46 2021
timezone: IST
elapsed time: 148 seconds (0d 0h 2m 28s)

